2025-02-23 23:25:03,239 filtered_values: [{'filteredValue': {'id': 'generalInflationRateAmount23', 'value': '0.020', 'start': '1', 'end': '1', 'remarks': '2004'}}, {'filteredValue': {'id': 'generalInflationRateAmount23', 'value': '0.0424', 'start': '2', 'end': '2', 'remarks': '2005'}}, {'filteredValue': {'id': 'generalInflationRateAmount23', 'value': '0.0664', 'start': '3', 'end': '3', 'remarks': '2006'}}, {'filteredValue': {'id': 'generalInflationRateAmount23', 'value': '0.0915', 'start': '4', 'end': '4', 'remarks': '2007'}}, {'filteredValue': {'id': 'generalInflationRateAmount23', 'value': '0.1323', 'start': '5', 'end': '5', 'remarks': '2008'}}, {'filteredValue': {'id': 'generalInflationRateAmount23', 'value': '0.1426', 'start': '6', 'end': '6', 'remarks': '2009'}}, {'filteredValue': {'id': 'generalInflationRateAmount23', 'value': '0.1662', 'start': '7', 'end': '7', 'remarks': '2010'}}, {'filteredValue': {'id': 'generalInflationRateAmount23', 'value': '0.1980', 'start': '8', 'end': '8', 'remarks': '2011'}}, {'filteredValue': {'id': 'generalInflationRateAmount23', 'value': '0.2246', 'start': '9', 'end': '9', 'remarks': '2012'}}, {'filteredValue': {'id': 'generalInflationRateAmount23', 'value': '0.2400', 'start': '10', 'end': '10', 'remarks': '2013'}}, {'filteredValue': {'id': 'generalInflationRateAmount23', 'value': '0.2424', 'start': '11', 'end': '11', 'remarks': '2014'}}, {'filteredValue': {'id': 'generalInflationRateAmount23', 'value': '0.2424', 'start': '12', 'end': '12', 'remarks': '2015'}}, {'filteredValue': {'id': 'generalInflationRateAmount23', 'value': '0.2451', 'start': '13', 'end': '13', 'remarks': '2016'}}, {'filteredValue': {'id': 'generalInflationRateAmount23', 'value': '0.2668', 'start': '14', 'end': '14', 'remarks': '2017'}}, {'filteredValue': {'id': 'generalInflationRateAmount23', 'value': '0.2881', 'start': '15', 'end': '15', 'remarks': '2018'}}, {'filteredValue': {'id': 'generalInflationRateAmount23', 'value': '0.3032', 'start': '16', 'end': '16', 'remarks': '2019'}}, {'filteredValue': {'id': 'generalInflationRateAmount23', 'value': '0.3104', 'start': '17', 'end': '17', 'remarks': '2020'}}, {'filteredValue': {'id': 'generalInflationRateAmount23', 'value': '0.3382', 'start': '18', 'end': '18', 'remarks': '2021'}}, {'filteredValue': {'id': 'generalInflationRateAmount23', 'value': '0.4415', 'start': '19', 'end': '19', 'remarks': '2022'}}, {'filteredValue': {'id': 'generalInflationRateAmount23', 'value': '0.5035', 'start': '20', 'end': '20', 'remarks': '2023'}}, {'filteredValue': {'id': 'iRRAmount30', 'value': '0.020', 'start': '1', 'end': '1', 'remarks': '2004'}}, {'filteredValue': {'id': 'iRRAmount30', 'value': '0.0404', 'start': '2', 'end': '2', 'remarks': '2005'}}, {'filteredValue': {'id': 'iRRAmount30', 'value': '0.0620', 'start': '3', 'end': '3', 'remarks': '2006'}}, {'filteredValue': {'id': 'iRRAmount30', 'value': '0.0859', 'start': '4', 'end': '4', 'remarks': '2007'}}, {'filteredValue': {'id': 'iRRAmount30', 'value': '0.1126', 'start': '5', 'end': '5', 'remarks': '2008'}}, {'filteredValue': {'id': 'iRRAmount30', 'value': '0.1419', 'start': '6', 'end': '6', 'remarks': '2009'}}, {'filteredValue': {'id': 'iRRAmount30', 'value': '0.1743', 'start': '7', 'end': '7', 'remarks': '2010'}}, {'filteredValue': {'id': 'iRRAmount30', 'value': '0.2099', 'start': '8', 'end': '8', 'remarks': '2011'}}, {'filteredValue': {'id': 'iRRAmount30', 'value': '0.2488', 'start': '9', 'end': '9', 'remarks': '2012'}}, {'filteredValue': {'id': 'iRRAmount30', 'value': '0.2912', 'start': '10', 'end': '10', 'remarks': '2013'}}, {'filteredValue': {'id': 'iRRAmount30', 'value': '0.3372', 'start': '11', 'end': '11', 'remarks': '2014'}}, {'filteredValue': {'id': 'iRRAmount30', 'value': '0.3869', 'start': '12', 'end': '12', 'remarks': '2015'}}, {'filteredValue': {'id': 'iRRAmount30', 'value': '0.4406', 'start': '13', 'end': '13', 'remarks': '2016'}}, {'filteredValue': {'id': 'iRRAmount30', 'value': '0.4983', 'start': '14', 'end': '14', 'remarks': '2017'}}, {'filteredValue': {'id': 'iRRAmount30', 'value': '0.5602', 'start': '15', 'end': '15', 'remarks': '2018'}}, {'filteredValue': {'id': 'iRRAmount30', 'value': '0.6264', 'start': '16', 'end': '16', 'remarks': '2019'}}, {'filteredValue': {'id': 'iRRAmount30', 'value': '0.6970', 'start': '17', 'end': '17', 'remarks': '2020'}}, {'filteredValue': {'id': 'iRRAmount30', 'value': '0.7722', 'start': '18', 'end': '18', 'remarks': '2021'}}, {'filteredValue': {'id': 'iRRAmount30', 'value': '0.8521', 'start': '19', 'end': '19', 'remarks': '2022'}}, {'filteredValue': {'id': 'iRRAmount30', 'value': '0.9369', 'start': '20', 'end': '20', 'remarks': '2023'}}]
2025-02-23 23:25:03,239 general_year_sorted_list: [1, 2, 3, 4, 5, 6, 7, 8, 9, 10, 11, 12, 13, 14, 15, 16, 17, 18, 19, 20, 21]
2025-02-23 23:25:03,239 start_end_points: {1, 20}
2025-02-23 23:25:03,239 start_end_points: {1, 2, 20}
2025-02-23 23:25:03,239 start_end_points: {1, 2, 3, 20}
2025-02-23 23:25:03,239 start_end_points: {1, 2, 3, 4, 20}
2025-02-23 23:25:03,239 start_end_points: {1, 2, 3, 4, 5, 20}
2025-02-23 23:25:03,239 start_end_points: {1, 2, 3, 4, 5, 6, 20}
2025-02-23 23:25:03,239 start_end_points: {1, 2, 3, 4, 5, 6, 7, 20}
2025-02-23 23:25:03,239 start_end_points: {1, 2, 3, 4, 5, 6, 7, 8, 20}
2025-02-23 23:25:03,239 start_end_points: {1, 2, 3, 4, 5, 6, 7, 8, 9, 20}
2025-02-23 23:25:03,239 start_end_points: {1, 2, 3, 4, 5, 6, 7, 8, 9, 10, 20}
2025-02-23 23:25:03,239 start_end_points: {1, 2, 3, 4, 5, 6, 7, 8, 9, 10, 11, 20}
2025-02-23 23:25:03,239 start_end_points: {1, 2, 3, 4, 5, 6, 7, 8, 9, 10, 11, 12, 20}
2025-02-23 23:25:03,239 start_end_points: {1, 2, 3, 4, 5, 6, 7, 8, 9, 10, 11, 12, 13, 20}
2025-02-23 23:25:03,239 start_end_points: {1, 2, 3, 4, 5, 6, 7, 8, 9, 10, 11, 12, 13, 14, 20}
2025-02-23 23:25:03,239 start_end_points: {1, 2, 3, 4, 5, 6, 7, 8, 9, 10, 11, 12, 13, 14, 15, 20}
2025-02-23 23:25:03,239 start_end_points: {1, 2, 3, 4, 5, 6, 7, 8, 9, 10, 11, 12, 13, 14, 15, 16, 20}
2025-02-23 23:25:03,239 start_end_points: {1, 2, 3, 4, 5, 6, 7, 8, 9, 10, 11, 12, 13, 14, 15, 16, 17, 20}
2025-02-23 23:25:03,239 start_end_points: {1, 2, 3, 4, 5, 6, 7, 8, 9, 10, 11, 12, 13, 14, 15, 16, 17, 18, 20}
2025-02-23 23:25:03,239 start_end_points: {1, 2, 3, 4, 5, 6, 7, 8, 9, 10, 11, 12, 13, 14, 15, 16, 17, 18, 19, 20}
2025-02-23 23:25:03,239 start_end_points: {1, 2, 3, 4, 5, 6, 7, 8, 9, 10, 11, 12, 13, 14, 15, 16, 17, 18, 19, 20}
2025-02-23 23:25:03,239 start_end_points: {1, 2, 3, 4, 5, 6, 7, 8, 9, 10, 11, 12, 13, 14, 15, 16, 17, 18, 19, 20}
2025-02-23 23:25:03,239 start_end_points: {1, 2, 3, 4, 5, 6, 7, 8, 9, 10, 11, 12, 13, 14, 15, 16, 17, 18, 19, 20}
2025-02-23 23:25:03,239 start_end_points: {1, 2, 3, 4, 5, 6, 7, 8, 9, 10, 11, 12, 13, 14, 15, 16, 17, 18, 19, 20}
2025-02-23 23:25:03,239 start_end_points: {1, 2, 3, 4, 5, 6, 7, 8, 9, 10, 11, 12, 13, 14, 15, 16, 17, 18, 19, 20}
2025-02-23 23:25:03,239 start_end_points: {1, 2, 3, 4, 5, 6, 7, 8, 9, 10, 11, 12, 13, 14, 15, 16, 17, 18, 19, 20}
2025-02-23 23:25:03,239 start_end_points: {1, 2, 3, 4, 5, 6, 7, 8, 9, 10, 11, 12, 13, 14, 15, 16, 17, 18, 19, 20}
2025-02-23 23:25:03,239 start_end_points: {1, 2, 3, 4, 5, 6, 7, 8, 9, 10, 11, 12, 13, 14, 15, 16, 17, 18, 19, 20}
2025-02-23 23:25:03,239 start_end_points: {1, 2, 3, 4, 5, 6, 7, 8, 9, 10, 11, 12, 13, 14, 15, 16, 17, 18, 19, 20}
2025-02-23 23:25:03,239 start_end_points: {1, 2, 3, 4, 5, 6, 7, 8, 9, 10, 11, 12, 13, 14, 15, 16, 17, 18, 19, 20}
2025-02-23 23:25:03,239 start_end_points: {1, 2, 3, 4, 5, 6, 7, 8, 9, 10, 11, 12, 13, 14, 15, 16, 17, 18, 19, 20}
2025-02-23 23:25:03,239 start_end_points: {1, 2, 3, 4, 5, 6, 7, 8, 9, 10, 11, 12, 13, 14, 15, 16, 17, 18, 19, 20}
2025-02-23 23:25:03,239 start_end_points: {1, 2, 3, 4, 5, 6, 7, 8, 9, 10, 11, 12, 13, 14, 15, 16, 17, 18, 19, 20}
2025-02-23 23:25:03,239 start_end_points: {1, 2, 3, 4, 5, 6, 7, 8, 9, 10, 11, 12, 13, 14, 15, 16, 17, 18, 19, 20}
2025-02-23 23:25:03,239 start_end_points: {1, 2, 3, 4, 5, 6, 7, 8, 9, 10, 11, 12, 13, 14, 15, 16, 17, 18, 19, 20}
2025-02-23 23:25:03,239 start_end_points: {1, 2, 3, 4, 5, 6, 7, 8, 9, 10, 11, 12, 13, 14, 15, 16, 17, 18, 19, 20}
2025-02-23 23:25:03,239 start_end_points: {1, 2, 3, 4, 5, 6, 7, 8, 9, 10, 11, 12, 13, 14, 15, 16, 17, 18, 19, 20}
2025-02-23 23:25:03,239 start_end_points: {1, 2, 3, 4, 5, 6, 7, 8, 9, 10, 11, 12, 13, 14, 15, 16, 17, 18, 19, 20}
2025-02-23 23:25:03,239 start_end_points: {1, 2, 3, 4, 5, 6, 7, 8, 9, 10, 11, 12, 13, 14, 15, 16, 17, 18, 19, 20}
2025-02-23 23:25:03,239 start_end_points: {1, 2, 3, 4, 5, 6, 7, 8, 9, 10, 11, 12, 13, 14, 15, 16, 17, 18, 19, 20}
2025-02-23 23:25:03,239 start_end_points: {1, 2, 3, 4, 5, 6, 7, 8, 9, 10, 11, 12, 13, 14, 15, 16, 17, 18, 19, 20}
2025-02-23 23:25:03,239 sorted_points: [1, 2, 3, 4, 5, 6, 7, 8, 9, 10, 11, 12, 13, 14, 15, 16, 17, 18, 19, 20]
2025-02-23 23:25:03,239 general_intervals: [(1, 2), (2, 3), (3, 4), (4, 5), (5, 6), (6, 7), (7, 8), (8, 9), (9, 10), (10, 11), (11, 12), (12, 13), (13, 14), (14, 15), (15, 16), (16, 17), (17, 18), (18, 19), (19, 20), (20, 21)]
2025-02-23 23:25:03,239 intervals: [(1, 2), (2, 3), (3, 4), (4, 5), (5, 6), (6, 7), (7, 8), (8, 9), (9, 10), (10, 11), (11, 12), (12, 13), (13, 14), (14, 15), (15, 16), (16, 17), (17, 18), (18, 19), (19, 20)]
2025-02-23 23:25:03,239 fv_tuple: 1
2025-02-23 23:25:03,239 fv_tuple: 2
2025-02-23 23:25:03,239 fv_tuple: 3
2025-02-23 23:25:03,239 fv_tuple: 4
2025-02-23 23:25:03,239 fv_tuple: 5
2025-02-23 23:25:03,239 fv_tuple: 6
2025-02-23 23:25:03,239 fv_tuple: 7
2025-02-23 23:25:03,239 fv_tuple: 8
2025-02-23 23:25:03,239 fv_tuple: 9
2025-02-23 23:25:03,239 fv_tuple: 10
2025-02-23 23:25:03,239 fv_tuple: 11
2025-02-23 23:25:03,239 fv_tuple: 12
2025-02-23 23:25:03,239 fv_tuple: 13
2025-02-23 23:25:03,239 fv_tuple: 14
2025-02-23 23:25:03,239 fv_tuple: 15
2025-02-23 23:25:03,239 fv_tuple: 16
2025-02-23 23:25:03,239 fv_tuple: 17
2025-02-23 23:25:03,239 fv_tuple: 18
2025-02-23 23:25:03,239 fv_tuple: 19
2025-02-23 23:25:03,239 fv_tuple: 20
2025-02-23 23:25:03,239 fv_tuple: 1
2025-02-23 23:25:03,239 fv_tuple: 2
2025-02-23 23:25:03,239 fv_tuple: 3
2025-02-23 23:25:03,239 fv_tuple: 4
2025-02-23 23:25:03,239 fv_tuple: 5
2025-02-23 23:25:03,255 fv_tuple: 6
2025-02-23 23:25:03,255 fv_tuple: 7
2025-02-23 23:25:03,255 fv_tuple: 8
2025-02-23 23:25:03,255 fv_tuple: 9
2025-02-23 23:25:03,255 fv_tuple: 10
2025-02-23 23:25:03,255 fv_tuple: 11
2025-02-23 23:25:03,255 fv_tuple: 12
2025-02-23 23:25:03,255 fv_tuple: 13
2025-02-23 23:25:03,255 fv_tuple: 14
2025-02-23 23:25:03,255 fv_tuple: 15
2025-02-23 23:25:03,255 fv_tuple: 16
2025-02-23 23:25:03,255 fv_tuple: 17
2025-02-23 23:25:03,255 fv_tuple: 18
2025-02-23 23:25:03,255 fv_tuple: 19
2025-02-23 23:25:03,255 fv_tuple: 20
2025-02-23 23:25:03,255 fv_tuple: 1
2025-02-23 23:25:03,255 fv_tuple: 2
2025-02-23 23:25:03,255 fv_tuple: 3
2025-02-23 23:25:03,255 fv_tuple: 4
2025-02-23 23:25:03,255 fv_tuple: 5
2025-02-23 23:25:03,255 fv_tuple: 6
2025-02-23 23:25:03,255 fv_tuple: 7
2025-02-23 23:25:03,255 fv_tuple: 8
2025-02-23 23:25:03,255 fv_tuple: 9
2025-02-23 23:25:03,255 fv_tuple: 10
2025-02-23 23:25:03,255 fv_tuple: 11
2025-02-23 23:25:03,255 fv_tuple: 12
2025-02-23 23:25:03,255 fv_tuple: 13
2025-02-23 23:25:03,255 fv_tuple: 14
2025-02-23 23:25:03,255 fv_tuple: 15
2025-02-23 23:25:03,255 fv_tuple: 16
2025-02-23 23:25:03,255 fv_tuple: 17
2025-02-23 23:25:03,255 fv_tuple: 18
2025-02-23 23:25:03,255 fv_tuple: 19
2025-02-23 23:25:03,255 fv_tuple: 20
2025-02-23 23:25:03,255 fv_tuple: 1
2025-02-23 23:25:03,255 fv_tuple: 2
2025-02-23 23:25:03,255 fv_tuple: 3
2025-02-23 23:25:03,255 fv_tuple: 4
2025-02-23 23:25:03,255 fv_tuple: 5
2025-02-23 23:25:03,255 fv_tuple: 6
2025-02-23 23:25:03,255 fv_tuple: 7
2025-02-23 23:25:03,256 fv_tuple: 8
2025-02-23 23:25:03,256 fv_tuple: 9
2025-02-23 23:25:03,256 fv_tuple: 10
2025-02-23 23:25:03,256 fv_tuple: 11
2025-02-23 23:25:03,256 fv_tuple: 12
2025-02-23 23:25:03,256 fv_tuple: 13
2025-02-23 23:25:03,256 fv_tuple: 14
2025-02-23 23:25:03,256 fv_tuple: 15
2025-02-23 23:25:03,257 fv_tuple: 16
2025-02-23 23:25:03,257 fv_tuple: 17
2025-02-23 23:25:03,257 fv_tuple: 18
2025-02-23 23:25:03,257 fv_tuple: 19
2025-02-23 23:25:03,257 fv_tuple: 20
2025-02-27 15:55:58,106 filtered_values: [{'filteredValue': {'id': 'generalInflationRateAmount23', 'value': '0.020', 'start': '1', 'end': '1', 'remarks': '2004'}}, {'filteredValue': {'id': 'generalInflationRateAmount23', 'value': '0.0424', 'start': '2', 'end': '2', 'remarks': '2005'}}, {'filteredValue': {'id': 'generalInflationRateAmount23', 'value': '0.0664', 'start': '3', 'end': '3', 'remarks': '2006'}}, {'filteredValue': {'id': 'generalInflationRateAmount23', 'value': '0.0915', 'start': '4', 'end': '4', 'remarks': '2007'}}, {'filteredValue': {'id': 'generalInflationRateAmount23', 'value': '0.1323', 'start': '5', 'end': '5', 'remarks': '2008'}}, {'filteredValue': {'id': 'generalInflationRateAmount23', 'value': '0.1426', 'start': '6', 'end': '6', 'remarks': '2009'}}, {'filteredValue': {'id': 'generalInflationRateAmount23', 'value': '0.1662', 'start': '7', 'end': '7', 'remarks': '2010'}}, {'filteredValue': {'id': 'generalInflationRateAmount23', 'value': '0.1980', 'start': '8', 'end': '8', 'remarks': '2011'}}, {'filteredValue': {'id': 'generalInflationRateAmount23', 'value': '0.2246', 'start': '9', 'end': '9', 'remarks': '2012'}}, {'filteredValue': {'id': 'generalInflationRateAmount23', 'value': '0.2400', 'start': '10', 'end': '10', 'remarks': '2013'}}, {'filteredValue': {'id': 'generalInflationRateAmount23', 'value': '0.2424', 'start': '11', 'end': '11', 'remarks': '2014'}}, {'filteredValue': {'id': 'generalInflationRateAmount23', 'value': '0.2424', 'start': '12', 'end': '12', 'remarks': '2015'}}, {'filteredValue': {'id': 'generalInflationRateAmount23', 'value': '0.2451', 'start': '13', 'end': '13', 'remarks': '2016'}}, {'filteredValue': {'id': 'generalInflationRateAmount23', 'value': '0.2668', 'start': '14', 'end': '14', 'remarks': '2017'}}, {'filteredValue': {'id': 'generalInflationRateAmount23', 'value': '0.2881', 'start': '15', 'end': '15', 'remarks': '2018'}}, {'filteredValue': {'id': 'generalInflationRateAmount23', 'value': '0.3032', 'start': '16', 'end': '16', 'remarks': '2019'}}, {'filteredValue': {'id': 'generalInflationRateAmount23', 'value': '0.3104', 'start': '17', 'end': '17', 'remarks': '2020'}}, {'filteredValue': {'id': 'generalInflationRateAmount23', 'value': '0.3382', 'start': '18', 'end': '18', 'remarks': '2021'}}, {'filteredValue': {'id': 'generalInflationRateAmount23', 'value': '0.4415', 'start': '19', 'end': '19', 'remarks': '2022'}}, {'filteredValue': {'id': 'generalInflationRateAmount23', 'value': '0.5035', 'start': '20', 'end': '20', 'remarks': '2023'}}, {'filteredValue': {'id': 'iRRAmount30', 'value': '0.020', 'start': '1', 'end': '1', 'remarks': '2004'}}, {'filteredValue': {'id': 'iRRAmount30', 'value': '0.0404', 'start': '2', 'end': '2', 'remarks': '2005'}}, {'filteredValue': {'id': 'iRRAmount30', 'value': '0.0620', 'start': '3', 'end': '3', 'remarks': '2006'}}, {'filteredValue': {'id': 'iRRAmount30', 'value': '0.0859', 'start': '4', 'end': '4', 'remarks': '2007'}}, {'filteredValue': {'id': 'iRRAmount30', 'value': '0.1126', 'start': '5', 'end': '5', 'remarks': '2008'}}, {'filteredValue': {'id': 'iRRAmount30', 'value': '0.1419', 'start': '6', 'end': '6', 'remarks': '2009'}}, {'filteredValue': {'id': 'iRRAmount30', 'value': '0.1743', 'start': '7', 'end': '7', 'remarks': '2010'}}, {'filteredValue': {'id': 'iRRAmount30', 'value': '0.2099', 'start': '8', 'end': '8', 'remarks': '2011'}}, {'filteredValue': {'id': 'iRRAmount30', 'value': '0.2488', 'start': '9', 'end': '9', 'remarks': '2012'}}, {'filteredValue': {'id': 'iRRAmount30', 'value': '0.2912', 'start': '10', 'end': '10', 'remarks': '2013'}}, {'filteredValue': {'id': 'iRRAmount30', 'value': '0.3372', 'start': '11', 'end': '11', 'remarks': '2014'}}, {'filteredValue': {'id': 'iRRAmount30', 'value': '0.3869', 'start': '12', 'end': '12', 'remarks': '2015'}}, {'filteredValue': {'id': 'iRRAmount30', 'value': '0.4406', 'start': '13', 'end': '13', 'remarks': '2016'}}, {'filteredValue': {'id': 'iRRAmount30', 'value': '0.4983', 'start': '14', 'end': '14', 'remarks': '2017'}}, {'filteredValue': {'id': 'iRRAmount30', 'value': '0.5602', 'start': '15', 'end': '15', 'remarks': '2018'}}, {'filteredValue': {'id': 'iRRAmount30', 'value': '0.6264', 'start': '16', 'end': '16', 'remarks': '2019'}}, {'filteredValue': {'id': 'iRRAmount30', 'value': '0.6970', 'start': '17', 'end': '17', 'remarks': '2020'}}, {'filteredValue': {'id': 'iRRAmount30', 'value': '0.7722', 'start': '18', 'end': '18', 'remarks': '2021'}}, {'filteredValue': {'id': 'iRRAmount30', 'value': '0.8521', 'start': '19', 'end': '19', 'remarks': '2022'}}, {'filteredValue': {'id': 'iRRAmount30', 'value': '0.9369', 'start': '20', 'end': '20', 'remarks': '2023'}}]
2025-02-27 15:55:58,106 general_year_sorted_list: [1, 2, 3, 4, 5, 6, 7, 8, 9, 10, 11, 12, 13, 14, 15, 16, 17, 18, 19, 20, 21]
2025-02-27 15:55:58,106 start_end_points: {1, 20}
2025-02-27 15:55:58,106 start_end_points: {1, 2, 20}
2025-02-27 15:55:58,106 start_end_points: {1, 2, 3, 20}
2025-02-27 15:55:58,106 start_end_points: {1, 2, 3, 4, 20}
2025-02-27 15:55:58,106 start_end_points: {1, 2, 3, 4, 5, 20}
2025-02-27 15:55:58,106 start_end_points: {1, 2, 3, 4, 5, 6, 20}
2025-02-27 15:55:58,106 start_end_points: {1, 2, 3, 4, 5, 6, 7, 20}
2025-02-27 15:55:58,118 start_end_points: {1, 2, 3, 4, 5, 6, 7, 8, 20}
2025-02-27 15:55:58,118 start_end_points: {1, 2, 3, 4, 5, 6, 7, 8, 9, 20}
2025-02-27 15:55:58,118 start_end_points: {1, 2, 3, 4, 5, 6, 7, 8, 9, 10, 20}
2025-02-27 15:55:58,118 start_end_points: {1, 2, 3, 4, 5, 6, 7, 8, 9, 10, 11, 20}
2025-02-27 15:55:58,118 start_end_points: {1, 2, 3, 4, 5, 6, 7, 8, 9, 10, 11, 12, 20}
2025-02-27 15:55:58,118 start_end_points: {1, 2, 3, 4, 5, 6, 7, 8, 9, 10, 11, 12, 13, 20}
2025-02-27 15:55:58,118 start_end_points: {1, 2, 3, 4, 5, 6, 7, 8, 9, 10, 11, 12, 13, 14, 20}
2025-02-27 15:55:58,119 start_end_points: {1, 2, 3, 4, 5, 6, 7, 8, 9, 10, 11, 12, 13, 14, 15, 20}
2025-02-27 15:55:58,119 start_end_points: {1, 2, 3, 4, 5, 6, 7, 8, 9, 10, 11, 12, 13, 14, 15, 16, 20}
2025-02-27 15:55:58,119 start_end_points: {1, 2, 3, 4, 5, 6, 7, 8, 9, 10, 11, 12, 13, 14, 15, 16, 17, 20}
2025-02-27 15:55:58,119 start_end_points: {1, 2, 3, 4, 5, 6, 7, 8, 9, 10, 11, 12, 13, 14, 15, 16, 17, 18, 20}
2025-02-27 15:55:58,119 start_end_points: {1, 2, 3, 4, 5, 6, 7, 8, 9, 10, 11, 12, 13, 14, 15, 16, 17, 18, 19, 20}
2025-02-27 15:55:58,119 start_end_points: {1, 2, 3, 4, 5, 6, 7, 8, 9, 10, 11, 12, 13, 14, 15, 16, 17, 18, 19, 20}
2025-02-27 15:55:58,119 start_end_points: {1, 2, 3, 4, 5, 6, 7, 8, 9, 10, 11, 12, 13, 14, 15, 16, 17, 18, 19, 20}
2025-02-27 15:55:58,119 start_end_points: {1, 2, 3, 4, 5, 6, 7, 8, 9, 10, 11, 12, 13, 14, 15, 16, 17, 18, 19, 20}
2025-02-27 15:55:58,119 start_end_points: {1, 2, 3, 4, 5, 6, 7, 8, 9, 10, 11, 12, 13, 14, 15, 16, 17, 18, 19, 20}
2025-02-27 15:55:58,119 start_end_points: {1, 2, 3, 4, 5, 6, 7, 8, 9, 10, 11, 12, 13, 14, 15, 16, 17, 18, 19, 20}
2025-02-27 15:55:58,119 start_end_points: {1, 2, 3, 4, 5, 6, 7, 8, 9, 10, 11, 12, 13, 14, 15, 16, 17, 18, 19, 20}
2025-02-27 15:55:58,119 start_end_points: {1, 2, 3, 4, 5, 6, 7, 8, 9, 10, 11, 12, 13, 14, 15, 16, 17, 18, 19, 20}
2025-02-27 15:55:58,120 start_end_points: {1, 2, 3, 4, 5, 6, 7, 8, 9, 10, 11, 12, 13, 14, 15, 16, 17, 18, 19, 20}
2025-02-27 15:55:58,120 start_end_points: {1, 2, 3, 4, 5, 6, 7, 8, 9, 10, 11, 12, 13, 14, 15, 16, 17, 18, 19, 20}
2025-02-27 15:55:58,120 start_end_points: {1, 2, 3, 4, 5, 6, 7, 8, 9, 10, 11, 12, 13, 14, 15, 16, 17, 18, 19, 20}
2025-02-27 15:55:58,120 start_end_points: {1, 2, 3, 4, 5, 6, 7, 8, 9, 10, 11, 12, 13, 14, 15, 16, 17, 18, 19, 20}
2025-02-27 15:55:58,120 start_end_points: {1, 2, 3, 4, 5, 6, 7, 8, 9, 10, 11, 12, 13, 14, 15, 16, 17, 18, 19, 20}
2025-02-27 15:55:58,120 start_end_points: {1, 2, 3, 4, 5, 6, 7, 8, 9, 10, 11, 12, 13, 14, 15, 16, 17, 18, 19, 20}
2025-02-27 15:55:58,120 start_end_points: {1, 2, 3, 4, 5, 6, 7, 8, 9, 10, 11, 12, 13, 14, 15, 16, 17, 18, 19, 20}
2025-02-27 15:55:58,120 start_end_points: {1, 2, 3, 4, 5, 6, 7, 8, 9, 10, 11, 12, 13, 14, 15, 16, 17, 18, 19, 20}
2025-02-27 15:55:58,120 start_end_points: {1, 2, 3, 4, 5, 6, 7, 8, 9, 10, 11, 12, 13, 14, 15, 16, 17, 18, 19, 20}
2025-02-27 15:55:58,120 start_end_points: {1, 2, 3, 4, 5, 6, 7, 8, 9, 10, 11, 12, 13, 14, 15, 16, 17, 18, 19, 20}
2025-02-27 15:55:58,120 start_end_points: {1, 2, 3, 4, 5, 6, 7, 8, 9, 10, 11, 12, 13, 14, 15, 16, 17, 18, 19, 20}
2025-02-27 15:55:58,120 start_end_points: {1, 2, 3, 4, 5, 6, 7, 8, 9, 10, 11, 12, 13, 14, 15, 16, 17, 18, 19, 20}
2025-02-27 15:55:58,120 start_end_points: {1, 2, 3, 4, 5, 6, 7, 8, 9, 10, 11, 12, 13, 14, 15, 16, 17, 18, 19, 20}
2025-02-27 15:55:58,120 start_end_points: {1, 2, 3, 4, 5, 6, 7, 8, 9, 10, 11, 12, 13, 14, 15, 16, 17, 18, 19, 20}
2025-02-27 15:55:58,120 sorted_points: [1, 2, 3, 4, 5, 6, 7, 8, 9, 10, 11, 12, 13, 14, 15, 16, 17, 18, 19, 20]
2025-02-27 15:55:58,120 general_intervals: [(1, 2), (2, 3), (3, 4), (4, 5), (5, 6), (6, 7), (7, 8), (8, 9), (9, 10), (10, 11), (11, 12), (12, 13), (13, 14), (14, 15), (15, 16), (16, 17), (17, 18), (18, 19), (19, 20), (20, 21)]
2025-02-27 15:55:58,120 intervals: [(1, 2), (2, 3), (3, 4), (4, 5), (5, 6), (6, 7), (7, 8), (8, 9), (9, 10), (10, 11), (11, 12), (12, 13), (13, 14), (14, 15), (15, 16), (16, 17), (17, 18), (18, 19), (19, 20)]
2025-02-27 15:55:58,120 fv_tuple: 1
2025-02-27 15:55:58,121 fv_tuple: 2
2025-02-27 15:55:58,121 fv_tuple: 3
2025-02-27 15:55:58,121 fv_tuple: 4
2025-02-27 15:55:58,121 fv_tuple: 5
2025-02-27 15:55:58,121 fv_tuple: 6
2025-02-27 15:55:58,121 fv_tuple: 7
2025-02-27 15:55:58,121 fv_tuple: 8
2025-02-27 15:55:58,121 fv_tuple: 9
2025-02-27 15:55:58,122 fv_tuple: 10
2025-02-27 15:55:58,122 fv_tuple: 11
2025-02-27 15:55:58,122 fv_tuple: 12
2025-02-27 15:55:58,122 fv_tuple: 13
2025-02-27 15:55:58,122 fv_tuple: 14
2025-02-27 15:55:58,122 fv_tuple: 15
2025-02-27 15:55:58,122 fv_tuple: 16
2025-02-27 15:55:58,122 fv_tuple: 17
2025-02-27 15:55:58,122 fv_tuple: 18
2025-02-27 15:55:58,122 fv_tuple: 19
2025-02-27 15:55:58,122 fv_tuple: 20
2025-02-27 15:55:58,122 fv_tuple: 1
2025-02-27 15:55:58,122 fv_tuple: 2
2025-02-27 15:55:58,122 fv_tuple: 3
2025-02-27 15:55:58,122 fv_tuple: 4
2025-02-27 15:55:58,122 fv_tuple: 5
2025-02-27 15:55:58,122 fv_tuple: 6
2025-02-27 15:55:58,122 fv_tuple: 7
2025-02-27 15:55:58,122 fv_tuple: 8
2025-02-27 15:55:58,122 fv_tuple: 9
2025-02-27 15:55:58,122 fv_tuple: 10
2025-02-27 15:55:58,122 fv_tuple: 11
2025-02-27 15:55:58,122 fv_tuple: 12
2025-02-27 15:55:58,123 fv_tuple: 13
2025-02-27 15:55:58,123 fv_tuple: 14
2025-02-27 15:55:58,123 fv_tuple: 15
2025-02-27 15:55:58,123 fv_tuple: 16
2025-02-27 15:55:58,123 fv_tuple: 17
2025-02-27 15:55:58,123 fv_tuple: 18
2025-02-27 15:55:58,123 fv_tuple: 19
2025-02-27 15:55:58,123 fv_tuple: 20
2025-02-27 15:55:58,123 fv_tuple: 1
2025-02-27 15:55:58,123 fv_tuple: 2
2025-02-27 15:55:58,123 fv_tuple: 3
2025-02-27 15:55:58,123 fv_tuple: 4
2025-02-27 15:55:58,123 fv_tuple: 5
2025-02-27 15:55:58,123 fv_tuple: 6
2025-02-27 15:55:58,123 fv_tuple: 7
2025-02-27 15:55:58,123 fv_tuple: 8
2025-02-27 15:55:58,123 fv_tuple: 9
2025-02-27 15:55:58,123 fv_tuple: 10
2025-02-27 15:55:58,123 fv_tuple: 11
2025-02-27 15:55:58,123 fv_tuple: 12
2025-02-27 15:55:58,123 fv_tuple: 13
2025-02-27 15:55:58,123 fv_tuple: 14
2025-02-27 15:55:58,124 fv_tuple: 15
2025-02-27 15:55:58,124 fv_tuple: 16
2025-02-27 15:55:58,124 fv_tuple: 17
2025-02-27 15:55:58,124 fv_tuple: 18
2025-02-27 15:55:58,124 fv_tuple: 19
2025-02-27 15:55:58,124 fv_tuple: 20
2025-02-27 15:55:58,124 fv_tuple: 1
2025-02-27 15:55:58,124 fv_tuple: 2
2025-02-27 15:55:58,124 fv_tuple: 3
2025-02-27 15:55:58,124 fv_tuple: 4
2025-02-27 15:55:58,124 fv_tuple: 5
2025-02-27 15:55:58,124 fv_tuple: 6
2025-02-27 15:55:58,124 fv_tuple: 7
2025-02-27 15:55:58,124 fv_tuple: 8
2025-02-27 15:55:58,124 fv_tuple: 9
2025-02-27 15:55:58,124 fv_tuple: 10
2025-02-27 15:55:58,124 fv_tuple: 11
2025-02-27 15:55:58,124 fv_tuple: 12
2025-02-27 15:55:58,124 fv_tuple: 13
2025-02-27 15:55:58,124 fv_tuple: 14
2025-02-27 15:55:58,124 fv_tuple: 15
2025-02-27 15:55:58,124 fv_tuple: 16
2025-02-27 15:55:58,124 fv_tuple: 17
2025-02-27 15:55:58,125 fv_tuple: 18
2025-02-27 15:55:58,125 fv_tuple: 19
2025-02-27 15:55:58,125 fv_tuple: 20
2025-02-27 16:45:26,797 filtered_values: [{'filteredValue': {'id': 'generalInflationRateAmount23', 'value': '0.020', 'start': '1', 'end': '1', 'remarks': '2004'}}, {'filteredValue': {'id': 'generalInflationRateAmount23', 'value': '0.0424', 'start': '2', 'end': '2', 'remarks': '2005'}}, {'filteredValue': {'id': 'generalInflationRateAmount23', 'value': '0.0664', 'start': '3', 'end': '3', 'remarks': '2006'}}, {'filteredValue': {'id': 'generalInflationRateAmount23', 'value': '0.0915', 'start': '4', 'end': '4', 'remarks': '2007'}}, {'filteredValue': {'id': 'generalInflationRateAmount23', 'value': '0.1323', 'start': '5', 'end': '5', 'remarks': '2008'}}, {'filteredValue': {'id': 'generalInflationRateAmount23', 'value': '0.1426', 'start': '6', 'end': '6', 'remarks': '2009'}}, {'filteredValue': {'id': 'generalInflationRateAmount23', 'value': '0.1662', 'start': '7', 'end': '7', 'remarks': '2010'}}, {'filteredValue': {'id': 'generalInflationRateAmount23', 'value': '0.1980', 'start': '8', 'end': '8', 'remarks': '2011'}}, {'filteredValue': {'id': 'generalInflationRateAmount23', 'value': '0.2246', 'start': '9', 'end': '9', 'remarks': '2012'}}, {'filteredValue': {'id': 'generalInflationRateAmount23', 'value': '0.2400', 'start': '10', 'end': '10', 'remarks': '2013'}}, {'filteredValue': {'id': 'generalInflationRateAmount23', 'value': '0.2424', 'start': '11', 'end': '11', 'remarks': '2014'}}, {'filteredValue': {'id': 'generalInflationRateAmount23', 'value': '0.2424', 'start': '12', 'end': '12', 'remarks': '2015'}}, {'filteredValue': {'id': 'generalInflationRateAmount23', 'value': '0.2451', 'start': '13', 'end': '13', 'remarks': '2016'}}, {'filteredValue': {'id': 'generalInflationRateAmount23', 'value': '0.2668', 'start': '14', 'end': '14', 'remarks': '2017'}}, {'filteredValue': {'id': 'generalInflationRateAmount23', 'value': '0.2881', 'start': '15', 'end': '15', 'remarks': '2018'}}, {'filteredValue': {'id': 'generalInflationRateAmount23', 'value': '0.3032', 'start': '16', 'end': '16', 'remarks': '2019'}}, {'filteredValue': {'id': 'generalInflationRateAmount23', 'value': '0.3104', 'start': '17', 'end': '17', 'remarks': '2020'}}, {'filteredValue': {'id': 'generalInflationRateAmount23', 'value': '0.3382', 'start': '18', 'end': '18', 'remarks': '2021'}}, {'filteredValue': {'id': 'generalInflationRateAmount23', 'value': '0.4415', 'start': '19', 'end': '19', 'remarks': '2022'}}, {'filteredValue': {'id': 'generalInflationRateAmount23', 'value': '0.5035', 'start': '20', 'end': '20', 'remarks': '2023'}}, {'filteredValue': {'id': 'iRRAmount30', 'value': '0.020', 'start': '1', 'end': '1', 'remarks': '2004'}}, {'filteredValue': {'id': 'iRRAmount30', 'value': '0.0404', 'start': '2', 'end': '2', 'remarks': '2005'}}, {'filteredValue': {'id': 'iRRAmount30', 'value': '0.0620', 'start': '3', 'end': '3', 'remarks': '2006'}}, {'filteredValue': {'id': 'iRRAmount30', 'value': '0.0859', 'start': '4', 'end': '4', 'remarks': '2007'}}, {'filteredValue': {'id': 'iRRAmount30', 'value': '0.1126', 'start': '5', 'end': '5', 'remarks': '2008'}}, {'filteredValue': {'id': 'iRRAmount30', 'value': '0.1419', 'start': '6', 'end': '6', 'remarks': '2009'}}, {'filteredValue': {'id': 'iRRAmount30', 'value': '0.1743', 'start': '7', 'end': '7', 'remarks': '2010'}}, {'filteredValue': {'id': 'iRRAmount30', 'value': '0.2099', 'start': '8', 'end': '8', 'remarks': '2011'}}, {'filteredValue': {'id': 'iRRAmount30', 'value': '0.2488', 'start': '9', 'end': '9', 'remarks': '2012'}}, {'filteredValue': {'id': 'iRRAmount30', 'value': '0.2912', 'start': '10', 'end': '10', 'remarks': '2013'}}, {'filteredValue': {'id': 'iRRAmount30', 'value': '0.3372', 'start': '11', 'end': '11', 'remarks': '2014'}}, {'filteredValue': {'id': 'iRRAmount30', 'value': '0.3869', 'start': '12', 'end': '12', 'remarks': '2015'}}, {'filteredValue': {'id': 'iRRAmount30', 'value': '0.4406', 'start': '13', 'end': '13', 'remarks': '2016'}}, {'filteredValue': {'id': 'iRRAmount30', 'value': '0.4983', 'start': '14', 'end': '14', 'remarks': '2017'}}, {'filteredValue': {'id': 'iRRAmount30', 'value': '0.5602', 'start': '15', 'end': '15', 'remarks': '2018'}}, {'filteredValue': {'id': 'iRRAmount30', 'value': '0.6264', 'start': '16', 'end': '16', 'remarks': '2019'}}, {'filteredValue': {'id': 'iRRAmount30', 'value': '0.6970', 'start': '17', 'end': '17', 'remarks': '2020'}}, {'filteredValue': {'id': 'iRRAmount30', 'value': '0.7722', 'start': '18', 'end': '18', 'remarks': '2021'}}, {'filteredValue': {'id': 'iRRAmount30', 'value': '0.8521', 'start': '19', 'end': '19', 'remarks': '2022'}}, {'filteredValue': {'id': 'iRRAmount30', 'value': '0.9369', 'start': '20', 'end': '20', 'remarks': '2023'}}]
2025-02-27 16:45:26,797 general_year_sorted_list: [1, 2, 3, 4, 5, 6, 7, 8, 9, 10, 11, 12, 13, 14, 15, 16, 17, 18, 19, 20, 21]
2025-02-27 16:45:26,797 start_end_points: {1, 20}
2025-02-27 16:45:26,797 start_end_points: {1, 2, 20}
2025-02-27 16:45:26,797 start_end_points: {1, 2, 3, 20}
2025-02-27 16:45:26,797 start_end_points: {1, 2, 3, 4, 20}
2025-02-27 16:45:26,797 start_end_points: {1, 2, 3, 4, 5, 20}
2025-02-27 16:45:26,797 start_end_points: {1, 2, 3, 4, 5, 6, 20}
2025-02-27 16:45:26,797 start_end_points: {1, 2, 3, 4, 5, 6, 7, 20}
2025-02-27 16:45:26,797 start_end_points: {1, 2, 3, 4, 5, 6, 7, 8, 20}
2025-02-27 16:45:26,797 start_end_points: {1, 2, 3, 4, 5, 6, 7, 8, 9, 20}
2025-02-27 16:45:26,797 start_end_points: {1, 2, 3, 4, 5, 6, 7, 8, 9, 10, 20}
2025-02-27 16:45:26,797 start_end_points: {1, 2, 3, 4, 5, 6, 7, 8, 9, 10, 11, 20}
2025-02-27 16:45:26,797 start_end_points: {1, 2, 3, 4, 5, 6, 7, 8, 9, 10, 11, 12, 20}
2025-02-27 16:45:26,797 start_end_points: {1, 2, 3, 4, 5, 6, 7, 8, 9, 10, 11, 12, 13, 20}
2025-02-27 16:45:26,797 start_end_points: {1, 2, 3, 4, 5, 6, 7, 8, 9, 10, 11, 12, 13, 14, 20}
2025-02-27 16:45:26,797 start_end_points: {1, 2, 3, 4, 5, 6, 7, 8, 9, 10, 11, 12, 13, 14, 15, 20}
2025-02-27 16:45:26,797 start_end_points: {1, 2, 3, 4, 5, 6, 7, 8, 9, 10, 11, 12, 13, 14, 15, 16, 20}
2025-02-27 16:45:26,797 start_end_points: {1, 2, 3, 4, 5, 6, 7, 8, 9, 10, 11, 12, 13, 14, 15, 16, 17, 20}
2025-02-27 16:45:26,797 start_end_points: {1, 2, 3, 4, 5, 6, 7, 8, 9, 10, 11, 12, 13, 14, 15, 16, 17, 18, 20}
2025-02-27 16:45:26,797 start_end_points: {1, 2, 3, 4, 5, 6, 7, 8, 9, 10, 11, 12, 13, 14, 15, 16, 17, 18, 19, 20}
2025-02-27 16:45:26,797 start_end_points: {1, 2, 3, 4, 5, 6, 7, 8, 9, 10, 11, 12, 13, 14, 15, 16, 17, 18, 19, 20}
2025-02-27 16:45:26,797 start_end_points: {1, 2, 3, 4, 5, 6, 7, 8, 9, 10, 11, 12, 13, 14, 15, 16, 17, 18, 19, 20}
2025-02-27 16:45:26,797 start_end_points: {1, 2, 3, 4, 5, 6, 7, 8, 9, 10, 11, 12, 13, 14, 15, 16, 17, 18, 19, 20}
2025-02-27 16:45:26,797 start_end_points: {1, 2, 3, 4, 5, 6, 7, 8, 9, 10, 11, 12, 13, 14, 15, 16, 17, 18, 19, 20}
2025-02-27 16:45:26,797 start_end_points: {1, 2, 3, 4, 5, 6, 7, 8, 9, 10, 11, 12, 13, 14, 15, 16, 17, 18, 19, 20}
2025-02-27 16:45:26,797 start_end_points: {1, 2, 3, 4, 5, 6, 7, 8, 9, 10, 11, 12, 13, 14, 15, 16, 17, 18, 19, 20}
2025-02-27 16:45:26,797 start_end_points: {1, 2, 3, 4, 5, 6, 7, 8, 9, 10, 11, 12, 13, 14, 15, 16, 17, 18, 19, 20}
2025-02-27 16:45:26,797 start_end_points: {1, 2, 3, 4, 5, 6, 7, 8, 9, 10, 11, 12, 13, 14, 15, 16, 17, 18, 19, 20}
2025-02-27 16:45:26,797 start_end_points: {1, 2, 3, 4, 5, 6, 7, 8, 9, 10, 11, 12, 13, 14, 15, 16, 17, 18, 19, 20}
2025-02-27 16:45:26,797 start_end_points: {1, 2, 3, 4, 5, 6, 7, 8, 9, 10, 11, 12, 13, 14, 15, 16, 17, 18, 19, 20}
2025-02-27 16:45:26,797 start_end_points: {1, 2, 3, 4, 5, 6, 7, 8, 9, 10, 11, 12, 13, 14, 15, 16, 17, 18, 19, 20}
2025-02-27 16:45:26,797 start_end_points: {1, 2, 3, 4, 5, 6, 7, 8, 9, 10, 11, 12, 13, 14, 15, 16, 17, 18, 19, 20}
2025-02-27 16:45:26,797 start_end_points: {1, 2, 3, 4, 5, 6, 7, 8, 9, 10, 11, 12, 13, 14, 15, 16, 17, 18, 19, 20}
2025-02-27 16:45:26,797 start_end_points: {1, 2, 3, 4, 5, 6, 7, 8, 9, 10, 11, 12, 13, 14, 15, 16, 17, 18, 19, 20}
2025-02-27 16:45:26,797 start_end_points: {1, 2, 3, 4, 5, 6, 7, 8, 9, 10, 11, 12, 13, 14, 15, 16, 17, 18, 19, 20}
2025-02-27 16:45:26,797 start_end_points: {1, 2, 3, 4, 5, 6, 7, 8, 9, 10, 11, 12, 13, 14, 15, 16, 17, 18, 19, 20}
2025-02-27 16:45:26,797 start_end_points: {1, 2, 3, 4, 5, 6, 7, 8, 9, 10, 11, 12, 13, 14, 15, 16, 17, 18, 19, 20}
2025-02-27 16:45:26,797 start_end_points: {1, 2, 3, 4, 5, 6, 7, 8, 9, 10, 11, 12, 13, 14, 15, 16, 17, 18, 19, 20}
2025-02-27 16:45:26,797 start_end_points: {1, 2, 3, 4, 5, 6, 7, 8, 9, 10, 11, 12, 13, 14, 15, 16, 17, 18, 19, 20}
2025-02-27 16:45:26,797 start_end_points: {1, 2, 3, 4, 5, 6, 7, 8, 9, 10, 11, 12, 13, 14, 15, 16, 17, 18, 19, 20}
2025-02-27 16:45:26,797 start_end_points: {1, 2, 3, 4, 5, 6, 7, 8, 9, 10, 11, 12, 13, 14, 15, 16, 17, 18, 19, 20}
2025-02-27 16:45:26,797 sorted_points: [1, 2, 3, 4, 5, 6, 7, 8, 9, 10, 11, 12, 13, 14, 15, 16, 17, 18, 19, 20]
2025-02-27 16:45:26,797 general_intervals: [(1, 2), (2, 3), (3, 4), (4, 5), (5, 6), (6, 7), (7, 8), (8, 9), (9, 10), (10, 11), (11, 12), (12, 13), (13, 14), (14, 15), (15, 16), (16, 17), (17, 18), (18, 19), (19, 20), (20, 21)]
2025-02-27 16:45:26,797 intervals: [(1, 2), (2, 3), (3, 4), (4, 5), (5, 6), (6, 7), (7, 8), (8, 9), (9, 10), (10, 11), (11, 12), (12, 13), (13, 14), (14, 15), (15, 16), (16, 17), (17, 18), (18, 19), (19, 20)]
2025-02-27 16:45:26,797 fv_tuple: 1
2025-02-27 16:45:26,797 fv_tuple: 2
2025-02-27 16:45:26,797 fv_tuple: 3
2025-02-27 16:45:26,797 fv_tuple: 4
2025-02-27 16:45:26,797 fv_tuple: 5
2025-02-27 16:45:26,797 fv_tuple: 6
2025-02-27 16:45:26,797 fv_tuple: 7
2025-02-27 16:45:26,797 fv_tuple: 8
2025-02-27 16:45:26,797 fv_tuple: 9
2025-02-27 16:45:26,797 fv_tuple: 10
2025-02-27 16:45:26,797 fv_tuple: 11
2025-02-27 16:45:26,797 fv_tuple: 12
2025-02-27 16:45:26,797 fv_tuple: 13
2025-02-27 16:45:26,797 fv_tuple: 14
2025-02-27 16:45:26,797 fv_tuple: 15
2025-02-27 16:45:26,797 fv_tuple: 16
2025-02-27 16:45:26,797 fv_tuple: 17
2025-02-27 16:45:26,797 fv_tuple: 18
2025-02-27 16:45:26,797 fv_tuple: 19
2025-02-27 16:45:26,797 fv_tuple: 20
2025-02-27 16:45:26,813 fv_tuple: 1
2025-02-27 16:45:26,813 fv_tuple: 2
2025-02-27 16:45:26,813 fv_tuple: 3
2025-02-27 16:45:26,813 fv_tuple: 4
2025-02-27 16:45:26,813 fv_tuple: 5
2025-02-27 16:45:26,813 fv_tuple: 6
2025-02-27 16:45:26,813 fv_tuple: 7
2025-02-27 16:45:26,813 fv_tuple: 8
2025-02-27 16:45:26,813 fv_tuple: 9
2025-02-27 16:45:26,813 fv_tuple: 10
2025-02-27 16:45:26,813 fv_tuple: 11
2025-02-27 16:45:26,813 fv_tuple: 12
2025-02-27 16:45:26,813 fv_tuple: 13
2025-02-27 16:45:26,813 fv_tuple: 14
2025-02-27 16:45:26,813 fv_tuple: 15
2025-02-27 16:45:26,813 fv_tuple: 16
2025-02-27 16:45:26,813 fv_tuple: 17
2025-02-27 16:45:26,813 fv_tuple: 18
2025-02-27 16:45:26,813 fv_tuple: 19
2025-02-27 16:45:26,813 fv_tuple: 20
2025-02-27 16:45:26,813 fv_tuple: 1
2025-02-27 16:45:26,813 fv_tuple: 2
2025-02-27 16:45:26,813 fv_tuple: 3
2025-02-27 16:45:26,813 fv_tuple: 4
2025-02-27 16:45:26,813 fv_tuple: 5
2025-02-27 16:45:26,813 fv_tuple: 6
2025-02-27 16:45:26,813 fv_tuple: 7
2025-02-27 16:45:26,813 fv_tuple: 8
2025-02-27 16:45:26,813 fv_tuple: 9
2025-02-27 16:45:26,813 fv_tuple: 10
2025-02-27 16:45:26,813 fv_tuple: 11
2025-02-27 16:45:26,813 fv_tuple: 12
2025-02-27 16:45:26,813 fv_tuple: 13
2025-02-27 16:45:26,813 fv_tuple: 14
2025-02-27 16:45:26,813 fv_tuple: 15
2025-02-27 16:45:26,813 fv_tuple: 16
2025-02-27 16:45:26,813 fv_tuple: 17
2025-02-27 16:45:26,813 fv_tuple: 18
2025-02-27 16:45:26,813 fv_tuple: 19
2025-02-27 16:45:26,813 fv_tuple: 20
2025-02-27 16:45:26,813 fv_tuple: 1
2025-02-27 16:45:26,813 fv_tuple: 2
2025-02-27 16:45:26,813 fv_tuple: 3
2025-02-27 16:45:26,813 fv_tuple: 4
2025-02-27 16:45:26,813 fv_tuple: 5
2025-02-27 16:45:26,813 fv_tuple: 6
2025-02-27 16:45:26,813 fv_tuple: 7
2025-02-27 16:45:26,813 fv_tuple: 8
2025-02-27 16:45:26,813 fv_tuple: 9
2025-02-27 16:45:26,813 fv_tuple: 10
2025-02-27 16:45:26,813 fv_tuple: 11
2025-02-27 16:45:26,813 fv_tuple: 12
2025-02-27 16:45:26,813 fv_tuple: 13
2025-02-27 16:45:26,813 fv_tuple: 14
2025-02-27 16:45:26,813 fv_tuple: 15
2025-02-27 16:45:26,813 fv_tuple: 16
2025-02-27 16:45:26,813 fv_tuple: 17
2025-02-27 16:45:26,813 fv_tuple: 18
2025-02-27 16:45:26,813 fv_tuple: 19
2025-02-27 16:45:26,813 fv_tuple: 20
