2025-02-20 18:13:50,979 INFO Logging setup complete.
2025-02-20 18:13:50,980 INFO Logging to file: C:\Users\Mohse\OneDrive\Desktop\Milestone4 - Copy\DirectoryInventory.log
2025-02-20 18:13:50,982 INFO Starting Flask server on port 8007
2025-02-20 18:13:50,982 INFO Available versions: ['10', '7', '8', '9']
2025-02-20 18:13:50,983 INFO Fetching CSV files for version 10 in folder C:\Users\Mohse\OneDrive\Documents\GitHub\TeaSpace\backend\Original\Batch(10)/Results(10)
2025-02-20 18:13:50,984 INFO Fetching CSV files for version 7 in folder C:\Users\Mohse\OneDrive\Documents\GitHub\TeaSpace\backend\Original\Batch(7)/Results(7)
2025-02-20 18:13:50,985 INFO Fetching CSV files for version 8 in folder C:\Users\Mohse\OneDrive\Documents\GitHub\TeaSpace\backend\Original\Batch(8)/Results(8)
2025-02-20 18:13:50,986 INFO Fetching CSV files for version 9 in folder C:\Users\Mohse\OneDrive\Documents\GitHub\TeaSpace\backend\Original\Batch(9)/Results(9)
2025-02-20 18:13:51,014 WARNING  * Debugger is active!
2025-02-20 18:13:51,024 INFO  * Debugger PIN: 859-074-735
2025-02-20 18:14:07,869 INFO Received request for CSV files with version: 0
2025-02-20 18:14:07,870 WARNING Results folder does not exist: C:\Users\Mohse\OneDrive\Documents\GitHub\TeaSpace\backend\Original\Batch(0)\Results(0)
2025-02-20 18:14:07,871 INFO No CSV files found for version 0 in folder C:\Users\Mohse\OneDrive\Documents\GitHub\TeaSpace\backend\Original\Batch(0)\Results(0)
2025-02-20 18:14:07,873 INFO 127.0.0.1 - - [20/Feb/2025 18:14:07] "GET /api/csv-files/0 HTTP/1.1" 200 -
2025-02-20 18:14:07,878 INFO Received request for CSV files with version: 1
2025-02-20 18:14:07,879 WARNING Results folder does not exist: C:\Users\Mohse\OneDrive\Documents\GitHub\TeaSpace\backend\Original\Batch(1)\Results(1)
2025-02-20 18:14:07,881 INFO No CSV files found for version 1 in folder C:\Users\Mohse\OneDrive\Documents\GitHub\TeaSpace\backend\Original\Batch(1)\Results(1)
2025-02-20 18:14:07,882 INFO 127.0.0.1 - - [20/Feb/2025 18:14:07] "GET /api/csv-files/1 HTTP/1.1" 200 -
2025-02-20 18:14:10,156 INFO Received request for CSV files with version: 0
2025-02-20 18:14:10,157 WARNING Results folder does not exist: C:\Users\Mohse\OneDrive\Documents\GitHub\TeaSpace\backend\Original\Batch(0)\Results(0)
2025-02-20 18:14:10,157 INFO No CSV files found for version 0 in folder C:\Users\Mohse\OneDrive\Documents\GitHub\TeaSpace\backend\Original\Batch(0)\Results(0)
2025-02-20 18:14:10,159 INFO 127.0.0.1 - - [20/Feb/2025 18:14:10] "GET /api/csv-files/0 HTTP/1.1" 200 -
2025-02-20 18:14:10,477 INFO Received request for CSV files with version: 1
2025-02-20 18:14:10,477 WARNING Results folder does not exist: C:\Users\Mohse\OneDrive\Documents\GitHub\TeaSpace\backend\Original\Batch(1)\Results(1)
2025-02-20 18:14:10,478 INFO No CSV files found for version 1 in folder C:\Users\Mohse\OneDrive\Documents\GitHub\TeaSpace\backend\Original\Batch(1)\Results(1)
2025-02-20 18:14:10,479 INFO 127.0.0.1 - - [20/Feb/2025 18:14:10] "GET /api/csv-files/1 HTTP/1.1" 200 -
