2025-04-05 01:55:36,958 filtered_values: []
2025-04-05 01:55:36,958 general_year_sorted_list: [1, 2, 3, 4, 5, 6, 7, 8, 9, 10, 11, 12, 13, 14, 15, 16, 17, 18, 19, 20, 21]
2025-04-05 01:55:36,958 sorted_points: [1, 20]
2025-04-05 01:55:36,958 general_intervals: [(1, 2), (2, 3), (3, 4), (4, 5), (5, 6), (6, 7), (7, 8), (8, 9), (9, 10), (10, 11), (11, 12), (12, 13), (13, 14), (14, 15), (15, 16), (16, 17), (17, 18), (18, 19), (19, 20), (20, 21)]
2025-04-05 01:55:36,958 intervals: [(1, 20)]
2025-04-05 09:26:56,438 filtered_values: []
2025-04-05 09:26:56,438 general_year_sorted_list: [1, 2, 3, 4, 5, 6, 7, 8, 9, 10, 11, 12, 13, 14, 15, 16, 17, 18, 19, 20, 21]
2025-04-05 09:26:56,438 sorted_points: [1, 20]
2025-04-05 09:26:56,438 general_intervals: [(1, 2), (2, 3), (3, 4), (4, 5), (5, 6), (6, 7), (7, 8), (8, 9), (9, 10), (10, 11), (11, 12), (12, 13), (13, 14), (14, 15), (15, 16), (16, 17), (17, 18), (18, 19), (19, 20), (20, 21)]
2025-04-05 09:26:56,438 intervals: [(1, 20)]
2025-04-05 14:14:48,466 filtered_values: []
2025-04-05 14:14:48,466 general_year_sorted_list: [1, 2, 3, 4, 5, 6, 7, 8, 9, 10, 11, 12, 13, 14, 15, 16, 17, 18, 19, 20, 21]
2025-04-05 14:14:48,466 sorted_points: [1, 20]
2025-04-05 14:14:48,466 general_intervals: [(1, 2), (2, 3), (3, 4), (4, 5), (5, 6), (6, 7), (7, 8), (8, 9), (9, 10), (10, 11), (11, 12), (12, 13), (13, 14), (14, 15), (15, 16), (16, 17), (17, 18), (18, 19), (19, 20), (20, 21)]
2025-04-05 14:14:48,466 intervals: [(1, 20)]
2025-04-05 16:57:27,414 filtered_values: []
2025-04-05 16:57:27,414 general_year_sorted_list: [1, 2, 3, 4, 5, 6, 7, 8, 9, 10, 11, 12, 13, 14, 15, 16, 17, 18, 19, 20, 21]
2025-04-05 16:57:27,414 sorted_points: [1, 20]
2025-04-05 16:57:27,414 general_intervals: [(1, 2), (2, 3), (3, 4), (4, 5), (5, 6), (6, 7), (7, 8), (8, 9), (9, 10), (10, 11), (11, 12), (12, 13), (13, 14), (14, 15), (15, 16), (16, 17), (17, 18), (18, 19), (19, 20), (20, 21)]
2025-04-05 16:57:27,414 intervals: [(1, 20)]
2025-04-05 17:07:26,073 filtered_values: []
2025-04-05 17:07:26,073 general_year_sorted_list: [1, 2, 3, 4, 5, 6, 7, 8, 9, 10, 11, 12, 13, 14, 15, 16, 17, 18, 19, 20, 21]
2025-04-05 17:07:26,073 sorted_points: [1, 20]
2025-04-05 17:07:26,074 general_intervals: [(1, 2), (2, 3), (3, 4), (4, 5), (5, 6), (6, 7), (7, 8), (8, 9), (9, 10), (10, 11), (11, 12), (12, 13), (13, 14), (14, 15), (15, 16), (16, 17), (17, 18), (18, 19), (19, 20), (20, 21)]
2025-04-05 17:07:26,074 intervals: [(1, 20)]
2025-04-05 18:00:36,871 filtered_values: []
2025-04-05 18:00:36,871 general_year_sorted_list: [1, 2, 3, 4, 5, 6, 7, 8, 9, 10, 11, 12, 13, 14, 15, 16, 17, 18, 19, 20, 21]
2025-04-05 18:00:36,871 sorted_points: [1, 20]
2025-04-05 18:00:36,871 general_intervals: [(1, 2), (2, 3), (3, 4), (4, 5), (5, 6), (6, 7), (7, 8), (8, 9), (9, 10), (10, 11), (11, 12), (12, 13), (13, 14), (14, 15), (15, 16), (16, 17), (17, 18), (18, 19), (19, 20), (20, 21)]
2025-04-05 18:00:36,871 intervals: [(1, 20)]
2025-04-06 10:02:59,746 filtered_values: []
2025-04-06 10:02:59,746 general_year_sorted_list: [1, 2, 3, 4, 5, 6, 7, 8, 9, 10, 11, 12, 13, 14, 15, 16, 17, 18, 19, 20, 21]
2025-04-06 10:02:59,746 sorted_points: [1, 20]
2025-04-06 10:02:59,746 general_intervals: [(1, 2), (2, 3), (3, 4), (4, 5), (5, 6), (6, 7), (7, 8), (8, 9), (9, 10), (10, 11), (11, 12), (12, 13), (13, 14), (14, 15), (15, 16), (16, 17), (17, 18), (18, 19), (19, 20), (20, 21)]
2025-04-06 10:02:59,746 intervals: [(1, 20)]
2025-04-06 11:10:58,685 filtered_values: []
2025-04-06 11:10:58,685 general_year_sorted_list: [1, 2, 3, 4, 5, 6, 7, 8, 9, 10, 11, 12, 13, 14, 15, 16, 17, 18, 19, 20, 21]
2025-04-06 11:10:58,685 sorted_points: [1, 20]
2025-04-06 11:10:58,685 general_intervals: [(1, 2), (2, 3), (3, 4), (4, 5), (5, 6), (6, 7), (7, 8), (8, 9), (9, 10), (10, 11), (11, 12), (12, 13), (13, 14), (14, 15), (15, 16), (16, 17), (17, 18), (18, 19), (19, 20), (20, 21)]
2025-04-06 11:10:58,685 intervals: [(1, 20)]
2025-04-06 13:10:27,382 filtered_values: []
2025-04-06 13:10:27,382 general_year_sorted_list: [1, 2, 3, 4, 5, 6, 7, 8, 9, 10, 11, 12, 13, 14, 15, 16, 17, 18, 19, 20, 21]
2025-04-06 13:10:27,382 sorted_points: [1, 20]
2025-04-06 13:10:27,382 general_intervals: [(1, 2), (2, 3), (3, 4), (4, 5), (5, 6), (6, 7), (7, 8), (8, 9), (9, 10), (10, 11), (11, 12), (12, 13), (13, 14), (14, 15), (15, 16), (16, 17), (17, 18), (18, 19), (19, 20), (20, 21)]
2025-04-06 13:10:27,382 intervals: [(1, 20)]
2025-04-06 13:20:40,407 filtered_values: []
2025-04-06 13:20:40,407 general_year_sorted_list: [1, 2, 3, 4, 5, 6, 7, 8, 9, 10, 11, 12, 13, 14, 15, 16, 17, 18, 19, 20, 21]
2025-04-06 13:20:40,407 sorted_points: [1, 20]
2025-04-06 13:20:40,407 general_intervals: [(1, 2), (2, 3), (3, 4), (4, 5), (5, 6), (6, 7), (7, 8), (8, 9), (9, 10), (10, 11), (11, 12), (12, 13), (13, 14), (14, 15), (15, 16), (16, 17), (17, 18), (18, 19), (19, 20), (20, 21)]
2025-04-06 13:20:40,408 intervals: [(1, 20)]
2025-04-06 15:36:17,280 filtered_values: []
2025-04-06 15:36:17,280 general_year_sorted_list: [1, 2, 3, 4, 5, 6, 7, 8, 9, 10, 11, 12, 13, 14, 15, 16, 17, 18, 19, 20, 21]
2025-04-06 15:36:17,296 sorted_points: [1, 20]
2025-04-06 15:36:17,296 general_intervals: [(1, 2), (2, 3), (3, 4), (4, 5), (5, 6), (6, 7), (7, 8), (8, 9), (9, 10), (10, 11), (11, 12), (12, 13), (13, 14), (14, 15), (15, 16), (16, 17), (17, 18), (18, 19), (19, 20), (20, 21)]
2025-04-06 15:36:17,296 intervals: [(1, 20)]
2025-04-06 15:43:00,845 filtered_values: []
2025-04-06 15:43:00,845 general_year_sorted_list: [1, 2, 3, 4, 5, 6, 7, 8, 9, 10, 11, 12, 13, 14, 15, 16, 17, 18, 19, 20, 21]
2025-04-06 15:43:00,845 sorted_points: [1, 20]
2025-04-06 15:43:00,845 general_intervals: [(1, 2), (2, 3), (3, 4), (4, 5), (5, 6), (6, 7), (7, 8), (8, 9), (9, 10), (10, 11), (11, 12), (12, 13), (13, 14), (14, 15), (15, 16), (16, 17), (17, 18), (18, 19), (19, 20), (20, 21)]
2025-04-06 15:43:00,845 intervals: [(1, 20)]
2025-04-06 15:57:21,489 filtered_values: []
2025-04-06 15:57:21,489 general_year_sorted_list: [1, 2, 3, 4, 5, 6, 7, 8, 9, 10, 11, 12, 13, 14, 15, 16, 17, 18, 19, 20, 21]
2025-04-06 15:57:21,489 sorted_points: [1, 20]
2025-04-06 15:57:21,489 general_intervals: [(1, 2), (2, 3), (3, 4), (4, 5), (5, 6), (6, 7), (7, 8), (8, 9), (9, 10), (10, 11), (11, 12), (12, 13), (13, 14), (14, 15), (15, 16), (16, 17), (17, 18), (18, 19), (19, 20), (20, 21)]
2025-04-06 15:57:21,489 intervals: [(1, 20)]
2025-04-06 16:04:05,139 filtered_values: []
2025-04-06 16:04:05,139 general_year_sorted_list: [1, 2, 3, 4, 5, 6, 7, 8, 9, 10, 11, 12, 13, 14, 15, 16, 17, 18, 19, 20, 21]
2025-04-06 16:04:05,139 sorted_points: [1, 20]
2025-04-06 16:04:05,139 general_intervals: [(1, 2), (2, 3), (3, 4), (4, 5), (5, 6), (6, 7), (7, 8), (8, 9), (9, 10), (10, 11), (11, 12), (12, 13), (13, 14), (14, 15), (15, 16), (16, 17), (17, 18), (18, 19), (19, 20), (20, 21)]
2025-04-06 16:04:05,139 intervals: [(1, 20)]
2025-04-06 16:21:49,768 filtered_values: []
2025-04-06 16:21:49,768 general_year_sorted_list: [1, 2, 3, 4, 5, 6, 7, 8, 9, 10, 11, 12, 13, 14, 15, 16, 17, 18, 19, 20, 21]
2025-04-06 16:21:49,768 sorted_points: [1, 20]
2025-04-06 16:21:49,768 general_intervals: [(1, 2), (2, 3), (3, 4), (4, 5), (5, 6), (6, 7), (7, 8), (8, 9), (9, 10), (10, 11), (11, 12), (12, 13), (13, 14), (14, 15), (15, 16), (16, 17), (17, 18), (18, 19), (19, 20), (20, 21)]
2025-04-06 16:21:49,768 intervals: [(1, 20)]
2025-04-06 16:22:55,005 filtered_values: []
2025-04-06 16:22:55,005 general_year_sorted_list: [1, 2, 3, 4, 5, 6, 7, 8, 9, 10, 11, 12, 13, 14, 15, 16, 17, 18, 19, 20, 21]
2025-04-06 16:22:55,005 sorted_points: [1, 20]
2025-04-06 16:22:55,005 general_intervals: [(1, 2), (2, 3), (3, 4), (4, 5), (5, 6), (6, 7), (7, 8), (8, 9), (9, 10), (10, 11), (11, 12), (12, 13), (13, 14), (14, 15), (15, 16), (16, 17), (17, 18), (18, 19), (19, 20), (20, 21)]
2025-04-06 16:22:55,005 intervals: [(1, 20)]
2025-04-06 16:44:00,681 filtered_values: []
2025-04-06 16:44:00,682 general_year_sorted_list: [1, 2, 3, 4, 5, 6, 7, 8, 9, 10, 11, 12, 13, 14, 15, 16, 17, 18, 19, 20, 21]
2025-04-06 16:44:00,682 sorted_points: [1, 20]
2025-04-06 16:44:00,682 general_intervals: [(1, 2), (2, 3), (3, 4), (4, 5), (5, 6), (6, 7), (7, 8), (8, 9), (9, 10), (10, 11), (11, 12), (12, 13), (13, 14), (14, 15), (15, 16), (16, 17), (17, 18), (18, 19), (19, 20), (20, 21)]
2025-04-06 16:44:00,682 intervals: [(1, 20)]
2025-04-06 17:32:55,288 filtered_values: []
2025-04-06 17:32:55,288 general_year_sorted_list: [1, 2, 3, 4, 5, 6, 7, 8, 9, 10, 11, 12, 13, 14, 15, 16, 17, 18, 19, 20, 21]
2025-04-06 17:32:55,288 sorted_points: [1, 20]
2025-04-06 17:32:55,288 general_intervals: [(1, 2), (2, 3), (3, 4), (4, 5), (5, 6), (6, 7), (7, 8), (8, 9), (9, 10), (10, 11), (11, 12), (12, 13), (13, 14), (14, 15), (15, 16), (16, 17), (17, 18), (18, 19), (19, 20), (20, 21)]
2025-04-06 17:32:55,288 intervals: [(1, 20)]
2025-04-06 17:40:03,106 filtered_values: []
2025-04-06 17:40:03,106 general_year_sorted_list: [1, 2, 3, 4, 5, 6, 7, 8, 9, 10, 11, 12, 13, 14, 15, 16, 17, 18, 19, 20, 21]
2025-04-06 17:40:03,106 sorted_points: [1, 20]
2025-04-06 17:40:03,106 general_intervals: [(1, 2), (2, 3), (3, 4), (4, 5), (5, 6), (6, 7), (7, 8), (8, 9), (9, 10), (10, 11), (11, 12), (12, 13), (13, 14), (14, 15), (15, 16), (16, 17), (17, 18), (18, 19), (19, 20), (20, 21)]
2025-04-06 17:40:03,106 intervals: [(1, 20)]
2025-04-06 17:49:29,001 filtered_values: []
2025-04-06 17:49:29,001 general_year_sorted_list: [1, 2, 3, 4, 5, 6, 7, 8, 9, 10, 11, 12, 13, 14, 15, 16, 17, 18, 19, 20, 21]
2025-04-06 17:49:29,001 sorted_points: [1, 20]
2025-04-06 17:49:29,001 general_intervals: [(1, 2), (2, 3), (3, 4), (4, 5), (5, 6), (6, 7), (7, 8), (8, 9), (9, 10), (10, 11), (11, 12), (12, 13), (13, 14), (14, 15), (15, 16), (16, 17), (17, 18), (18, 19), (19, 20), (20, 21)]
2025-04-06 17:49:29,001 intervals: [(1, 20)]
2025-04-06 17:59:21,222 filtered_values: []
2025-04-06 17:59:21,222 general_year_sorted_list: [1, 2, 3, 4, 5, 6, 7, 8, 9, 10, 11, 12, 13, 14, 15, 16, 17, 18, 19, 20, 21]
2025-04-06 17:59:21,222 sorted_points: [1, 20]
2025-04-06 17:59:21,222 general_intervals: [(1, 2), (2, 3), (3, 4), (4, 5), (5, 6), (6, 7), (7, 8), (8, 9), (9, 10), (10, 11), (11, 12), (12, 13), (13, 14), (14, 15), (15, 16), (16, 17), (17, 18), (18, 19), (19, 20), (20, 21)]
2025-04-06 17:59:21,222 intervals: [(1, 20)]
2025-04-06 18:07:10,640 filtered_values: []
2025-04-06 18:07:10,640 general_year_sorted_list: [1, 2, 3, 4, 5, 6, 7, 8, 9, 10, 11, 12, 13, 14, 15, 16, 17, 18, 19, 20, 21]
2025-04-06 18:07:10,640 sorted_points: [1, 20]
2025-04-06 18:07:10,640 general_intervals: [(1, 2), (2, 3), (3, 4), (4, 5), (5, 6), (6, 7), (7, 8), (8, 9), (9, 10), (10, 11), (11, 12), (12, 13), (13, 14), (14, 15), (15, 16), (16, 17), (17, 18), (18, 19), (19, 20), (20, 21)]
2025-04-06 18:07:10,640 intervals: [(1, 20)]
2025-04-06 18:56:53,581 filtered_values: []
2025-04-06 18:56:53,581 general_year_sorted_list: [1, 2, 3, 4, 5, 6, 7, 8, 9, 10, 11, 12, 13, 14, 15, 16, 17, 18, 19, 20, 21]
2025-04-06 18:56:53,581 sorted_points: [1, 20]
2025-04-06 18:56:53,581 general_intervals: [(1, 2), (2, 3), (3, 4), (4, 5), (5, 6), (6, 7), (7, 8), (8, 9), (9, 10), (10, 11), (11, 12), (12, 13), (13, 14), (14, 15), (15, 16), (16, 17), (17, 18), (18, 19), (19, 20), (20, 21)]
2025-04-06 18:56:53,581 intervals: [(1, 20)]
2025-04-06 20:06:07,570 filtered_values: []
2025-04-06 20:06:07,570 general_year_sorted_list: [1, 2, 3, 4, 5, 6, 7, 8, 9, 10, 11, 12, 13, 14, 15, 16, 17, 18, 19, 20, 21]
2025-04-06 20:06:07,570 sorted_points: [1, 20]
2025-04-06 20:06:07,570 general_intervals: [(1, 2), (2, 3), (3, 4), (4, 5), (5, 6), (6, 7), (7, 8), (8, 9), (9, 10), (10, 11), (11, 12), (12, 13), (13, 14), (14, 15), (15, 16), (16, 17), (17, 18), (18, 19), (19, 20), (20, 21)]
2025-04-06 20:06:07,570 intervals: [(1, 20)]
2025-04-06 20:08:06,299 filtered_values: []
2025-04-06 20:08:06,299 general_year_sorted_list: [1, 2, 3, 4, 5, 6, 7, 8, 9, 10, 11, 12, 13, 14, 15, 16, 17, 18, 19, 20, 21]
2025-04-06 20:08:06,299 sorted_points: [1, 20]
2025-04-06 20:08:06,299 general_intervals: [(1, 2), (2, 3), (3, 4), (4, 5), (5, 6), (6, 7), (7, 8), (8, 9), (9, 10), (10, 11), (11, 12), (12, 13), (13, 14), (14, 15), (15, 16), (16, 17), (17, 18), (18, 19), (19, 20), (20, 21)]
2025-04-06 20:08:06,300 intervals: [(1, 20)]
2025-04-06 20:12:04,959 filtered_values: []
2025-04-06 20:12:04,959 general_year_sorted_list: [1, 2, 3, 4, 5, 6, 7, 8, 9, 10, 11, 12, 13, 14, 15, 16, 17, 18, 19, 20, 21]
2025-04-06 20:12:04,959 sorted_points: [1, 20]
2025-04-06 20:12:04,959 general_intervals: [(1, 2), (2, 3), (3, 4), (4, 5), (5, 6), (6, 7), (7, 8), (8, 9), (9, 10), (10, 11), (11, 12), (12, 13), (13, 14), (14, 15), (15, 16), (16, 17), (17, 18), (18, 19), (19, 20), (20, 21)]
2025-04-06 20:12:04,959 intervals: [(1, 20)]
2025-04-06 20:13:16,606 filtered_values: []
2025-04-06 20:13:16,606 general_year_sorted_list: [1, 2, 3, 4, 5, 6, 7, 8, 9, 10, 11, 12, 13, 14, 15, 16, 17, 18, 19, 20, 21]
2025-04-06 20:13:16,606 sorted_points: [1, 20]
2025-04-06 20:13:16,606 general_intervals: [(1, 2), (2, 3), (3, 4), (4, 5), (5, 6), (6, 7), (7, 8), (8, 9), (9, 10), (10, 11), (11, 12), (12, 13), (13, 14), (14, 15), (15, 16), (16, 17), (17, 18), (18, 19), (19, 20), (20, 21)]
2025-04-06 20:13:16,606 intervals: [(1, 20)]
2025-04-06 20:16:48,005 filtered_values: []
2025-04-06 20:16:48,005 general_year_sorted_list: [1, 2, 3, 4, 5, 6, 7, 8, 9, 10, 11, 12, 13, 14, 15, 16, 17, 18, 19, 20, 21]
2025-04-06 20:16:48,005 sorted_points: [1, 20]
2025-04-06 20:16:48,005 general_intervals: [(1, 2), (2, 3), (3, 4), (4, 5), (5, 6), (6, 7), (7, 8), (8, 9), (9, 10), (10, 11), (11, 12), (12, 13), (13, 14), (14, 15), (15, 16), (16, 17), (17, 18), (18, 19), (19, 20), (20, 21)]
2025-04-06 20:16:48,005 intervals: [(1, 20)]
2025-04-06 20:20:03,198 filtered_values: []
2025-04-06 20:20:03,198 general_year_sorted_list: [1, 2, 3, 4, 5, 6, 7, 8, 9, 10, 11, 12, 13, 14, 15, 16, 17, 18, 19, 20, 21]
2025-04-06 20:20:03,198 sorted_points: [1, 20]
2025-04-06 20:20:03,198 general_intervals: [(1, 2), (2, 3), (3, 4), (4, 5), (5, 6), (6, 7), (7, 8), (8, 9), (9, 10), (10, 11), (11, 12), (12, 13), (13, 14), (14, 15), (15, 16), (16, 17), (17, 18), (18, 19), (19, 20), (20, 21)]
2025-04-06 20:20:03,198 intervals: [(1, 20)]
2025-04-06 21:37:46,913 filtered_values: []
2025-04-06 21:37:46,913 general_year_sorted_list: [1, 2, 3, 4, 5, 6, 7, 8, 9, 10, 11, 12, 13, 14, 15, 16, 17, 18, 19, 20, 21]
2025-04-06 21:37:46,913 sorted_points: [1, 20]
2025-04-06 21:37:46,913 general_intervals: [(1, 2), (2, 3), (3, 4), (4, 5), (5, 6), (6, 7), (7, 8), (8, 9), (9, 10), (10, 11), (11, 12), (12, 13), (13, 14), (14, 15), (15, 16), (16, 17), (17, 18), (18, 19), (19, 20), (20, 21)]
2025-04-06 21:37:46,913 intervals: [(1, 20)]
2025-04-06 21:47:56,107 filtered_values: []
2025-04-06 21:47:56,107 general_year_sorted_list: [1, 2, 3, 4, 5, 6, 7, 8, 9, 10, 11, 12, 13, 14, 15, 16, 17, 18, 19, 20, 21]
2025-04-06 21:47:56,107 sorted_points: [1, 20]
2025-04-06 21:47:56,107 general_intervals: [(1, 2), (2, 3), (3, 4), (4, 5), (5, 6), (6, 7), (7, 8), (8, 9), (9, 10), (10, 11), (11, 12), (12, 13), (13, 14), (14, 15), (15, 16), (16, 17), (17, 18), (18, 19), (19, 20), (20, 21)]
2025-04-06 21:47:56,108 intervals: [(1, 20)]
2025-04-06 23:11:57,550 filtered_values: []
2025-04-06 23:11:57,550 general_year_sorted_list: [1, 2, 3, 4, 5, 6, 7, 8, 9, 10, 11, 12, 13, 14, 15, 16, 17, 18, 19, 20, 21]
2025-04-06 23:11:57,550 sorted_points: [1, 20]
2025-04-06 23:11:57,550 general_intervals: [(1, 2), (2, 3), (3, 4), (4, 5), (5, 6), (6, 7), (7, 8), (8, 9), (9, 10), (10, 11), (11, 12), (12, 13), (13, 14), (14, 15), (15, 16), (16, 17), (17, 18), (18, 19), (19, 20), (20, 21)]
2025-04-06 23:11:57,550 intervals: [(1, 20)]
2025-04-06 23:23:19,819 filtered_values: []
2025-04-06 23:23:19,819 general_year_sorted_list: [1, 2, 3, 4, 5, 6, 7, 8, 9, 10, 11, 12, 13, 14, 15, 16, 17, 18, 19, 20, 21]
2025-04-06 23:23:19,819 sorted_points: [1, 20]
2025-04-06 23:23:19,819 general_intervals: [(1, 2), (2, 3), (3, 4), (4, 5), (5, 6), (6, 7), (7, 8), (8, 9), (9, 10), (10, 11), (11, 12), (12, 13), (13, 14), (14, 15), (15, 16), (16, 17), (17, 18), (18, 19), (19, 20), (20, 21)]
2025-04-06 23:23:19,819 intervals: [(1, 20)]
2025-04-07 00:15:00,229 filtered_values: []
2025-04-07 00:15:00,229 general_year_sorted_list: [1, 2, 3, 4, 5, 6, 7, 8, 9, 10, 11, 12, 13, 14, 15, 16, 17, 18, 19, 20, 21]
2025-04-07 00:15:00,229 sorted_points: [1, 20]
2025-04-07 00:15:00,229 general_intervals: [(1, 2), (2, 3), (3, 4), (4, 5), (5, 6), (6, 7), (7, 8), (8, 9), (9, 10), (10, 11), (11, 12), (12, 13), (13, 14), (14, 15), (15, 16), (16, 17), (17, 18), (18, 19), (19, 20), (20, 21)]
2025-04-07 00:15:00,229 intervals: [(1, 20)]
2025-04-07 00:18:29,767 filtered_values: []
2025-04-07 00:18:29,767 general_year_sorted_list: [1, 2, 3, 4, 5, 6, 7, 8, 9, 10, 11, 12, 13, 14, 15, 16, 17, 18, 19, 20, 21]
2025-04-07 00:18:29,767 sorted_points: [1, 20]
2025-04-07 00:18:29,767 general_intervals: [(1, 2), (2, 3), (3, 4), (4, 5), (5, 6), (6, 7), (7, 8), (8, 9), (9, 10), (10, 11), (11, 12), (12, 13), (13, 14), (14, 15), (15, 16), (16, 17), (17, 18), (18, 19), (19, 20), (20, 21)]
2025-04-07 00:18:29,767 intervals: [(1, 20)]
2025-04-07 09:43:19,748 filtered_values: []
2025-04-07 09:43:19,748 general_year_sorted_list: [1, 2, 3, 4, 5, 6, 7, 8, 9, 10, 11, 12, 13, 14, 15, 16, 17, 18, 19, 20, 21]
2025-04-07 09:43:19,748 sorted_points: [1, 20]
2025-04-07 09:43:19,748 general_intervals: [(1, 2), (2, 3), (3, 4), (4, 5), (5, 6), (6, 7), (7, 8), (8, 9), (9, 10), (10, 11), (11, 12), (12, 13), (13, 14), (14, 15), (15, 16), (16, 17), (17, 18), (18, 19), (19, 20), (20, 21)]
2025-04-07 09:43:19,748 intervals: [(1, 20)]
2025-04-07 09:59:53,569 filtered_values: []
2025-04-07 09:59:53,569 general_year_sorted_list: [1, 2, 3, 4, 5, 6, 7, 8, 9, 10, 11, 12, 13, 14, 15, 16, 17, 18, 19, 20, 21]
2025-04-07 09:59:53,569 sorted_points: [1, 20]
2025-04-07 09:59:53,569 general_intervals: [(1, 2), (2, 3), (3, 4), (4, 5), (5, 6), (6, 7), (7, 8), (8, 9), (9, 10), (10, 11), (11, 12), (12, 13), (13, 14), (14, 15), (15, 16), (16, 17), (17, 18), (18, 19), (19, 20), (20, 21)]
2025-04-07 09:59:53,569 intervals: [(1, 20)]
