Price optimization started.
Price optimization started.
Price optimization started.
Price optimization started.
Calculated Current NPV: 159605.00 from row 20
'primary_result': 159605,'secondary_result': 1
Initial NPV: $159605.00, Iteration: 1
Current NPV: $159605.00, Iteration: 1, Price: $2.00
Decreasing price to $1.97 due to NPV above tolerance.
Calculated Current NPV: 144093.00 from row 20
'primary_result': 144093,'secondary_result': 2
Current NPV: $144093.00, Iteration: 2, Price: $1.97
Decreasing price to $1.94 due to NPV above tolerance.
Calculated Current NPV: 128821.00 from row 20
'primary_result': 128821,'secondary_result': 3
Current NPV: $128821.00, Iteration: 3, Price: $1.94
Decreasing price to $1.91 due to NPV above tolerance.
Calculated Current NPV: 113780.00 from row 20
'primary_result': 113780,'secondary_result': 4
Current NPV: $113780.00, Iteration: 4, Price: $1.91
Decreasing price to $1.88 due to NPV above tolerance.
Calculated Current NPV: 98963.00 from row 20
'primary_result': 98963,'secondary_result': 5
Current NPV: $98963.00, Iteration: 5, Price: $1.88
Decreasing price to $1.85 due to NPV above tolerance.
Calculated Current NPV: 84368.00 from row 20
'primary_result': 84368,'secondary_result': 6
Current NPV: $84368.00, Iteration: 6, Price: $1.85
Decreasing price to $1.83 due to NPV above tolerance.
Calculated Current NPV: 69993.00 from row 20
'primary_result': 69993,'secondary_result': 7
Current NPV: $69993.00, Iteration: 7, Price: $1.83
Decreasing price to $1.80 due to NPV above tolerance.
Calculated Current NPV: 55834.00 from row 20
'primary_result': 55834,'secondary_result': 8
Current NPV: $55834.00, Iteration: 8, Price: $1.80
Decreasing price to $1.77 due to NPV above tolerance.
Calculated Current NPV: 41886.00 from row 20
'primary_result': 41886,'secondary_result': 9
Current NPV: $41886.00, Iteration: 9, Price: $1.77
Decreasing price to $1.75 due to NPV above tolerance.
Calculated Current NPV: 28146.00 from row 20
'primary_result': 28146,'secondary_result': 10
Current NPV: $28146.00, Iteration: 10, Price: $1.75
Decreasing price to $1.72 due to NPV above tolerance.
Calculated Current NPV: 14614.00 from row 20
'primary_result': 14614,'secondary_result': 11
Current NPV: $14614.00, Iteration: 11, Price: $1.72
Decreasing price to $1.69 due to NPV above tolerance.
Calculated Current NPV: 1285.00 from row 20
'primary_result': 1285,'secondary_result': 12
Current NPV: $1285.00, Iteration: 12, Price: $1.69
Decreasing price to $1.67 due to NPV above tolerance.
Calculated Current NPV: -61368.00 from row 20
'primary_result': -61368,'secondary_result': 13
Current NPV: $-61368.00, Iteration: 13, Price: $1.67
Increasing price to $1.70 due to NPV below tolerance.
Calculated Current NPV: 5398.00 from row 20
'primary_result': 5398,'secondary_result': 14
Current NPV: $5398.00, Iteration: 14, Price: $1.70
Decreasing price to $1.68 due to NPV above tolerance.
Calculated Current NPV: -7792.00 from row 20
'primary_result': -7792,'secondary_result': 15
Current NPV: $-7792.00, Iteration: 15, Price: $1.68
Increasing price to $1.71 due to NPV below tolerance.
Calculated Current NPV: 9532.00 from row 20
'primary_result': 9532,'secondary_result': 16
Current NPV: $9532.00, Iteration: 16, Price: $1.71
Decreasing price to $1.68 due to NPV above tolerance.
Calculated Current NPV: -3720.00 from row 20
'primary_result': -3720,'secondary_result': 17
Current NPV: $-3720.00, Iteration: 17, Price: $1.68
Increasing price to $1.72 due to NPV below tolerance.
Calculated Current NPV: 13685.00 from row 20
'primary_result': 13685,'secondary_result': 18
Current NPV: $13685.00, Iteration: 18, Price: $1.72
Decreasing price to $1.69 due to NPV above tolerance.
Calculated Current NPV: 369.00 from row 20
'primary_result': 369,'secondary_result': 19
NPV is within tolerance bounds. Exiting optimization loop.
Price optimization started.
Calculated Current NPV: 84353.00 from row 20
'primary_result': 84353,'secondary_result': 1
Initial NPV: $84353.00, Iteration: 1
Current NPV: $84353.00, Iteration: 1, Price: $2.00
Decreasing price to $1.97 due to NPV above tolerance.
Calculated Current NPV: 68841.00 from row 20
'primary_result': 68841,'secondary_result': 2
Current NPV: $68841.00, Iteration: 2, Price: $1.97
Decreasing price to $1.94 due to NPV above tolerance.
Calculated Current NPV: 53569.00 from row 20
'primary_result': 53569,'secondary_result': 3
Current NPV: $53569.00, Iteration: 3, Price: $1.94
Decreasing price to $1.91 due to NPV above tolerance.
Calculated Current NPV: 38528.00 from row 20
'primary_result': 38528,'secondary_result': 4
Current NPV: $38528.00, Iteration: 4, Price: $1.91
Decreasing price to $1.88 due to NPV above tolerance.
Calculated Current NPV: 23711.00 from row 20
'primary_result': 23711,'secondary_result': 5
Current NPV: $23711.00, Iteration: 5, Price: $1.88
Decreasing price to $1.85 due to NPV above tolerance.
Calculated Current NPV: 9116.00 from row 20
'primary_result': 9116,'secondary_result': 6
Current NPV: $9116.00, Iteration: 6, Price: $1.85
Decreasing price to $1.83 due to NPV above tolerance.
Calculated Current NPV: -5258.00 from row 20
'primary_result': -5258,'secondary_result': 7
Current NPV: $-5258.00, Iteration: 7, Price: $1.83
Increasing price to $1.86 due to NPV below tolerance.
Calculated Current NPV: 13622.00 from row 20
'primary_result': 13622,'secondary_result': 8
Current NPV: $13622.00, Iteration: 8, Price: $1.86
Decreasing price to $1.84 due to NPV above tolerance.
Calculated Current NPV: -820.00 from row 20
'primary_result': -820,'secondary_result': 9
NPV is within tolerance bounds. Exiting optimization loop.
Price optimization started.
Calculated Current NPV: 159605.00 from row 20
'primary_result': 159605,'secondary_result': 1
Initial NPV: $159605.00, Iteration: 1
Current NPV: $159605.00, Iteration: 1, Price: $2.00
Decreasing price to $1.97 due to NPV above tolerance.
Calculated Current NPV: 144093.00 from row 20
'primary_result': 144093,'secondary_result': 2
Current NPV: $144093.00, Iteration: 2, Price: $1.97
Decreasing price to $1.94 due to NPV above tolerance.
Calculated Current NPV: 128821.00 from row 20
'primary_result': 128821,'secondary_result': 3
Current NPV: $128821.00, Iteration: 3, Price: $1.94
Decreasing price to $1.91 due to NPV above tolerance.
Calculated Current NPV: 113780.00 from row 20
'primary_result': 113780,'secondary_result': 4
Current NPV: $113780.00, Iteration: 4, Price: $1.91
Decreasing price to $1.88 due to NPV above tolerance.
Calculated Current NPV: 98963.00 from row 20
'primary_result': 98963,'secondary_result': 5
Current NPV: $98963.00, Iteration: 5, Price: $1.88
Decreasing price to $1.85 due to NPV above tolerance.
Calculated Current NPV: 84368.00 from row 20
'primary_result': 84368,'secondary_result': 6
Current NPV: $84368.00, Iteration: 6, Price: $1.85
Decreasing price to $1.83 due to NPV above tolerance.
Calculated Current NPV: 69993.00 from row 20
'primary_result': 69993,'secondary_result': 7
Current NPV: $69993.00, Iteration: 7, Price: $1.83
Decreasing price to $1.80 due to NPV above tolerance.
Calculated Current NPV: 55834.00 from row 20
'primary_result': 55834,'secondary_result': 8
Current NPV: $55834.00, Iteration: 8, Price: $1.80
Decreasing price to $1.77 due to NPV above tolerance.
Calculated Current NPV: 41886.00 from row 20
'primary_result': 41886,'secondary_result': 9
Current NPV: $41886.00, Iteration: 9, Price: $1.77
Decreasing price to $1.75 due to NPV above tolerance.
Calculated Current NPV: 28146.00 from row 20
'primary_result': 28146,'secondary_result': 10
Current NPV: $28146.00, Iteration: 10, Price: $1.75
Decreasing price to $1.72 due to NPV above tolerance.
Calculated Current NPV: 14614.00 from row 20
'primary_result': 14614,'secondary_result': 11
Current NPV: $14614.00, Iteration: 11, Price: $1.72
Decreasing price to $1.69 due to NPV above tolerance.
Calculated Current NPV: 1285.00 from row 20
'primary_result': 1285,'secondary_result': 12
Current NPV: $1285.00, Iteration: 12, Price: $1.69
Decreasing price to $1.67 due to NPV above tolerance.
Calculated Current NPV: -61368.00 from row 20
'primary_result': -61368,'secondary_result': 13
Current NPV: $-61368.00, Iteration: 13, Price: $1.67
Increasing price to $1.70 due to NPV below tolerance.
Calculated Current NPV: 5398.00 from row 20
'primary_result': 5398,'secondary_result': 14
Current NPV: $5398.00, Iteration: 14, Price: $1.70
Decreasing price to $1.68 due to NPV above tolerance.
Calculated Current NPV: -7792.00 from row 20
'primary_result': -7792,'secondary_result': 15
Current NPV: $-7792.00, Iteration: 15, Price: $1.68
Increasing price to $1.71 due to NPV below tolerance.
Calculated Current NPV: 9532.00 from row 20
'primary_result': 9532,'secondary_result': 16
Current NPV: $9532.00, Iteration: 16, Price: $1.71
Decreasing price to $1.68 due to NPV above tolerance.
Calculated Current NPV: -3720.00 from row 20
'primary_result': -3720,'secondary_result': 17
Current NPV: $-3720.00, Iteration: 17, Price: $1.68
Increasing price to $1.72 due to NPV below tolerance.
Calculated Current NPV: 13685.00 from row 20
'primary_result': 13685,'secondary_result': 18
Current NPV: $13685.00, Iteration: 18, Price: $1.72
Decreasing price to $1.69 due to NPV above tolerance.
Calculated Current NPV: 369.00 from row 20
'primary_result': 369,'secondary_result': 19
NPV is within tolerance bounds. Exiting optimization loop.
Price optimization started.
Calculated Current NPV: 159605.00 from row 20
'primary_result': 159605,'secondary_result': 1
Initial NPV: $159605.00, Iteration: 1
Current NPV: $159605.00, Iteration: 1, Price: $2.00
Decreasing price to $1.97 due to NPV above tolerance.
Calculated Current NPV: 144093.00 from row 20
'primary_result': 144093,'secondary_result': 2
Current NPV: $144093.00, Iteration: 2, Price: $1.97
Decreasing price to $1.94 due to NPV above tolerance.
Calculated Current NPV: 128821.00 from row 20
'primary_result': 128821,'secondary_result': 3
Current NPV: $128821.00, Iteration: 3, Price: $1.94
Decreasing price to $1.91 due to NPV above tolerance.
Calculated Current NPV: 113780.00 from row 20
'primary_result': 113780,'secondary_result': 4
Current NPV: $113780.00, Iteration: 4, Price: $1.91
Decreasing price to $1.88 due to NPV above tolerance.
Calculated Current NPV: 98963.00 from row 20
'primary_result': 98963,'secondary_result': 5
Current NPV: $98963.00, Iteration: 5, Price: $1.88
Decreasing price to $1.85 due to NPV above tolerance.
Calculated Current NPV: 84368.00 from row 20
'primary_result': 84368,'secondary_result': 6
Current NPV: $84368.00, Iteration: 6, Price: $1.85
Decreasing price to $1.83 due to NPV above tolerance.
Calculated Current NPV: 69993.00 from row 20
'primary_result': 69993,'secondary_result': 7
Current NPV: $69993.00, Iteration: 7, Price: $1.83
Decreasing price to $1.80 due to NPV above tolerance.
Calculated Current NPV: 55834.00 from row 20
'primary_result': 55834,'secondary_result': 8
Current NPV: $55834.00, Iteration: 8, Price: $1.80
Decreasing price to $1.77 due to NPV above tolerance.
Calculated Current NPV: 41886.00 from row 20
'primary_result': 41886,'secondary_result': 9
Current NPV: $41886.00, Iteration: 9, Price: $1.77
Decreasing price to $1.75 due to NPV above tolerance.
Calculated Current NPV: 28146.00 from row 20
'primary_result': 28146,'secondary_result': 10
Current NPV: $28146.00, Iteration: 10, Price: $1.75
Decreasing price to $1.72 due to NPV above tolerance.
Calculated Current NPV: 14614.00 from row 20
'primary_result': 14614,'secondary_result': 11
Current NPV: $14614.00, Iteration: 11, Price: $1.72
Decreasing price to $1.69 due to NPV above tolerance.
Calculated Current NPV: 1285.00 from row 20
'primary_result': 1285,'secondary_result': 12
Current NPV: $1285.00, Iteration: 12, Price: $1.69
Decreasing price to $1.67 due to NPV above tolerance.
Calculated Current NPV: -61368.00 from row 20
'primary_result': -61368,'secondary_result': 13
Current NPV: $-61368.00, Iteration: 13, Price: $1.67
Increasing price to $1.70 due to NPV below tolerance.
Calculated Current NPV: 5398.00 from row 20
'primary_result': 5398,'secondary_result': 14
Current NPV: $5398.00, Iteration: 14, Price: $1.70
Decreasing price to $1.68 due to NPV above tolerance.
Calculated Current NPV: -7792.00 from row 20
'primary_result': -7792,'secondary_result': 15
Current NPV: $-7792.00, Iteration: 15, Price: $1.68
Increasing price to $1.71 due to NPV below tolerance.
Calculated Current NPV: 9532.00 from row 20
'primary_result': 9532,'secondary_result': 16
Current NPV: $9532.00, Iteration: 16, Price: $1.71
Decreasing price to $1.68 due to NPV above tolerance.
Calculated Current NPV: -3720.00 from row 20
'primary_result': -3720,'secondary_result': 17
Current NPV: $-3720.00, Iteration: 17, Price: $1.68
Increasing price to $1.72 due to NPV below tolerance.
Calculated Current NPV: 13685.00 from row 20
'primary_result': 13685,'secondary_result': 18
Current NPV: $13685.00, Iteration: 18, Price: $1.72
Decreasing price to $1.69 due to NPV above tolerance.
Calculated Current NPV: 369.00 from row 20
'primary_result': 369,'secondary_result': 19
NPV is within tolerance bounds. Exiting optimization loop.
Price optimization started.
Calculated Current NPV: 159605.00 from row 20
'primary_result': 159605,'secondary_result': 1
Initial NPV: $159605.00, Iteration: 1
Current NPV: $159605.00, Iteration: 1, Price: $2.00
Decreasing price to $1.97 due to NPV above tolerance.
Calculated Current NPV: 144093.00 from row 20
'primary_result': 144093,'secondary_result': 2
Current NPV: $144093.00, Iteration: 2, Price: $1.97
Decreasing price to $1.94 due to NPV above tolerance.
Calculated Current NPV: 128821.00 from row 20
'primary_result': 128821,'secondary_result': 3
Current NPV: $128821.00, Iteration: 3, Price: $1.94
Decreasing price to $1.91 due to NPV above tolerance.
Calculated Current NPV: 113780.00 from row 20
'primary_result': 113780,'secondary_result': 4
Current NPV: $113780.00, Iteration: 4, Price: $1.91
Decreasing price to $1.88 due to NPV above tolerance.
Calculated Current NPV: 98963.00 from row 20
'primary_result': 98963,'secondary_result': 5
Current NPV: $98963.00, Iteration: 5, Price: $1.88
Decreasing price to $1.85 due to NPV above tolerance.
Calculated Current NPV: 84368.00 from row 20
'primary_result': 84368,'secondary_result': 6
Current NPV: $84368.00, Iteration: 6, Price: $1.85
Decreasing price to $1.83 due to NPV above tolerance.
Calculated Current NPV: 69993.00 from row 20
'primary_result': 69993,'secondary_result': 7
Current NPV: $69993.00, Iteration: 7, Price: $1.83
Decreasing price to $1.80 due to NPV above tolerance.
Calculated Current NPV: 55834.00 from row 20
'primary_result': 55834,'secondary_result': 8
Current NPV: $55834.00, Iteration: 8, Price: $1.80
Decreasing price to $1.77 due to NPV above tolerance.
Calculated Current NPV: 41886.00 from row 20
'primary_result': 41886,'secondary_result': 9
Current NPV: $41886.00, Iteration: 9, Price: $1.77
Decreasing price to $1.75 due to NPV above tolerance.
Calculated Current NPV: 28146.00 from row 20
'primary_result': 28146,'secondary_result': 10
Current NPV: $28146.00, Iteration: 10, Price: $1.75
Decreasing price to $1.72 due to NPV above tolerance.
Calculated Current NPV: 14614.00 from row 20
'primary_result': 14614,'secondary_result': 11
Current NPV: $14614.00, Iteration: 11, Price: $1.72
Decreasing price to $1.69 due to NPV above tolerance.
Calculated Current NPV: 1285.00 from row 20
'primary_result': 1285,'secondary_result': 12
Current NPV: $1285.00, Iteration: 12, Price: $1.69
Decreasing price to $1.67 due to NPV above tolerance.
Calculated Current NPV: -61368.00 from row 20
'primary_result': -61368,'secondary_result': 13
Current NPV: $-61368.00, Iteration: 13, Price: $1.67
Increasing price to $1.70 due to NPV below tolerance.
Calculated Current NPV: 5398.00 from row 20
'primary_result': 5398,'secondary_result': 14
Current NPV: $5398.00, Iteration: 14, Price: $1.70
Decreasing price to $1.68 due to NPV above tolerance.
Calculated Current NPV: -7792.00 from row 20
'primary_result': -7792,'secondary_result': 15
Current NPV: $-7792.00, Iteration: 15, Price: $1.68
Increasing price to $1.71 due to NPV below tolerance.
Calculated Current NPV: 9532.00 from row 20
'primary_result': 9532,'secondary_result': 16
Current NPV: $9532.00, Iteration: 16, Price: $1.71
Decreasing price to $1.68 due to NPV above tolerance.
Calculated Current NPV: -3720.00 from row 20
'primary_result': -3720,'secondary_result': 17
Current NPV: $-3720.00, Iteration: 17, Price: $1.68
Increasing price to $1.72 due to NPV below tolerance.
Calculated Current NPV: 13685.00 from row 20
'primary_result': 13685,'secondary_result': 18
Current NPV: $13685.00, Iteration: 18, Price: $1.72
Decreasing price to $1.69 due to NPV above tolerance.
Calculated Current NPV: 369.00 from row 20
'primary_result': 369,'secondary_result': 19
NPV is within tolerance bounds. Exiting optimization loop.
Price optimization started.
Calculated Current NPV: 159605.00 from row 20
'primary_result': 159605,'secondary_result': 1
Initial NPV: $159605.00, Iteration: 1
Current NPV: $159605.00, Iteration: 1, Price: $2.00
Decreasing price to $1.97 due to NPV above tolerance.
Calculated Current NPV: 144093.00 from row 20
'primary_result': 144093,'secondary_result': 2
Current NPV: $144093.00, Iteration: 2, Price: $1.97
Decreasing price to $1.94 due to NPV above tolerance.
Calculated Current NPV: 128821.00 from row 20
'primary_result': 128821,'secondary_result': 3
Current NPV: $128821.00, Iteration: 3, Price: $1.94
Decreasing price to $1.91 due to NPV above tolerance.
Calculated Current NPV: 113780.00 from row 20
'primary_result': 113780,'secondary_result': 4
Current NPV: $113780.00, Iteration: 4, Price: $1.91
Decreasing price to $1.88 due to NPV above tolerance.
Calculated Current NPV: 98963.00 from row 20
'primary_result': 98963,'secondary_result': 5
Current NPV: $98963.00, Iteration: 5, Price: $1.88
Decreasing price to $1.85 due to NPV above tolerance.
Calculated Current NPV: 84368.00 from row 20
'primary_result': 84368,'secondary_result': 6
Current NPV: $84368.00, Iteration: 6, Price: $1.85
Decreasing price to $1.83 due to NPV above tolerance.
Calculated Current NPV: 69993.00 from row 20
'primary_result': 69993,'secondary_result': 7
Current NPV: $69993.00, Iteration: 7, Price: $1.83
Decreasing price to $1.80 due to NPV above tolerance.
Calculated Current NPV: 55834.00 from row 20
'primary_result': 55834,'secondary_result': 8
Current NPV: $55834.00, Iteration: 8, Price: $1.80
Decreasing price to $1.77 due to NPV above tolerance.
Calculated Current NPV: 41886.00 from row 20
'primary_result': 41886,'secondary_result': 9
Current NPV: $41886.00, Iteration: 9, Price: $1.77
Decreasing price to $1.75 due to NPV above tolerance.
Calculated Current NPV: 28146.00 from row 20
'primary_result': 28146,'secondary_result': 10
Current NPV: $28146.00, Iteration: 10, Price: $1.75
Decreasing price to $1.72 due to NPV above tolerance.
Calculated Current NPV: 14614.00 from row 20
'primary_result': 14614,'secondary_result': 11
Current NPV: $14614.00, Iteration: 11, Price: $1.72
Decreasing price to $1.69 due to NPV above tolerance.
Calculated Current NPV: 1285.00 from row 20
'primary_result': 1285,'secondary_result': 12
Current NPV: $1285.00, Iteration: 12, Price: $1.69
Decreasing price to $1.67 due to NPV above tolerance.
Calculated Current NPV: -61368.00 from row 20
'primary_result': -61368,'secondary_result': 13
Current NPV: $-61368.00, Iteration: 13, Price: $1.67
Increasing price to $1.70 due to NPV below tolerance.
Calculated Current NPV: 5398.00 from row 20
'primary_result': 5398,'secondary_result': 14
Current NPV: $5398.00, Iteration: 14, Price: $1.70
Decreasing price to $1.68 due to NPV above tolerance.
Calculated Current NPV: -7792.00 from row 20
'primary_result': -7792,'secondary_result': 15
Current NPV: $-7792.00, Iteration: 15, Price: $1.68
Increasing price to $1.71 due to NPV below tolerance.
Calculated Current NPV: 9532.00 from row 20
'primary_result': 9532,'secondary_result': 16
Current NPV: $9532.00, Iteration: 16, Price: $1.71
Decreasing price to $1.68 due to NPV above tolerance.
Calculated Current NPV: -3720.00 from row 20
'primary_result': -3720,'secondary_result': 17
Current NPV: $-3720.00, Iteration: 17, Price: $1.68
Increasing price to $1.72 due to NPV below tolerance.
Calculated Current NPV: 13685.00 from row 20
'primary_result': 13685,'secondary_result': 18
Current NPV: $13685.00, Iteration: 18, Price: $1.72
Decreasing price to $1.69 due to NPV above tolerance.
Calculated Current NPV: 369.00 from row 20
'primary_result': 369,'secondary_result': 19
NPV is within tolerance bounds. Exiting optimization loop.
Price optimization started.
Calculated Current NPV: 159605.00 from row 20
'primary_result': 159605,'secondary_result': 1
Initial NPV: $159605.00, Iteration: 1
Current NPV: $159605.00, Iteration: 1, Price: $2.00
Decreasing price to $1.97 due to NPV above tolerance.
Calculated Current NPV: 144093.00 from row 20
'primary_result': 144093,'secondary_result': 2
Current NPV: $144093.00, Iteration: 2, Price: $1.97
Decreasing price to $1.94 due to NPV above tolerance.
Calculated Current NPV: 128821.00 from row 20
'primary_result': 128821,'secondary_result': 3
Current NPV: $128821.00, Iteration: 3, Price: $1.94
Decreasing price to $1.91 due to NPV above tolerance.
Calculated Current NPV: 113780.00 from row 20
'primary_result': 113780,'secondary_result': 4
Current NPV: $113780.00, Iteration: 4, Price: $1.91
Decreasing price to $1.88 due to NPV above tolerance.
Calculated Current NPV: 98963.00 from row 20
'primary_result': 98963,'secondary_result': 5
Current NPV: $98963.00, Iteration: 5, Price: $1.88
Decreasing price to $1.85 due to NPV above tolerance.
Calculated Current NPV: 84368.00 from row 20
'primary_result': 84368,'secondary_result': 6
Current NPV: $84368.00, Iteration: 6, Price: $1.85
Decreasing price to $1.83 due to NPV above tolerance.
Calculated Current NPV: 69993.00 from row 20
'primary_result': 69993,'secondary_result': 7
Current NPV: $69993.00, Iteration: 7, Price: $1.83
Decreasing price to $1.80 due to NPV above tolerance.
Calculated Current NPV: 55834.00 from row 20
'primary_result': 55834,'secondary_result': 8
Current NPV: $55834.00, Iteration: 8, Price: $1.80
Decreasing price to $1.77 due to NPV above tolerance.
Calculated Current NPV: 41886.00 from row 20
'primary_result': 41886,'secondary_result': 9
Current NPV: $41886.00, Iteration: 9, Price: $1.77
Decreasing price to $1.75 due to NPV above tolerance.
Calculated Current NPV: 28146.00 from row 20
'primary_result': 28146,'secondary_result': 10
Current NPV: $28146.00, Iteration: 10, Price: $1.75
Decreasing price to $1.72 due to NPV above tolerance.
Calculated Current NPV: 14614.00 from row 20
'primary_result': 14614,'secondary_result': 11
Current NPV: $14614.00, Iteration: 11, Price: $1.72
Decreasing price to $1.69 due to NPV above tolerance.
Calculated Current NPV: 1285.00 from row 20
'primary_result': 1285,'secondary_result': 12
Current NPV: $1285.00, Iteration: 12, Price: $1.69
Decreasing price to $1.67 due to NPV above tolerance.
Calculated Current NPV: -61368.00 from row 20
'primary_result': -61368,'secondary_result': 13
Current NPV: $-61368.00, Iteration: 13, Price: $1.67
Increasing price to $1.70 due to NPV below tolerance.
Calculated Current NPV: 5398.00 from row 20
'primary_result': 5398,'secondary_result': 14
Current NPV: $5398.00, Iteration: 14, Price: $1.70
Decreasing price to $1.68 due to NPV above tolerance.
Calculated Current NPV: -7792.00 from row 20
'primary_result': -7792,'secondary_result': 15
Current NPV: $-7792.00, Iteration: 15, Price: $1.68
Increasing price to $1.71 due to NPV below tolerance.
Calculated Current NPV: 9532.00 from row 20
'primary_result': 9532,'secondary_result': 16
Current NPV: $9532.00, Iteration: 16, Price: $1.71
Decreasing price to $1.68 due to NPV above tolerance.
Calculated Current NPV: -3720.00 from row 20
'primary_result': -3720,'secondary_result': 17
Current NPV: $-3720.00, Iteration: 17, Price: $1.68
Increasing price to $1.72 due to NPV below tolerance.
Calculated Current NPV: 13685.00 from row 20
'primary_result': 13685,'secondary_result': 18
Current NPV: $13685.00, Iteration: 18, Price: $1.72
Decreasing price to $1.69 due to NPV above tolerance.
Calculated Current NPV: 369.00 from row 20
'primary_result': 369,'secondary_result': 19
NPV is within tolerance bounds. Exiting optimization loop.
Price optimization started.
Calculated Current NPV: 159591.00 from row 20
'primary_result': 159591,'secondary_result': 1
Initial NPV: $159591.00, Iteration: 1
Current NPV: $159591.00, Iteration: 1, Price: $2.00
Decreasing price to $1.97 due to NPV above tolerance.
Calculated Current NPV: 144079.00 from row 20
'primary_result': 144079,'secondary_result': 2
Current NPV: $144079.00, Iteration: 2, Price: $1.97
Decreasing price to $1.94 due to NPV above tolerance.
Calculated Current NPV: 128807.00 from row 20
'primary_result': 128807,'secondary_result': 3
Current NPV: $128807.00, Iteration: 3, Price: $1.94
Decreasing price to $1.91 due to NPV above tolerance.
Calculated Current NPV: 113766.00 from row 20
'primary_result': 113766,'secondary_result': 4
Current NPV: $113766.00, Iteration: 4, Price: $1.91
Decreasing price to $1.88 due to NPV above tolerance.
Calculated Current NPV: 98949.00 from row 20
'primary_result': 98949,'secondary_result': 5
Current NPV: $98949.00, Iteration: 5, Price: $1.88
Decreasing price to $1.85 due to NPV above tolerance.
Calculated Current NPV: 84354.00 from row 20
'primary_result': 84354,'secondary_result': 6
Current NPV: $84354.00, Iteration: 6, Price: $1.85
Decreasing price to $1.83 due to NPV above tolerance.
Calculated Current NPV: 69979.00 from row 20
'primary_result': 69979,'secondary_result': 7
Current NPV: $69979.00, Iteration: 7, Price: $1.83
Decreasing price to $1.80 due to NPV above tolerance.
Calculated Current NPV: 55820.00 from row 20
'primary_result': 55820,'secondary_result': 8
Current NPV: $55820.00, Iteration: 8, Price: $1.80
Decreasing price to $1.77 due to NPV above tolerance.
Calculated Current NPV: 41872.00 from row 20
'primary_result': 41872,'secondary_result': 9
Current NPV: $41872.00, Iteration: 9, Price: $1.77
Decreasing price to $1.75 due to NPV above tolerance.
Calculated Current NPV: 28132.00 from row 20
'primary_result': 28132,'secondary_result': 10
Current NPV: $28132.00, Iteration: 10, Price: $1.75
Decreasing price to $1.72 due to NPV above tolerance.
Calculated Current NPV: 14600.00 from row 20
'primary_result': 14600,'secondary_result': 11
Current NPV: $14600.00, Iteration: 11, Price: $1.72
Decreasing price to $1.69 due to NPV above tolerance.
Calculated Current NPV: 1271.00 from row 20
'primary_result': 1271,'secondary_result': 12
Current NPV: $1271.00, Iteration: 12, Price: $1.69
Decreasing price to $1.67 due to NPV above tolerance.
Calculated Current NPV: -61382.00 from row 20
'primary_result': -61382,'secondary_result': 13
Current NPV: $-61382.00, Iteration: 13, Price: $1.67
Increasing price to $1.70 due to NPV below tolerance.
Calculated Current NPV: 5384.00 from row 20
'primary_result': 5384,'secondary_result': 14
Current NPV: $5384.00, Iteration: 14, Price: $1.70
Decreasing price to $1.68 due to NPV above tolerance.
Calculated Current NPV: -7806.00 from row 20
'primary_result': -7806,'secondary_result': 15
Current NPV: $-7806.00, Iteration: 15, Price: $1.68
Increasing price to $1.71 due to NPV below tolerance.
Calculated Current NPV: 9518.00 from row 20
'primary_result': 9518,'secondary_result': 16
Current NPV: $9518.00, Iteration: 16, Price: $1.71
Decreasing price to $1.68 due to NPV above tolerance.
Calculated Current NPV: -3734.00 from row 20
'primary_result': -3734,'secondary_result': 17
Current NPV: $-3734.00, Iteration: 17, Price: $1.68
Increasing price to $1.72 due to NPV below tolerance.
Calculated Current NPV: 13671.00 from row 20
'primary_result': 13671,'secondary_result': 18
Current NPV: $13671.00, Iteration: 18, Price: $1.72
Decreasing price to $1.69 due to NPV above tolerance.
Calculated Current NPV: 355.00 from row 20
'primary_result': 355,'secondary_result': 19
NPV is within tolerance bounds. Exiting optimization loop.
Price optimization started.
Calculated Current NPV: 103238.00 from row 20
'primary_result': 103238,'secondary_result': 1
Initial NPV: $103238.00, Iteration: 1
Current NPV: $103238.00, Iteration: 1, Price: $2.00
Decreasing price to $1.97 due to NPV above tolerance.
Calculated Current NPV: 90552.00 from row 20
'primary_result': 90552,'secondary_result': 2
Current NPV: $90552.00, Iteration: 2, Price: $1.97
Decreasing price to $1.94 due to NPV above tolerance.
Calculated Current NPV: 78049.00 from row 20
'primary_result': 78049,'secondary_result': 3
Current NPV: $78049.00, Iteration: 3, Price: $1.94
Decreasing price to $1.91 due to NPV above tolerance.
Calculated Current NPV: 65744.00 from row 20
'primary_result': 65744,'secondary_result': 4
Current NPV: $65744.00, Iteration: 4, Price: $1.91
Decreasing price to $1.88 due to NPV above tolerance.
Calculated Current NPV: 53622.00 from row 20
'primary_result': 53622,'secondary_result': 5
Current NPV: $53622.00, Iteration: 5, Price: $1.88
Decreasing price to $1.85 due to NPV above tolerance.
Calculated Current NPV: 41670.00 from row 20
'primary_result': 41670,'secondary_result': 6
Current NPV: $41670.00, Iteration: 6, Price: $1.85
Decreasing price to $1.83 due to NPV above tolerance.
Calculated Current NPV: 29914.00 from row 20
'primary_result': 29914,'secondary_result': 7
Current NPV: $29914.00, Iteration: 7, Price: $1.83
Decreasing price to $1.80 due to NPV above tolerance.
Calculated Current NPV: 18328.00 from row 20
'primary_result': 18328,'secondary_result': 8
Current NPV: $18328.00, Iteration: 8, Price: $1.80
Decreasing price to $1.77 due to NPV above tolerance.
Calculated Current NPV: 6911.00 from row 20
'primary_result': 6911,'secondary_result': 9
Current NPV: $6911.00, Iteration: 9, Price: $1.77
Decreasing price to $1.75 due to NPV above tolerance.
Calculated Current NPV: -4322.00 from row 20
'primary_result': -4322,'secondary_result': 10
Current NPV: $-4322.00, Iteration: 10, Price: $1.75
Increasing price to $1.78 due to NPV below tolerance.
Calculated Current NPV: 10435.00 from row 20
'primary_result': 10435,'secondary_result': 11
Current NPV: $10435.00, Iteration: 11, Price: $1.78
Decreasing price to $1.75 due to NPV above tolerance.
Calculated Current NPV: -855.00 from row 20
'primary_result': -855,'secondary_result': 12
NPV is within tolerance bounds. Exiting optimization loop.
Price optimization started.
Calculated Current NPV: 103238.00 from row 20
'primary_result': 103238,'secondary_result': 1
Initial NPV: $103238.00, Iteration: 1
Current NPV: $103238.00, Iteration: 1, Price: $2.00
Decreasing price to $1.97 due to NPV above tolerance.
Calculated Current NPV: 90552.00 from row 20
'primary_result': 90552,'secondary_result': 2
Current NPV: $90552.00, Iteration: 2, Price: $1.97
Decreasing price to $1.94 due to NPV above tolerance.
Calculated Current NPV: 78049.00 from row 20
'primary_result': 78049,'secondary_result': 3
Current NPV: $78049.00, Iteration: 3, Price: $1.94
Decreasing price to $1.91 due to NPV above tolerance.
Calculated Current NPV: 65744.00 from row 20
'primary_result': 65744,'secondary_result': 4
Current NPV: $65744.00, Iteration: 4, Price: $1.91
Decreasing price to $1.88 due to NPV above tolerance.
Calculated Current NPV: 53622.00 from row 20
'primary_result': 53622,'secondary_result': 5
Current NPV: $53622.00, Iteration: 5, Price: $1.88
Decreasing price to $1.85 due to NPV above tolerance.
Calculated Current NPV: 41670.00 from row 20
'primary_result': 41670,'secondary_result': 6
Current NPV: $41670.00, Iteration: 6, Price: $1.85
Decreasing price to $1.83 due to NPV above tolerance.
Calculated Current NPV: 29914.00 from row 20
'primary_result': 29914,'secondary_result': 7
Current NPV: $29914.00, Iteration: 7, Price: $1.83
Decreasing price to $1.80 due to NPV above tolerance.
Calculated Current NPV: 18328.00 from row 20
'primary_result': 18328,'secondary_result': 8
Current NPV: $18328.00, Iteration: 8, Price: $1.80
Decreasing price to $1.77 due to NPV above tolerance.
Calculated Current NPV: 6911.00 from row 20
'primary_result': 6911,'secondary_result': 9
Current NPV: $6911.00, Iteration: 9, Price: $1.77
Decreasing price to $1.75 due to NPV above tolerance.
Calculated Current NPV: -4322.00 from row 20
'primary_result': -4322,'secondary_result': 10
Current NPV: $-4322.00, Iteration: 10, Price: $1.75
Increasing price to $1.78 due to NPV below tolerance.
Calculated Current NPV: 10435.00 from row 20
'primary_result': 10435,'secondary_result': 11
Current NPV: $10435.00, Iteration: 11, Price: $1.78
Decreasing price to $1.75 due to NPV above tolerance.
Calculated Current NPV: -855.00 from row 20
'primary_result': -855,'secondary_result': 12
NPV is within tolerance bounds. Exiting optimization loop.
Price optimization started.
Calculated Current NPV: 103224.00 from row 20
'primary_result': 103224,'secondary_result': 1
Initial NPV: $103224.00, Iteration: 1
Current NPV: $103224.00, Iteration: 1, Price: $2.00
Decreasing price to $1.97 due to NPV above tolerance.
Calculated Current NPV: 90538.00 from row 20
'primary_result': 90538,'secondary_result': 2
Current NPV: $90538.00, Iteration: 2, Price: $1.97
Decreasing price to $1.94 due to NPV above tolerance.
Calculated Current NPV: 78035.00 from row 20
'primary_result': 78035,'secondary_result': 3
Current NPV: $78035.00, Iteration: 3, Price: $1.94
Decreasing price to $1.91 due to NPV above tolerance.
Calculated Current NPV: 65730.00 from row 20
'primary_result': 65730,'secondary_result': 4
Current NPV: $65730.00, Iteration: 4, Price: $1.91
Decreasing price to $1.88 due to NPV above tolerance.
Calculated Current NPV: 53608.00 from row 20
'primary_result': 53608,'secondary_result': 5
Current NPV: $53608.00, Iteration: 5, Price: $1.88
Decreasing price to $1.85 due to NPV above tolerance.
Calculated Current NPV: 41656.00 from row 20
'primary_result': 41656,'secondary_result': 6
Current NPV: $41656.00, Iteration: 6, Price: $1.85
Decreasing price to $1.83 due to NPV above tolerance.
Calculated Current NPV: 29900.00 from row 20
'primary_result': 29900,'secondary_result': 7
Current NPV: $29900.00, Iteration: 7, Price: $1.83
Decreasing price to $1.80 due to NPV above tolerance.
Calculated Current NPV: 18314.00 from row 20
'primary_result': 18314,'secondary_result': 8
Current NPV: $18314.00, Iteration: 8, Price: $1.80
Decreasing price to $1.77 due to NPV above tolerance.
Calculated Current NPV: 6897.00 from row 20
'primary_result': 6897,'secondary_result': 9
Current NPV: $6897.00, Iteration: 9, Price: $1.77
Decreasing price to $1.75 due to NPV above tolerance.
Calculated Current NPV: -4336.00 from row 20
'primary_result': -4336,'secondary_result': 10
Current NPV: $-4336.00, Iteration: 10, Price: $1.75
Increasing price to $1.78 due to NPV below tolerance.
Calculated Current NPV: 10420.00 from row 20
'primary_result': 10420,'secondary_result': 11
Current NPV: $10420.00, Iteration: 11, Price: $1.78
Decreasing price to $1.75 due to NPV above tolerance.
Calculated Current NPV: -869.00 from row 20
'primary_result': -869,'secondary_result': 12
NPV is within tolerance bounds. Exiting optimization loop.
Price optimization started.
Calculated Current NPV: 103224.00 from row 20
'primary_result': 103224,'secondary_result': 1
Initial NPV: $103224.00, Iteration: 1
Current NPV: $103224.00, Iteration: 1, Price: $2.00
Decreasing price to $1.97 due to NPV above tolerance.
Calculated Current NPV: 90538.00 from row 20
'primary_result': 90538,'secondary_result': 2
Current NPV: $90538.00, Iteration: 2, Price: $1.97
Decreasing price to $1.94 due to NPV above tolerance.
Calculated Current NPV: 78035.00 from row 20
'primary_result': 78035,'secondary_result': 3
Current NPV: $78035.00, Iteration: 3, Price: $1.94
Decreasing price to $1.91 due to NPV above tolerance.
Calculated Current NPV: 65730.00 from row 20
'primary_result': 65730,'secondary_result': 4
Current NPV: $65730.00, Iteration: 4, Price: $1.91
Decreasing price to $1.88 due to NPV above tolerance.
Calculated Current NPV: 53608.00 from row 20
'primary_result': 53608,'secondary_result': 5
Current NPV: $53608.00, Iteration: 5, Price: $1.88
Decreasing price to $1.85 due to NPV above tolerance.
Calculated Current NPV: 41656.00 from row 20
'primary_result': 41656,'secondary_result': 6
Current NPV: $41656.00, Iteration: 6, Price: $1.85
Decreasing price to $1.83 due to NPV above tolerance.
Calculated Current NPV: 29900.00 from row 20
'primary_result': 29900,'secondary_result': 7
Current NPV: $29900.00, Iteration: 7, Price: $1.83
Decreasing price to $1.80 due to NPV above tolerance.
Calculated Current NPV: 18314.00 from row 20
'primary_result': 18314,'secondary_result': 8
Current NPV: $18314.00, Iteration: 8, Price: $1.80
Decreasing price to $1.77 due to NPV above tolerance.
Calculated Current NPV: 6897.00 from row 20
'primary_result': 6897,'secondary_result': 9
Current NPV: $6897.00, Iteration: 9, Price: $1.77
Decreasing price to $1.75 due to NPV above tolerance.
Calculated Current NPV: -4336.00 from row 20
'primary_result': -4336,'secondary_result': 10
Current NPV: $-4336.00, Iteration: 10, Price: $1.75
Increasing price to $1.78 due to NPV below tolerance.
Calculated Current NPV: 10420.00 from row 20
'primary_result': 10420,'secondary_result': 11
Current NPV: $10420.00, Iteration: 11, Price: $1.78
Decreasing price to $1.75 due to NPV above tolerance.
Calculated Current NPV: -869.00 from row 20
'primary_result': -869,'secondary_result': 12
NPV is within tolerance bounds. Exiting optimization loop.
Price optimization started.
Calculated Current NPV: 159605.00 from row 20
'primary_result': 159605,'secondary_result': 1
Initial NPV: $159605.00, Iteration: 1
Current NPV: $159605.00, Iteration: 1, Price: $2.00
Decreasing price to $1.97 due to NPV above tolerance.
Calculated Current NPV: 144093.00 from row 20
'primary_result': 144093,'secondary_result': 2
Current NPV: $144093.00, Iteration: 2, Price: $1.97
Decreasing price to $1.94 due to NPV above tolerance.
Calculated Current NPV: 128821.00 from row 20
'primary_result': 128821,'secondary_result': 3
Current NPV: $128821.00, Iteration: 3, Price: $1.94
Decreasing price to $1.91 due to NPV above tolerance.
Calculated Current NPV: 113780.00 from row 20
'primary_result': 113780,'secondary_result': 4
Current NPV: $113780.00, Iteration: 4, Price: $1.91
Decreasing price to $1.88 due to NPV above tolerance.
Calculated Current NPV: 98963.00 from row 20
'primary_result': 98963,'secondary_result': 5
Current NPV: $98963.00, Iteration: 5, Price: $1.88
Decreasing price to $1.85 due to NPV above tolerance.
Calculated Current NPV: 84368.00 from row 20
'primary_result': 84368,'secondary_result': 6
Current NPV: $84368.00, Iteration: 6, Price: $1.85
Decreasing price to $1.83 due to NPV above tolerance.
Calculated Current NPV: 69993.00 from row 20
'primary_result': 69993,'secondary_result': 7
Current NPV: $69993.00, Iteration: 7, Price: $1.83
Decreasing price to $1.80 due to NPV above tolerance.
Calculated Current NPV: 55834.00 from row 20
'primary_result': 55834,'secondary_result': 8
Current NPV: $55834.00, Iteration: 8, Price: $1.80
Decreasing price to $1.77 due to NPV above tolerance.
Calculated Current NPV: 41886.00 from row 20
'primary_result': 41886,'secondary_result': 9
Current NPV: $41886.00, Iteration: 9, Price: $1.77
Decreasing price to $1.75 due to NPV above tolerance.
Calculated Current NPV: 28146.00 from row 20
'primary_result': 28146,'secondary_result': 10
Current NPV: $28146.00, Iteration: 10, Price: $1.75
Decreasing price to $1.72 due to NPV above tolerance.
Calculated Current NPV: 14614.00 from row 20
'primary_result': 14614,'secondary_result': 11
Current NPV: $14614.00, Iteration: 11, Price: $1.72
Decreasing price to $1.69 due to NPV above tolerance.
Calculated Current NPV: 1285.00 from row 20
'primary_result': 1285,'secondary_result': 12
Current NPV: $1285.00, Iteration: 12, Price: $1.69
Decreasing price to $1.67 due to NPV above tolerance.
Calculated Current NPV: -61368.00 from row 20
'primary_result': -61368,'secondary_result': 13
Current NPV: $-61368.00, Iteration: 13, Price: $1.67
Increasing price to $1.70 due to NPV below tolerance.
Calculated Current NPV: 5398.00 from row 20
'primary_result': 5398,'secondary_result': 14
Current NPV: $5398.00, Iteration: 14, Price: $1.70
Decreasing price to $1.68 due to NPV above tolerance.
Calculated Current NPV: -7792.00 from row 20
'primary_result': -7792,'secondary_result': 15
Current NPV: $-7792.00, Iteration: 15, Price: $1.68
Increasing price to $1.71 due to NPV below tolerance.
Calculated Current NPV: 9532.00 from row 20
'primary_result': 9532,'secondary_result': 16
Current NPV: $9532.00, Iteration: 16, Price: $1.71
Decreasing price to $1.68 due to NPV above tolerance.
Calculated Current NPV: -3720.00 from row 20
'primary_result': -3720,'secondary_result': 17
Current NPV: $-3720.00, Iteration: 17, Price: $1.68
Increasing price to $1.72 due to NPV below tolerance.
Calculated Current NPV: 13685.00 from row 20
'primary_result': 13685,'secondary_result': 18
Current NPV: $13685.00, Iteration: 18, Price: $1.72
Decreasing price to $1.69 due to NPV above tolerance.
Calculated Current NPV: 369.00 from row 20
'primary_result': 369,'secondary_result': 19
NPV is within tolerance bounds. Exiting optimization loop.
