2025-04-23 18:21:44 - INFO - AggregatedSubPlots.py logging initialized
2025-04-23 18:21:44 - INFO - Selected Subplots: None
2025-04-23 18:21:44 - INFO - Property extracted with remarks: Price: 2.00 (Remarks: a)
2025-04-23 18:21:44 - INFO - Version headers: 
2025-04-23 18:21:44 - INFO - metrics_data_aggregation [[0, 33659, 33659, 33659, 33659, 33659, 33659, 33659, 33659, 32896, 13320, 13320, 13320, 13320, 13320, 13320, 13320, 13320, 13320, 13320, 13320]]
2025-04-23 18:21:44 - INFO - Configuration matrix has 20 rows
2025-04-23 18:21:44 - INFO - First row: start=1, end=1
2025-04-23 18:21:44 - INFO - all_hover_texts Annual_Cash_Flows has 20 entries
2025-04-23 18:21:44 - INFO - all_hover_texts Annual_Revenues has 20 entries
2025-04-23 18:21:44 - INFO - all_hover_texts Annual_Operating_Expenses has 20 entries
2025-04-23 18:21:44 - INFO - all_hover_texts Loan_Repayment_Terms has 20 entries
2025-04-23 18:21:44 - INFO - all_hover_texts Depreciation_Schedules has 20 entries
2025-04-23 18:21:44 - INFO - all_hover_texts State_Taxes has 20 entries
2025-04-23 18:21:44 - INFO - all_hover_texts Federal_Taxes has 20 entries
2025-04-23 18:21:44 - INFO - all_hover_texts Cumulative_Cash_Flows has 20 entries
2025-04-23 18:21:44 - INFO - metrics_data_aggregation [[0, 33659, 33659, 33659, 33659, 33659, 33659, 33659, 33659, 32896, 13320, 13320, 13320, 13320, 13320, 13320, 13320, 13320, 13320, 13320, 13320]]
2025-04-23 18:29:30 - INFO - AggregatedSubPlots.py logging initialized
2025-04-23 18:29:30 - INFO - Selected Subplots: {'SP1': 'on', 'SP2': 'on', 'SP3': 'off', 'SP4': 'off', 'SP5': 'off', 'SP6': 'off', 'SP7': 'off', 'SP8': 'on', 'SP9': 'off'}
2025-04-23 18:29:30 - INFO - Property extracted with remarks: Price: 2.00 (Remarks: a)
2025-04-23 18:29:30 - INFO - Version headers: 
2025-04-23 18:29:30 - INFO - metrics_data_aggregation [[0, 33659, 33659, 33659, 33659, 33659, 33659, 33659, 33659, 32896, 13320, 13320, 13320, 13320, 13320, 13320, 13320, 13320, 13320, 13320, 13320]]
2025-04-23 18:29:30 - INFO - Configuration matrix has 20 rows
2025-04-23 18:29:30 - INFO - First row: start=1, end=1
2025-04-23 18:29:30 - INFO - all_hover_texts Annual_Cash_Flows has 20 entries
2025-04-23 18:29:30 - INFO - all_hover_texts Annual_Revenues has 20 entries
2025-04-23 18:29:30 - INFO - all_hover_texts Annual_Operating_Expenses has 20 entries
2025-04-23 18:29:30 - INFO - all_hover_texts Loan_Repayment_Terms has 20 entries
2025-04-23 18:29:30 - INFO - all_hover_texts Depreciation_Schedules has 20 entries
2025-04-23 18:29:30 - INFO - all_hover_texts State_Taxes has 20 entries
2025-04-23 18:29:30 - INFO - all_hover_texts Federal_Taxes has 20 entries
2025-04-23 18:29:30 - INFO - all_hover_texts Cumulative_Cash_Flows has 20 entries
2025-04-23 18:29:30 - INFO - metrics_data_aggregation [[0, 33659, 33659, 33659, 33659, 33659, 33659, 33659, 33659, 32896, 13320, 13320, 13320, 13320, 13320, 13320, 13320, 13320, 13320, 13320, 13320]]
2025-04-23 18:29:30 - INFO - Traces names: ['Annual Cash Flows - ']
2025-04-23 18:29:30 - INFO - HTML file saved in version folder at: C:\Users\Mohse\IdeaProjects2\codebase\Original\Batch(3)\Results(3)\v3_Annual_Cash_Flows_Plot\Annual_Cash_Flows_Plot.html
2025-04-23 18:29:30 - INFO - HTML file saved in cumulative folder at: C:\Users\Mohse\IdeaProjects2\codebase\Original\Batch(3)\Results(3)\v3_Cumulative_Plot\Annual_Cash_Flows_Cumulative_Plot.html
2025-04-23 18:29:30 - INFO - All HTML content successfully saved for metric Annual_Cash_Flows
2025-04-23 18:29:30 - INFO - Traces names: ['Annual Revenues - ']
2025-04-23 18:29:30 - INFO - HTML file saved in version folder at: C:\Users\Mohse\IdeaProjects2\codebase\Original\Batch(3)\Results(3)\v3_Annual_Revenues_Plot\Annual_Revenues_Plot.html
2025-04-23 18:29:30 - INFO - HTML file saved in cumulative folder at: C:\Users\Mohse\IdeaProjects2\codebase\Original\Batch(3)\Results(3)\v3_Cumulative_Plot\Annual_Revenues_Cumulative_Plot.html
2025-04-23 18:29:30 - INFO - All HTML content successfully saved for metric Annual_Revenues
2025-04-23 18:29:30 - INFO - Traces names: ['Cumulative Cash Flows - ']
2025-04-23 18:29:30 - INFO - HTML file saved in version folder at: C:\Users\Mohse\IdeaProjects2\codebase\Original\Batch(3)\Results(3)\v3_Cumulative_Cash_Flows_Plot\Cumulative_Cash_Flows_Plot.html
2025-04-23 18:29:30 - INFO - HTML file saved in cumulative folder at: C:\Users\Mohse\IdeaProjects2\codebase\Original\Batch(3)\Results(3)\v3_Cumulative_Plot\Cumulative_Cash_Flows_Cumulative_Plot.html
2025-04-23 18:29:30 - INFO - All HTML content successfully saved for metric Cumulative_Cash_Flows
2025-04-23 18:33:05 - INFO - AggregatedSubPlots.py logging initialized
2025-04-23 18:33:05 - INFO - Selected Subplots: {'SP1': 'on', 'SP2': 'on', 'SP3': 'off', 'SP4': 'off', 'SP5': 'off', 'SP6': 'off', 'SP7': 'off', 'SP8': 'on', 'SP9': 'off'}
2025-04-23 18:33:05 - INFO - Property extracted with remarks: Price: 2.00 (Remarks: a)
2025-04-23 18:33:05 - INFO - Version headers: 
2025-04-23 18:33:05 - INFO - metrics_data_aggregation [[0, 33659, 33659, 33659, 33659, 33659, 33659, 33659, 33659, 32896, 13320, 13320, 13320, 13320, 13320, 13320, 13320, 13320, 13320, 13320, 13320]]
2025-04-23 18:33:05 - INFO - Configuration matrix has 20 rows
2025-04-23 18:33:05 - INFO - First row: start=1, end=1
2025-04-23 18:33:05 - INFO - all_hover_texts Annual_Cash_Flows has 20 entries
2025-04-23 18:33:05 - INFO - all_hover_texts Annual_Revenues has 20 entries
2025-04-23 18:33:05 - INFO - all_hover_texts Annual_Operating_Expenses has 20 entries
2025-04-23 18:33:05 - INFO - all_hover_texts Loan_Repayment_Terms has 20 entries
2025-04-23 18:33:05 - INFO - all_hover_texts Depreciation_Schedules has 20 entries
2025-04-23 18:33:05 - INFO - all_hover_texts State_Taxes has 20 entries
2025-04-23 18:33:05 - INFO - all_hover_texts Federal_Taxes has 20 entries
2025-04-23 18:33:05 - INFO - all_hover_texts Cumulative_Cash_Flows has 20 entries
2025-04-23 18:33:05 - INFO - metrics_data_aggregation [[0, 33659, 33659, 33659, 33659, 33659, 33659, 33659, 33659, 32896, 13320, 13320, 13320, 13320, 13320, 13320, 13320, 13320, 13320, 13320, 13320]]
2025-04-23 18:33:05 - INFO - Traces names: ['Annual Cash Flows - ']
2025-04-23 18:33:05 - INFO - HTML file saved in version folder at: C:\Users\Mohse\IdeaProjects2\codebase\Original\Batch(3)\Results(3)\v3_Annual_Cash_Flows_Plot\Annual_Cash_Flows_Plot.html
2025-04-23 18:33:05 - INFO - HTML file saved in cumulative folder at: C:\Users\Mohse\IdeaProjects2\codebase\Original\Batch(3)\Results(3)\v3_Cumulative_Plot\Annual_Cash_Flows_Cumulative_Plot.html
2025-04-23 18:33:05 - INFO - All HTML content successfully saved for metric Annual_Cash_Flows
2025-04-23 18:33:05 - INFO - Traces names: ['Annual Revenues - ']
2025-04-23 18:33:05 - INFO - HTML file saved in version folder at: C:\Users\Mohse\IdeaProjects2\codebase\Original\Batch(3)\Results(3)\v3_Annual_Revenues_Plot\Annual_Revenues_Plot.html
2025-04-23 18:33:05 - INFO - HTML file saved in cumulative folder at: C:\Users\Mohse\IdeaProjects2\codebase\Original\Batch(3)\Results(3)\v3_Cumulative_Plot\Annual_Revenues_Cumulative_Plot.html
2025-04-23 18:33:05 - INFO - All HTML content successfully saved for metric Annual_Revenues
2025-04-23 18:33:05 - INFO - Traces names: ['Cumulative Cash Flows - ']
2025-04-23 18:33:05 - INFO - HTML file saved in version folder at: C:\Users\Mohse\IdeaProjects2\codebase\Original\Batch(3)\Results(3)\v3_Cumulative_Cash_Flows_Plot\Cumulative_Cash_Flows_Plot.html
2025-04-23 18:33:05 - INFO - HTML file saved in cumulative folder at: C:\Users\Mohse\IdeaProjects2\codebase\Original\Batch(3)\Results(3)\v3_Cumulative_Plot\Cumulative_Cash_Flows_Cumulative_Plot.html
2025-04-23 18:33:05 - INFO - All HTML content successfully saved for metric Cumulative_Cash_Flows
2025-04-23 18:36:26 - INFO - AggregatedSubPlots.py logging initialized
2025-04-23 18:36:26 - INFO - Selected Subplots: {'SP1': 'on', 'SP2': 'on', 'SP3': 'off', 'SP4': 'off', 'SP5': 'off', 'SP6': 'off', 'SP7': 'off', 'SP8': 'on', 'SP9': 'off'}
2025-04-23 18:36:26 - INFO - Property extracted with remarks: Price: 2.00 (Remarks: a)
2025-04-23 18:36:26 - INFO - Version headers: 
2025-04-23 18:36:26 - INFO - metrics_data_aggregation [[0, 26921, 26921, 26921, 26921, 26921, 26921, 26921, 26921, 26921, 18000, 18000, 18000, 23164, 22200, 22200, 22200, 22200, 22200, 22200, 22200]]
2025-04-23 18:36:26 - INFO - Configuration matrix has 20 rows
2025-04-23 18:36:26 - INFO - First row: start=1, end=1
2025-04-23 18:36:26 - INFO - Hover text extracted: Price: 2 b
2025-04-23 18:36:26 - INFO - Hover text extracted: Price: 2 b
2025-04-23 18:36:26 - INFO - Hover text extracted: Price: 2 b
2025-04-23 18:36:26 - INFO - Hover text extracted: Price: 2 bb
2025-04-23 18:36:26 - INFO - Hover text extracted: Price: 2.4 bv
2025-04-23 18:36:26 - INFO - Hover text extracted: Price: 2 bb
2025-04-23 18:36:26 - INFO - Hover text extracted: Price: 2.4 bv
2025-04-23 18:36:26 - INFO - Hover text extracted: Price: 2 bb
2025-04-23 18:36:26 - INFO - Hover text extracted: Price: 2.4 bv
2025-04-23 18:36:26 - INFO - Hover text extracted: Price: 2 bb
2025-04-23 18:36:26 - INFO - Hover text extracted: Price: 2.4 bv
2025-04-23 18:36:26 - INFO - Hover text extracted: Price: 2.4 bv
2025-04-23 18:36:26 - INFO - Hover text extracted: Price: 2.4 bv
2025-04-23 18:36:26 - INFO - Hover text extracted: Price: 2.4 bv
2025-04-23 18:36:26 - INFO - Hover text extracted: Price: 2.4 bv
2025-04-23 18:36:26 - INFO - all_hover_texts Annual_Cash_Flows has 20 entries
2025-04-23 18:36:26 - INFO - all_hover_texts Annual_Revenues has 20 entries
2025-04-23 18:36:26 - INFO - all_hover_texts Annual_Operating_Expenses has 20 entries
2025-04-23 18:36:26 - INFO - all_hover_texts Loan_Repayment_Terms has 20 entries
2025-04-23 18:36:26 - INFO - all_hover_texts Depreciation_Schedules has 20 entries
2025-04-23 18:36:26 - INFO - all_hover_texts State_Taxes has 20 entries
2025-04-23 18:36:26 - INFO - all_hover_texts Federal_Taxes has 20 entries
2025-04-23 18:36:26 - INFO - all_hover_texts Cumulative_Cash_Flows has 20 entries
2025-04-23 18:36:26 - INFO - metrics_data_aggregation [[0, 26921, 26921, 26921, 26921, 26921, 26921, 26921, 26921, 26921, 18000, 18000, 18000, 23164, 22200, 22200, 22200, 22200, 22200, 22200, 22200]]
2025-04-23 18:36:26 - INFO - Traces names: ['Annual Cash Flows - ']
2025-04-23 18:36:26 - INFO - HTML file saved in version folder at: C:\Users\Mohse\IdeaProjects2\codebase\Original\Batch(3)\Results(3)\v3_Annual_Cash_Flows_Plot\Annual_Cash_Flows_Plot.html
2025-04-23 18:36:26 - INFO - HTML file saved in cumulative folder at: C:\Users\Mohse\IdeaProjects2\codebase\Original\Batch(3)\Results(3)\v3_Cumulative_Plot\Annual_Cash_Flows_Cumulative_Plot.html
2025-04-23 18:36:26 - INFO - All HTML content successfully saved for metric Annual_Cash_Flows
2025-04-23 18:36:26 - INFO - Traces names: ['Annual Revenues - ']
2025-04-23 18:36:26 - INFO - HTML file saved in version folder at: C:\Users\Mohse\IdeaProjects2\codebase\Original\Batch(3)\Results(3)\v3_Annual_Revenues_Plot\Annual_Revenues_Plot.html
2025-04-23 18:36:26 - INFO - HTML file saved in cumulative folder at: C:\Users\Mohse\IdeaProjects2\codebase\Original\Batch(3)\Results(3)\v3_Cumulative_Plot\Annual_Revenues_Cumulative_Plot.html
2025-04-23 18:36:26 - INFO - All HTML content successfully saved for metric Annual_Revenues
2025-04-23 18:36:26 - INFO - Traces names: ['Cumulative Cash Flows - ']
2025-04-23 18:36:26 - INFO - HTML file saved in version folder at: C:\Users\Mohse\IdeaProjects2\codebase\Original\Batch(3)\Results(3)\v3_Cumulative_Cash_Flows_Plot\Cumulative_Cash_Flows_Plot.html
2025-04-23 18:36:26 - INFO - HTML file saved in cumulative folder at: C:\Users\Mohse\IdeaProjects2\codebase\Original\Batch(3)\Results(3)\v3_Cumulative_Plot\Cumulative_Cash_Flows_Cumulative_Plot.html
2025-04-23 18:36:26 - INFO - All HTML content successfully saved for metric Cumulative_Cash_Flows
2025-04-23 18:45:12 - INFO - AggregatedSubPlots.py logging initialized
2025-04-23 18:45:12 - INFO - Selected Subplots: {'SP1': 'off', 'SP2': 'on', 'SP3': 'off', 'SP4': 'off', 'SP5': 'off', 'SP6': 'off', 'SP7': 'off', 'SP8': 'off', 'SP9': 'off'}
2025-04-23 18:45:12 - INFO - Property extracted with remarks: Price: 2.00 (Remarks: a)
2025-04-23 18:45:12 - INFO - Version headers: 
2025-04-23 18:45:12 - INFO - metrics_data_aggregation [[0, 26921, 26921, 26921, 26921, 26921, 26921, 26921, 26921, 26921, 18000, 18000, 18000, 23164, 22200, 22200, 22200, 22200, 22200, 22200, 22200]]
2025-04-23 18:45:12 - INFO - Configuration matrix has 20 rows
2025-04-23 18:45:12 - INFO - First row: start=1, end=1
2025-04-23 18:45:12 - INFO - Hover text extracted: Price: 2 b
2025-04-23 18:45:12 - INFO - Hover text extracted: Price: 2 b
2025-04-23 18:45:12 - INFO - Hover text extracted: Price: 2 b
2025-04-23 18:45:12 - INFO - Hover text extracted: Price: 2 bb
2025-04-23 18:45:12 - INFO - Hover text extracted: Price: 2.4 bv
2025-04-23 18:45:12 - INFO - Hover text extracted: Price: 2 bb
2025-04-23 18:45:12 - INFO - Hover text extracted: Price: 2.4 bv
2025-04-23 18:45:12 - INFO - Hover text extracted: Price: 2 bb
2025-04-23 18:45:12 - INFO - Hover text extracted: Price: 2.4 bv
2025-04-23 18:45:12 - INFO - Hover text extracted: Price: 2 bb
2025-04-23 18:45:12 - INFO - Hover text extracted: Price: 2.4 bv
2025-04-23 18:45:12 - INFO - Hover text extracted: Price: 2.4 bv
2025-04-23 18:45:12 - INFO - Hover text extracted: Price: 2.4 bv
2025-04-23 18:45:12 - INFO - Hover text extracted: Price: 2.4 bv
2025-04-23 18:45:12 - INFO - Hover text extracted: Price: 2.4 bv
2025-04-23 18:45:12 - INFO - all_hover_texts Annual_Cash_Flows has 20 entries
2025-04-23 18:45:12 - INFO - all_hover_texts Annual_Revenues has 20 entries
2025-04-23 18:45:12 - INFO - all_hover_texts Annual_Operating_Expenses has 20 entries
2025-04-23 18:45:12 - INFO - all_hover_texts Loan_Repayment_Terms has 20 entries
2025-04-23 18:45:12 - INFO - all_hover_texts Depreciation_Schedules has 20 entries
2025-04-23 18:45:12 - INFO - all_hover_texts State_Taxes has 20 entries
2025-04-23 18:45:12 - INFO - all_hover_texts Federal_Taxes has 20 entries
2025-04-23 18:45:12 - INFO - all_hover_texts Cumulative_Cash_Flows has 20 entries
2025-04-23 18:45:12 - INFO - metrics_data_aggregation [[0, 26921, 26921, 26921, 26921, 26921, 26921, 26921, 26921, 26921, 18000, 18000, 18000, 23164, 22200, 22200, 22200, 22200, 22200, 22200, 22200]]
2025-04-23 18:45:12 - INFO - Traces names: ['Annual Revenues - ']
2025-04-23 18:45:12 - INFO - HTML file saved in version folder at: C:\Users\Mohse\IdeaProjects2\codebase\Original\Batch(3)\Results(3)\v3_Annual_Revenues_Plot\Annual_Revenues_Plot.html
2025-04-23 18:45:12 - INFO - HTML file saved in cumulative folder at: C:\Users\Mohse\IdeaProjects2\codebase\Original\Batch(3)\Results(3)\v3_Cumulative_Plot\Annual_Revenues_Cumulative_Plot.html
2025-04-23 18:45:12 - INFO - All HTML content successfully saved for metric Annual_Revenues
2025-04-26 08:20:05 - INFO - AggregatedSubPlots.py logging initialized
2025-04-26 08:20:05 - INFO - Selected Subplots: {'SP1': 'on', 'SP2': 'off', 'SP3': 'on', 'SP4': 'on', 'SP5': 'off', 'SP6': 'on', 'SP7': 'on', 'SP8': 'off'}
2025-04-26 08:20:05 - INFO - Version headers: 
2025-04-26 08:20:05 - INFO - metrics_data_aggregation [[0, 10614, 10614, 10614, 10614, 10614, 10614, 10614, 10614, 10614, 10614, 10614, 10614, 10614, 10614, 10614, 10614, 10614, 10614, 10180, 7854]]
2025-04-26 08:20:05 - INFO - Configuration matrix has 20 rows
2025-04-26 08:20:05 - INFO - First row: start=1, end=1
2025-04-26 08:20:05 - INFO - Hover text extracted: Price: 5.4 3x higher prices in years 5-10
2025-04-26 08:20:05 - INFO - Hover text extracted: Price: 5.4 3x higher prices in years 5-10
2025-04-26 08:20:05 - INFO - Hover text extracted: Price: 5.4 3x higher prices in years 5-10
2025-04-26 08:20:05 - INFO - Hover text extracted: Price: 5.4 3x higher prices in years 5-10
2025-04-26 08:20:05 - INFO - Hover text extracted: Price: 5.4 3x higher prices in years 5-10
2025-04-26 08:20:05 - INFO - Hover text extracted: Price: 5.4 3x higher prices in years 5-10
2025-04-26 08:20:05 - INFO - Hover text extracted: Price: 8.8 5x higher multiplier in years 10-20
2025-04-26 08:20:05 - INFO - Hover text extracted: Price: 8.8 5x higher multiplier in years 10-20
2025-04-26 08:20:05 - INFO - Hover text extracted: Price: 8.8 5x higher multiplier in years 10-20
2025-04-26 08:20:05 - INFO - Hover text extracted: Price: 8.8 5x higher multiplier in years 10-20
2025-04-26 08:20:05 - INFO - Hover text extracted: Price: 8.8 5x higher multiplier in years 10-20
2025-04-26 08:20:05 - INFO - Hover text extracted: Price: 8.8 5x higher multiplier in years 10-20
2025-04-26 08:20:05 - INFO - Hover text extracted: Price: 8.8 5x higher multiplier in years 10-20
2025-04-26 08:20:05 - INFO - Hover text extracted: Price: 8.8 5x higher multiplier in years 10-20
2025-04-26 08:20:05 - INFO - Hover text extracted: Price: 8.8 5x higher multiplier in years 10-20
2025-04-26 08:20:05 - INFO - Hover text extracted: Price: 8.8 5x higher multiplier in years 10-20
2025-04-26 08:20:05 - INFO - Hover text extracted: Price: 8.8 5x higher multiplier in years 10-20
2025-04-26 08:20:05 - INFO - all_hover_texts Annual_Cash_Flows has 20 entries
2025-04-26 08:20:05 - INFO - all_hover_texts Annual_Revenues has 20 entries
2025-04-26 08:20:05 - INFO - all_hover_texts Annual_Operating_Expenses has 20 entries
2025-04-26 08:20:05 - INFO - all_hover_texts Loan_Repayment_Terms has 20 entries
2025-04-26 08:20:05 - INFO - all_hover_texts Depreciation_Schedules has 20 entries
2025-04-26 08:20:05 - INFO - all_hover_texts State_Taxes has 20 entries
2025-04-26 08:20:05 - INFO - all_hover_texts Federal_Taxes has 20 entries
2025-04-26 08:20:05 - INFO - all_hover_texts Cumulative_Cash_Flows has 20 entries
2025-04-26 08:20:05 - INFO - metrics_data_aggregation [[0, 10614, 10614, 10614, 10614, 10614, 10614, 10614, 10614, 10614, 10614, 10614, 10614, 10614, 10614, 10614, 10614, 10614, 10614, 10180, 7854]]
2025-04-26 08:20:05 - INFO - Version headers: 
2025-04-26 08:20:05 - ERROR - CFA table not found for version 2
2025-04-26 08:20:05 - INFO - Traces names: ['Annual Cash Flows - ', 'Annual Cash Flows - ']
2025-04-26 08:20:05 - INFO - HTML file saved in version folder at: C:\Users\Mohse\IdeaProjects2\codebase\Original\Batch(1)\Results(1)\v1_2_Annual_Cash_Flows_Plot\Annual_Cash_Flows_Plot.html
2025-04-26 08:20:05 - INFO - HTML file saved in cumulative folder at: C:\Users\Mohse\IdeaProjects2\codebase\Original\Batch(1)\Results(1)\v1_2_Cumulative_Plot\Annual_Cash_Flows_Cumulative_Plot.html
2025-04-26 08:20:05 - INFO - HTML file saved in version folder at: C:\Users\Mohse\IdeaProjects2\codebase\Original\Batch(2)\Results(2)\v1_2_Annual_Cash_Flows_Plot\Annual_Cash_Flows_Plot.html
2025-04-26 08:20:05 - INFO - HTML file saved in cumulative folder at: C:\Users\Mohse\IdeaProjects2\codebase\Original\Batch(2)\Results(2)\v1_2_Cumulative_Plot\Annual_Cash_Flows_Cumulative_Plot.html
2025-04-26 08:20:05 - INFO - All HTML content successfully saved for metric Annual_Cash_Flows
2025-04-26 08:20:05 - INFO - Traces names: ['Annual Operating Expenses - ', 'Annual Operating Expenses - ']
2025-04-26 08:20:05 - INFO - HTML file saved in version folder at: C:\Users\Mohse\IdeaProjects2\codebase\Original\Batch(1)\Results(1)\v1_2_Annual_Operating_Expenses_Plot\Annual_Operating_Expenses_Plot.html
2025-04-26 08:20:05 - INFO - HTML file saved in cumulative folder at: C:\Users\Mohse\IdeaProjects2\codebase\Original\Batch(1)\Results(1)\v1_2_Cumulative_Plot\Annual_Operating_Expenses_Cumulative_Plot.html
2025-04-26 08:20:05 - INFO - HTML file saved in version folder at: C:\Users\Mohse\IdeaProjects2\codebase\Original\Batch(2)\Results(2)\v1_2_Annual_Operating_Expenses_Plot\Annual_Operating_Expenses_Plot.html
2025-04-26 08:20:05 - INFO - HTML file saved in cumulative folder at: C:\Users\Mohse\IdeaProjects2\codebase\Original\Batch(2)\Results(2)\v1_2_Cumulative_Plot\Annual_Operating_Expenses_Cumulative_Plot.html
2025-04-26 08:20:05 - INFO - All HTML content successfully saved for metric Annual_Operating_Expenses
2025-04-26 08:20:05 - INFO - Traces names: ['Loan Repayment Terms - ', 'Loan Repayment Terms - ']
2025-04-26 08:20:05 - INFO - HTML file saved in version folder at: C:\Users\Mohse\IdeaProjects2\codebase\Original\Batch(1)\Results(1)\v1_2_Loan_Repayment_Terms_Plot\Loan_Repayment_Terms_Plot.html
2025-04-26 08:20:05 - INFO - HTML file saved in cumulative folder at: C:\Users\Mohse\IdeaProjects2\codebase\Original\Batch(1)\Results(1)\v1_2_Cumulative_Plot\Loan_Repayment_Terms_Cumulative_Plot.html
2025-04-26 08:20:05 - INFO - HTML file saved in version folder at: C:\Users\Mohse\IdeaProjects2\codebase\Original\Batch(2)\Results(2)\v1_2_Loan_Repayment_Terms_Plot\Loan_Repayment_Terms_Plot.html
2025-04-26 08:20:05 - INFO - HTML file saved in cumulative folder at: C:\Users\Mohse\IdeaProjects2\codebase\Original\Batch(2)\Results(2)\v1_2_Cumulative_Plot\Loan_Repayment_Terms_Cumulative_Plot.html
2025-04-26 08:20:05 - INFO - All HTML content successfully saved for metric Loan_Repayment_Terms
2025-04-26 08:20:05 - INFO - Traces names: ['State Taxes - ', 'State Taxes - ']
2025-04-26 08:20:05 - INFO - HTML file saved in version folder at: C:\Users\Mohse\IdeaProjects2\codebase\Original\Batch(1)\Results(1)\v1_2_State_Taxes_Plot\State_Taxes_Plot.html
2025-04-26 08:20:05 - INFO - HTML file saved in cumulative folder at: C:\Users\Mohse\IdeaProjects2\codebase\Original\Batch(1)\Results(1)\v1_2_Cumulative_Plot\State_Taxes_Cumulative_Plot.html
2025-04-26 08:20:05 - INFO - HTML file saved in version folder at: C:\Users\Mohse\IdeaProjects2\codebase\Original\Batch(2)\Results(2)\v1_2_State_Taxes_Plot\State_Taxes_Plot.html
2025-04-26 08:20:05 - INFO - HTML file saved in cumulative folder at: C:\Users\Mohse\IdeaProjects2\codebase\Original\Batch(2)\Results(2)\v1_2_Cumulative_Plot\State_Taxes_Cumulative_Plot.html
2025-04-26 08:20:05 - INFO - All HTML content successfully saved for metric State_Taxes
2025-04-26 08:20:05 - INFO - Traces names: ['Federal Taxes - ', 'Federal Taxes - ']
2025-04-26 08:20:05 - INFO - HTML file saved in version folder at: C:\Users\Mohse\IdeaProjects2\codebase\Original\Batch(1)\Results(1)\v1_2_Federal_Taxes_Plot\Federal_Taxes_Plot.html
2025-04-26 08:20:05 - INFO - HTML file saved in cumulative folder at: C:\Users\Mohse\IdeaProjects2\codebase\Original\Batch(1)\Results(1)\v1_2_Cumulative_Plot\Federal_Taxes_Cumulative_Plot.html
2025-04-26 08:20:05 - INFO - HTML file saved in version folder at: C:\Users\Mohse\IdeaProjects2\codebase\Original\Batch(2)\Results(2)\v1_2_Federal_Taxes_Plot\Federal_Taxes_Plot.html
2025-04-26 08:20:05 - INFO - HTML file saved in cumulative folder at: C:\Users\Mohse\IdeaProjects2\codebase\Original\Batch(2)\Results(2)\v1_2_Cumulative_Plot\Federal_Taxes_Cumulative_Plot.html
2025-04-26 08:20:05 - INFO - All HTML content successfully saved for metric Federal_Taxes
2025-04-26 08:22:40 - INFO - AggregatedSubPlots.py logging initialized
2025-04-26 08:22:40 - INFO - Selected Subplots: {'SP1': 'on', 'SP2': 'off', 'SP3': 'on', 'SP4': 'on', 'SP5': 'off', 'SP6': 'on', 'SP7': 'on', 'SP8': 'off'}
2025-04-26 08:22:40 - INFO - Version headers: 
2025-04-26 08:22:40 - INFO - metrics_data_aggregation [[0, 10614, 10614, 10614, 10614, 10614, 10614, 10614, 10614, 10614, 10614, 10614, 10614, 10614, 10614, 10614, 10614, 10614, 10614, 10180, 7854]]
2025-04-26 08:22:40 - INFO - Configuration matrix has 20 rows
2025-04-26 08:22:40 - INFO - First row: start=1, end=1
2025-04-26 08:22:40 - INFO - Hover text extracted: Price: 5.4 3x higher prices in years 5-10
2025-04-26 08:22:40 - INFO - Hover text extracted: Price: 5.4 3x higher prices in years 5-10
2025-04-26 08:22:40 - INFO - Hover text extracted: Price: 5.4 3x higher prices in years 5-10
2025-04-26 08:22:40 - INFO - Hover text extracted: Price: 5.4 3x higher prices in years 5-10
2025-04-26 08:22:40 - INFO - Hover text extracted: Price: 5.4 3x higher prices in years 5-10
2025-04-26 08:22:40 - INFO - Hover text extracted: Price: 5.4 3x higher prices in years 5-10
2025-04-26 08:22:40 - INFO - Hover text extracted: Price: 8.8 5x higher multiplier in years 10-20
2025-04-26 08:22:40 - INFO - Hover text extracted: Price: 8.8 5x higher multiplier in years 10-20
2025-04-26 08:22:40 - INFO - Hover text extracted: Price: 8.8 5x higher multiplier in years 10-20
2025-04-26 08:22:40 - INFO - Hover text extracted: Price: 8.8 5x higher multiplier in years 10-20
2025-04-26 08:22:40 - INFO - Hover text extracted: Price: 8.8 5x higher multiplier in years 10-20
2025-04-26 08:22:40 - INFO - Hover text extracted: Price: 8.8 5x higher multiplier in years 10-20
2025-04-26 08:22:40 - INFO - Hover text extracted: Price: 8.8 5x higher multiplier in years 10-20
2025-04-26 08:22:40 - INFO - Hover text extracted: Price: 8.8 5x higher multiplier in years 10-20
2025-04-26 08:22:40 - INFO - Hover text extracted: Price: 8.8 5x higher multiplier in years 10-20
2025-04-26 08:22:40 - INFO - Hover text extracted: Price: 8.8 5x higher multiplier in years 10-20
2025-04-26 08:22:40 - INFO - Hover text extracted: Price: 8.8 5x higher multiplier in years 10-20
2025-04-26 08:22:40 - INFO - all_hover_texts Annual_Cash_Flows has 20 entries
2025-04-26 08:22:40 - INFO - all_hover_texts Annual_Revenues has 20 entries
2025-04-26 08:22:40 - INFO - all_hover_texts Annual_Operating_Expenses has 20 entries
2025-04-26 08:22:40 - INFO - all_hover_texts Loan_Repayment_Terms has 20 entries
2025-04-26 08:22:40 - INFO - all_hover_texts Depreciation_Schedules has 20 entries
2025-04-26 08:22:40 - INFO - all_hover_texts State_Taxes has 20 entries
2025-04-26 08:22:40 - INFO - all_hover_texts Federal_Taxes has 20 entries
2025-04-26 08:22:40 - INFO - all_hover_texts Cumulative_Cash_Flows has 20 entries
2025-04-26 08:22:40 - INFO - metrics_data_aggregation [[0, 10614, 10614, 10614, 10614, 10614, 10614, 10614, 10614, 10614, 10614, 10614, 10614, 10614, 10614, 10614, 10614, 10614, 10614, 10180, 7854]]
2025-04-26 08:22:40 - INFO - Version headers: 
2025-04-26 08:22:40 - ERROR - CFA table not found for version 2
2025-04-26 08:22:40 - INFO - Version headers: 
2025-04-26 08:22:40 - INFO - metrics_data_aggregation [[0, 10614, 10614, 10614, 10614, 10614, 10614, 10614, 10614, 10614, 10614, 10614, 10614, 10614, 10614, 10614, 10614, 10614, 10614, 10180, 7854], [0, 26921, 26921, 26921, 26921, 26921, 26921, 26921, 26921, 26921, 18000, 18000, 18000, 23164, 22200, 22200, 22200, 22200, 22200, 22200, 22200]]
2025-04-26 08:22:40 - INFO - Configuration matrix has 20 rows
2025-04-26 08:22:40 - INFO - First row: start=1, end=1
2025-04-26 08:22:40 - INFO - Hover text extracted: Price: 2 b
2025-04-26 08:22:40 - INFO - Hover text extracted: Price: 2 b
2025-04-26 08:22:40 - INFO - Hover text extracted: Price: 2 b
2025-04-26 08:22:40 - INFO - Hover text extracted: Price: 2 bb
2025-04-26 08:22:40 - INFO - Hover text extracted: Price: 2.4 bv
2025-04-26 08:22:40 - INFO - Hover text extracted: Price: 2 bb
2025-04-26 08:22:40 - INFO - Hover text extracted: Price: 2.4 bv
2025-04-26 08:22:40 - INFO - Hover text extracted: Price: 2 bb
2025-04-26 08:22:40 - INFO - Hover text extracted: Price: 2.4 bv
2025-04-26 08:22:40 - INFO - Hover text extracted: Price: 2 bb
2025-04-26 08:22:40 - INFO - Hover text extracted: Price: 2.4 bv
2025-04-26 08:22:40 - INFO - Hover text extracted: Price: 2.4 bv
2025-04-26 08:22:40 - INFO - Hover text extracted: Price: 2.4 bv
2025-04-26 08:22:40 - INFO - Hover text extracted: Price: 2.4 bv
2025-04-26 08:22:40 - INFO - Hover text extracted: Price: 2.4 bv
2025-04-26 08:22:40 - INFO - all_hover_texts Annual_Cash_Flows has 20 entries
2025-04-26 08:22:40 - INFO - all_hover_texts Annual_Revenues has 20 entries
2025-04-26 08:22:40 - INFO - all_hover_texts Annual_Operating_Expenses has 20 entries
2025-04-26 08:22:40 - INFO - all_hover_texts Loan_Repayment_Terms has 20 entries
2025-04-26 08:22:40 - INFO - all_hover_texts Depreciation_Schedules has 20 entries
2025-04-26 08:22:40 - INFO - all_hover_texts State_Taxes has 20 entries
2025-04-26 08:22:40 - INFO - all_hover_texts Federal_Taxes has 20 entries
2025-04-26 08:22:40 - INFO - all_hover_texts Cumulative_Cash_Flows has 20 entries
2025-04-26 08:22:40 - INFO - metrics_data_aggregation [[0, 10614, 10614, 10614, 10614, 10614, 10614, 10614, 10614, 10614, 10614, 10614, 10614, 10614, 10614, 10614, 10614, 10614, 10614, 10180, 7854], [0, 26921, 26921, 26921, 26921, 26921, 26921, 26921, 26921, 26921, 18000, 18000, 18000, 23164, 22200, 22200, 22200, 22200, 22200, 22200, 22200]]
2025-04-26 08:22:40 - INFO - Traces names: ['Annual Cash Flows - ', 'Annual Cash Flows - ', 'Annual Cash Flows - ']
2025-04-26 08:22:40 - INFO - HTML file saved in version folder at: C:\Users\Mohse\IdeaProjects2\codebase\Original\Batch(1)\Results(1)\v1_2_3_Annual_Cash_Flows_Plot\Annual_Cash_Flows_Plot.html
2025-04-26 08:22:40 - INFO - HTML file saved in cumulative folder at: C:\Users\Mohse\IdeaProjects2\codebase\Original\Batch(1)\Results(1)\v1_2_3_Cumulative_Plot\Annual_Cash_Flows_Cumulative_Plot.html
2025-04-26 08:22:40 - INFO - HTML file saved in version folder at: C:\Users\Mohse\IdeaProjects2\codebase\Original\Batch(2)\Results(2)\v1_2_3_Annual_Cash_Flows_Plot\Annual_Cash_Flows_Plot.html
2025-04-26 08:22:40 - INFO - HTML file saved in cumulative folder at: C:\Users\Mohse\IdeaProjects2\codebase\Original\Batch(2)\Results(2)\v1_2_3_Cumulative_Plot\Annual_Cash_Flows_Cumulative_Plot.html
2025-04-26 08:22:40 - INFO - HTML file saved in version folder at: C:\Users\Mohse\IdeaProjects2\codebase\Original\Batch(3)\Results(3)\v1_2_3_Annual_Cash_Flows_Plot\Annual_Cash_Flows_Plot.html
2025-04-26 08:22:40 - INFO - HTML file saved in cumulative folder at: C:\Users\Mohse\IdeaProjects2\codebase\Original\Batch(3)\Results(3)\v1_2_3_Cumulative_Plot\Annual_Cash_Flows_Cumulative_Plot.html
2025-04-26 08:22:40 - INFO - All HTML content successfully saved for metric Annual_Cash_Flows
2025-04-26 08:22:40 - INFO - Traces names: ['Annual Operating Expenses - ', 'Annual Operating Expenses - ', 'Annual Operating Expenses - ']
2025-04-26 08:22:40 - INFO - HTML file saved in version folder at: C:\Users\Mohse\IdeaProjects2\codebase\Original\Batch(1)\Results(1)\v1_2_3_Annual_Operating_Expenses_Plot\Annual_Operating_Expenses_Plot.html
2025-04-26 08:22:40 - INFO - HTML file saved in cumulative folder at: C:\Users\Mohse\IdeaProjects2\codebase\Original\Batch(1)\Results(1)\v1_2_3_Cumulative_Plot\Annual_Operating_Expenses_Cumulative_Plot.html
2025-04-26 08:22:40 - INFO - HTML file saved in version folder at: C:\Users\Mohse\IdeaProjects2\codebase\Original\Batch(2)\Results(2)\v1_2_3_Annual_Operating_Expenses_Plot\Annual_Operating_Expenses_Plot.html
2025-04-26 08:22:40 - INFO - HTML file saved in cumulative folder at: C:\Users\Mohse\IdeaProjects2\codebase\Original\Batch(2)\Results(2)\v1_2_3_Cumulative_Plot\Annual_Operating_Expenses_Cumulative_Plot.html
2025-04-26 08:22:40 - INFO - HTML file saved in version folder at: C:\Users\Mohse\IdeaProjects2\codebase\Original\Batch(3)\Results(3)\v1_2_3_Annual_Operating_Expenses_Plot\Annual_Operating_Expenses_Plot.html
2025-04-26 08:22:40 - INFO - HTML file saved in cumulative folder at: C:\Users\Mohse\IdeaProjects2\codebase\Original\Batch(3)\Results(3)\v1_2_3_Cumulative_Plot\Annual_Operating_Expenses_Cumulative_Plot.html
2025-04-26 08:22:40 - INFO - All HTML content successfully saved for metric Annual_Operating_Expenses
2025-04-26 08:22:40 - INFO - Traces names: ['Loan Repayment Terms - ', 'Loan Repayment Terms - ', 'Loan Repayment Terms - ']
2025-04-26 08:22:40 - INFO - HTML file saved in version folder at: C:\Users\Mohse\IdeaProjects2\codebase\Original\Batch(1)\Results(1)\v1_2_3_Loan_Repayment_Terms_Plot\Loan_Repayment_Terms_Plot.html
2025-04-26 08:22:40 - INFO - HTML file saved in cumulative folder at: C:\Users\Mohse\IdeaProjects2\codebase\Original\Batch(1)\Results(1)\v1_2_3_Cumulative_Plot\Loan_Repayment_Terms_Cumulative_Plot.html
2025-04-26 08:22:40 - INFO - HTML file saved in version folder at: C:\Users\Mohse\IdeaProjects2\codebase\Original\Batch(2)\Results(2)\v1_2_3_Loan_Repayment_Terms_Plot\Loan_Repayment_Terms_Plot.html
2025-04-26 08:22:40 - INFO - HTML file saved in cumulative folder at: C:\Users\Mohse\IdeaProjects2\codebase\Original\Batch(2)\Results(2)\v1_2_3_Cumulative_Plot\Loan_Repayment_Terms_Cumulative_Plot.html
2025-04-26 08:22:40 - INFO - HTML file saved in version folder at: C:\Users\Mohse\IdeaProjects2\codebase\Original\Batch(3)\Results(3)\v1_2_3_Loan_Repayment_Terms_Plot\Loan_Repayment_Terms_Plot.html
2025-04-26 08:22:40 - INFO - HTML file saved in cumulative folder at: C:\Users\Mohse\IdeaProjects2\codebase\Original\Batch(3)\Results(3)\v1_2_3_Cumulative_Plot\Loan_Repayment_Terms_Cumulative_Plot.html
2025-04-26 08:22:40 - INFO - All HTML content successfully saved for metric Loan_Repayment_Terms
2025-04-26 08:22:40 - INFO - Traces names: ['State Taxes - ', 'State Taxes - ', 'State Taxes - ']
2025-04-26 08:22:40 - INFO - HTML file saved in version folder at: C:\Users\Mohse\IdeaProjects2\codebase\Original\Batch(1)\Results(1)\v1_2_3_State_Taxes_Plot\State_Taxes_Plot.html
2025-04-26 08:22:40 - INFO - HTML file saved in cumulative folder at: C:\Users\Mohse\IdeaProjects2\codebase\Original\Batch(1)\Results(1)\v1_2_3_Cumulative_Plot\State_Taxes_Cumulative_Plot.html
2025-04-26 08:22:40 - INFO - HTML file saved in version folder at: C:\Users\Mohse\IdeaProjects2\codebase\Original\Batch(2)\Results(2)\v1_2_3_State_Taxes_Plot\State_Taxes_Plot.html
2025-04-26 08:22:40 - INFO - HTML file saved in cumulative folder at: C:\Users\Mohse\IdeaProjects2\codebase\Original\Batch(2)\Results(2)\v1_2_3_Cumulative_Plot\State_Taxes_Cumulative_Plot.html
2025-04-26 08:22:40 - INFO - HTML file saved in version folder at: C:\Users\Mohse\IdeaProjects2\codebase\Original\Batch(3)\Results(3)\v1_2_3_State_Taxes_Plot\State_Taxes_Plot.html
2025-04-26 08:22:40 - INFO - HTML file saved in cumulative folder at: C:\Users\Mohse\IdeaProjects2\codebase\Original\Batch(3)\Results(3)\v1_2_3_Cumulative_Plot\State_Taxes_Cumulative_Plot.html
2025-04-26 08:22:40 - INFO - All HTML content successfully saved for metric State_Taxes
2025-04-26 08:22:40 - INFO - Traces names: ['Federal Taxes - ', 'Federal Taxes - ', 'Federal Taxes - ']
2025-04-26 08:22:40 - INFO - HTML file saved in version folder at: C:\Users\Mohse\IdeaProjects2\codebase\Original\Batch(1)\Results(1)\v1_2_3_Federal_Taxes_Plot\Federal_Taxes_Plot.html
2025-04-26 08:22:40 - INFO - HTML file saved in cumulative folder at: C:\Users\Mohse\IdeaProjects2\codebase\Original\Batch(1)\Results(1)\v1_2_3_Cumulative_Plot\Federal_Taxes_Cumulative_Plot.html
2025-04-26 08:22:40 - INFO - HTML file saved in version folder at: C:\Users\Mohse\IdeaProjects2\codebase\Original\Batch(2)\Results(2)\v1_2_3_Federal_Taxes_Plot\Federal_Taxes_Plot.html
2025-04-26 08:22:40 - INFO - HTML file saved in cumulative folder at: C:\Users\Mohse\IdeaProjects2\codebase\Original\Batch(2)\Results(2)\v1_2_3_Cumulative_Plot\Federal_Taxes_Cumulative_Plot.html
2025-04-26 08:22:40 - INFO - HTML file saved in version folder at: C:\Users\Mohse\IdeaProjects2\codebase\Original\Batch(3)\Results(3)\v1_2_3_Federal_Taxes_Plot\Federal_Taxes_Plot.html
2025-04-26 08:22:40 - INFO - HTML file saved in cumulative folder at: C:\Users\Mohse\IdeaProjects2\codebase\Original\Batch(3)\Results(3)\v1_2_3_Cumulative_Plot\Federal_Taxes_Cumulative_Plot.html
2025-04-26 08:22:40 - INFO - All HTML content successfully saved for metric Federal_Taxes
2025-04-26 08:24:49 - INFO - AggregatedSubPlots.py logging initialized
2025-04-26 08:24:49 - INFO - Selected Subplots: {'SP1': 'on', 'SP2': 'off', 'SP3': 'on', 'SP4': 'on', 'SP5': 'off', 'SP6': 'on', 'SP7': 'on', 'SjP8': 'off'}
2025-04-26 08:24:49 - INFO - Version headers: 
2025-04-26 08:24:49 - INFO - metrics_data_aggregation [[0, 10614, 10614, 10614, 10614, 10614, 10614, 10614, 10614, 10614, 10614, 10614, 10614, 10614, 10614, 10614, 10614, 10614, 10614, 10180, 7854]]
2025-04-26 08:24:49 - INFO - Configuration matrix has 20 rows
2025-04-26 08:24:49 - INFO - First row: start=1, end=1
2025-04-26 08:24:49 - INFO - Hover text extracted: Price: 5.4 3x higher prices in years 5-10
2025-04-26 08:24:49 - INFO - Hover text extracted: Price: 5.4 3x higher prices in years 5-10
2025-04-26 08:24:49 - INFO - Hover text extracted: Price: 5.4 3x higher prices in years 5-10
2025-04-26 08:24:49 - INFO - Hover text extracted: Price: 5.4 3x higher prices in years 5-10
2025-04-26 08:24:49 - INFO - Hover text extracted: Price: 5.4 3x higher prices in years 5-10
2025-04-26 08:24:49 - INFO - Hover text extracted: Price: 5.4 3x higher prices in years 5-10
2025-04-26 08:24:49 - INFO - Hover text extracted: Price: 8.8 5x higher multiplier in years 10-20
2025-04-26 08:24:49 - INFO - Hover text extracted: Price: 8.8 5x higher multiplier in years 10-20
2025-04-26 08:24:49 - INFO - Hover text extracted: Price: 8.8 5x higher multiplier in years 10-20
2025-04-26 08:24:49 - INFO - Hover text extracted: Price: 8.8 5x higher multiplier in years 10-20
2025-04-26 08:24:49 - INFO - Hover text extracted: Price: 8.8 5x higher multiplier in years 10-20
2025-04-26 08:24:49 - INFO - Hover text extracted: Price: 8.8 5x higher multiplier in years 10-20
2025-04-26 08:24:49 - INFO - Hover text extracted: Price: 8.8 5x higher multiplier in years 10-20
2025-04-26 08:24:49 - INFO - Hover text extracted: Price: 8.8 5x higher multiplier in years 10-20
2025-04-26 08:24:49 - INFO - Hover text extracted: Price: 8.8 5x higher multiplier in years 10-20
2025-04-26 08:24:49 - INFO - Hover text extracted: Price: 8.8 5x higher multiplier in years 10-20
2025-04-26 08:24:49 - INFO - Hover text extracted: Price: 8.8 5x higher multiplier in years 10-20
2025-04-26 08:24:49 - INFO - all_hover_texts Annual_Cash_Flows has 20 entries
2025-04-26 08:24:49 - INFO - all_hover_texts Annual_Revenues has 20 entries
2025-04-26 08:24:49 - INFO - all_hover_texts Annual_Operating_Expenses has 20 entries
2025-04-26 08:24:49 - INFO - all_hover_texts Loan_Repayment_Terms has 20 entries
2025-04-26 08:24:49 - INFO - all_hover_texts Depreciation_Schedules has 20 entries
2025-04-26 08:24:49 - INFO - all_hover_texts State_Taxes has 20 entries
2025-04-26 08:24:49 - INFO - all_hover_texts Federal_Taxes has 20 entries
2025-04-26 08:24:49 - INFO - all_hover_texts Cumulative_Cash_Flows has 20 entries
2025-04-26 08:24:49 - INFO - metrics_data_aggregation [[0, 10614, 10614, 10614, 10614, 10614, 10614, 10614, 10614, 10614, 10614, 10614, 10614, 10614, 10614, 10614, 10614, 10614, 10614, 10180, 7854]]
2025-04-26 08:24:49 - INFO - Version headers: 
2025-04-26 08:24:49 - ERROR - CFA table not found for version 2
2025-04-26 08:24:49 - INFO - Version headers: 
2025-04-26 08:24:49 - INFO - metrics_data_aggregation [[0, 10614, 10614, 10614, 10614, 10614, 10614, 10614, 10614, 10614, 10614, 10614, 10614, 10614, 10614, 10614, 10614, 10614, 10614, 10180, 7854], [0, 26921, 26921, 26921, 26921, 26921, 26921, 26921, 26921, 26921, 18000, 18000, 18000, 23164, 22200, 22200, 22200, 22200, 22200, 22200, 22200]]
2025-04-26 08:24:49 - INFO - Configuration matrix has 20 rows
2025-04-26 08:24:49 - INFO - First row: start=1, end=1
2025-04-26 08:24:49 - INFO - Hover text extracted: Price: 2 b
2025-04-26 08:24:49 - INFO - Hover text extracted: Price: 2 b
2025-04-26 08:24:49 - INFO - Hover text extracted: Price: 2 b
2025-04-26 08:24:49 - INFO - Hover text extracted: Price: 2 bb
2025-04-26 08:24:49 - INFO - Hover text extracted: Price: 2.4 bv
2025-04-26 08:24:49 - INFO - Hover text extracted: Price: 2 bb
2025-04-26 08:24:49 - INFO - Hover text extracted: Price: 2.4 bv
2025-04-26 08:24:49 - INFO - Hover text extracted: Price: 2 bb
2025-04-26 08:24:49 - INFO - Hover text extracted: Price: 2.4 bv
2025-04-26 08:24:49 - INFO - Hover text extracted: Price: 2 bb
2025-04-26 08:24:49 - INFO - Hover text extracted: Price: 2.4 bv
2025-04-26 08:24:49 - INFO - Hover text extracted: Price: 2.4 bv
2025-04-26 08:24:49 - INFO - Hover text extracted: Price: 2.4 bv
2025-04-26 08:24:49 - INFO - Hover text extracted: Price: 2.4 bv
2025-04-26 08:24:49 - INFO - Hover text extracted: Price: 2.4 bv
2025-04-26 08:24:49 - INFO - all_hover_texts Annual_Cash_Flows has 20 entries
2025-04-26 08:24:49 - INFO - all_hover_texts Annual_Revenues has 20 entries
2025-04-26 08:24:49 - INFO - all_hover_texts Annual_Operating_Expenses has 20 entries
2025-04-26 08:24:49 - INFO - all_hover_texts Loan_Repayment_Terms has 20 entries
2025-04-26 08:24:49 - INFO - all_hover_texts Depreciation_Schedules has 20 entries
2025-04-26 08:24:49 - INFO - all_hover_texts State_Taxes has 20 entries
2025-04-26 08:24:49 - INFO - all_hover_texts Federal_Taxes has 20 entries
2025-04-26 08:24:49 - INFO - all_hover_texts Cumulative_Cash_Flows has 20 entries
2025-04-26 08:24:49 - INFO - metrics_data_aggregation [[0, 10614, 10614, 10614, 10614, 10614, 10614, 10614, 10614, 10614, 10614, 10614, 10614, 10614, 10614, 10614, 10614, 10614, 10614, 10180, 7854], [0, 26921, 26921, 26921, 26921, 26921, 26921, 26921, 26921, 26921, 18000, 18000, 18000, 23164, 22200, 22200, 22200, 22200, 22200, 22200, 22200]]
2025-04-26 08:24:49 - INFO - Traces names: ['Annual Cash Flows - ', 'Annual Cash Flows - ', 'Annual Cash Flows - ']
2025-04-26 08:24:49 - INFO - HTML file saved in version folder at: C:\Users\Mohse\IdeaProjects2\codebase\Original\Batch(1)\Results(1)\v1_2_3_Annual_Cash_Flows_Plot\Annual_Cash_Flows_Plot.html
2025-04-26 08:24:49 - INFO - HTML file saved in cumulative folder at: C:\Users\Mohse\IdeaProjects2\codebase\Original\Batch(1)\Results(1)\v1_2_3_Cumulative_Plot\Annual_Cash_Flows_Cumulative_Plot.html
2025-04-26 08:24:49 - INFO - HTML file saved in version folder at: C:\Users\Mohse\IdeaProjects2\codebase\Original\Batch(2)\Results(2)\v1_2_3_Annual_Cash_Flows_Plot\Annual_Cash_Flows_Plot.html
2025-04-26 08:24:49 - INFO - HTML file saved in cumulative folder at: C:\Users\Mohse\IdeaProjects2\codebase\Original\Batch(2)\Results(2)\v1_2_3_Cumulative_Plot\Annual_Cash_Flows_Cumulative_Plot.html
2025-04-26 08:24:49 - INFO - HTML file saved in version folder at: C:\Users\Mohse\IdeaProjects2\codebase\Original\Batch(3)\Results(3)\v1_2_3_Annual_Cash_Flows_Plot\Annual_Cash_Flows_Plot.html
2025-04-26 08:24:49 - INFO - HTML file saved in cumulative folder at: C:\Users\Mohse\IdeaProjects2\codebase\Original\Batch(3)\Results(3)\v1_2_3_Cumulative_Plot\Annual_Cash_Flows_Cumulative_Plot.html
2025-04-26 08:24:49 - INFO - All HTML content successfully saved for metric Annual_Cash_Flows
2025-04-26 08:24:49 - INFO - Traces names: ['Annual Operating Expenses - ', 'Annual Operating Expenses - ', 'Annual Operating Expenses - ']
2025-04-26 08:24:49 - INFO - HTML file saved in version folder at: C:\Users\Mohse\IdeaProjects2\codebase\Original\Batch(1)\Results(1)\v1_2_3_Annual_Operating_Expenses_Plot\Annual_Operating_Expenses_Plot.html
2025-04-26 08:24:49 - INFO - HTML file saved in cumulative folder at: C:\Users\Mohse\IdeaProjects2\codebase\Original\Batch(1)\Results(1)\v1_2_3_Cumulative_Plot\Annual_Operating_Expenses_Cumulative_Plot.html
2025-04-26 08:24:49 - INFO - HTML file saved in version folder at: C:\Users\Mohse\IdeaProjects2\codebase\Original\Batch(2)\Results(2)\v1_2_3_Annual_Operating_Expenses_Plot\Annual_Operating_Expenses_Plot.html
2025-04-26 08:24:49 - INFO - HTML file saved in cumulative folder at: C:\Users\Mohse\IdeaProjects2\codebase\Original\Batch(2)\Results(2)\v1_2_3_Cumulative_Plot\Annual_Operating_Expenses_Cumulative_Plot.html
2025-04-26 08:24:49 - INFO - HTML file saved in version folder at: C:\Users\Mohse\IdeaProjects2\codebase\Original\Batch(3)\Results(3)\v1_2_3_Annual_Operating_Expenses_Plot\Annual_Operating_Expenses_Plot.html
2025-04-26 08:24:49 - INFO - HTML file saved in cumulative folder at: C:\Users\Mohse\IdeaProjects2\codebase\Original\Batch(3)\Results(3)\v1_2_3_Cumulative_Plot\Annual_Operating_Expenses_Cumulative_Plot.html
2025-04-26 08:24:49 - INFO - All HTML content successfully saved for metric Annual_Operating_Expenses
2025-04-26 08:24:49 - INFO - Traces names: ['Loan Repayment Terms - ', 'Loan Repayment Terms - ', 'Loan Repayment Terms - ']
2025-04-26 08:24:49 - INFO - HTML file saved in version folder at: C:\Users\Mohse\IdeaProjects2\codebase\Original\Batch(1)\Results(1)\v1_2_3_Loan_Repayment_Terms_Plot\Loan_Repayment_Terms_Plot.html
2025-04-26 08:24:49 - INFO - HTML file saved in cumulative folder at: C:\Users\Mohse\IdeaProjects2\codebase\Original\Batch(1)\Results(1)\v1_2_3_Cumulative_Plot\Loan_Repayment_Terms_Cumulative_Plot.html
2025-04-26 08:24:49 - INFO - HTML file saved in version folder at: C:\Users\Mohse\IdeaProjects2\codebase\Original\Batch(2)\Results(2)\v1_2_3_Loan_Repayment_Terms_Plot\Loan_Repayment_Terms_Plot.html
2025-04-26 08:24:49 - INFO - HTML file saved in cumulative folder at: C:\Users\Mohse\IdeaProjects2\codebase\Original\Batch(2)\Results(2)\v1_2_3_Cumulative_Plot\Loan_Repayment_Terms_Cumulative_Plot.html
2025-04-26 08:24:49 - INFO - HTML file saved in version folder at: C:\Users\Mohse\IdeaProjects2\codebase\Original\Batch(3)\Results(3)\v1_2_3_Loan_Repayment_Terms_Plot\Loan_Repayment_Terms_Plot.html
2025-04-26 08:24:49 - INFO - HTML file saved in cumulative folder at: C:\Users\Mohse\IdeaProjects2\codebase\Original\Batch(3)\Results(3)\v1_2_3_Cumulative_Plot\Loan_Repayment_Terms_Cumulative_Plot.html
2025-04-26 08:24:49 - INFO - All HTML content successfully saved for metric Loan_Repayment_Terms
2025-04-26 08:24:49 - INFO - Traces names: ['State Taxes - ', 'State Taxes - ', 'State Taxes - ']
2025-04-26 08:24:49 - INFO - HTML file saved in version folder at: C:\Users\Mohse\IdeaProjects2\codebase\Original\Batch(1)\Results(1)\v1_2_3_State_Taxes_Plot\State_Taxes_Plot.html
2025-04-26 08:24:49 - INFO - HTML file saved in cumulative folder at: C:\Users\Mohse\IdeaProjects2\codebase\Original\Batch(1)\Results(1)\v1_2_3_Cumulative_Plot\State_Taxes_Cumulative_Plot.html
2025-04-26 08:24:49 - INFO - HTML file saved in version folder at: C:\Users\Mohse\IdeaProjects2\codebase\Original\Batch(2)\Results(2)\v1_2_3_State_Taxes_Plot\State_Taxes_Plot.html
2025-04-26 08:24:49 - INFO - HTML file saved in cumulative folder at: C:\Users\Mohse\IdeaProjects2\codebase\Original\Batch(2)\Results(2)\v1_2_3_Cumulative_Plot\State_Taxes_Cumulative_Plot.html
2025-04-26 08:24:49 - INFO - HTML file saved in version folder at: C:\Users\Mohse\IdeaProjects2\codebase\Original\Batch(3)\Results(3)\v1_2_3_State_Taxes_Plot\State_Taxes_Plot.html
2025-04-26 08:24:49 - INFO - HTML file saved in cumulative folder at: C:\Users\Mohse\IdeaProjects2\codebase\Original\Batch(3)\Results(3)\v1_2_3_Cumulative_Plot\State_Taxes_Cumulative_Plot.html
2025-04-26 08:24:49 - INFO - All HTML content successfully saved for metric State_Taxes
2025-04-26 08:24:49 - INFO - Traces names: ['Federal Taxes - ', 'Federal Taxes - ', 'Federal Taxes - ']
2025-04-26 08:24:49 - INFO - HTML file saved in version folder at: C:\Users\Mohse\IdeaProjects2\codebase\Original\Batch(1)\Results(1)\v1_2_3_Federal_Taxes_Plot\Federal_Taxes_Plot.html
2025-04-26 08:24:49 - INFO - HTML file saved in cumulative folder at: C:\Users\Mohse\IdeaProjects2\codebase\Original\Batch(1)\Results(1)\v1_2_3_Cumulative_Plot\Federal_Taxes_Cumulative_Plot.html
2025-04-26 08:24:49 - INFO - HTML file saved in version folder at: C:\Users\Mohse\IdeaProjects2\codebase\Original\Batch(2)\Results(2)\v1_2_3_Federal_Taxes_Plot\Federal_Taxes_Plot.html
2025-04-26 08:24:49 - INFO - HTML file saved in cumulative folder at: C:\Users\Mohse\IdeaProjects2\codebase\Original\Batch(2)\Results(2)\v1_2_3_Cumulative_Plot\Federal_Taxes_Cumulative_Plot.html
2025-04-26 08:24:49 - INFO - HTML file saved in version folder at: C:\Users\Mohse\IdeaProjects2\codebase\Original\Batch(3)\Results(3)\v1_2_3_Federal_Taxes_Plot\Federal_Taxes_Plot.html
2025-04-26 08:24:49 - INFO - HTML file saved in cumulative folder at: C:\Users\Mohse\IdeaProjects2\codebase\Original\Batch(3)\Results(3)\v1_2_3_Cumulative_Plot\Federal_Taxes_Cumulative_Plot.html
2025-04-26 08:24:49 - INFO - All HTML content successfully saved for metric Federal_Taxes
2025-04-26 08:29:25 - INFO - AggregatedSubPlots.py logging initialized
2025-04-26 08:29:25 - INFO - Selected Subplots: {'SP1': 'on', 'SP2': 'off', 'SP3': 'on', 'SP4': 'on', 'SP5': 'off', 'SP6': 'on', 'SP7': 'on', 'SjP8': 'off'}
2025-04-26 08:29:25 - INFO - Property extracted without remarks: Plant Lifetime: 20
2025-04-26 08:29:25 - INFO - Version headers: 
2025-04-26 08:29:25 - INFO - metrics_data_aggregation [[0, 10614, 10614, 10614, 10614, 10614, 10614, 10614, 10614, 10614, 10614, 10614, 10614, 10614, 10614, 10614, 10614, 10614, 10614, 10180, 7854]]
2025-04-26 08:29:25 - INFO - Configuration matrix has 20 rows
2025-04-26 08:29:25 - INFO - First row: start=1, end=1
2025-04-26 08:29:25 - INFO - Hover text extracted: Price: 5.4 3x higher prices in years 5-10
2025-04-26 08:29:25 - INFO - Hover text extracted: Price: 5.4 3x higher prices in years 5-10
2025-04-26 08:29:25 - INFO - Hover text extracted: Price: 5.4 3x higher prices in years 5-10
2025-04-26 08:29:25 - INFO - Hover text extracted: Price: 5.4 3x higher prices in years 5-10
2025-04-26 08:29:25 - INFO - Hover text extracted: Price: 5.4 3x higher prices in years 5-10
2025-04-26 08:29:25 - INFO - Hover text extracted: Price: 5.4 3x higher prices in years 5-10
2025-04-26 08:29:25 - INFO - Hover text extracted: Price: 8.8 5x higher multiplier in years 10-20
2025-04-26 08:29:25 - INFO - Hover text extracted: Price: 8.8 5x higher multiplier in years 10-20
2025-04-26 08:29:25 - INFO - Hover text extracted: Price: 8.8 5x higher multiplier in years 10-20
2025-04-26 08:29:25 - INFO - Hover text extracted: Price: 8.8 5x higher multiplier in years 10-20
2025-04-26 08:29:25 - INFO - Hover text extracted: Price: 8.8 5x higher multiplier in years 10-20
2025-04-26 08:29:25 - INFO - Hover text extracted: Price: 8.8 5x higher multiplier in years 10-20
2025-04-26 08:29:25 - INFO - Hover text extracted: Price: 8.8 5x higher multiplier in years 10-20
2025-04-26 08:29:25 - INFO - Hover text extracted: Price: 8.8 5x higher multiplier in years 10-20
2025-04-26 08:29:25 - INFO - Hover text extracted: Price: 8.8 5x higher multiplier in years 10-20
2025-04-26 08:29:25 - INFO - Hover text extracted: Price: 8.8 5x higher multiplier in years 10-20
2025-04-26 08:29:25 - INFO - Hover text extracted: Price: 8.8 5x higher multiplier in years 10-20
2025-04-26 08:29:25 - INFO - all_hover_texts Annual_Cash_Flows has 20 entries
2025-04-26 08:29:25 - INFO - all_hover_texts Annual_Revenues has 20 entries
2025-04-26 08:29:25 - INFO - all_hover_texts Annual_Operating_Expenses has 20 entries
2025-04-26 08:29:25 - INFO - all_hover_texts Loan_Repayment_Terms has 20 entries
2025-04-26 08:29:25 - INFO - all_hover_texts Depreciation_Schedules has 20 entries
2025-04-26 08:29:25 - INFO - all_hover_texts State_Taxes has 20 entries
2025-04-26 08:29:25 - INFO - all_hover_texts Federal_Taxes has 20 entries
2025-04-26 08:29:25 - INFO - all_hover_texts Cumulative_Cash_Flows has 20 entries
2025-04-26 08:29:25 - INFO - metrics_data_aggregation [[0, 10614, 10614, 10614, 10614, 10614, 10614, 10614, 10614, 10614, 10614, 10614, 10614, 10614, 10614, 10614, 10614, 10614, 10614, 10180, 7854]]
2025-04-26 08:29:25 - INFO - Property extracted without remarks: Plant Lifetime: 20
2025-04-26 08:29:25 - INFO - Version headers: 
2025-04-26 08:29:25 - ERROR - CFA table not found for version 2
2025-04-26 08:29:25 - INFO - Property extracted without remarks: Plant Lifetime: 20
2025-04-26 08:29:25 - INFO - Version headers: 
2025-04-26 08:29:25 - INFO - metrics_data_aggregation [[0, 10614, 10614, 10614, 10614, 10614, 10614, 10614, 10614, 10614, 10614, 10614, 10614, 10614, 10614, 10614, 10614, 10614, 10614, 10180, 7854], [0, 26921, 26921, 26921, 26921, 26921, 26921, 26921, 26921, 26921, 18000, 18000, 18000, 23164, 22200, 22200, 22200, 22200, 22200, 22200, 22200]]
2025-04-26 08:29:25 - INFO - Configuration matrix has 20 rows
2025-04-26 08:29:25 - INFO - First row: start=1, end=1
2025-04-26 08:29:25 - INFO - Hover text extracted: Price: 2 b
2025-04-26 08:29:25 - INFO - Hover text extracted: Price: 2 b
2025-04-26 08:29:25 - INFO - Hover text extracted: Price: 2 b
2025-04-26 08:29:25 - INFO - Hover text extracted: Price: 2 bb
2025-04-26 08:29:25 - INFO - Hover text extracted: Price: 2.4 bv
2025-04-26 08:29:25 - INFO - Hover text extracted: Price: 2 bb
2025-04-26 08:29:25 - INFO - Hover text extracted: Price: 2.4 bv
2025-04-26 08:29:25 - INFO - Hover text extracted: Price: 2 bb
2025-04-26 08:29:25 - INFO - Hover text extracted: Price: 2.4 bv
2025-04-26 08:29:25 - INFO - Hover text extracted: Price: 2 bb
2025-04-26 08:29:25 - INFO - Hover text extracted: Price: 2.4 bv
2025-04-26 08:29:25 - INFO - Hover text extracted: Price: 2.4 bv
2025-04-26 08:29:25 - INFO - Hover text extracted: Price: 2.4 bv
2025-04-26 08:29:25 - INFO - Hover text extracted: Price: 2.4 bv
2025-04-26 08:29:25 - INFO - Hover text extracted: Price: 2.4 bv
2025-04-26 08:29:25 - INFO - all_hover_texts Annual_Cash_Flows has 20 entries
2025-04-26 08:29:25 - INFO - all_hover_texts Annual_Revenues has 20 entries
2025-04-26 08:29:25 - INFO - all_hover_texts Annual_Operating_Expenses has 20 entries
2025-04-26 08:29:25 - INFO - all_hover_texts Loan_Repayment_Terms has 20 entries
2025-04-26 08:29:25 - INFO - all_hover_texts Depreciation_Schedules has 20 entries
2025-04-26 08:29:25 - INFO - all_hover_texts State_Taxes has 20 entries
2025-04-26 08:29:25 - INFO - all_hover_texts Federal_Taxes has 20 entries
2025-04-26 08:29:25 - INFO - all_hover_texts Cumulative_Cash_Flows has 20 entries
2025-04-26 08:29:25 - INFO - metrics_data_aggregation [[0, 10614, 10614, 10614, 10614, 10614, 10614, 10614, 10614, 10614, 10614, 10614, 10614, 10614, 10614, 10614, 10614, 10614, 10614, 10180, 7854], [0, 26921, 26921, 26921, 26921, 26921, 26921, 26921, 26921, 26921, 18000, 18000, 18000, 23164, 22200, 22200, 22200, 22200, 22200, 22200, 22200]]
2025-04-26 08:29:25 - INFO - Traces names: ['Annual Cash Flows - ', 'Annual Cash Flows - ', 'Annual Cash Flows - ']
2025-04-26 08:29:25 - INFO - HTML file saved in version folder at: C:\Users\Mohse\IdeaProjects2\codebase\Original\Batch(1)\Results(1)\v1_2_3_Annual_Cash_Flows_Plot\Annual_Cash_Flows_Plot.html
2025-04-26 08:29:25 - INFO - HTML file saved in cumulative folder at: C:\Users\Mohse\IdeaProjects2\codebase\Original\Batch(1)\Results(1)\v1_2_3_Cumulative_Plot\Annual_Cash_Flows_Cumulative_Plot.html
2025-04-26 08:29:25 - INFO - HTML file saved in version folder at: C:\Users\Mohse\IdeaProjects2\codebase\Original\Batch(2)\Results(2)\v1_2_3_Annual_Cash_Flows_Plot\Annual_Cash_Flows_Plot.html
2025-04-26 08:29:25 - INFO - HTML file saved in cumulative folder at: C:\Users\Mohse\IdeaProjects2\codebase\Original\Batch(2)\Results(2)\v1_2_3_Cumulative_Plot\Annual_Cash_Flows_Cumulative_Plot.html
2025-04-26 08:29:25 - INFO - HTML file saved in version folder at: C:\Users\Mohse\IdeaProjects2\codebase\Original\Batch(3)\Results(3)\v1_2_3_Annual_Cash_Flows_Plot\Annual_Cash_Flows_Plot.html
2025-04-26 08:29:25 - INFO - HTML file saved in cumulative folder at: C:\Users\Mohse\IdeaProjects2\codebase\Original\Batch(3)\Results(3)\v1_2_3_Cumulative_Plot\Annual_Cash_Flows_Cumulative_Plot.html
2025-04-26 08:29:25 - INFO - All HTML content successfully saved for metric Annual_Cash_Flows
2025-04-26 08:29:25 - INFO - Traces names: ['Annual Operating Expenses - ', 'Annual Operating Expenses - ', 'Annual Operating Expenses - ']
2025-04-26 08:29:25 - INFO - HTML file saved in version folder at: C:\Users\Mohse\IdeaProjects2\codebase\Original\Batch(1)\Results(1)\v1_2_3_Annual_Operating_Expenses_Plot\Annual_Operating_Expenses_Plot.html
2025-04-26 08:29:25 - INFO - HTML file saved in cumulative folder at: C:\Users\Mohse\IdeaProjects2\codebase\Original\Batch(1)\Results(1)\v1_2_3_Cumulative_Plot\Annual_Operating_Expenses_Cumulative_Plot.html
2025-04-26 08:29:25 - INFO - HTML file saved in version folder at: C:\Users\Mohse\IdeaProjects2\codebase\Original\Batch(2)\Results(2)\v1_2_3_Annual_Operating_Expenses_Plot\Annual_Operating_Expenses_Plot.html
2025-04-26 08:29:25 - INFO - HTML file saved in cumulative folder at: C:\Users\Mohse\IdeaProjects2\codebase\Original\Batch(2)\Results(2)\v1_2_3_Cumulative_Plot\Annual_Operating_Expenses_Cumulative_Plot.html
2025-04-26 08:29:25 - INFO - HTML file saved in version folder at: C:\Users\Mohse\IdeaProjects2\codebase\Original\Batch(3)\Results(3)\v1_2_3_Annual_Operating_Expenses_Plot\Annual_Operating_Expenses_Plot.html
2025-04-26 08:29:25 - INFO - HTML file saved in cumulative folder at: C:\Users\Mohse\IdeaProjects2\codebase\Original\Batch(3)\Results(3)\v1_2_3_Cumulative_Plot\Annual_Operating_Expenses_Cumulative_Plot.html
2025-04-26 08:29:25 - INFO - All HTML content successfully saved for metric Annual_Operating_Expenses
2025-04-26 08:29:25 - INFO - Traces names: ['Loan Repayment Terms - ', 'Loan Repayment Terms - ', 'Loan Repayment Terms - ']
2025-04-26 08:29:25 - INFO - HTML file saved in version folder at: C:\Users\Mohse\IdeaProjects2\codebase\Original\Batch(1)\Results(1)\v1_2_3_Loan_Repayment_Terms_Plot\Loan_Repayment_Terms_Plot.html
2025-04-26 08:29:25 - INFO - HTML file saved in cumulative folder at: C:\Users\Mohse\IdeaProjects2\codebase\Original\Batch(1)\Results(1)\v1_2_3_Cumulative_Plot\Loan_Repayment_Terms_Cumulative_Plot.html
2025-04-26 08:29:25 - INFO - HTML file saved in version folder at: C:\Users\Mohse\IdeaProjects2\codebase\Original\Batch(2)\Results(2)\v1_2_3_Loan_Repayment_Terms_Plot\Loan_Repayment_Terms_Plot.html
2025-04-26 08:29:25 - INFO - HTML file saved in cumulative folder at: C:\Users\Mohse\IdeaProjects2\codebase\Original\Batch(2)\Results(2)\v1_2_3_Cumulative_Plot\Loan_Repayment_Terms_Cumulative_Plot.html
2025-04-26 08:29:25 - INFO - HTML file saved in version folder at: C:\Users\Mohse\IdeaProjects2\codebase\Original\Batch(3)\Results(3)\v1_2_3_Loan_Repayment_Terms_Plot\Loan_Repayment_Terms_Plot.html
2025-04-26 08:29:25 - INFO - HTML file saved in cumulative folder at: C:\Users\Mohse\IdeaProjects2\codebase\Original\Batch(3)\Results(3)\v1_2_3_Cumulative_Plot\Loan_Repayment_Terms_Cumulative_Plot.html
2025-04-26 08:29:25 - INFO - All HTML content successfully saved for metric Loan_Repayment_Terms
2025-04-26 08:29:25 - INFO - Traces names: ['State Taxes - ', 'State Taxes - ', 'State Taxes - ']
2025-04-26 08:29:25 - INFO - HTML file saved in version folder at: C:\Users\Mohse\IdeaProjects2\codebase\Original\Batch(1)\Results(1)\v1_2_3_State_Taxes_Plot\State_Taxes_Plot.html
2025-04-26 08:29:25 - INFO - HTML file saved in cumulative folder at: C:\Users\Mohse\IdeaProjects2\codebase\Original\Batch(1)\Results(1)\v1_2_3_Cumulative_Plot\State_Taxes_Cumulative_Plot.html
2025-04-26 08:29:25 - INFO - HTML file saved in version folder at: C:\Users\Mohse\IdeaProjects2\codebase\Original\Batch(2)\Results(2)\v1_2_3_State_Taxes_Plot\State_Taxes_Plot.html
2025-04-26 08:29:25 - INFO - HTML file saved in cumulative folder at: C:\Users\Mohse\IdeaProjects2\codebase\Original\Batch(2)\Results(2)\v1_2_3_Cumulative_Plot\State_Taxes_Cumulative_Plot.html
2025-04-26 08:29:25 - INFO - HTML file saved in version folder at: C:\Users\Mohse\IdeaProjects2\codebase\Original\Batch(3)\Results(3)\v1_2_3_State_Taxes_Plot\State_Taxes_Plot.html
2025-04-26 08:29:25 - INFO - HTML file saved in cumulative folder at: C:\Users\Mohse\IdeaProjects2\codebase\Original\Batch(3)\Results(3)\v1_2_3_Cumulative_Plot\State_Taxes_Cumulative_Plot.html
2025-04-26 08:29:25 - INFO - All HTML content successfully saved for metric State_Taxes
2025-04-26 08:29:25 - INFO - Traces names: ['Federal Taxes - ', 'Federal Taxes - ', 'Federal Taxes - ']
2025-04-26 08:29:25 - INFO - HTML file saved in version folder at: C:\Users\Mohse\IdeaProjects2\codebase\Original\Batch(1)\Results(1)\v1_2_3_Federal_Taxes_Plot\Federal_Taxes_Plot.html
2025-04-26 08:29:25 - INFO - HTML file saved in cumulative folder at: C:\Users\Mohse\IdeaProjects2\codebase\Original\Batch(1)\Results(1)\v1_2_3_Cumulative_Plot\Federal_Taxes_Cumulative_Plot.html
2025-04-26 08:29:25 - INFO - HTML file saved in version folder at: C:\Users\Mohse\IdeaProjects2\codebase\Original\Batch(2)\Results(2)\v1_2_3_Federal_Taxes_Plot\Federal_Taxes_Plot.html
2025-04-26 08:29:25 - INFO - HTML file saved in cumulative folder at: C:\Users\Mohse\IdeaProjects2\codebase\Original\Batch(2)\Results(2)\v1_2_3_Cumulative_Plot\Federal_Taxes_Cumulative_Plot.html
2025-04-26 08:29:25 - INFO - HTML file saved in version folder at: C:\Users\Mohse\IdeaProjects2\codebase\Original\Batch(3)\Results(3)\v1_2_3_Federal_Taxes_Plot\Federal_Taxes_Plot.html
2025-04-26 08:29:25 - INFO - HTML file saved in cumulative folder at: C:\Users\Mohse\IdeaProjects2\codebase\Original\Batch(3)\Results(3)\v1_2_3_Cumulative_Plot\Federal_Taxes_Cumulative_Plot.html
2025-04-26 08:29:25 - INFO - All HTML content successfully saved for metric Federal_Taxes
2025-04-26 08:30:54 - INFO - AggregatedSubPlots.py logging initialized
2025-04-26 08:30:54 - INFO - Selected Subplots: {'SP1': 'on', 'SP2': 'off', 'SP3': 'on', 'SP4': 'on', 'SP5': 'off', 'SP6': 'on', 'SP7': 'on', 'SjP8': 'off'}
2025-04-26 08:30:54 - INFO - Property extracted without remarks: Plant Lifetime: 20
2025-04-26 08:30:54 - INFO - Version headers: 
2025-04-26 08:30:54 - INFO - metrics_data_aggregation [[0, 10614, 10614, 10614, 10614, 10614, 10614, 10614, 10614, 10614, 10614, 10614, 10614, 10614, 10614, 10614, 10614, 10614, 10614, 10180, 7854]]
2025-04-26 08:30:54 - INFO - Configuration matrix has 20 rows
2025-04-26 08:30:54 - INFO - First row: start=1, end=1
2025-04-26 08:30:54 - INFO - Hover text extracted: Price: 5.4 3x higher prices in years 5-10
2025-04-26 08:30:54 - INFO - Hover text extracted: Price: 5.4 3x higher prices in years 5-10
2025-04-26 08:30:54 - INFO - Hover text extracted: Price: 5.4 3x higher prices in years 5-10
2025-04-26 08:30:54 - INFO - Hover text extracted: Price: 5.4 3x higher prices in years 5-10
2025-04-26 08:30:54 - INFO - Hover text extracted: Price: 5.4 3x higher prices in years 5-10
2025-04-26 08:30:54 - INFO - Hover text extracted: Price: 5.4 3x higher prices in years 5-10
2025-04-26 08:30:54 - INFO - Hover text extracted: Price: 8.8 5x higher multiplier in years 10-20
2025-04-26 08:30:54 - INFO - Hover text extracted: Price: 8.8 5x higher multiplier in years 10-20
2025-04-26 08:30:54 - INFO - Hover text extracted: Price: 8.8 5x higher multiplier in years 10-20
2025-04-26 08:30:54 - INFO - Hover text extracted: Price: 8.8 5x higher multiplier in years 10-20
2025-04-26 08:30:54 - INFO - Hover text extracted: Price: 8.8 5x higher multiplier in years 10-20
2025-04-26 08:30:54 - INFO - Hover text extracted: Price: 8.8 5x higher multiplier in years 10-20
2025-04-26 08:30:54 - INFO - Hover text extracted: Price: 8.8 5x higher multiplier in years 10-20
2025-04-26 08:30:54 - INFO - Hover text extracted: Price: 8.8 5x higher multiplier in years 10-20
2025-04-26 08:30:54 - INFO - Hover text extracted: Price: 8.8 5x higher multiplier in years 10-20
2025-04-26 08:30:54 - INFO - Hover text extracted: Price: 8.8 5x higher multiplier in years 10-20
2025-04-26 08:30:54 - INFO - Hover text extracted: Price: 8.8 5x higher multiplier in years 10-20
2025-04-26 08:30:54 - INFO - all_hover_texts Annual_Cash_Flows has 20 entries
2025-04-26 08:30:54 - INFO - all_hover_texts Annual_Revenues has 20 entries
2025-04-26 08:30:54 - INFO - all_hover_texts Annual_Operating_Expenses has 20 entries
2025-04-26 08:30:54 - INFO - all_hover_texts Loan_Repayment_Terms has 20 entries
2025-04-26 08:30:54 - INFO - all_hover_texts Depreciation_Schedules has 20 entries
2025-04-26 08:30:54 - INFO - all_hover_texts State_Taxes has 20 entries
2025-04-26 08:30:54 - INFO - all_hover_texts Federal_Taxes has 20 entries
2025-04-26 08:30:54 - INFO - all_hover_texts Cumulative_Cash_Flows has 20 entries
2025-04-26 08:30:54 - INFO - metrics_data_aggregation [[0, 10614, 10614, 10614, 10614, 10614, 10614, 10614, 10614, 10614, 10614, 10614, 10614, 10614, 10614, 10614, 10614, 10614, 10614, 10180, 7854]]
2025-04-26 08:30:54 - INFO - Property extracted without remarks: Plant Lifetime: 20
2025-04-26 08:30:54 - INFO - Version headers: 
2025-04-26 08:30:54 - INFO - metrics_data_aggregation [[0, 10614, 10614, 10614, 10614, 10614, 10614, 10614, 10614, 10614, 10614, 10614, 10614, 10614, 10614, 10614, 10614, 10614, 10614, 10180, 7854], [0, 26921, 26921, 26921, 26921, 26921, 26921, 26921, 26921, 26921, 18000, 18000, 18000, 23164, 22200, 22200, 22200, 22200, 22200, 22200, 22200]]
2025-04-26 08:30:54 - INFO - Configuration matrix has 20 rows
2025-04-26 08:30:54 - INFO - First row: start=1, end=1
2025-04-26 08:30:54 - INFO - Hover text extracted: Price: 2 b
2025-04-26 08:30:54 - INFO - Hover text extracted: Price: 2 b
2025-04-26 08:30:54 - INFO - Hover text extracted: Price: 2 b
2025-04-26 08:30:54 - INFO - Hover text extracted: Price: 2 bb
2025-04-26 08:30:54 - INFO - Hover text extracted: Price: 2.4 bv
2025-04-26 08:30:54 - INFO - Hover text extracted: Price: 2 bb
2025-04-26 08:30:54 - INFO - Hover text extracted: Price: 2.4 bv
2025-04-26 08:30:54 - INFO - Hover text extracted: Price: 2 bb
2025-04-26 08:30:54 - INFO - Hover text extracted: Price: 2.4 bv
2025-04-26 08:30:54 - INFO - Hover text extracted: Price: 2 bb
2025-04-26 08:30:54 - INFO - Hover text extracted: Price: 2.4 bv
2025-04-26 08:30:54 - INFO - Hover text extracted: Price: 2.4 bv
2025-04-26 08:30:54 - INFO - Hover text extracted: Price: 2.4 bv
2025-04-26 08:30:54 - INFO - Hover text extracted: Price: 2.4 bv
2025-04-26 08:30:54 - INFO - Hover text extracted: Price: 2.4 bv
2025-04-26 08:30:54 - INFO - all_hover_texts Annual_Cash_Flows has 20 entries
2025-04-26 08:30:54 - INFO - all_hover_texts Annual_Revenues has 20 entries
2025-04-26 08:30:54 - INFO - all_hover_texts Annual_Operating_Expenses has 20 entries
2025-04-26 08:30:54 - INFO - all_hover_texts Loan_Repayment_Terms has 20 entries
2025-04-26 08:30:54 - INFO - all_hover_texts Depreciation_Schedules has 20 entries
2025-04-26 08:30:54 - INFO - all_hover_texts State_Taxes has 20 entries
2025-04-26 08:30:54 - INFO - all_hover_texts Federal_Taxes has 20 entries
2025-04-26 08:30:54 - INFO - all_hover_texts Cumulative_Cash_Flows has 20 entries
2025-04-26 08:30:54 - INFO - metrics_data_aggregation [[0, 10614, 10614, 10614, 10614, 10614, 10614, 10614, 10614, 10614, 10614, 10614, 10614, 10614, 10614, 10614, 10614, 10614, 10614, 10180, 7854], [0, 26921, 26921, 26921, 26921, 26921, 26921, 26921, 26921, 26921, 18000, 18000, 18000, 23164, 22200, 22200, 22200, 22200, 22200, 22200, 22200]]
2025-04-26 08:30:54 - INFO - Traces names: ['Annual Cash Flows - ', 'Annual Cash Flows - ']
2025-04-26 08:30:54 - INFO - HTML file saved in version folder at: C:\Users\Mohse\IdeaProjects2\codebase\Original\Batch(1)\Results(1)\v1_3_Annual_Cash_Flows_Plot\Annual_Cash_Flows_Plot.html
2025-04-26 08:30:54 - INFO - HTML file saved in cumulative folder at: C:\Users\Mohse\IdeaProjects2\codebase\Original\Batch(1)\Results(1)\v1_3_Cumulative_Plot\Annual_Cash_Flows_Cumulative_Plot.html
2025-04-26 08:30:54 - INFO - HTML file saved in version folder at: C:\Users\Mohse\IdeaProjects2\codebase\Original\Batch(3)\Results(3)\v1_3_Annual_Cash_Flows_Plot\Annual_Cash_Flows_Plot.html
2025-04-26 08:30:54 - INFO - HTML file saved in cumulative folder at: C:\Users\Mohse\IdeaProjects2\codebase\Original\Batch(3)\Results(3)\v1_3_Cumulative_Plot\Annual_Cash_Flows_Cumulative_Plot.html
2025-04-26 08:30:54 - INFO - All HTML content successfully saved for metric Annual_Cash_Flows
2025-04-26 08:30:54 - INFO - Traces names: ['Annual Operating Expenses - ', 'Annual Operating Expenses - ']
2025-04-26 08:30:54 - INFO - HTML file saved in version folder at: C:\Users\Mohse\IdeaProjects2\codebase\Original\Batch(1)\Results(1)\v1_3_Annual_Operating_Expenses_Plot\Annual_Operating_Expenses_Plot.html
2025-04-26 08:30:54 - INFO - HTML file saved in cumulative folder at: C:\Users\Mohse\IdeaProjects2\codebase\Original\Batch(1)\Results(1)\v1_3_Cumulative_Plot\Annual_Operating_Expenses_Cumulative_Plot.html
2025-04-26 08:30:54 - INFO - HTML file saved in version folder at: C:\Users\Mohse\IdeaProjects2\codebase\Original\Batch(3)\Results(3)\v1_3_Annual_Operating_Expenses_Plot\Annual_Operating_Expenses_Plot.html
2025-04-26 08:30:54 - INFO - HTML file saved in cumulative folder at: C:\Users\Mohse\IdeaProjects2\codebase\Original\Batch(3)\Results(3)\v1_3_Cumulative_Plot\Annual_Operating_Expenses_Cumulative_Plot.html
2025-04-26 08:30:54 - INFO - All HTML content successfully saved for metric Annual_Operating_Expenses
2025-04-26 08:30:54 - INFO - Traces names: ['Loan Repayment Terms - ', 'Loan Repayment Terms - ']
2025-04-26 08:30:54 - INFO - HTML file saved in version folder at: C:\Users\Mohse\IdeaProjects2\codebase\Original\Batch(1)\Results(1)\v1_3_Loan_Repayment_Terms_Plot\Loan_Repayment_Terms_Plot.html
2025-04-26 08:30:54 - INFO - HTML file saved in cumulative folder at: C:\Users\Mohse\IdeaProjects2\codebase\Original\Batch(1)\Results(1)\v1_3_Cumulative_Plot\Loan_Repayment_Terms_Cumulative_Plot.html
2025-04-26 08:30:54 - INFO - HTML file saved in version folder at: C:\Users\Mohse\IdeaProjects2\codebase\Original\Batch(3)\Results(3)\v1_3_Loan_Repayment_Terms_Plot\Loan_Repayment_Terms_Plot.html
2025-04-26 08:30:54 - INFO - HTML file saved in cumulative folder at: C:\Users\Mohse\IdeaProjects2\codebase\Original\Batch(3)\Results(3)\v1_3_Cumulative_Plot\Loan_Repayment_Terms_Cumulative_Plot.html
2025-04-26 08:30:54 - INFO - All HTML content successfully saved for metric Loan_Repayment_Terms
2025-04-26 08:30:54 - INFO - Traces names: ['State Taxes - ', 'State Taxes - ']
2025-04-26 08:30:54 - INFO - HTML file saved in version folder at: C:\Users\Mohse\IdeaProjects2\codebase\Original\Batch(1)\Results(1)\v1_3_State_Taxes_Plot\State_Taxes_Plot.html
2025-04-26 08:30:54 - INFO - HTML file saved in cumulative folder at: C:\Users\Mohse\IdeaProjects2\codebase\Original\Batch(1)\Results(1)\v1_3_Cumulative_Plot\State_Taxes_Cumulative_Plot.html
2025-04-26 08:30:54 - INFO - HTML file saved in version folder at: C:\Users\Mohse\IdeaProjects2\codebase\Original\Batch(3)\Results(3)\v1_3_State_Taxes_Plot\State_Taxes_Plot.html
2025-04-26 08:30:54 - INFO - HTML file saved in cumulative folder at: C:\Users\Mohse\IdeaProjects2\codebase\Original\Batch(3)\Results(3)\v1_3_Cumulative_Plot\State_Taxes_Cumulative_Plot.html
2025-04-26 08:30:54 - INFO - All HTML content successfully saved for metric State_Taxes
2025-04-26 08:30:54 - INFO - Traces names: ['Federal Taxes - ', 'Federal Taxes - ']
2025-04-26 08:30:54 - INFO - HTML file saved in version folder at: C:\Users\Mohse\IdeaProjects2\codebase\Original\Batch(1)\Results(1)\v1_3_Federal_Taxes_Plot\Federal_Taxes_Plot.html
2025-04-26 08:30:54 - INFO - HTML file saved in cumulative folder at: C:\Users\Mohse\IdeaProjects2\codebase\Original\Batch(1)\Results(1)\v1_3_Cumulative_Plot\Federal_Taxes_Cumulative_Plot.html
2025-04-26 08:30:54 - INFO - HTML file saved in version folder at: C:\Users\Mohse\IdeaProjects2\codebase\Original\Batch(3)\Results(3)\v1_3_Federal_Taxes_Plot\Federal_Taxes_Plot.html
2025-04-26 08:30:54 - INFO - HTML file saved in cumulative folder at: C:\Users\Mohse\IdeaProjects2\codebase\Original\Batch(3)\Results(3)\v1_3_Cumulative_Plot\Federal_Taxes_Cumulative_Plot.html
2025-04-26 08:30:54 - INFO - All HTML content successfully saved for metric Federal_Taxes
