2025-02-23 17:18:53,713 DEBUG Logging is configured and working correctly.
2025-02-23 17:18:53,864 INFO [31m[1mWARNING: This is a development server. Do not use it in a production deployment. Use a production WSGI server instead.[0m
 * Running on http://127.0.0.1:5009
2025-02-23 17:18:53,864 INFO [33mPress CTRL+C to quit[0m
2025-02-23 17:18:53,882 INFO  * Restarting with stat
2025-02-23 17:18:56,286 DEBUG Logging is configured and working correctly.
2025-02-23 17:18:56,389 WARNING  * Debugger is active!
2025-02-23 17:18:56,396 INFO  * Debugger PIN: 119-059-632
2025-02-23 17:21:45,899 DEBUG Logging is configured and working correctly.
2025-02-23 17:21:46,515 INFO [31m[1mWARNING: This is a development server. Do not use it in a production deployment. Use a production WSGI server instead.[0m
 * Running on http://127.0.0.1:5009
2025-02-23 17:21:46,515 INFO [33mPress CTRL+C to quit[0m
2025-02-23 17:21:46,515 INFO  * Restarting with stat
2025-02-23 17:21:49,730 DEBUG Logging is configured and working correctly.
2025-02-23 17:21:49,963 WARNING  * Debugger is active!
2025-02-23 17:21:49,980 INFO  * Debugger PIN: 119-059-632
2025-02-23 17:23:14,755 DEBUG Logging is configured and working correctly.
2025-02-23 17:23:14,860 INFO [31m[1mWARNING: This is a development server. Do not use it in a production deployment. Use a production WSGI server instead.[0m
 * Running on http://127.0.0.1:5009
2025-02-23 17:23:14,860 INFO [33mPress CTRL+C to quit[0m
2025-02-23 17:23:14,860 INFO  * Restarting with stat
2025-02-23 17:23:16,591 DEBUG Logging is configured and working correctly.
2025-02-23 17:23:16,696 WARNING  * Debugger is active!
2025-02-23 17:23:16,696 INFO  * Debugger PIN: 119-059-632
2025-02-23 17:25:37,860 DEBUG Logging is configured and working correctly.
2025-02-23 17:25:38,060 INFO [31m[1mWARNING: This is a development server. Do not use it in a production deployment. Use a production WSGI server instead.[0m
 * Running on http://127.0.0.1:5009
2025-02-23 17:25:38,060 INFO [33mPress CTRL+C to quit[0m
2025-02-23 17:25:38,060 INFO  * Restarting with stat
2025-02-23 17:25:39,382 DEBUG Logging is configured and working correctly.
2025-02-23 17:25:39,426 WARNING  * Debugger is active!
2025-02-23 17:25:39,426 INFO  * Debugger PIN: 119-059-632
2025-02-23 17:27:18,414 DEBUG Logging is configured and working correctly.
2025-02-23 17:27:18,464 INFO [31m[1mWARNING: This is a development server. Do not use it in a production deployment. Use a production WSGI server instead.[0m
 * Running on http://127.0.0.1:5009
2025-02-23 17:27:18,464 INFO [33mPress CTRL+C to quit[0m
2025-02-23 17:27:18,464 INFO  * Restarting with stat
2025-02-23 17:27:19,097 DEBUG Logging is configured and working correctly.
2025-02-23 17:27:19,131 WARNING  * Debugger is active!
2025-02-23 17:27:19,131 INFO  * Debugger PIN: 119-059-632
2025-02-23 17:27:30,076 DEBUG Logging is configured and working correctly.
2025-02-23 17:27:30,191 INFO [31m[1mWARNING: This is a development server. Do not use it in a production deployment. Use a production WSGI server instead.[0m
 * Running on http://127.0.0.1:5009
2025-02-23 17:27:30,192 INFO [33mPress CTRL+C to quit[0m
2025-02-23 17:27:30,192 INFO  * Restarting with stat
2025-02-23 17:27:31,408 DEBUG Logging is configured and working correctly.
2025-02-23 17:27:31,470 WARNING  * Debugger is active!
2025-02-23 17:27:31,475 INFO  * Debugger PIN: 119-059-632
2025-02-23 17:28:00,677 DEBUG Logging is configured and working correctly.
2025-02-23 17:28:00,730 INFO [31m[1mWARNING: This is a development server. Do not use it in a production deployment. Use a production WSGI server instead.[0m
 * Running on http://127.0.0.1:5009
2025-02-23 17:28:00,730 INFO [33mPress CTRL+C to quit[0m
2025-02-23 17:28:00,746 INFO  * Restarting with stat
2025-02-23 17:28:02,244 DEBUG Logging is configured and working correctly.
2025-02-23 17:28:02,294 WARNING  * Debugger is active!
2025-02-23 17:28:02,296 INFO  * Debugger PIN: 119-059-632
2025-02-23 17:30:32,096 DEBUG Logging is configured and working correctly.
2025-02-23 17:30:32,155 INFO [31m[1mWARNING: This is a development server. Do not use it in a production deployment. Use a production WSGI server instead.[0m
 * Running on http://127.0.0.1:5009
2025-02-23 17:30:32,155 INFO [33mPress CTRL+C to quit[0m
2025-02-23 17:30:32,161 INFO  * Restarting with stat
2025-02-23 17:30:33,609 DEBUG Logging is configured and working correctly.
2025-02-23 17:30:33,676 WARNING  * Debugger is active!
2025-02-23 17:30:33,692 INFO  * Debugger PIN: 119-059-632
2025-02-23 18:00:24,093 INFO  * Detected change in 'C:\\Users\\Mohse\\OneDrive\\Desktop\\Milestone4 - Copy\\backend\\API_endpoints_and_controllers\\Calculations_and_Sensitivity.py', reloading
2025-02-23 18:00:24,179 INFO  * Restarting with stat
2025-02-23 18:00:24,655 INFO  * Detected change in 'C:\\Users\\Mohse\\OneDrive\\Desktop\\Milestone4 - Copy\\backend\\API_endpoints_and_controllers\\Calculations_and_Sensitivity.py', reloading
2025-02-23 18:00:25,019 DEBUG Logging is configured and working correctly.
2025-02-23 18:00:25,053 WARNING  * Debugger is active!
2025-02-23 18:00:25,061 INFO  * Debugger PIN: 119-059-632
2025-02-23 22:07:22,264 DEBUG Logging is configured and working correctly.
2025-02-23 22:07:22,295 INFO [31m[1mWARNING: This is a development server. Do not use it in a production deployment. Use a production WSGI server instead.[0m
 * Running on http://127.0.0.1:5009
2025-02-23 22:07:22,295 INFO [33mPress CTRL+C to quit[0m
2025-02-23 22:07:22,295 INFO  * Restarting with stat
2025-02-23 22:07:22,659 DEBUG Logging is configured and working correctly.
2025-02-23 22:07:22,694 WARNING  * Debugger is active!
2025-02-23 22:07:22,698 INFO  * Debugger PIN: 119-059-632
2025-02-23 22:11:16,018 DEBUG Logging is configured and working correctly.
2025-02-23 22:11:16,068 INFO [31m[1mWARNING: This is a development server. Do not use it in a production deployment. Use a production WSGI server instead.[0m
 * Running on http://127.0.0.1:5009
2025-02-23 22:11:16,068 INFO [33mPress CTRL+C to quit[0m
2025-02-23 22:11:16,068 INFO  * Restarting with stat
2025-02-23 22:11:16,557 DEBUG Logging is configured and working correctly.
2025-02-23 22:11:16,595 WARNING  * Debugger is active!
2025-02-23 22:11:16,601 INFO  * Debugger PIN: 119-059-632
2025-02-24 07:05:41,656 DEBUG Logging is configured and working correctly.
2025-02-24 07:05:41,687 INFO [31m[1mWARNING: This is a development server. Do not use it in a production deployment. Use a production WSGI server instead.[0m
 * Running on http://127.0.0.1:5009
2025-02-24 07:05:41,687 INFO [33mPress CTRL+C to quit[0m
2025-02-24 07:05:41,689 INFO  * Restarting with stat
2025-02-24 07:05:42,047 DEBUG Logging is configured and working correctly.
2025-02-24 07:05:42,068 WARNING  * Debugger is active!
2025-02-24 07:05:42,072 INFO  * Debugger PIN: 119-059-632
2025-02-24 08:13:09,936 INFO  * Detected change in 'C:\\Users\\Mohse\\OneDrive\\Desktop\\Milestone4 - Copy\\backend\\API_endpoints_and_controllers\\Calculations_and_Sensitivity.py', reloading
2025-02-24 08:13:10,049 INFO  * Restarting with stat
2025-02-24 08:13:10,540 DEBUG Logging is configured and working correctly.
2025-02-24 08:13:10,573 WARNING  * Debugger is active!
2025-02-24 08:13:10,579 INFO  * Debugger PIN: 119-059-632
2025-02-24 08:13:28,842 INFO  * Detected change in 'C:\\Users\\Mohse\\OneDrive\\Desktop\\Milestone4 - Copy\\backend\\API_endpoints_and_controllers\\Sensitivity_File_Manager.py', reloading
2025-02-24 08:13:28,900 INFO  * Restarting with stat
2025-02-24 08:13:29,316 DEBUG Logging is configured and working correctly.
2025-02-24 08:13:29,347 WARNING  * Debugger is active!
2025-02-24 08:13:29,353 INFO  * Debugger PIN: 119-059-632
2025-02-24 08:13:55,038 INFO  * Detected change in 'C:\\Users\\Mohse\\OneDrive\\Desktop\\Milestone4 - Copy\\backend\\API_endpoints_and_controllers\\Sensitivity_File_Manager.py', reloading
2025-02-24 08:13:55,149 INFO  * Restarting with stat
2025-02-24 08:13:56,647 DEBUG Logging is configured and working correctly.
2025-02-24 08:13:56,685 WARNING  * Debugger is active!
2025-02-24 08:13:56,694 INFO  * Debugger PIN: 119-059-632
2025-02-24 08:14:11,795 INFO  * Detected change in 'C:\\Users\\Mohse\\OneDrive\\Desktop\\Milestone4 - Copy\\backend\\API_endpoints_and_controllers\\Sensitivity_File_Manager.py', reloading
2025-02-24 08:14:11,857 INFO  * Restarting with stat
2025-02-24 08:14:12,887 DEBUG Logging is configured and working correctly.
2025-02-24 08:14:12,963 WARNING  * Debugger is active!
2025-02-24 08:14:12,970 INFO  * Debugger PIN: 119-059-632
2025-02-24 15:15:53,934 DEBUG Logging is configured and working correctly.
2025-02-24 15:15:53,984 INFO [31m[1mWARNING: This is a development server. Do not use it in a production deployment. Use a production WSGI server instead.[0m
 * Running on http://127.0.0.1:5009
2025-02-24 15:15:53,984 INFO [33mPress CTRL+C to quit[0m
2025-02-24 15:15:53,984 INFO  * Restarting with stat
2025-02-24 15:15:54,453 DEBUG Logging is configured and working correctly.
2025-02-24 15:15:54,484 WARNING  * Debugger is active!
2025-02-24 15:15:54,488 INFO  * Debugger PIN: 119-059-632
2025-02-24 16:41:13,286 DEBUG Logging is configured and working correctly.
2025-02-24 16:41:13,337 INFO [31m[1mWARNING: This is a development server. Do not use it in a production deployment. Use a production WSGI server instead.[0m
 * Running on http://127.0.0.1:5009
2025-02-24 16:41:13,337 INFO [33mPress CTRL+C to quit[0m
2025-02-24 16:41:13,339 INFO  * Restarting with stat
2025-02-24 16:41:13,821 DEBUG Logging is configured and working correctly.
2025-02-24 16:41:13,871 WARNING  * Debugger is active!
2025-02-24 16:41:13,876 INFO  * Debugger PIN: 119-059-632
2025-02-24 16:52:15,853 DEBUG Logging is configured and working correctly.
2025-02-24 16:52:15,900 INFO [31m[1mWARNING: This is a development server. Do not use it in a production deployment. Use a production WSGI server instead.[0m
 * Running on http://127.0.0.1:5009
2025-02-24 16:52:15,900 INFO [33mPress CTRL+C to quit[0m
2025-02-24 16:52:15,900 INFO  * Restarting with stat
2025-02-24 16:52:16,409 DEBUG Logging is configured and working correctly.
2025-02-24 16:52:16,433 WARNING  * Debugger is active!
2025-02-24 16:52:16,454 INFO  * Debugger PIN: 119-059-632
2025-02-25 14:06:14,150 DEBUG Logging is configured and working correctly.
2025-02-25 14:06:14,183 INFO [31m[1mWARNING: This is a development server. Do not use it in a production deployment. Use a production WSGI server instead.[0m
 * Running on http://127.0.0.1:5009
2025-02-25 14:06:14,183 INFO [33mPress CTRL+C to quit[0m
2025-02-25 14:06:14,183 INFO  * Restarting with stat
2025-02-25 14:06:14,583 DEBUG Logging is configured and working correctly.
2025-02-25 14:06:14,602 WARNING  * Debugger is active!
2025-02-25 14:06:14,616 INFO  * Debugger PIN: 119-059-632
2025-02-25 15:29:08,773 DEBUG Logging is configured and working correctly.
2025-02-25 15:29:08,935 INFO [31m[1mWARNING: This is a development server. Do not use it in a production deployment. Use a production WSGI server instead.[0m
 * Running on http://127.0.0.1:5009
2025-02-25 15:29:08,935 INFO [33mPress CTRL+C to quit[0m
2025-02-25 15:29:08,939 INFO  * Restarting with stat
2025-02-25 15:29:10,035 DEBUG Logging is configured and working correctly.
2025-02-25 15:29:10,187 WARNING  * Debugger is active!
2025-02-25 15:29:10,187 INFO  * Debugger PIN: 119-059-632
2025-02-25 17:14:08,547 DEBUG Logging is configured and working correctly.
2025-02-25 17:14:08,631 INFO [31m[1mWARNING: This is a development server. Do not use it in a production deployment. Use a production WSGI server instead.[0m
 * Running on http://127.0.0.1:5009
2025-02-25 17:14:08,631 INFO [33mPress CTRL+C to quit[0m
2025-02-25 17:14:08,644 INFO  * Restarting with stat
2025-02-25 17:14:09,529 DEBUG Logging is configured and working correctly.
2025-02-25 17:14:09,715 WARNING  * Debugger is active!
2025-02-25 17:14:09,715 INFO  * Debugger PIN: 119-059-632
2025-02-25 20:05:41,065 DEBUG Logging is configured and working correctly.
2025-02-25 20:05:41,100 INFO [31m[1mWARNING: This is a development server. Do not use it in a production deployment. Use a production WSGI server instead.[0m
 * Running on http://127.0.0.1:5009
2025-02-25 20:05:41,100 INFO [33mPress CTRL+C to quit[0m
2025-02-25 20:05:41,102 INFO  * Restarting with stat
2025-02-25 20:05:41,534 DEBUG Logging is configured and working correctly.
2025-02-25 20:05:41,555 WARNING  * Debugger is active!
2025-02-25 20:05:41,559 INFO  * Debugger PIN: 119-059-632
2025-02-27 13:43:38,563 DEBUG Logging is configured and working correctly.
2025-02-27 13:43:38,604 INFO [31m[1mWARNING: This is a development server. Do not use it in a production deployment. Use a production WSGI server instead.[0m
 * Running on http://127.0.0.1:5009
2025-02-27 13:43:38,604 INFO [33mPress CTRL+C to quit[0m
2025-02-27 13:43:38,606 INFO  * Restarting with stat
2025-02-27 13:43:39,010 DEBUG Logging is configured and working correctly.
2025-02-27 13:43:39,032 WARNING  * Debugger is active!
2025-02-27 13:43:39,036 INFO  * Debugger PIN: 119-059-632
2025-02-27 13:46:27,414 INFO  * Detected change in 'C:\\Users\\Mohse\\OneDrive\\Desktop\\Milestone4 - Copy\\backend\\API_endpoints_and_controllers\\Calculations.py', reloading
2025-02-27 13:46:27,507 INFO  * Restarting with stat
2025-02-27 13:46:28,174 DEBUG Logging is configured and working correctly.
2025-02-27 13:46:28,208 WARNING  * Debugger is active!
2025-02-27 13:46:28,213 INFO  * Debugger PIN: 119-059-632
2025-02-27 14:11:08,309 DEBUG Logging is configured and working correctly.
2025-02-27 14:11:08,344 INFO [31m[1mWARNING: This is a development server. Do not use it in a production deployment. Use a production WSGI server instead.[0m
 * Running on http://127.0.0.1:5009
2025-02-27 14:11:08,344 INFO [33mPress CTRL+C to quit[0m
2025-02-27 14:11:08,344 INFO  * Restarting with stat
2025-02-27 14:11:08,747 DEBUG Logging is configured and working correctly.
2025-02-27 14:11:08,778 WARNING  * Debugger is active!
2025-02-27 14:11:08,781 INFO  * Debugger PIN: 119-059-632
2025-02-27 14:14:24,204 INFO  * Detected change in 'C:\\Users\\Mohse\\OneDrive\\Desktop\\Milestone4 - Copy\\backend\\API_endpoints_and_controllers\\Create_new_batch.py', reloading
2025-02-27 14:14:24,282 INFO  * Restarting with stat
2025-02-27 14:14:24,785 DEBUG Logging is configured and working correctly.
2025-02-27 14:14:24,816 WARNING  * Debugger is active!
2025-02-27 14:14:24,816 INFO  * Debugger PIN: 119-059-632
2025-02-27 14:14:29,593 INFO  * Detected change in 'C:\\Users\\Mohse\\OneDrive\\Desktop\\Milestone4 - Copy\\backend\\API_endpoints_and_controllers\\Create_new_batch.py', reloading
2025-02-27 14:14:29,656 INFO  * Restarting with stat
2025-02-27 14:14:30,145 DEBUG Logging is configured and working correctly.
2025-02-27 14:14:30,174 WARNING  * Debugger is active!
2025-02-27 14:14:30,174 INFO  * Debugger PIN: 119-059-632
2025-02-27 14:22:17,062 INFO  * Detected change in 'C:\\Users\\Mohse\\OneDrive\\Desktop\\Milestone4 - Copy\\backend\\API_endpoints_and_controllers\\Create_new_batch.py', reloading
2025-02-27 14:22:17,113 INFO  * Restarting with stat
2025-02-27 14:22:17,586 DEBUG Logging is configured and working correctly.
2025-02-27 14:22:17,628 WARNING  * Debugger is active!
2025-02-27 14:22:17,628 INFO  * Debugger PIN: 119-059-632
2025-02-27 14:22:38,436 INFO  * Detected change in 'C:\\Users\\Mohse\\OneDrive\\Desktop\\Milestone4 - Copy\\backend\\API_endpoints_and_controllers\\Create_new_batch.py', reloading
2025-02-27 14:22:38,501 INFO  * Restarting with stat
2025-02-27 14:22:39,002 DEBUG Logging is configured and working correctly.
2025-02-27 14:22:39,035 WARNING  * Debugger is active!
2025-02-27 14:22:39,052 INFO  * Debugger PIN: 119-059-632
2025-02-27 14:35:05,955 DEBUG Logging is configured and working correctly.
2025-02-27 14:35:06,212 INFO [31m[1mWARNING: This is a development server. Do not use it in a production deployment. Use a production WSGI server instead.[0m
 * Running on http://127.0.0.1:5009
2025-02-27 14:35:06,212 INFO [33mPress CTRL+C to quit[0m
2025-02-27 14:35:06,232 INFO  * Restarting with stat
2025-02-27 14:35:07,276 DEBUG Logging is configured and working correctly.
2025-02-27 14:35:07,323 WARNING  * Debugger is active!
2025-02-27 14:35:07,323 INFO  * Debugger PIN: 119-059-632
2025-02-27 14:51:51,972 DEBUG Logging is configured and working correctly.
2025-02-27 14:51:52,003 INFO [31m[1mWARNING: This is a development server. Do not use it in a production deployment. Use a production WSGI server instead.[0m
 * Running on http://127.0.0.1:5009
2025-02-27 14:51:52,003 INFO [33mPress CTRL+C to quit[0m
2025-02-27 14:51:52,003 INFO  * Restarting with stat
2025-02-27 14:51:52,417 DEBUG Logging is configured and working correctly.
2025-02-27 14:51:52,439 WARNING  * Debugger is active!
2025-02-27 14:51:52,439 INFO  * Debugger PIN: 119-059-632
2025-02-27 15:08:11,146 INFO  * Detected change in 'C:\\Users\\Mohse\\OneDrive\\Desktop\\Milestone4 - Copy\\backend\\API_endpoints_and_controllers\\Calculations.py', reloading
2025-02-27 15:08:11,202 INFO  * Restarting with stat
2025-02-27 15:08:11,740 DEBUG Logging is configured and working correctly.
2025-02-27 15:08:11,771 WARNING  * Debugger is active!
2025-02-27 15:08:11,771 INFO  * Debugger PIN: 119-059-632
2025-02-27 15:08:23,754 INFO  * Detected change in 'C:\\Users\\Mohse\\OneDrive\\Desktop\\Milestone4 - Copy\\backend\\API_endpoints_and_controllers\\Calculations.py', reloading
2025-02-27 15:08:23,850 INFO  * Restarting with stat
2025-02-27 15:08:24,850 DEBUG Logging is configured and working correctly.
2025-02-27 15:08:24,908 WARNING  * Debugger is active!
2025-02-27 15:08:24,914 INFO  * Debugger PIN: 119-059-632
2025-02-27 15:08:43,530 INFO  * Detected change in 'C:\\Users\\Mohse\\OneDrive\\Desktop\\Milestone4 - Copy\\backend\\API_endpoints_and_controllers\\Calculations.py', reloading
2025-02-27 15:08:43,566 INFO  * Restarting with stat
2025-02-27 15:08:43,968 DEBUG Logging is configured and working correctly.
2025-02-27 15:08:43,983 WARNING  * Debugger is active!
2025-02-27 15:08:44,002 INFO  * Debugger PIN: 119-059-632
2025-02-27 15:08:49,208 INFO  * Detected change in 'C:\\Users\\Mohse\\OneDrive\\Desktop\\Milestone4 - Copy\\backend\\API_endpoints_and_controllers\\Calculations.py', reloading
2025-02-27 15:08:49,301 INFO  * Restarting with stat
2025-02-27 15:08:49,880 DEBUG Logging is configured and working correctly.
2025-02-27 15:08:49,913 WARNING  * Debugger is active!
2025-02-27 15:08:49,920 INFO  * Debugger PIN: 119-059-632
2025-02-27 15:08:59,061 INFO  * Detected change in 'C:\\Users\\Mohse\\OneDrive\\Desktop\\Milestone4 - Copy\\backend\\API_endpoints_and_controllers\\Calculations.py', reloading
2025-02-27 15:08:59,130 INFO  * Restarting with stat
2025-02-27 15:08:59,679 DEBUG Logging is configured and working correctly.
2025-02-27 15:08:59,714 WARNING  * Debugger is active!
2025-02-27 15:08:59,714 INFO  * Debugger PIN: 119-059-632
2025-02-27 15:09:05,126 INFO  * Detected change in 'C:\\Users\\Mohse\\OneDrive\\Desktop\\Milestone4 - Copy\\backend\\API_endpoints_and_controllers\\Calculations.py', reloading
2025-02-27 15:09:05,205 INFO  * Restarting with stat
2025-02-27 15:09:05,811 DEBUG Logging is configured and working correctly.
2025-02-27 15:09:05,842 WARNING  * Debugger is active!
2025-02-27 15:09:05,842 INFO  * Debugger PIN: 119-059-632
2025-02-27 15:09:10,240 INFO  * Detected change in 'C:\\Users\\Mohse\\OneDrive\\Desktop\\Milestone4 - Copy\\backend\\API_endpoints_and_controllers\\Calculations.py', reloading
2025-02-27 15:09:10,315 INFO  * Restarting with stat
2025-02-27 15:09:10,861 DEBUG Logging is configured and working correctly.
2025-02-27 15:09:10,891 WARNING  * Debugger is active!
2025-02-27 15:09:10,891 INFO  * Debugger PIN: 119-059-632
2025-02-27 15:09:17,002 INFO  * Detected change in 'C:\\Users\\Mohse\\OneDrive\\Desktop\\Milestone4 - Copy\\backend\\API_endpoints_and_controllers\\Calculations.py', reloading
2025-02-27 15:09:17,054 INFO  * Restarting with stat
2025-02-27 15:09:17,532 DEBUG Logging is configured and working correctly.
2025-02-27 15:09:17,551 WARNING  * Debugger is active!
2025-02-27 15:09:17,568 INFO  * Debugger PIN: 119-059-632
2025-02-27 15:09:55,133 INFO  * Detected change in 'C:\\Users\\Mohse\\OneDrive\\Desktop\\Milestone4 - Copy\\backend\\API_endpoints_and_controllers\\Calculations.py', reloading
2025-02-27 15:09:55,192 INFO  * Restarting with stat
2025-02-27 15:09:55,686 DEBUG Logging is configured and working correctly.
2025-02-27 15:09:55,717 WARNING  * Debugger is active!
2025-02-27 15:09:55,733 INFO  * Debugger PIN: 119-059-632
2025-02-27 15:10:09,228 INFO  * Detected change in 'C:\\Users\\Mohse\\OneDrive\\Desktop\\Milestone4 - Copy\\backend\\API_endpoints_and_controllers\\Calculations.py', reloading
2025-02-27 15:10:09,300 INFO  * Restarting with stat
2025-02-27 15:10:09,896 DEBUG Logging is configured and working correctly.
2025-02-27 15:10:09,949 WARNING  * Debugger is active!
2025-02-27 15:10:09,949 INFO  * Debugger PIN: 119-059-632
2025-02-27 15:10:35,369 INFO  * Detected change in 'C:\\Users\\Mohse\\OneDrive\\Desktop\\Milestone4 - Copy\\backend\\API_endpoints_and_controllers\\Calculations.py', reloading
2025-02-27 15:10:35,420 INFO  * Restarting with stat
2025-02-27 15:10:35,935 DEBUG Logging is configured and working correctly.
2025-02-27 15:10:35,967 WARNING  * Debugger is active!
2025-02-27 15:10:35,967 INFO  * Debugger PIN: 119-059-632
2025-02-27 15:11:29,701 INFO  * Detected change in 'C:\\Users\\Mohse\\OneDrive\\Desktop\\Milestone4 - Copy\\backend\\API_endpoints_and_controllers\\Calculations_and_Sensitivity.py', reloading
2025-02-27 15:11:29,781 INFO  * Restarting with stat
2025-02-27 15:11:31,153 DEBUG Logging is configured and working correctly.
2025-02-27 15:11:31,207 WARNING  * Debugger is active!
2025-02-27 15:11:31,211 INFO  * Debugger PIN: 119-059-632
2025-02-27 15:11:59,041 INFO  * Detected change in 'C:\\Users\\Mohse\\OneDrive\\Desktop\\Milestone4 - Copy\\backend\\API_endpoints_and_controllers\\Calculations.py', reloading
2025-02-27 15:11:59,083 INFO  * Restarting with stat
2025-02-27 15:11:59,604 DEBUG Logging is configured and working correctly.
2025-02-27 15:11:59,629 WARNING  * Debugger is active!
2025-02-27 15:11:59,632 INFO  * Debugger PIN: 119-059-632
2025-02-27 15:15:57,974 DEBUG Logging is configured and working correctly.
2025-02-27 15:15:58,005 INFO [31m[1mWARNING: This is a development server. Do not use it in a production deployment. Use a production WSGI server instead.[0m
 * Running on http://127.0.0.1:5009
2025-02-27 15:15:58,005 INFO [33mPress CTRL+C to quit[0m
2025-02-27 15:15:58,005 INFO  * Restarting with stat
2025-02-27 15:15:58,366 DEBUG Logging is configured and working correctly.
2025-02-27 15:15:58,403 WARNING  * Debugger is active!
2025-02-27 15:15:58,403 INFO  * Debugger PIN: 119-059-632
2025-02-27 15:26:26,500 INFO  * Detected change in 'C:\\Users\\Mohse\\OneDrive\\Desktop\\Milestone4 - Copy\\backend\\API_endpoints_and_controllers\\Calculations.py', reloading
2025-02-27 15:26:26,556 INFO  * Restarting with stat
2025-02-27 15:26:26,953 DEBUG Logging is configured and working correctly.
2025-02-27 15:26:26,988 WARNING  * Debugger is active!
2025-02-27 15:26:26,988 INFO  * Debugger PIN: 119-059-632
2025-02-27 15:26:41,168 INFO  * Detected change in 'C:\\Users\\Mohse\\OneDrive\\Desktop\\Milestone4 - Copy\\backend\\API_endpoints_and_controllers\\Calculations.py', reloading
2025-02-27 15:26:41,267 INFO  * Restarting with stat
2025-02-27 15:26:42,318 DEBUG Logging is configured and working correctly.
2025-02-27 15:26:42,386 WARNING  * Debugger is active!
2025-02-27 15:26:42,394 INFO  * Debugger PIN: 119-059-632
2025-02-27 15:27:05,086 INFO  * Detected change in 'C:\\Users\\Mohse\\OneDrive\\Desktop\\Milestone4 - Copy\\backend\\API_endpoints_and_controllers\\Calculations.py', reloading
2025-02-27 15:27:05,136 INFO  * Restarting with stat
2025-02-27 15:27:05,619 DEBUG Logging is configured and working correctly.
2025-02-27 15:27:05,635 WARNING  * Debugger is active!
2025-02-27 15:27:05,635 INFO  * Debugger PIN: 119-059-632
2025-02-27 15:28:08,345 DEBUG Logging is configured and working correctly.
2025-02-27 15:28:08,391 INFO [31m[1mWARNING: This is a development server. Do not use it in a production deployment. Use a production WSGI server instead.[0m
 * Running on http://127.0.0.1:5009
2025-02-27 15:28:08,391 INFO [33mPress CTRL+C to quit[0m
2025-02-27 15:28:08,391 INFO  * Restarting with stat
2025-02-27 15:28:08,767 DEBUG Logging is configured and working correctly.
2025-02-27 15:28:08,801 WARNING  * Debugger is active!
2025-02-27 15:28:08,801 INFO  * Debugger PIN: 119-059-632
2025-02-27 15:51:52,929 INFO  * Detected change in 'C:\\Users\\Mohse\\OneDrive\\Desktop\\Milestone4 - Copy\\backend\\API_endpoints_and_controllers\\Calculations.py', reloading
2025-02-27 15:51:52,996 INFO  * Restarting with stat
2025-02-27 15:51:53,410 DEBUG Logging is configured and working correctly.
2025-02-27 15:51:53,442 WARNING  * Debugger is active!
2025-02-27 15:51:53,445 INFO  * Debugger PIN: 119-059-632
2025-02-27 16:07:40,899 INFO  * Detected change in 'C:\\Users\\Mohse\\OneDrive\\Desktop\\Milestone4 - Copy\\backend\\API_endpoints_and_controllers\\Calculations.py', reloading
2025-02-27 16:07:41,033 INFO  * Restarting with stat
2025-02-27 16:07:42,954 DEBUG Logging is configured and working correctly.
2025-02-27 16:07:43,022 WARNING  * Debugger is active!
2025-02-27 16:07:43,039 INFO  * Debugger PIN: 119-059-632
2025-02-27 16:28:27,458 INFO  * Detected change in 'C:\\Users\\Mohse\\OneDrive\\Desktop\\Milestone4 - Copy\\backend\\API_endpoints_and_controllers\\Calculations.py', reloading
2025-02-27 16:28:27,540 INFO  * Restarting with stat
2025-02-27 16:28:28,161 DEBUG Logging is configured and working correctly.
2025-02-27 16:28:28,196 WARNING  * Debugger is active!
2025-02-27 16:28:28,204 INFO  * Debugger PIN: 119-059-632
2025-02-27 16:29:06,600 INFO  * Detected change in 'C:\\Users\\Mohse\\OneDrive\\Desktop\\Milestone4 - Copy\\backend\\API_endpoints_and_controllers\\Calculations.py', reloading
2025-02-27 16:29:06,664 INFO  * Restarting with stat
2025-02-27 16:29:07,118 DEBUG Logging is configured and working correctly.
2025-02-27 16:29:07,154 WARNING  * Debugger is active!
2025-02-27 16:29:07,154 INFO  * Debugger PIN: 119-059-632
2025-02-27 16:29:54,624 DEBUG Logging is configured and working correctly.
2025-02-27 16:29:54,658 INFO [31m[1mWARNING: This is a development server. Do not use it in a production deployment. Use a production WSGI server instead.[0m
 * Running on http://127.0.0.1:5009
2025-02-27 16:29:54,658 INFO [33mPress CTRL+C to quit[0m
2025-02-27 16:29:54,658 INFO  * Restarting with stat
2025-02-27 16:29:55,066 DEBUG Logging is configured and working correctly.
2025-02-27 16:29:55,084 WARNING  * Debugger is active!
2025-02-27 16:29:55,084 INFO  * Debugger PIN: 119-059-632
2025-02-27 16:40:40,137 DEBUG Logging is configured and working correctly.
2025-02-27 16:40:40,184 INFO [31m[1mWARNING: This is a development server. Do not use it in a production deployment. Use a production WSGI server instead.[0m
 * Running on http://127.0.0.1:5009
2025-02-27 16:40:40,184 INFO [33mPress CTRL+C to quit[0m
2025-02-27 16:40:40,184 INFO  * Restarting with stat
2025-02-27 16:40:40,601 DEBUG Logging is configured and working correctly.
2025-02-27 16:40:40,617 WARNING  * Debugger is active!
2025-02-27 16:40:40,617 INFO  * Debugger PIN: 119-059-632
2025-02-27 16:50:53,229 DEBUG Logging is configured and working correctly.
2025-02-27 16:50:53,264 INFO [31m[1mWARNING: This is a development server. Do not use it in a production deployment. Use a production WSGI server instead.[0m
 * Running on http://127.0.0.1:5009
2025-02-27 16:50:53,264 INFO [33mPress CTRL+C to quit[0m
2025-02-27 16:50:53,264 INFO  * Restarting with stat
2025-02-27 16:50:53,700 DEBUG Logging is configured and working correctly.
2025-02-27 16:50:53,716 WARNING  * Debugger is active!
2025-02-27 16:50:53,731 INFO  * Debugger PIN: 119-059-632
2025-02-27 17:55:28,387 DEBUG Logging is configured and working correctly.
2025-02-27 17:55:28,437 INFO [31m[1mWARNING: This is a development server. Do not use it in a production deployment. Use a production WSGI server instead.[0m
 * Running on http://127.0.0.1:5009
2025-02-27 17:55:28,437 INFO [33mPress CTRL+C to quit[0m
2025-02-27 17:55:28,437 INFO  * Restarting with stat
2025-02-27 17:55:28,823 DEBUG Logging is configured and working correctly.
2025-02-27 17:55:28,838 WARNING  * Debugger is active!
2025-02-27 17:55:28,838 INFO  * Debugger PIN: 119-059-632
