2025-03-23 12:23:20,435 - CalculationsLogger - INFO - Initialized monitor for version 5, status file: C:\Users\Mohse\OneDrive\Desktop\SF.worktrees\ThemeManagement\backend\..\..\Original\Batch(5)\Results(5)\price_optimization_status_5.json
2025-03-23 12:23:20,436 - CalculationsLogger - INFO - Client added to monitor for version 5. Total clients: 1
2025-03-23 12:23:20,437 - CalculationsLogger - INFO - Initialized monitor for version 6, status file: C:\Users\Mohse\OneDrive\Desktop\SF.worktrees\ThemeManagement\backend\..\..\Original\Batch(6)\Results(6)\price_optimization_status_6.json
2025-03-23 12:23:20,438 - CalculationsLogger - INFO - Client added to monitor for version 6. Total clients: 1
2025-03-23 12:23:20,438 - CalculationsLogger - INFO - Monitoring thread started for version 5
2025-03-23 12:23:20,438 - CalculationsLogger - INFO - Monitoring thread started for version 6
2025-03-23 12:23:22,442 - CalculationsLogger - WARNING - Status file not found for version 5, consecutive errors: 5
2025-03-23 12:23:22,443 - CalculationsLogger - WARNING - Status file not found for version 6, consecutive errors: 5
2025-03-23 12:23:24,946 - CalculationsLogger - WARNING - Status file not found for version 5, consecutive errors: 10
2025-03-23 12:23:24,949 - CalculationsLogger - WARNING - Status file not found for version 6, consecutive errors: 10
2025-03-23 12:23:27,454 - CalculationsLogger - WARNING - Status file not found for version 6, consecutive errors: 15
2025-03-23 12:23:27,454 - CalculationsLogger - WARNING - Status file not found for version 5, consecutive errors: 15
2025-03-23 12:23:29,964 - CalculationsLogger - WARNING - Status file not found for version 6, consecutive errors: 20
2025-03-23 12:23:29,964 - CalculationsLogger - WARNING - Status file not found for version 5, consecutive errors: 20
2025-03-23 12:23:30,465 - CalculationsLogger - ERROR - Too many consecutive errors for version 5, stopping monitor
2025-03-23 12:23:30,465 - CalculationsLogger - ERROR - Too many consecutive errors for version 6, stopping monitor
2025-03-23 12:23:30,465 - CalculationsLogger - INFO - Monitoring stopped for version 5
2025-03-23 12:23:30,465 - CalculationsLogger - INFO - Monitoring stopped for version 6
2025-03-23 12:23:30,465 - CalculationsLogger - INFO - Stream ending for version 5 - calculation complete
2025-03-23 12:23:30,465 - CalculationsLogger - INFO - Stream ending for version 6 - calculation complete
2025-03-23 13:59:00,227 - CalculationsLogger - INFO - Initialized monitor for version 2, status file: C:\Users\Mohse\OneDrive\Desktop\SF.worktrees\ThemeManagement\backend\..\..\Original\Batch(2)\Results(2)\price_optimization_status_2.json
2025-03-23 13:59:00,228 - CalculationsLogger - INFO - Client added to monitor for version 2. Total clients: 1
2025-03-23 13:59:00,262 - CalculationsLogger - INFO - Monitoring thread started for version 2
2025-03-23 13:59:02,282 - CalculationsLogger - WARNING - Status file not found for version 2, consecutive errors: 5
2025-03-23 13:59:04,812 - CalculationsLogger - WARNING - Status file not found for version 2, consecutive errors: 10
2025-03-23 13:59:07,334 - CalculationsLogger - WARNING - Status file not found for version 2, consecutive errors: 15
2025-03-23 13:59:09,847 - CalculationsLogger - WARNING - Status file not found for version 2, consecutive errors: 20
2025-03-23 13:59:10,376 - CalculationsLogger - ERROR - Too many consecutive errors for version 2, stopping monitor
2025-03-23 13:59:10,376 - CalculationsLogger - INFO - Monitoring stopped for version 2
2025-03-23 13:59:10,376 - CalculationsLogger - INFO - Stream ending for version 2 - calculation complete
2025-03-23 14:29:55,801 - CalculationsLogger - INFO - Initialized monitor for version 6, status file: C:\Users\Mohse\OneDrive\Desktop\SF.worktrees\ThemeManagement\backend\..\..\Original\Batch(6)\Results(6)\price_optimization_status_6.json
2025-03-23 14:29:55,802 - CalculationsLogger - INFO - Client added to monitor for version 6. Total clients: 1
2025-03-23 14:29:55,809 - CalculationsLogger - INFO - Monitoring thread started for version 6
2025-03-23 14:29:57,811 - CalculationsLogger - WARNING - Status file not found for version 6, consecutive errors: 5
2025-03-23 14:30:00,315 - CalculationsLogger - WARNING - Status file not found for version 6, consecutive errors: 10
2025-03-23 14:30:02,821 - CalculationsLogger - WARNING - Status file not found for version 6, consecutive errors: 15
2025-03-23 14:30:05,325 - CalculationsLogger - WARNING - Status file not found for version 6, consecutive errors: 20
2025-03-23 14:30:05,826 - CalculationsLogger - ERROR - Too many consecutive errors for version 6, stopping monitor
2025-03-23 14:30:05,826 - CalculationsLogger - INFO - Monitoring stopped for version 6
2025-03-23 14:30:05,826 - CalculationsLogger - INFO - Stream ending for version 6 - calculation complete
2025-03-23 15:35:39,385 - CalculationsLogger - INFO - Initialized monitor for version 8, status file: C:\Users\Mohse\OneDrive\Desktop\SF.worktrees\ThemeManagement\backend\..\..\Original\Batch(8)\Results(8)\price_optimization_status_8.json
2025-03-23 15:35:39,386 - CalculationsLogger - INFO - Client added to monitor for version 8. Total clients: 1
2025-03-23 15:35:39,391 - CalculationsLogger - INFO - Monitoring thread started for version 8
2025-03-23 15:35:41,399 - CalculationsLogger - WARNING - Status file not found for version 8, consecutive errors: 5
2025-03-23 15:35:43,908 - CalculationsLogger - WARNING - Status file not found for version 8, consecutive errors: 10
2025-03-23 15:35:46,413 - CalculationsLogger - WARNING - Status file not found for version 8, consecutive errors: 15
2025-03-23 15:35:48,919 - CalculationsLogger - WARNING - Status file not found for version 8, consecutive errors: 20
2025-03-23 15:35:49,420 - CalculationsLogger - ERROR - Too many consecutive errors for version 8, stopping monitor
2025-03-23 15:35:49,420 - CalculationsLogger - INFO - Monitoring stopped for version 8
2025-03-23 15:35:49,421 - CalculationsLogger - INFO - Stream ending for version 8 - calculation complete
