2025-03-17 02:44:03,671 - INFO - Configuration monitoring request for version 1
2025-03-17 02:44:03,671 - INFO - Fetching configuration values for version 1
2025-03-17 02:44:03,672 - INFO - Found configuration file at: C:\Users\Mohse\OneDrive\Desktop\SF.worktrees\ThemeManagement\Original\Batch(1)/ConfigurationPlotSpec(1)/U_configurations(1).py
2025-03-17 02:44:03,674 - INFO - Successfully parsed 0 configuration entries
2025-03-17 02:44:03,674 - INFO - Returning 0 configuration values for version 1
2025-03-17 02:44:03,677 - INFO - Sensitivity monitoring request for version 1
2025-03-17 02:44:03,677 - INFO - Fetching sensitivity values for version 1
2025-03-17 02:44:03,678 - INFO - Returning sensitivity values for version 1
2025-03-17 02:44:03,679 - INFO - Configuration monitoring request for version 1
2025-03-17 02:44:03,680 - INFO - Fetching configuration values for version 1
2025-03-17 02:44:03,680 - INFO - Found configuration file at: C:\Users\Mohse\OneDrive\Desktop\SF.worktrees\ThemeManagement\Original\Batch(1)/ConfigurationPlotSpec(1)/U_configurations(1).py
2025-03-17 02:44:03,681 - INFO - Successfully parsed 0 configuration entries
2025-03-17 02:44:03,681 - INFO - Returning 0 configuration values for version 1
2025-03-17 02:44:03,685 - INFO - Sensitivity monitoring request for version 1
2025-03-17 02:44:03,685 - INFO - Fetching sensitivity values for version 1
2025-03-17 02:44:03,685 - INFO - Returning sensitivity values for version 1
2025-03-17 02:44:03,706 - INFO - Configuration monitoring request for version 1
2025-03-17 02:44:03,708 - INFO - Fetching configuration values for version 1
2025-03-17 02:44:03,708 - INFO - Found configuration file at: C:\Users\Mohse\OneDrive\Desktop\SF.worktrees\ThemeManagement\Original\Batch(1)/ConfigurationPlotSpec(1)/U_configurations(1).py
2025-03-17 02:44:03,708 - INFO - Successfully parsed 0 configuration entries
2025-03-17 02:44:03,709 - INFO - Returning 0 configuration values for version 1
2025-03-17 02:44:03,720 - INFO - Sensitivity monitoring request for version 1
2025-03-17 02:44:03,720 - INFO - Fetching sensitivity values for version 1
2025-03-17 02:44:03,720 - INFO - Returning sensitivity values for version 1
2025-03-17 02:44:03,722 - INFO - Configuration monitoring request for version 1
2025-03-17 02:44:03,722 - INFO - Fetching configuration values for version 1
2025-03-17 02:44:03,723 - INFO - Found configuration file at: C:\Users\Mohse\OneDrive\Desktop\SF.worktrees\ThemeManagement\Original\Batch(1)/ConfigurationPlotSpec(1)/U_configurations(1).py
2025-03-17 02:44:03,724 - INFO - Successfully parsed 0 configuration entries
2025-03-17 02:44:03,724 - INFO - Returning 0 configuration values for version 1
2025-03-17 02:44:03,728 - INFO - Configuration monitoring request for version 1
2025-03-17 02:44:03,728 - INFO - Fetching configuration values for version 1
2025-03-17 02:44:03,729 - INFO - Found configuration file at: C:\Users\Mohse\OneDrive\Desktop\SF.worktrees\ThemeManagement\Original\Batch(1)/ConfigurationPlotSpec(1)/U_configurations(1).py
2025-03-17 02:44:03,730 - INFO - Successfully parsed 0 configuration entries
2025-03-17 02:44:03,730 - INFO - Returning 0 configuration values for version 1
2025-03-17 02:44:03,749 - INFO - Sensitivity monitoring request for version 1
2025-03-17 02:44:03,749 - INFO - Fetching sensitivity values for version 1
2025-03-17 02:44:03,749 - INFO - Returning sensitivity values for version 1
2025-03-17 02:44:15,905 - INFO - Configuration monitoring request for version 1
2025-03-17 02:44:15,905 - INFO - Fetching configuration values for version 1
2025-03-17 02:44:15,905 - INFO - Found configuration file at: C:\Users\Mohse\OneDrive\Desktop\SF.worktrees\ThemeManagement\Original\Batch(1)/ConfigurationPlotSpec(1)/U_configurations(1).py
2025-03-17 02:44:15,905 - INFO - Successfully parsed 0 configuration entries
2025-03-17 02:44:15,905 - INFO - Returning 0 configuration values for version 1
2025-03-17 02:44:15,982 - INFO - Sensitivity monitoring request for version 1
2025-03-17 02:44:15,982 - INFO - Fetching sensitivity values for version 1
2025-03-17 02:44:15,982 - INFO - Returning sensitivity values for version 1
2025-03-17 02:44:20,328 - INFO - Sensitivity monitoring request for version 1
2025-03-17 02:44:20,328 - INFO - Fetching sensitivity values for version 1
2025-03-17 02:44:20,328 - INFO - Returning sensitivity values for version 1
2025-03-17 02:44:20,678 - INFO - Configuration monitoring request for version 1
2025-03-17 02:44:20,678 - INFO - Fetching configuration values for version 1
2025-03-17 02:44:20,678 - INFO - Found configuration file at: C:\Users\Mohse\OneDrive\Desktop\SF.worktrees\ThemeManagement\Original\Batch(1)/ConfigurationPlotSpec(1)/U_configurations(1).py
2025-03-17 02:44:20,678 - INFO - Successfully parsed 0 configuration entries
2025-03-17 02:44:20,678 - INFO - Returning 0 configuration values for version 1
2025-03-17 02:44:25,902 - INFO - Configuration monitoring request for version 1
2025-03-17 02:44:25,902 - INFO - Fetching configuration values for version 1
2025-03-17 02:44:25,902 - INFO - Found configuration file at: C:\Users\Mohse\OneDrive\Desktop\SF.worktrees\ThemeManagement\Original\Batch(1)/ConfigurationPlotSpec(1)/U_configurations(1).py
2025-03-17 02:44:25,902 - INFO - Successfully parsed 0 configuration entries
2025-03-17 02:44:25,902 - INFO - Returning 0 configuration values for version 1
2025-03-17 02:44:25,978 - INFO - Sensitivity monitoring request for version 1
2025-03-17 02:44:25,978 - INFO - Fetching sensitivity values for version 1
2025-03-17 02:44:25,978 - INFO - Returning sensitivity values for version 1
2025-03-17 02:44:30,337 - INFO - Sensitivity monitoring request for version 1
2025-03-17 02:44:30,337 - INFO - Fetching sensitivity values for version 1
2025-03-17 02:44:30,337 - INFO - Returning sensitivity values for version 1
2025-03-17 02:44:30,645 - INFO - Configuration monitoring request for version 1
2025-03-17 02:44:30,645 - INFO - Fetching configuration values for version 1
2025-03-17 02:44:30,645 - INFO - Found configuration file at: C:\Users\Mohse\OneDrive\Desktop\SF.worktrees\ThemeManagement\Original\Batch(1)/ConfigurationPlotSpec(1)/U_configurations(1).py
2025-03-17 02:44:30,645 - INFO - Successfully parsed 0 configuration entries
2025-03-17 02:44:30,645 - INFO - Returning 0 configuration values for version 1
2025-03-17 02:44:35,925 - INFO - Configuration monitoring request for version 1
2025-03-17 02:44:35,925 - INFO - Fetching configuration values for version 1
2025-03-17 02:44:35,925 - INFO - Found configuration file at: C:\Users\Mohse\OneDrive\Desktop\SF.worktrees\ThemeManagement\Original\Batch(1)/ConfigurationPlotSpec(1)/U_configurations(1).py
2025-03-17 02:44:35,925 - INFO - Successfully parsed 0 configuration entries
2025-03-17 02:44:35,925 - INFO - Returning 0 configuration values for version 1
2025-03-17 02:44:35,976 - INFO - Sensitivity monitoring request for version 1
2025-03-17 02:44:35,976 - INFO - Fetching sensitivity values for version 1
2025-03-17 02:44:35,976 - INFO - Returning sensitivity values for version 1
2025-03-17 02:44:40,334 - INFO - Sensitivity monitoring request for version 1
2025-03-17 02:44:40,334 - INFO - Fetching sensitivity values for version 1
2025-03-17 02:44:40,334 - INFO - Returning sensitivity values for version 1
2025-03-17 02:44:40,696 - INFO - Configuration monitoring request for version 1
2025-03-17 02:44:40,696 - INFO - Fetching configuration values for version 1
2025-03-17 02:44:40,697 - INFO - Found configuration file at: C:\Users\Mohse\OneDrive\Desktop\SF.worktrees\ThemeManagement\Original\Batch(1)/ConfigurationPlotSpec(1)/U_configurations(1).py
2025-03-17 02:44:40,697 - INFO - Successfully parsed 0 configuration entries
2025-03-17 02:44:40,697 - INFO - Returning 0 configuration values for version 1
2025-03-17 02:44:45,906 - INFO - Sensitivity monitoring request for version 1
2025-03-17 02:44:45,906 - INFO - Fetching sensitivity values for version 1
2025-03-17 02:44:45,906 - INFO - Returning sensitivity values for version 1
2025-03-17 02:44:46,018 - INFO - Configuration monitoring request for version 1
2025-03-17 02:44:46,019 - INFO - Fetching configuration values for version 1
2025-03-17 02:44:46,019 - INFO - Found configuration file at: C:\Users\Mohse\OneDrive\Desktop\SF.worktrees\ThemeManagement\Original\Batch(1)/ConfigurationPlotSpec(1)/U_configurations(1).py
2025-03-17 02:44:46,020 - INFO - Successfully parsed 0 configuration entries
2025-03-17 02:44:46,020 - INFO - Returning 0 configuration values for version 1
2025-03-17 02:44:50,328 - INFO - Sensitivity monitoring request for version 1
2025-03-17 02:44:50,328 - INFO - Fetching sensitivity values for version 1
2025-03-17 02:44:50,328 - INFO - Returning sensitivity values for version 1
2025-03-17 02:44:50,638 - INFO - Configuration monitoring request for version 1
2025-03-17 02:44:50,638 - INFO - Fetching configuration values for version 1
2025-03-17 02:44:50,638 - INFO - Found configuration file at: C:\Users\Mohse\OneDrive\Desktop\SF.worktrees\ThemeManagement\Original\Batch(1)/ConfigurationPlotSpec(1)/U_configurations(1).py
2025-03-17 02:44:50,638 - INFO - Successfully parsed 0 configuration entries
2025-03-17 02:44:50,638 - INFO - Returning 0 configuration values for version 1
2025-03-17 02:44:55,906 - INFO - Configuration monitoring request for version 1
2025-03-17 02:44:55,906 - INFO - Fetching configuration values for version 1
2025-03-17 02:44:55,906 - INFO - Found configuration file at: C:\Users\Mohse\OneDrive\Desktop\SF.worktrees\ThemeManagement\Original\Batch(1)/ConfigurationPlotSpec(1)/U_configurations(1).py
2025-03-17 02:44:55,906 - INFO - Successfully parsed 0 configuration entries
2025-03-17 02:44:55,906 - INFO - Returning 0 configuration values for version 1
2025-03-17 02:44:55,980 - INFO - Sensitivity monitoring request for version 1
2025-03-17 02:44:55,980 - INFO - Fetching sensitivity values for version 1
2025-03-17 02:44:55,980 - INFO - Returning sensitivity values for version 1
2025-03-17 02:45:07,085 - INFO - Configuration monitoring request for version 1
2025-03-17 02:45:07,094 - INFO - Fetching configuration values for version 1
2025-03-17 02:45:07,094 - INFO - Found configuration file at: C:\Users\Mohse\OneDrive\Desktop\SF.worktrees\ThemeManagement\Original\Batch(1)/ConfigurationPlotSpec(1)/U_configurations(1).py
2025-03-17 02:45:07,095 - INFO - Successfully parsed 0 configuration entries
2025-03-17 02:45:07,095 - INFO - Returning 0 configuration values for version 1
2025-03-17 02:45:07,103 - INFO - Sensitivity monitoring request for version 1
2025-03-17 02:45:07,103 - INFO - Fetching sensitivity values for version 1
2025-03-17 02:45:07,103 - INFO - Returning sensitivity values for version 1
2025-03-17 02:45:07,146 - INFO - Sensitivity monitoring request for version 1
2025-03-17 02:45:07,146 - INFO - Fetching sensitivity values for version 1
2025-03-17 02:45:07,146 - INFO - Returning sensitivity values for version 1
2025-03-17 02:45:07,344 - INFO - Sensitivity monitoring request for version 1
2025-03-17 02:45:07,344 - INFO - Fetching sensitivity values for version 1
2025-03-17 02:45:07,344 - INFO - Returning sensitivity values for version 1
2025-03-17 02:45:07,411 - INFO - Configuration monitoring request for version 1
2025-03-17 02:45:07,411 - INFO - Configuration monitoring request for version 1
2025-03-17 02:45:07,411 - INFO - Fetching configuration values for version 1
2025-03-17 02:45:07,411 - INFO - Fetching configuration values for version 1
2025-03-17 02:45:07,411 - INFO - Found configuration file at: C:\Users\Mohse\OneDrive\Desktop\SF.worktrees\ThemeManagement\Original\Batch(1)/ConfigurationPlotSpec(1)/U_configurations(1).py
2025-03-17 02:45:07,411 - INFO - Found configuration file at: C:\Users\Mohse\OneDrive\Desktop\SF.worktrees\ThemeManagement\Original\Batch(1)/ConfigurationPlotSpec(1)/U_configurations(1).py
2025-03-17 02:45:07,411 - INFO - Sensitivity monitoring request for version 6
2025-03-17 02:45:07,411 - INFO - Fetching sensitivity values for version 6
2025-03-17 02:45:07,411 - INFO - Returning sensitivity values for version 6
2025-03-17 02:45:07,411 - INFO - Successfully parsed 0 configuration entries
2025-03-17 02:45:07,411 - INFO - Returning 0 configuration values for version 1
2025-03-17 02:45:07,411 - INFO - Successfully parsed 0 configuration entries
2025-03-17 02:45:07,411 - INFO - Returning 0 configuration values for version 1
2025-03-17 02:45:07,450 - INFO - Configuration monitoring request for version 6
2025-03-17 02:45:07,450 - INFO - Fetching configuration values for version 6
2025-03-17 02:45:07,450 - INFO - Found configuration file at: C:\Users\Mohse\OneDrive\Desktop\SF.worktrees\ThemeManagement\Original\Batch(6)/ConfigurationPlotSpec(6)/U_configurations(6).py
2025-03-17 02:45:07,450 - INFO - Successfully parsed 0 configuration entries
2025-03-17 02:45:07,450 - INFO - Returning 0 configuration values for version 6
2025-03-17 02:45:07,473 - INFO - Sensitivity monitoring request for version 1
2025-03-17 02:45:07,473 - INFO - Fetching sensitivity values for version 1
2025-03-17 02:45:07,473 - INFO - Returning sensitivity values for version 1
2025-03-17 02:45:07,680 - INFO - Configuration monitoring request for version 1
2025-03-17 02:45:07,680 - INFO - Fetching configuration values for version 1
2025-03-17 02:45:07,680 - INFO - Found configuration file at: C:\Users\Mohse\OneDrive\Desktop\SF.worktrees\ThemeManagement\Original\Batch(1)/ConfigurationPlotSpec(1)/U_configurations(1).py
2025-03-17 02:45:07,681 - INFO - Successfully parsed 0 configuration entries
2025-03-17 02:45:07,681 - INFO - Returning 0 configuration values for version 1
2025-03-17 02:46:07,159 - INFO - Sensitivity monitoring request for version 1
2025-03-17 02:46:07,159 - INFO - Fetching sensitivity values for version 1
2025-03-17 02:46:07,159 - INFO - Returning sensitivity values for version 1
2025-03-17 02:46:07,239 - INFO - Sensitivity monitoring request for version 1
2025-03-17 02:46:07,239 - INFO - Fetching sensitivity values for version 1
2025-03-17 02:46:07,239 - INFO - Returning sensitivity values for version 1
2025-03-17 02:46:07,297 - INFO - Sensitivity monitoring request for version 1
2025-03-17 02:46:07,297 - INFO - Fetching sensitivity values for version 1
2025-03-17 02:46:07,298 - INFO - Returning sensitivity values for version 1
2025-03-17 02:46:07,316 - INFO - Configuration monitoring request for version 1
2025-03-17 02:46:07,317 - INFO - Fetching configuration values for version 1
2025-03-17 02:46:07,318 - INFO - Found configuration file at: C:\Users\Mohse\OneDrive\Desktop\SF.worktrees\ThemeManagement\Original\Batch(1)/ConfigurationPlotSpec(1)/U_configurations(1).py
2025-03-17 02:46:07,318 - INFO - Successfully parsed 0 configuration entries
2025-03-17 02:46:07,318 - INFO - Returning 0 configuration values for version 1
2025-03-17 02:46:07,374 - INFO - Configuration monitoring request for version 1
2025-03-17 02:46:07,374 - INFO - Fetching configuration values for version 1
2025-03-17 02:46:07,375 - INFO - Found configuration file at: C:\Users\Mohse\OneDrive\Desktop\SF.worktrees\ThemeManagement\Original\Batch(1)/ConfigurationPlotSpec(1)/U_configurations(1).py
2025-03-17 02:46:07,375 - INFO - Successfully parsed 0 configuration entries
2025-03-17 02:46:07,375 - INFO - Returning 0 configuration values for version 1
2025-03-17 02:46:07,422 - INFO - Sensitivity monitoring request for version 6
2025-03-17 02:46:07,422 - INFO - Fetching sensitivity values for version 6
2025-03-17 02:46:07,423 - INFO - Returning sensitivity values for version 6
2025-03-17 02:46:07,507 - INFO - Configuration monitoring request for version 1
2025-03-17 02:46:07,507 - INFO - Fetching configuration values for version 1
2025-03-17 02:46:07,508 - INFO - Found configuration file at: C:\Users\Mohse\OneDrive\Desktop\SF.worktrees\ThemeManagement\Original\Batch(1)/ConfigurationPlotSpec(1)/U_configurations(1).py
2025-03-17 02:46:07,508 - INFO - Successfully parsed 0 configuration entries
2025-03-17 02:46:07,508 - INFO - Returning 0 configuration values for version 1
2025-03-17 02:46:07,553 - INFO - Configuration monitoring request for version 6
2025-03-17 02:46:07,553 - INFO - Fetching configuration values for version 6
2025-03-17 02:46:07,554 - INFO - Found configuration file at: C:\Users\Mohse\OneDrive\Desktop\SF.worktrees\ThemeManagement\Original\Batch(6)/ConfigurationPlotSpec(6)/U_configurations(6).py
2025-03-17 02:46:07,554 - INFO - Successfully parsed 0 configuration entries
2025-03-17 02:46:07,554 - INFO - Returning 0 configuration values for version 6
2025-03-17 02:46:07,983 - INFO - Sensitivity monitoring request for version 1
2025-03-17 02:46:07,983 - INFO - Fetching sensitivity values for version 1
2025-03-17 02:46:07,983 - INFO - Returning sensitivity values for version 1
2025-03-17 02:46:07,983 - INFO - Configuration monitoring request for version 1
2025-03-17 02:46:07,983 - INFO - Fetching configuration values for version 1
2025-03-17 02:46:07,983 - INFO - Found configuration file at: C:\Users\Mohse\OneDrive\Desktop\SF.worktrees\ThemeManagement\Original\Batch(1)/ConfigurationPlotSpec(1)/U_configurations(1).py
2025-03-17 02:46:07,983 - INFO - Successfully parsed 0 configuration entries
2025-03-17 02:46:07,983 - INFO - Returning 0 configuration values for version 1
2025-03-17 02:47:06,970 - INFO - Sensitivity monitoring request for version 1
2025-03-17 02:47:06,971 - INFO - Fetching sensitivity values for version 1
2025-03-17 02:47:06,971 - INFO - Returning sensitivity values for version 1
2025-03-17 02:47:06,974 - INFO - Configuration monitoring request for version 6
2025-03-17 02:47:06,974 - INFO - Fetching configuration values for version 6
2025-03-17 02:47:06,976 - INFO - Found configuration file at: C:\Users\Mohse\OneDrive\Desktop\SF.worktrees\ThemeManagement\Original\Batch(6)/ConfigurationPlotSpec(6)/U_configurations(6).py
2025-03-17 02:47:06,977 - INFO - Successfully parsed 0 configuration entries
2025-03-17 02:47:06,977 - INFO - Returning 0 configuration values for version 6
2025-03-17 02:47:07,272 - INFO - Sensitivity monitoring request for version 6
2025-03-17 02:47:07,272 - INFO - Fetching sensitivity values for version 6
2025-03-17 02:47:07,272 - INFO - Configuration monitoring request for version 1
2025-03-17 02:47:07,272 - INFO - Sensitivity monitoring request for version 1
2025-03-17 02:47:07,272 - INFO - Returning sensitivity values for version 6
2025-03-17 02:47:07,272 - INFO - Fetching configuration values for version 1
2025-03-17 02:47:07,272 - INFO - Fetching sensitivity values for version 1
2025-03-17 02:47:07,272 - INFO - Sensitivity monitoring request for version 1
2025-03-17 02:47:07,272 - INFO - Returning sensitivity values for version 1
2025-03-17 02:47:07,272 - INFO - Found configuration file at: C:\Users\Mohse\OneDrive\Desktop\SF.worktrees\ThemeManagement\Original\Batch(1)/ConfigurationPlotSpec(1)/U_configurations(1).py
2025-03-17 02:47:07,272 - INFO - Fetching sensitivity values for version 1
2025-03-17 02:47:07,272 - INFO - Returning sensitivity values for version 1
2025-03-17 02:47:07,272 - INFO - Successfully parsed 0 configuration entries
2025-03-17 02:47:07,272 - INFO - Returning 0 configuration values for version 1
2025-03-17 02:47:07,272 - INFO - Configuration monitoring request for version 1
2025-03-17 02:47:07,272 - INFO - Fetching configuration values for version 1
2025-03-17 02:47:07,272 - INFO - Found configuration file at: C:\Users\Mohse\OneDrive\Desktop\SF.worktrees\ThemeManagement\Original\Batch(1)/ConfigurationPlotSpec(1)/U_configurations(1).py
2025-03-17 02:47:07,285 - INFO - Configuration monitoring request for version 1
2025-03-17 02:47:07,286 - INFO - Fetching configuration values for version 1
2025-03-17 02:47:07,287 - INFO - Successfully parsed 0 configuration entries
2025-03-17 02:47:07,289 - INFO - Found configuration file at: C:\Users\Mohse\OneDrive\Desktop\SF.worktrees\ThemeManagement\Original\Batch(1)/ConfigurationPlotSpec(1)/U_configurations(1).py
2025-03-17 02:47:07,289 - INFO - Returning 0 configuration values for version 1
2025-03-17 02:47:07,290 - INFO - Successfully parsed 0 configuration entries
2025-03-17 02:47:07,290 - INFO - Returning 0 configuration values for version 1
2025-03-17 02:47:07,596 - INFO - Sensitivity monitoring request for version 1
2025-03-17 02:47:07,596 - INFO - Fetching sensitivity values for version 1
2025-03-17 02:47:07,597 - INFO - Returning sensitivity values for version 1
2025-03-17 02:47:07,598 - INFO - Configuration monitoring request for version 1
2025-03-17 02:47:07,598 - INFO - Fetching configuration values for version 1
2025-03-17 02:47:07,598 - INFO - Found configuration file at: C:\Users\Mohse\OneDrive\Desktop\SF.worktrees\ThemeManagement\Original\Batch(1)/ConfigurationPlotSpec(1)/U_configurations(1).py
2025-03-17 02:47:07,599 - INFO - Successfully parsed 0 configuration entries
2025-03-17 02:47:07,599 - INFO - Returning 0 configuration values for version 1
2025-03-17 02:48:06,979 - INFO - Sensitivity monitoring request for version 1
2025-03-17 02:48:06,979 - INFO - Fetching sensitivity values for version 1
2025-03-17 02:48:06,979 - INFO - Returning sensitivity values for version 1
2025-03-17 02:48:06,983 - INFO - Sensitivity monitoring request for version 1
2025-03-17 02:48:06,983 - INFO - Fetching sensitivity values for version 1
2025-03-17 02:48:06,983 - INFO - Returning sensitivity values for version 1
2025-03-17 02:48:07,280 - INFO - Sensitivity monitoring request for version 1
2025-03-17 02:48:07,280 - INFO - Fetching sensitivity values for version 1
2025-03-17 02:48:07,280 - INFO - Returning sensitivity values for version 1
2025-03-17 02:48:07,296 - INFO - Configuration monitoring request for version 6
2025-03-17 02:48:07,296 - INFO - Fetching configuration values for version 6
2025-03-17 02:48:07,296 - INFO - Found configuration file at: C:\Users\Mohse\OneDrive\Desktop\SF.worktrees\ThemeManagement\Original\Batch(6)/ConfigurationPlotSpec(6)/U_configurations(6).py
2025-03-17 02:48:07,296 - INFO - Successfully parsed 0 configuration entries
2025-03-17 02:48:07,296 - INFO - Returning 0 configuration values for version 6
2025-03-17 02:48:07,351 - INFO - Sensitivity monitoring request for version 6
2025-03-17 02:48:07,351 - INFO - Fetching sensitivity values for version 6
2025-03-17 02:48:07,351 - INFO - Returning sensitivity values for version 6
2025-03-17 02:48:07,352 - INFO - Configuration monitoring request for version 1
2025-03-17 02:48:07,353 - INFO - Fetching configuration values for version 1
2025-03-17 02:48:07,353 - INFO - Found configuration file at: C:\Users\Mohse\OneDrive\Desktop\SF.worktrees\ThemeManagement\Original\Batch(1)/ConfigurationPlotSpec(1)/U_configurations(1).py
2025-03-17 02:48:07,353 - INFO - Successfully parsed 0 configuration entries
2025-03-17 02:48:07,353 - INFO - Returning 0 configuration values for version 1
2025-03-17 02:48:07,389 - INFO - Configuration monitoring request for version 1
2025-03-17 02:48:07,390 - INFO - Fetching configuration values for version 1
2025-03-17 02:48:07,390 - INFO - Found configuration file at: C:\Users\Mohse\OneDrive\Desktop\SF.worktrees\ThemeManagement\Original\Batch(1)/ConfigurationPlotSpec(1)/U_configurations(1).py
2025-03-17 02:48:07,391 - INFO - Successfully parsed 0 configuration entries
2025-03-17 02:48:07,391 - INFO - Returning 0 configuration values for version 1
2025-03-17 02:48:07,501 - INFO - Configuration monitoring request for version 1
2025-03-17 02:48:07,501 - INFO - Fetching configuration values for version 1
2025-03-17 02:48:07,501 - INFO - Found configuration file at: C:\Users\Mohse\OneDrive\Desktop\SF.worktrees\ThemeManagement\Original\Batch(1)/ConfigurationPlotSpec(1)/U_configurations(1).py
2025-03-17 02:48:07,502 - INFO - Successfully parsed 0 configuration entries
2025-03-17 02:48:07,502 - INFO - Returning 0 configuration values for version 1
2025-03-17 02:48:07,746 - INFO - Configuration monitoring request for version 1
2025-03-17 02:48:07,746 - INFO - Fetching configuration values for version 1
2025-03-17 02:48:07,746 - INFO - Found configuration file at: C:\Users\Mohse\OneDrive\Desktop\SF.worktrees\ThemeManagement\Original\Batch(1)/ConfigurationPlotSpec(1)/U_configurations(1).py
2025-03-17 02:48:07,746 - INFO - Successfully parsed 0 configuration entries
2025-03-17 02:48:07,746 - INFO - Returning 0 configuration values for version 1
2025-03-17 02:48:07,746 - INFO - Sensitivity monitoring request for version 1
2025-03-17 02:48:07,762 - INFO - Fetching sensitivity values for version 1
2025-03-17 02:48:07,762 - INFO - Returning sensitivity values for version 1
2025-03-17 02:49:07,070 - INFO - Sensitivity monitoring request for version 1
2025-03-17 02:49:07,070 - INFO - Fetching sensitivity values for version 1
2025-03-17 02:49:07,070 - INFO - Returning sensitivity values for version 1
2025-03-17 02:49:07,102 - INFO - Sensitivity monitoring request for version 1
2025-03-17 02:49:07,102 - INFO - Fetching sensitivity values for version 1
2025-03-17 02:49:07,102 - INFO - Returning sensitivity values for version 1
2025-03-17 02:49:07,102 - INFO - Sensitivity monitoring request for version 1
2025-03-17 02:49:07,102 - INFO - Fetching sensitivity values for version 1
2025-03-17 02:49:07,102 - INFO - Returning sensitivity values for version 1
2025-03-17 02:49:07,116 - INFO - Configuration monitoring request for version 6
2025-03-17 02:49:07,116 - INFO - Fetching configuration values for version 6
2025-03-17 02:49:07,116 - INFO - Found configuration file at: C:\Users\Mohse\OneDrive\Desktop\SF.worktrees\ThemeManagement\Original\Batch(6)/ConfigurationPlotSpec(6)/U_configurations(6).py
2025-03-17 02:49:07,117 - INFO - Successfully parsed 0 configuration entries
2025-03-17 02:49:07,117 - INFO - Returning 0 configuration values for version 6
2025-03-17 02:49:07,315 - INFO - Sensitivity monitoring request for version 6
2025-03-17 02:49:07,315 - INFO - Fetching sensitivity values for version 6
2025-03-17 02:49:07,315 - INFO - Returning sensitivity values for version 6
2025-03-17 02:49:07,368 - INFO - Configuration monitoring request for version 1
2025-03-17 02:49:07,368 - INFO - Fetching configuration values for version 1
2025-03-17 02:49:07,368 - INFO - Found configuration file at: C:\Users\Mohse\OneDrive\Desktop\SF.worktrees\ThemeManagement\Original\Batch(1)/ConfigurationPlotSpec(1)/U_configurations(1).py
2025-03-17 02:49:07,368 - INFO - Successfully parsed 0 configuration entries
2025-03-17 02:49:07,368 - INFO - Returning 0 configuration values for version 1
2025-03-17 02:49:07,384 - INFO - Configuration monitoring request for version 1
2025-03-17 02:49:07,384 - INFO - Fetching configuration values for version 1
2025-03-17 02:49:07,384 - INFO - Found configuration file at: C:\Users\Mohse\OneDrive\Desktop\SF.worktrees\ThemeManagement\Original\Batch(1)/ConfigurationPlotSpec(1)/U_configurations(1).py
2025-03-17 02:49:07,384 - INFO - Successfully parsed 0 configuration entries
2025-03-17 02:49:07,384 - INFO - Returning 0 configuration values for version 1
2025-03-17 02:49:07,435 - INFO - Configuration monitoring request for version 1
2025-03-17 02:49:07,435 - INFO - Fetching configuration values for version 1
2025-03-17 02:49:07,435 - INFO - Found configuration file at: C:\Users\Mohse\OneDrive\Desktop\SF.worktrees\ThemeManagement\Original\Batch(1)/ConfigurationPlotSpec(1)/U_configurations(1).py
2025-03-17 02:49:07,436 - INFO - Successfully parsed 0 configuration entries
2025-03-17 02:49:07,436 - INFO - Returning 0 configuration values for version 1
2025-03-17 02:49:08,361 - INFO - Sensitivity monitoring request for version 1
2025-03-17 02:49:08,361 - INFO - Fetching sensitivity values for version 1
2025-03-17 02:49:08,361 - INFO - Returning sensitivity values for version 1
2025-03-17 02:49:08,417 - INFO - Configuration monitoring request for version 1
2025-03-17 02:49:08,417 - INFO - Fetching configuration values for version 1
2025-03-17 02:49:08,417 - INFO - Found configuration file at: C:\Users\Mohse\OneDrive\Desktop\SF.worktrees\ThemeManagement\Original\Batch(1)/ConfigurationPlotSpec(1)/U_configurations(1).py
2025-03-17 02:49:08,417 - INFO - Successfully parsed 0 configuration entries
2025-03-17 02:49:08,417 - INFO - Returning 0 configuration values for version 1
2025-03-17 02:50:07,034 - INFO - Sensitivity monitoring request for version 1
2025-03-17 02:50:07,034 - INFO - Fetching sensitivity values for version 1
2025-03-17 02:50:07,035 - INFO - Returning sensitivity values for version 1
2025-03-17 02:50:07,059 - INFO - Configuration monitoring request for version 6
2025-03-17 02:50:07,059 - INFO - Fetching configuration values for version 6
2025-03-17 02:50:07,060 - INFO - Found configuration file at: C:\Users\Mohse\OneDrive\Desktop\SF.worktrees\ThemeManagement\Original\Batch(6)/ConfigurationPlotSpec(6)/U_configurations(6).py
2025-03-17 02:50:07,060 - INFO - Successfully parsed 0 configuration entries
2025-03-17 02:50:07,060 - INFO - Returning 0 configuration values for version 6
2025-03-17 02:50:07,084 - INFO - Sensitivity monitoring request for version 6
2025-03-17 02:50:07,085 - INFO - Fetching sensitivity values for version 6
2025-03-17 02:50:07,085 - INFO - Returning sensitivity values for version 6
2025-03-17 02:50:07,108 - INFO - Configuration monitoring request for version 1
2025-03-17 02:50:07,108 - INFO - Fetching configuration values for version 1
2025-03-17 02:50:07,108 - INFO - Found configuration file at: C:\Users\Mohse\OneDrive\Desktop\SF.worktrees\ThemeManagement\Original\Batch(1)/ConfigurationPlotSpec(1)/U_configurations(1).py
2025-03-17 02:50:07,108 - INFO - Successfully parsed 0 configuration entries
2025-03-17 02:50:07,108 - INFO - Returning 0 configuration values for version 1
2025-03-17 02:50:07,165 - INFO - Sensitivity monitoring request for version 1
2025-03-17 02:50:07,165 - INFO - Fetching sensitivity values for version 1
2025-03-17 02:50:07,166 - INFO - Returning sensitivity values for version 1
2025-03-17 02:50:07,320 - INFO - Configuration monitoring request for version 1
2025-03-17 02:50:07,320 - INFO - Fetching configuration values for version 1
2025-03-17 02:50:07,320 - INFO - Found configuration file at: C:\Users\Mohse\OneDrive\Desktop\SF.worktrees\ThemeManagement\Original\Batch(1)/ConfigurationPlotSpec(1)/U_configurations(1).py
2025-03-17 02:50:07,320 - INFO - Successfully parsed 0 configuration entries
2025-03-17 02:50:07,320 - INFO - Returning 0 configuration values for version 1
2025-03-17 02:50:07,358 - INFO - Sensitivity monitoring request for version 1
2025-03-17 02:50:07,358 - INFO - Fetching sensitivity values for version 1
2025-03-17 02:50:07,358 - INFO - Returning sensitivity values for version 1
2025-03-17 02:50:07,392 - INFO - Configuration monitoring request for version 1
2025-03-17 02:50:07,392 - INFO - Fetching configuration values for version 1
2025-03-17 02:50:07,392 - INFO - Found configuration file at: C:\Users\Mohse\OneDrive\Desktop\SF.worktrees\ThemeManagement\Original\Batch(1)/ConfigurationPlotSpec(1)/U_configurations(1).py
2025-03-17 02:50:07,393 - INFO - Successfully parsed 0 configuration entries
2025-03-17 02:50:07,393 - INFO - Returning 0 configuration values for version 1
2025-03-17 02:50:09,453 - INFO - Configuration monitoring request for version 1
2025-03-17 02:50:09,453 - INFO - Fetching configuration values for version 1
2025-03-17 02:50:09,453 - INFO - Found configuration file at: C:\Users\Mohse\OneDrive\Desktop\SF.worktrees\ThemeManagement\Original\Batch(1)/ConfigurationPlotSpec(1)/U_configurations(1).py
2025-03-17 02:50:09,453 - INFO - Successfully parsed 0 configuration entries
2025-03-17 02:50:09,453 - INFO - Returning 0 configuration values for version 1
2025-03-17 02:51:07,034 - INFO - Sensitivity monitoring request for version 1
2025-03-17 02:51:07,034 - INFO - Fetching sensitivity values for version 1
2025-03-17 02:51:07,034 - INFO - Returning sensitivity values for version 1
2025-03-17 02:51:07,048 - INFO - Sensitivity monitoring request for version 6
2025-03-17 02:51:07,048 - INFO - Fetching sensitivity values for version 6
2025-03-17 02:51:07,048 - INFO - Returning sensitivity values for version 6
2025-03-17 02:51:07,215 - INFO - Configuration monitoring request for version 1
2025-03-17 02:51:07,215 - INFO - Fetching configuration values for version 1
2025-03-17 02:51:07,215 - INFO - Found configuration file at: C:\Users\Mohse\OneDrive\Desktop\SF.worktrees\ThemeManagement\Original\Batch(1)/ConfigurationPlotSpec(1)/U_configurations(1).py
2025-03-17 02:51:07,215 - INFO - Successfully parsed 0 configuration entries
2025-03-17 02:51:07,215 - INFO - Returning 0 configuration values for version 1
2025-03-17 02:51:07,361 - INFO - Sensitivity monitoring request for version 1
2025-03-17 02:51:07,361 - INFO - Fetching sensitivity values for version 1
2025-03-17 02:51:07,361 - INFO - Returning sensitivity values for version 1
2025-03-17 02:51:07,369 - INFO - Configuration monitoring request for version 6
2025-03-17 02:51:07,369 - INFO - Fetching configuration values for version 6
2025-03-17 02:51:07,369 - INFO - Found configuration file at: C:\Users\Mohse\OneDrive\Desktop\SF.worktrees\ThemeManagement\Original\Batch(6)/ConfigurationPlotSpec(6)/U_configurations(6).py
2025-03-17 02:51:07,369 - INFO - Successfully parsed 0 configuration entries
2025-03-17 02:51:07,369 - INFO - Returning 0 configuration values for version 6
2025-03-17 02:51:07,369 - INFO - Sensitivity monitoring request for version 1
2025-03-17 02:51:07,369 - INFO - Fetching sensitivity values for version 1
2025-03-17 02:51:07,369 - INFO - Returning sensitivity values for version 1
2025-03-17 02:51:07,426 - INFO - Configuration monitoring request for version 1
2025-03-17 02:51:07,426 - INFO - Fetching configuration values for version 1
2025-03-17 02:51:07,426 - INFO - Found configuration file at: C:\Users\Mohse\OneDrive\Desktop\SF.worktrees\ThemeManagement\Original\Batch(1)/ConfigurationPlotSpec(1)/U_configurations(1).py
2025-03-17 02:51:07,431 - INFO - Successfully parsed 0 configuration entries
2025-03-17 02:51:07,431 - INFO - Returning 0 configuration values for version 1
2025-03-17 02:51:07,514 - INFO - Configuration monitoring request for version 1
2025-03-17 02:51:07,514 - INFO - Fetching configuration values for version 1
2025-03-17 02:51:07,514 - INFO - Found configuration file at: C:\Users\Mohse\OneDrive\Desktop\SF.worktrees\ThemeManagement\Original\Batch(1)/ConfigurationPlotSpec(1)/U_configurations(1).py
2025-03-17 02:51:07,515 - INFO - Successfully parsed 0 configuration entries
2025-03-17 02:51:07,515 - INFO - Returning 0 configuration values for version 1
2025-03-17 02:52:31,834 - INFO - Sensitivity monitoring request for version 1
2025-03-17 02:52:31,834 - INFO - Fetching sensitivity values for version 1
2025-03-17 02:52:31,834 - INFO - Returning sensitivity values for version 1
2025-03-17 02:52:36,408 - INFO - Configuration monitoring request for version 1
2025-03-17 02:52:36,409 - INFO - Fetching configuration values for version 1
2025-03-17 02:52:36,409 - INFO - Using integer version: 1
2025-03-17 02:52:36,410 - INFO - Found configuration file: C:\Users\Mohse\OneDrive\Desktop\SF.worktrees\ThemeManagement\Original\Batch(1)\ConfigurationPlotSpec(1)\U_configurations(1).py
2025-03-17 02:52:36,411 - INFO - Successfully parsed 0 configuration entries
2025-03-17 02:52:36,411 - INFO - Returning 0 configuration values for version 1
2025-03-17 02:53:20,954 - INFO - Sensitivity monitoring request for version 1
2025-03-17 02:53:20,954 - INFO - Fetching sensitivity values for version 1
2025-03-17 02:53:20,954 - INFO - Returning sensitivity values for version 1
2025-03-17 02:53:20,970 - INFO - Configuration monitoring request for version 1
2025-03-17 02:53:20,970 - INFO - Fetching configuration values for version 1
2025-03-17 02:53:20,970 - INFO - Using integer version: 1
2025-03-17 02:53:20,970 - INFO - Found configuration file: C:\Users\Mohse\OneDrive\Desktop\SF.worktrees\ThemeManagement\Original\Batch(1)\ConfigurationPlotSpec(1)\U_configurations(1).py
2025-03-17 02:53:20,970 - INFO - Successfully parsed 0 configuration entries
2025-03-17 02:53:20,970 - INFO - Returning 0 configuration values for version 1
2025-03-17 02:53:25,329 - INFO - Sensitivity monitoring request for version 1
2025-03-17 02:53:25,329 - INFO - Fetching sensitivity values for version 1
2025-03-17 02:53:25,329 - INFO - Returning sensitivity values for version 1
2025-03-17 02:53:25,686 - INFO - Configuration monitoring request for version 1
2025-03-17 02:53:25,686 - INFO - Fetching configuration values for version 1
2025-03-17 02:53:25,686 - INFO - Using integer version: 1
2025-03-17 02:53:25,686 - INFO - Found configuration file: C:\Users\Mohse\OneDrive\Desktop\SF.worktrees\ThemeManagement\Original\Batch(1)\ConfigurationPlotSpec(1)\U_configurations(1).py
2025-03-17 02:53:25,686 - INFO - Successfully parsed 0 configuration entries
2025-03-17 02:53:25,686 - INFO - Returning 0 configuration values for version 1
2025-03-17 02:53:30,658 - INFO - Sensitivity monitoring request for version 1
2025-03-17 02:53:30,658 - INFO - Fetching sensitivity values for version 1
2025-03-17 02:53:30,658 - INFO - Returning sensitivity values for version 1
2025-03-17 02:53:30,993 - INFO - Configuration monitoring request for version 1
2025-03-17 02:53:30,993 - INFO - Fetching configuration values for version 1
2025-03-17 02:53:30,993 - INFO - Using integer version: 1
2025-03-17 02:53:30,993 - INFO - Found configuration file: C:\Users\Mohse\OneDrive\Desktop\SF.worktrees\ThemeManagement\Original\Batch(1)\ConfigurationPlotSpec(1)\U_configurations(1).py
2025-03-17 02:53:30,993 - INFO - Successfully parsed 0 configuration entries
2025-03-17 02:53:30,993 - INFO - Returning 0 configuration values for version 1
2025-03-17 02:53:35,654 - INFO - Sensitivity monitoring request for version 1
2025-03-17 02:53:35,654 - INFO - Fetching sensitivity values for version 1
2025-03-17 02:53:35,654 - INFO - Returning sensitivity values for version 1
2025-03-17 02:53:35,701 - INFO - Configuration monitoring request for version 1
2025-03-17 02:53:35,701 - INFO - Fetching configuration values for version 1
2025-03-17 02:53:35,701 - INFO - Using integer version: 1
2025-03-17 02:53:35,701 - INFO - Found configuration file: C:\Users\Mohse\OneDrive\Desktop\SF.worktrees\ThemeManagement\Original\Batch(1)\ConfigurationPlotSpec(1)\U_configurations(1).py
2025-03-17 02:53:35,703 - INFO - Successfully parsed 0 configuration entries
2025-03-17 02:53:35,703 - INFO - Returning 0 configuration values for version 1
2025-03-17 02:53:40,664 - INFO - Sensitivity monitoring request for version 1
2025-03-17 02:53:40,664 - INFO - Fetching sensitivity values for version 1
2025-03-17 02:53:40,664 - INFO - Returning sensitivity values for version 1
2025-03-17 02:53:40,896 - INFO - Configuration monitoring request for version 1
2025-03-17 02:53:40,896 - INFO - Fetching configuration values for version 1
2025-03-17 02:53:40,896 - INFO - Using integer version: 1
2025-03-17 02:53:40,896 - INFO - Found configuration file: C:\Users\Mohse\OneDrive\Desktop\SF.worktrees\ThemeManagement\Original\Batch(1)\ConfigurationPlotSpec(1)\U_configurations(1).py
2025-03-17 02:53:40,896 - INFO - Successfully parsed 0 configuration entries
2025-03-17 02:53:40,896 - INFO - Returning 0 configuration values for version 1
2025-03-17 02:53:45,032 - INFO - Sensitivity monitoring request for version 1
2025-03-17 02:53:45,032 - INFO - Fetching sensitivity values for version 1
2025-03-17 02:53:45,032 - INFO - Returning sensitivity values for version 1
2025-03-17 02:53:45,386 - INFO - Configuration monitoring request for version 1
2025-03-17 02:53:45,386 - INFO - Fetching configuration values for version 1
2025-03-17 02:53:45,386 - INFO - Using integer version: 1
2025-03-17 02:53:45,386 - INFO - Found configuration file: C:\Users\Mohse\OneDrive\Desktop\SF.worktrees\ThemeManagement\Original\Batch(1)\ConfigurationPlotSpec(1)\U_configurations(1).py
2025-03-17 02:53:45,386 - INFO - Successfully parsed 0 configuration entries
2025-03-17 02:53:45,386 - INFO - Returning 0 configuration values for version 1
2025-03-17 02:53:48,428 - INFO - Configuration monitoring request for version 1
2025-03-17 02:53:48,428 - INFO - Fetching configuration values for version 1
2025-03-17 02:53:48,428 - INFO - Using integer version: 1
2025-03-17 02:53:48,443 - INFO - Found configuration file: C:\Users\Mohse\OneDrive\Desktop\SF.worktrees\ThemeManagement\Original\Batch(1)\ConfigurationPlotSpec(1)\U_configurations(1).py
2025-03-17 02:53:48,443 - INFO - Successfully parsed 0 configuration entries
2025-03-17 02:53:48,443 - INFO - Returning 0 configuration values for version 1
2025-03-17 02:53:48,593 - INFO - Sensitivity monitoring request for version 1
2025-03-17 02:53:48,593 - INFO - Fetching sensitivity values for version 1
2025-03-17 02:53:48,593 - INFO - Returning sensitivity values for version 1
2025-03-17 02:53:50,026 - INFO - Sensitivity monitoring request for version 1
2025-03-17 02:53:50,026 - INFO - Fetching sensitivity values for version 1
2025-03-17 02:53:50,026 - INFO - Returning sensitivity values for version 1
2025-03-17 02:53:50,360 - INFO - Configuration monitoring request for version 1
2025-03-17 02:53:50,360 - INFO - Fetching configuration values for version 1
2025-03-17 02:53:50,360 - INFO - Using integer version: 1
2025-03-17 02:53:50,380 - INFO - Found configuration file: C:\Users\Mohse\OneDrive\Desktop\SF.worktrees\ThemeManagement\Original\Batch(1)\ConfigurationPlotSpec(1)\U_configurations(1).py
2025-03-17 02:53:50,381 - INFO - Successfully parsed 0 configuration entries
2025-03-17 02:53:50,381 - INFO - Returning 0 configuration values for version 1
2025-03-17 02:54:07,585 - INFO - Configuration monitoring request for version 1
2025-03-17 02:54:07,585 - INFO - Fetching configuration values for version 1
2025-03-17 02:54:07,585 - INFO - Using integer version: 1
2025-03-17 02:54:07,585 - INFO - Found configuration file: C:\Users\Mohse\OneDrive\Desktop\SF.worktrees\ThemeManagement\Original\Batch(1)\ConfigurationPlotSpec(1)\U_configurations(1).py
2025-03-17 02:54:07,585 - INFO - Successfully parsed 0 configuration entries
2025-03-17 02:54:07,585 - INFO - Returning 0 configuration values for version 1
2025-03-17 02:54:07,665 - INFO - Configuration monitoring request for version 1
2025-03-17 02:54:07,665 - INFO - Fetching configuration values for version 1
2025-03-17 02:54:07,665 - INFO - Using integer version: 1
2025-03-17 02:54:07,673 - INFO - Found configuration file: C:\Users\Mohse\OneDrive\Desktop\SF.worktrees\ThemeManagement\Original\Batch(1)\ConfigurationPlotSpec(1)\U_configurations(1).py
2025-03-17 02:54:07,673 - INFO - Successfully parsed 0 configuration entries
2025-03-17 02:54:07,673 - INFO - Returning 0 configuration values for version 1
2025-03-17 02:54:12,256 - INFO - Configuration monitoring request for version 1
2025-03-17 02:54:12,256 - INFO - Fetching configuration values for version 1
2025-03-17 02:54:12,256 - INFO - Using integer version: 1
2025-03-17 02:54:12,256 - INFO - Found configuration file: C:\Users\Mohse\OneDrive\Desktop\SF.worktrees\ThemeManagement\Original\Batch(1)\ConfigurationPlotSpec(1)\U_configurations(1).py
2025-03-17 02:54:12,256 - INFO - Successfully parsed 0 configuration entries
2025-03-17 02:54:12,256 - INFO - Returning 0 configuration values for version 1
2025-03-17 02:54:12,281 - INFO - Sensitivity monitoring request for version 1
2025-03-17 02:54:12,281 - INFO - Fetching sensitivity values for version 1
2025-03-17 02:54:12,281 - INFO - Returning sensitivity values for version 1
2025-03-17 02:54:17,524 - INFO - Sensitivity monitoring request for version 1
2025-03-17 02:54:17,524 - INFO - Fetching sensitivity values for version 1
2025-03-17 02:54:17,524 - INFO - Returning sensitivity values for version 1
2025-03-17 02:54:17,612 - INFO - Configuration monitoring request for version 1
2025-03-17 02:54:17,612 - INFO - Fetching configuration values for version 1
2025-03-17 02:54:17,612 - INFO - Using integer version: 1
2025-03-17 02:54:17,612 - INFO - Found configuration file: C:\Users\Mohse\OneDrive\Desktop\SF.worktrees\ThemeManagement\Original\Batch(1)\ConfigurationPlotSpec(1)\U_configurations(1).py
2025-03-17 02:54:17,612 - INFO - Successfully parsed 0 configuration entries
2025-03-17 02:54:17,612 - INFO - Returning 0 configuration values for version 1
2025-03-17 02:54:21,941 - INFO - Sensitivity monitoring request for version 1
2025-03-17 02:54:21,942 - INFO - Fetching sensitivity values for version 1
2025-03-17 02:54:21,942 - INFO - Returning sensitivity values for version 1
2025-03-17 02:54:22,259 - INFO - Configuration monitoring request for version 1
2025-03-17 02:54:22,259 - INFO - Fetching configuration values for version 1
2025-03-17 02:54:22,259 - INFO - Using integer version: 1
2025-03-17 02:54:22,259 - INFO - Found configuration file: C:\Users\Mohse\OneDrive\Desktop\SF.worktrees\ThemeManagement\Original\Batch(1)\ConfigurationPlotSpec(1)\U_configurations(1).py
2025-03-17 02:54:22,259 - INFO - Successfully parsed 0 configuration entries
2025-03-17 02:54:22,259 - INFO - Returning 0 configuration values for version 1
2025-03-17 02:54:27,508 - INFO - Sensitivity monitoring request for version 1
2025-03-17 02:54:27,508 - INFO - Fetching sensitivity values for version 1
2025-03-17 02:54:27,508 - INFO - Returning sensitivity values for version 1
2025-03-17 02:54:27,555 - INFO - Configuration monitoring request for version 1
2025-03-17 02:54:27,555 - INFO - Fetching configuration values for version 1
2025-03-17 02:54:27,555 - INFO - Using integer version: 1
2025-03-17 02:54:27,555 - INFO - Found configuration file: C:\Users\Mohse\OneDrive\Desktop\SF.worktrees\ThemeManagement\Original\Batch(1)\ConfigurationPlotSpec(1)\U_configurations(1).py
2025-03-17 02:54:27,555 - INFO - Successfully parsed 0 configuration entries
2025-03-17 02:54:27,555 - INFO - Returning 0 configuration values for version 1
2025-03-17 02:54:31,930 - INFO - Sensitivity monitoring request for version 1
2025-03-17 02:54:31,930 - INFO - Fetching sensitivity values for version 1
2025-03-17 02:54:31,930 - INFO - Returning sensitivity values for version 1
2025-03-17 02:54:32,239 - INFO - Configuration monitoring request for version 1
2025-03-17 02:54:32,239 - INFO - Fetching configuration values for version 1
2025-03-17 02:54:32,239 - INFO - Using integer version: 1
2025-03-17 02:54:32,239 - INFO - Found configuration file: C:\Users\Mohse\OneDrive\Desktop\SF.worktrees\ThemeManagement\Original\Batch(1)\ConfigurationPlotSpec(1)\U_configurations(1).py
2025-03-17 02:54:32,239 - INFO - Successfully parsed 0 configuration entries
2025-03-17 02:54:32,239 - INFO - Returning 0 configuration values for version 1
2025-03-17 02:54:39,686 - INFO - Sensitivity monitoring request for version 1
2025-03-17 02:54:39,686 - INFO - Fetching sensitivity values for version 1
2025-03-17 02:54:39,686 - INFO - Returning sensitivity values for version 1
2025-03-17 02:54:42,331 - INFO - Sensitivity monitoring request for version 1
2025-03-17 02:54:42,331 - INFO - Fetching sensitivity values for version 1
2025-03-17 02:54:42,331 - INFO - Returning sensitivity values for version 1
2025-03-17 02:57:52,550 - INFO - Sensitivity monitoring request for version 1
2025-03-17 02:57:52,550 - INFO - Fetching sensitivity values for version 1
2025-03-17 02:57:52,550 - INFO - Returning sensitivity values for version 1
2025-03-17 02:57:57,230 - INFO - Sensitivity monitoring request for version 1
2025-03-17 02:57:57,230 - INFO - Fetching sensitivity values for version 1
2025-03-17 02:57:57,230 - INFO - Returning sensitivity values for version 1
2025-03-17 02:58:02,792 - INFO - Sensitivity monitoring request for version 1
2025-03-17 02:58:02,792 - INFO - Fetching sensitivity values for version 1
2025-03-17 02:58:02,792 - INFO - Returning sensitivity values for version 1
2025-03-17 02:58:06,338 - INFO - Sensitivity monitoring request for version 1
2025-03-17 02:58:06,338 - INFO - Fetching sensitivity values for version 1
2025-03-17 02:58:06,338 - INFO - Returning sensitivity values for version 1
2025-03-17 02:58:07,570 - INFO - Sensitivity monitoring request for version 1
2025-03-17 02:58:07,570 - INFO - Fetching sensitivity values for version 1
2025-03-17 02:58:07,570 - INFO - Returning sensitivity values for version 1
2025-03-17 02:58:12,574 - INFO - Sensitivity monitoring request for version 1
2025-03-17 02:58:12,574 - INFO - Fetching sensitivity values for version 1
2025-03-17 02:58:12,574 - INFO - Returning sensitivity values for version 1
2025-03-17 02:58:17,225 - INFO - Sensitivity monitoring request for version 1
2025-03-17 02:58:17,225 - INFO - Fetching sensitivity values for version 1
2025-03-17 02:58:17,225 - INFO - Returning sensitivity values for version 1
2025-03-17 02:58:22,939 - INFO - Sensitivity monitoring request for version 1
2025-03-17 02:58:22,940 - INFO - Fetching sensitivity values for version 1
2025-03-17 02:58:22,940 - INFO - Returning sensitivity values for version 1
2025-03-17 02:58:27,325 - INFO - Sensitivity monitoring request for version 1
2025-03-17 02:58:27,325 - INFO - Fetching sensitivity values for version 1
2025-03-17 02:58:27,325 - INFO - Returning sensitivity values for version 1
2025-03-17 02:58:32,910 - INFO - Sensitivity monitoring request for version 1
2025-03-17 02:58:32,910 - INFO - Fetching sensitivity values for version 1
2025-03-17 02:58:32,910 - INFO - Returning sensitivity values for version 1
2025-03-17 02:58:37,329 - INFO - Sensitivity monitoring request for version 1
2025-03-17 02:58:37,329 - INFO - Fetching sensitivity values for version 1
2025-03-17 02:58:37,329 - INFO - Returning sensitivity values for version 1
2025-03-17 02:58:42,951 - INFO - Sensitivity monitoring request for version 1
2025-03-17 02:58:42,952 - INFO - Fetching sensitivity values for version 1
2025-03-17 02:58:42,952 - INFO - Returning sensitivity values for version 1
2025-03-17 02:58:47,325 - INFO - Sensitivity monitoring request for version 1
2025-03-17 02:58:47,325 - INFO - Fetching sensitivity values for version 1
2025-03-17 02:58:47,325 - INFO - Returning sensitivity values for version 1
2025-03-17 02:58:52,886 - INFO - Sensitivity monitoring request for version 1
2025-03-17 02:58:52,886 - INFO - Fetching sensitivity values for version 1
2025-03-17 02:58:52,886 - INFO - Returning sensitivity values for version 1
2025-03-17 02:58:57,336 - INFO - Sensitivity monitoring request for version 1
2025-03-17 02:58:57,336 - INFO - Fetching sensitivity values for version 1
2025-03-17 02:58:57,336 - INFO - Returning sensitivity values for version 1
2025-03-17 02:59:02,906 - INFO - Sensitivity monitoring request for version 1
2025-03-17 02:59:02,906 - INFO - Fetching sensitivity values for version 1
2025-03-17 02:59:02,906 - INFO - Returning sensitivity values for version 1
2025-03-17 02:59:06,334 - INFO - Sensitivity monitoring request for version 1
2025-03-17 02:59:06,334 - INFO - Fetching sensitivity values for version 1
2025-03-17 02:59:06,334 - INFO - Returning sensitivity values for version 1
2025-03-17 02:59:07,681 - INFO - Sensitivity monitoring request for version 1
2025-03-17 02:59:07,681 - INFO - Fetching sensitivity values for version 1
2025-03-17 02:59:07,681 - INFO - Returning sensitivity values for version 1
2025-03-17 02:59:12,699 - INFO - Sensitivity monitoring request for version 1
2025-03-17 02:59:12,700 - INFO - Fetching sensitivity values for version 1
2025-03-17 02:59:12,700 - INFO - Returning sensitivity values for version 1
2025-03-17 03:00:06,688 - INFO - Sensitivity monitoring request for version 1
2025-03-17 03:00:06,688 - INFO - Fetching sensitivity values for version 1
2025-03-17 03:00:06,688 - INFO - Returning sensitivity values for version 1
2025-03-17 03:00:06,993 - INFO - Sensitivity monitoring request for version 1
2025-03-17 03:00:06,993 - INFO - Fetching sensitivity values for version 1
2025-03-17 03:00:06,993 - INFO - Returning sensitivity values for version 1
2025-03-17 03:01:06,949 - INFO - Sensitivity monitoring request for version 1
2025-03-17 03:01:06,949 - INFO - Fetching sensitivity values for version 1
2025-03-17 03:01:06,949 - INFO - Returning sensitivity values for version 1
2025-03-17 03:01:07,127 - INFO - Sensitivity monitoring request for version 1
2025-03-17 03:01:07,127 - INFO - Fetching sensitivity values for version 1
2025-03-17 03:01:07,128 - INFO - Returning sensitivity values for version 1
2025-03-17 03:01:41,694 - INFO - Sensitivity monitoring request for version 1
2025-03-17 03:01:41,694 - INFO - Fetching sensitivity values for version 1
2025-03-17 03:01:41,694 - INFO - Returning sensitivity values for version 1
2025-03-17 03:01:41,995 - INFO - Sensitivity monitoring request for version 1
2025-03-17 03:01:41,995 - INFO - Fetching sensitivity values for version 1
2025-03-17 03:01:41,995 - INFO - Returning sensitivity values for version 1
2025-03-17 03:01:42,689 - INFO - Sensitivity monitoring request for version 1
2025-03-17 03:01:42,689 - INFO - Fetching sensitivity values for version 1
2025-03-17 03:01:42,689 - INFO - Returning sensitivity values for version 1
2025-03-17 03:01:42,752 - INFO - Sensitivity monitoring request for version 1
2025-03-17 03:01:42,752 - INFO - Fetching sensitivity values for version 1
2025-03-17 03:01:42,752 - INFO - Returning sensitivity values for version 1
2025-03-17 03:06:29,853 - INFO - Sensitivity monitoring request for version 1
2025-03-17 03:06:29,853 - INFO - Fetching sensitivity values for version 1
2025-03-17 03:06:29,853 - INFO - Returning sensitivity values for version 1
2025-03-17 03:06:29,869 - INFO - Sensitivity monitoring request for version 1
2025-03-17 03:06:29,869 - INFO - Fetching sensitivity values for version 1
2025-03-17 03:06:29,869 - INFO - Returning sensitivity values for version 1
2025-03-17 03:06:32,647 - INFO - Sensitivity monitoring request for version 1
2025-03-17 03:06:32,647 - INFO - Fetching sensitivity values for version 1
2025-03-17 03:06:32,647 - INFO - Returning sensitivity values for version 1
2025-03-17 03:06:36,921 - INFO - Sensitivity monitoring request for version 1
2025-03-17 03:06:36,921 - INFO - Fetching sensitivity values for version 1
2025-03-17 03:06:36,921 - INFO - Returning sensitivity values for version 1
2025-03-17 03:06:41,602 - INFO - Sensitivity monitoring request for version 1
2025-03-17 03:06:41,602 - INFO - Fetching sensitivity values for version 1
2025-03-17 03:06:41,605 - INFO - Returning sensitivity values for version 1
2025-03-17 03:06:47,179 - INFO - Sensitivity monitoring request for version 1
2025-03-17 03:06:47,179 - INFO - Fetching sensitivity values for version 1
2025-03-17 03:06:47,179 - INFO - Returning sensitivity values for version 1
2025-03-17 03:06:51,593 - INFO - Sensitivity monitoring request for version 1
2025-03-17 03:06:51,593 - INFO - Fetching sensitivity values for version 1
2025-03-17 03:06:51,593 - INFO - Returning sensitivity values for version 1
2025-03-17 03:06:57,173 - INFO - Sensitivity monitoring request for version 1
2025-03-17 03:06:57,173 - INFO - Fetching sensitivity values for version 1
2025-03-17 03:06:57,173 - INFO - Returning sensitivity values for version 1
2025-03-17 03:07:01,601 - INFO - Sensitivity monitoring request for version 1
2025-03-17 03:07:01,601 - INFO - Fetching sensitivity values for version 1
2025-03-17 03:07:01,601 - INFO - Returning sensitivity values for version 1
2025-03-17 03:07:06,907 - INFO - Sensitivity monitoring request for version 1
2025-03-17 03:07:06,907 - INFO - Fetching sensitivity values for version 1
2025-03-17 03:07:06,907 - INFO - Returning sensitivity values for version 1
2025-03-17 03:07:06,979 - INFO - Sensitivity monitoring request for version 1
2025-03-17 03:07:06,979 - INFO - Fetching sensitivity values for version 1
2025-03-17 03:07:06,979 - INFO - Returning sensitivity values for version 1
2025-03-17 03:07:11,592 - INFO - Sensitivity monitoring request for version 1
2025-03-17 03:07:11,592 - INFO - Fetching sensitivity values for version 1
2025-03-17 03:07:11,592 - INFO - Returning sensitivity values for version 1
2025-03-17 03:07:17,905 - INFO - Sensitivity monitoring request for version 1
2025-03-17 03:07:17,905 - INFO - Fetching sensitivity values for version 1
2025-03-17 03:07:17,905 - INFO - Returning sensitivity values for version 1
2025-03-17 03:07:22,337 - INFO - Sensitivity monitoring request for version 1
2025-03-17 03:07:22,337 - INFO - Fetching sensitivity values for version 1
2025-03-17 03:07:22,337 - INFO - Returning sensitivity values for version 1
2025-03-17 03:07:27,934 - INFO - Sensitivity monitoring request for version 1
2025-03-17 03:07:27,934 - INFO - Fetching sensitivity values for version 1
2025-03-17 03:07:27,934 - INFO - Returning sensitivity values for version 1
2025-03-17 03:07:32,338 - INFO - Sensitivity monitoring request for version 1
2025-03-17 03:07:32,338 - INFO - Fetching sensitivity values for version 1
2025-03-17 03:07:32,338 - INFO - Returning sensitivity values for version 1
2025-03-17 03:07:37,901 - INFO - Sensitivity monitoring request for version 1
2025-03-17 03:07:37,901 - INFO - Fetching sensitivity values for version 1
2025-03-17 03:07:37,901 - INFO - Returning sensitivity values for version 1
2025-03-17 03:07:42,339 - INFO - Sensitivity monitoring request for version 1
2025-03-17 03:07:42,339 - INFO - Fetching sensitivity values for version 1
2025-03-17 03:07:42,339 - INFO - Returning sensitivity values for version 1
2025-03-17 03:07:47,902 - INFO - Sensitivity monitoring request for version 1
2025-03-17 03:07:47,902 - INFO - Fetching sensitivity values for version 1
2025-03-17 03:07:47,902 - INFO - Returning sensitivity values for version 1
2025-03-17 03:07:52,328 - INFO - Sensitivity monitoring request for version 1
2025-03-17 03:07:52,328 - INFO - Fetching sensitivity values for version 1
2025-03-17 03:07:52,328 - INFO - Returning sensitivity values for version 1
2025-03-17 03:07:57,901 - INFO - Sensitivity monitoring request for version 1
2025-03-17 03:07:57,901 - INFO - Fetching sensitivity values for version 1
2025-03-17 03:07:57,901 - INFO - Returning sensitivity values for version 1
2025-03-17 03:08:02,341 - INFO - Sensitivity monitoring request for version 1
2025-03-17 03:08:02,341 - INFO - Fetching sensitivity values for version 1
2025-03-17 03:08:02,341 - INFO - Returning sensitivity values for version 1
2025-03-17 03:08:06,905 - INFO - Sensitivity monitoring request for version 1
2025-03-17 03:08:06,905 - INFO - Fetching sensitivity values for version 1
2025-03-17 03:08:06,905 - INFO - Returning sensitivity values for version 1
2025-03-17 03:08:07,334 - INFO - Sensitivity monitoring request for version 1
2025-03-17 03:08:07,334 - INFO - Fetching sensitivity values for version 1
2025-03-17 03:08:07,334 - INFO - Returning sensitivity values for version 1
2025-03-17 03:08:12,903 - INFO - Sensitivity monitoring request for version 1
2025-03-17 03:08:12,903 - INFO - Fetching sensitivity values for version 1
2025-03-17 03:08:12,903 - INFO - Returning sensitivity values for version 1
2025-03-17 03:09:06,639 - INFO - Sensitivity monitoring request for version 1
2025-03-17 03:09:06,639 - INFO - Fetching sensitivity values for version 1
2025-03-17 03:09:06,639 - INFO - Returning sensitivity values for version 1
2025-03-17 03:09:06,981 - INFO - Sensitivity monitoring request for version 1
2025-03-17 03:09:06,981 - INFO - Fetching sensitivity values for version 1
2025-03-17 03:09:06,981 - INFO - Returning sensitivity values for version 1
2025-03-17 03:15:51,547 - INFO - Sensitivity monitoring request for version 1
2025-03-17 03:15:51,547 - INFO - Fetching sensitivity values for version 1
2025-03-17 03:15:51,547 - INFO - Returning sensitivity values for version 1
2025-03-17 03:15:53,831 - INFO - Sensitivity monitoring request for version 1
2025-03-17 03:15:53,831 - INFO - Fetching sensitivity values for version 1
2025-03-17 03:15:53,831 - INFO - Returning sensitivity values for version 1
2025-03-17 03:15:59,412 - INFO - Sensitivity monitoring request for version 1
2025-03-17 03:15:59,412 - INFO - Fetching sensitivity values for version 1
2025-03-17 03:15:59,412 - INFO - Returning sensitivity values for version 1
2025-03-17 03:16:03,827 - INFO - Sensitivity monitoring request for version 1
2025-03-17 03:16:03,827 - INFO - Fetching sensitivity values for version 1
2025-03-17 03:16:03,827 - INFO - Returning sensitivity values for version 1
2025-03-17 03:16:09,403 - INFO - Sensitivity monitoring request for version 1
2025-03-17 03:16:09,403 - INFO - Fetching sensitivity values for version 1
2025-03-17 03:16:09,403 - INFO - Returning sensitivity values for version 1
2025-03-17 03:16:13,825 - INFO - Sensitivity monitoring request for version 1
2025-03-17 03:16:13,825 - INFO - Fetching sensitivity values for version 1
2025-03-17 03:16:13,825 - INFO - Returning sensitivity values for version 1
2025-03-17 03:16:19,409 - INFO - Sensitivity monitoring request for version 1
2025-03-17 03:16:19,409 - INFO - Fetching sensitivity values for version 1
2025-03-17 03:16:19,409 - INFO - Returning sensitivity values for version 1
2025-03-17 03:16:23,828 - INFO - Sensitivity monitoring request for version 1
2025-03-17 03:16:23,828 - INFO - Fetching sensitivity values for version 1
2025-03-17 03:16:23,828 - INFO - Returning sensitivity values for version 1
2025-03-17 03:16:29,391 - INFO - Sensitivity monitoring request for version 1
2025-03-17 03:16:29,391 - INFO - Fetching sensitivity values for version 1
2025-03-17 03:16:29,391 - INFO - Returning sensitivity values for version 1
2025-03-17 03:16:33,831 - INFO - Sensitivity monitoring request for version 1
2025-03-17 03:16:33,831 - INFO - Fetching sensitivity values for version 1
2025-03-17 03:16:33,831 - INFO - Returning sensitivity values for version 1
2025-03-17 03:16:39,382 - INFO - Sensitivity monitoring request for version 1
2025-03-17 03:16:39,382 - INFO - Fetching sensitivity values for version 1
2025-03-17 03:16:39,382 - INFO - Returning sensitivity values for version 1
2025-03-17 03:16:43,822 - INFO - Sensitivity monitoring request for version 1
2025-03-17 03:16:43,823 - INFO - Fetching sensitivity values for version 1
2025-03-17 03:16:43,823 - INFO - Returning sensitivity values for version 1
2025-03-17 03:16:49,386 - INFO - Sensitivity monitoring request for version 1
2025-03-17 03:16:49,386 - INFO - Fetching sensitivity values for version 1
2025-03-17 03:16:49,386 - INFO - Returning sensitivity values for version 1
2025-03-17 03:16:54,651 - INFO - Sensitivity monitoring request for version 1
2025-03-17 03:16:54,651 - INFO - Fetching sensitivity values for version 1
2025-03-17 03:16:54,651 - INFO - Returning sensitivity values for version 1
2025-03-17 03:16:59,327 - INFO - Sensitivity monitoring request for version 1
2025-03-17 03:16:59,327 - INFO - Fetching sensitivity values for version 1
2025-03-17 03:16:59,327 - INFO - Returning sensitivity values for version 1
2025-03-17 03:17:04,926 - INFO - Sensitivity monitoring request for version 1
2025-03-17 03:17:04,926 - INFO - Fetching sensitivity values for version 1
2025-03-17 03:17:04,926 - INFO - Returning sensitivity values for version 1
2025-03-17 03:17:09,330 - INFO - Sensitivity monitoring request for version 1
2025-03-17 03:17:09,330 - INFO - Fetching sensitivity values for version 1
2025-03-17 03:17:09,330 - INFO - Returning sensitivity values for version 1
2025-03-17 03:17:14,931 - INFO - Sensitivity monitoring request for version 1
2025-03-17 03:17:14,931 - INFO - Fetching sensitivity values for version 1
2025-03-17 03:17:14,932 - INFO - Returning sensitivity values for version 1
2025-03-17 03:17:19,330 - INFO - Sensitivity monitoring request for version 1
2025-03-17 03:17:19,330 - INFO - Fetching sensitivity values for version 1
2025-03-17 03:17:19,330 - INFO - Returning sensitivity values for version 1
2025-03-17 03:17:24,976 - INFO - Sensitivity monitoring request for version 1
2025-03-17 03:17:24,976 - INFO - Fetching sensitivity values for version 1
2025-03-17 03:17:24,976 - INFO - Returning sensitivity values for version 1
2025-03-17 03:17:29,330 - INFO - Sensitivity monitoring request for version 1
2025-03-17 03:17:29,330 - INFO - Fetching sensitivity values for version 1
2025-03-17 03:17:29,330 - INFO - Returning sensitivity values for version 1
2025-03-17 03:17:34,902 - INFO - Sensitivity monitoring request for version 1
2025-03-17 03:17:34,902 - INFO - Fetching sensitivity values for version 1
2025-03-17 03:17:34,902 - INFO - Returning sensitivity values for version 1
2025-03-17 03:17:39,333 - INFO - Sensitivity monitoring request for version 1
2025-03-17 03:17:39,333 - INFO - Fetching sensitivity values for version 1
2025-03-17 03:17:39,333 - INFO - Returning sensitivity values for version 1
2025-03-17 03:17:44,893 - INFO - Sensitivity monitoring request for version 1
2025-03-17 03:17:44,893 - INFO - Fetching sensitivity values for version 1
2025-03-17 03:17:44,893 - INFO - Returning sensitivity values for version 1
2025-03-17 03:17:49,341 - INFO - Sensitivity monitoring request for version 1
2025-03-17 03:17:49,341 - INFO - Fetching sensitivity values for version 1
2025-03-17 03:17:49,341 - INFO - Returning sensitivity values for version 1
2025-03-17 03:17:54,428 - INFO - Sensitivity monitoring request for version 1
2025-03-17 03:17:54,428 - INFO - Fetching sensitivity values for version 1
2025-03-17 03:17:54,428 - INFO - Returning sensitivity values for version 1
2025-03-17 03:17:59,356 - INFO - Sensitivity monitoring request for version 1
2025-03-17 03:17:59,356 - INFO - Fetching sensitivity values for version 1
2025-03-17 03:17:59,356 - INFO - Returning sensitivity values for version 1
2025-03-17 03:18:04,158 - INFO - Sensitivity monitoring request for version 1
2025-03-17 03:18:04,158 - INFO - Fetching sensitivity values for version 1
2025-03-17 03:18:04,158 - INFO - Returning sensitivity values for version 1
2025-03-17 03:18:09,640 - INFO - Sensitivity monitoring request for version 1
2025-03-17 03:18:09,640 - INFO - Fetching sensitivity values for version 1
2025-03-17 03:18:09,640 - INFO - Returning sensitivity values for version 1
2025-03-17 03:18:14,864 - INFO - Sensitivity monitoring request for version 1
2025-03-17 03:18:14,864 - INFO - Fetching sensitivity values for version 1
2025-03-17 03:18:14,864 - INFO - Returning sensitivity values for version 1
2025-03-17 10:04:40,897 - INFO - Sensitivity monitoring request for version 1
2025-03-17 10:04:40,897 - INFO - Fetching sensitivity values for version 1
2025-03-17 10:04:40,897 - INFO - Returning sensitivity values for version 1
2025-03-17 10:04:45,539 - INFO - Sensitivity monitoring request for version 1
2025-03-17 10:04:45,539 - INFO - Fetching sensitivity values for version 1
2025-03-17 10:04:45,539 - INFO - Returning sensitivity values for version 1
2025-03-17 10:04:51,154 - INFO - Sensitivity monitoring request for version 1
2025-03-17 10:04:51,155 - INFO - Fetching sensitivity values for version 1
2025-03-17 10:04:51,155 - INFO - Returning sensitivity values for version 1
2025-03-17 10:04:55,552 - INFO - Sensitivity monitoring request for version 1
2025-03-17 10:04:55,552 - INFO - Fetching sensitivity values for version 1
2025-03-17 10:04:55,552 - INFO - Returning sensitivity values for version 1
2025-03-17 10:05:01,134 - INFO - Sensitivity monitoring request for version 1
2025-03-17 10:05:01,134 - INFO - Fetching sensitivity values for version 1
2025-03-17 10:05:01,134 - INFO - Returning sensitivity values for version 1
2025-03-17 10:05:05,549 - INFO - Sensitivity monitoring request for version 1
2025-03-17 10:05:05,549 - INFO - Fetching sensitivity values for version 1
2025-03-17 10:05:05,549 - INFO - Returning sensitivity values for version 1
2025-03-17 10:05:11,148 - INFO - Sensitivity monitoring request for version 1
2025-03-17 10:05:11,148 - INFO - Fetching sensitivity values for version 1
2025-03-17 10:05:11,148 - INFO - Returning sensitivity values for version 1
2025-03-17 10:05:15,554 - INFO - Sensitivity monitoring request for version 1
2025-03-17 10:05:15,554 - INFO - Fetching sensitivity values for version 1
2025-03-17 10:05:15,554 - INFO - Returning sensitivity values for version 1
2025-03-17 10:05:21,128 - INFO - Sensitivity monitoring request for version 1
2025-03-17 10:05:21,129 - INFO - Fetching sensitivity values for version 1
2025-03-17 10:05:21,129 - INFO - Returning sensitivity values for version 1
2025-03-17 10:05:25,549 - INFO - Sensitivity monitoring request for version 1
2025-03-17 10:05:25,549 - INFO - Fetching sensitivity values for version 1
2025-03-17 10:05:25,549 - INFO - Returning sensitivity values for version 1
2025-03-17 10:05:31,114 - INFO - Sensitivity monitoring request for version 1
2025-03-17 10:05:31,114 - INFO - Fetching sensitivity values for version 1
2025-03-17 10:05:31,114 - INFO - Returning sensitivity values for version 1
2025-03-17 10:05:35,545 - INFO - Sensitivity monitoring request for version 1
2025-03-17 10:05:35,545 - INFO - Fetching sensitivity values for version 1
2025-03-17 10:05:35,545 - INFO - Returning sensitivity values for version 1
2025-03-17 10:05:41,119 - INFO - Sensitivity monitoring request for version 1
2025-03-17 10:05:41,119 - INFO - Fetching sensitivity values for version 1
2025-03-17 10:05:41,119 - INFO - Returning sensitivity values for version 1
2025-03-17 10:05:45,554 - INFO - Sensitivity monitoring request for version 1
2025-03-17 10:05:45,554 - INFO - Fetching sensitivity values for version 1
2025-03-17 10:05:45,554 - INFO - Returning sensitivity values for version 1
2025-03-17 10:05:51,117 - INFO - Sensitivity monitoring request for version 1
2025-03-17 10:05:51,117 - INFO - Fetching sensitivity values for version 1
2025-03-17 10:05:51,117 - INFO - Returning sensitivity values for version 1
2025-03-17 10:05:55,548 - INFO - Sensitivity monitoring request for version 1
2025-03-17 10:05:55,548 - INFO - Fetching sensitivity values for version 1
2025-03-17 10:05:55,548 - INFO - Returning sensitivity values for version 1
2025-03-17 10:06:01,128 - INFO - Sensitivity monitoring request for version 1
2025-03-17 10:06:01,128 - INFO - Fetching sensitivity values for version 1
2025-03-17 10:06:01,128 - INFO - Returning sensitivity values for version 1
2025-03-17 10:06:05,541 - INFO - Sensitivity monitoring request for version 1
2025-03-17 10:06:05,541 - INFO - Fetching sensitivity values for version 1
2025-03-17 10:06:05,541 - INFO - Returning sensitivity values for version 1
2025-03-17 10:06:11,117 - INFO - Sensitivity monitoring request for version 1
2025-03-17 10:06:11,117 - INFO - Fetching sensitivity values for version 1
2025-03-17 10:06:11,117 - INFO - Returning sensitivity values for version 1
2025-03-17 10:06:15,562 - INFO - Sensitivity monitoring request for version 1
2025-03-17 10:06:15,562 - INFO - Fetching sensitivity values for version 1
2025-03-17 10:06:15,562 - INFO - Returning sensitivity values for version 1
2025-03-17 10:06:21,118 - INFO - Sensitivity monitoring request for version 1
2025-03-17 10:06:21,119 - INFO - Fetching sensitivity values for version 1
2025-03-17 10:06:21,119 - INFO - Returning sensitivity values for version 1
2025-03-17 10:06:25,539 - INFO - Sensitivity monitoring request for version 1
2025-03-17 10:06:25,539 - INFO - Fetching sensitivity values for version 1
2025-03-17 10:06:25,539 - INFO - Returning sensitivity values for version 1
2025-03-17 10:06:31,108 - INFO - Sensitivity monitoring request for version 1
2025-03-17 10:06:31,108 - INFO - Fetching sensitivity values for version 1
2025-03-17 10:06:31,108 - INFO - Returning sensitivity values for version 1
2025-03-17 10:06:35,545 - INFO - Sensitivity monitoring request for version 1
2025-03-17 10:06:35,545 - INFO - Fetching sensitivity values for version 1
2025-03-17 10:06:35,545 - INFO - Returning sensitivity values for version 1
2025-03-17 10:06:41,105 - INFO - Sensitivity monitoring request for version 1
2025-03-17 10:06:41,105 - INFO - Fetching sensitivity values for version 1
2025-03-17 10:06:41,105 - INFO - Returning sensitivity values for version 1
2025-03-17 10:06:45,554 - INFO - Sensitivity monitoring request for version 1
2025-03-17 10:06:45,554 - INFO - Fetching sensitivity values for version 1
2025-03-17 10:06:45,554 - INFO - Returning sensitivity values for version 1
2025-03-17 10:06:51,133 - INFO - Sensitivity monitoring request for version 1
2025-03-17 10:06:51,133 - INFO - Fetching sensitivity values for version 1
2025-03-17 10:06:51,133 - INFO - Returning sensitivity values for version 1
2025-03-17 10:06:55,537 - INFO - Sensitivity monitoring request for version 1
2025-03-17 10:06:55,537 - INFO - Fetching sensitivity values for version 1
2025-03-17 10:06:55,537 - INFO - Returning sensitivity values for version 1
