2025-04-08 17:36:37,041 INFO  * Detected change in 'C:\\Users\\Mohse\\IdeaProjects2\\codebase\\backend\\API_endpoints_and_controllers\\Sen_Config.py', reloading
2025-04-08 17:36:37,379 INFO  * Restarting with stat
2025-04-08 17:36:39,503 INFO Logging configured correctly - Config copy logs going to: C:\Users\Mohse\IdeaProjects2\codebase\backend\Logs\CONFIG_COPY.log
2025-04-08 17:36:39,575 WARNING  * Debugger is active!
2025-04-08 17:36:39,588 INFO  * Debugger PIN: 119-059-632
2025-04-08 17:37:05,753 INFO  * Detected change in 'C:\\Users\\Mohse\\IdeaProjects2\\codebase\\backend\\API_endpoints_and_controllers\\Sen_Config.py', reloading
2025-04-08 17:37:06,148 INFO  * Restarting with stat
2025-04-08 17:37:07,735 INFO Logging configured correctly - Config copy logs going to: C:\Users\Mohse\IdeaProjects2\codebase\backend\Logs\CONFIG_COPY.log
2025-04-08 17:37:07,829 WARNING  * Debugger is active!
2025-04-08 17:37:07,845 INFO  * Debugger PIN: 119-059-632
2025-04-08 17:37:47,281 INFO  * Detected change in 'C:\\Users\\Mohse\\IdeaProjects2\\codebase\\backend\\API_endpoints_and_controllers\\Sen_Config.py', reloading
2025-04-08 17:37:47,368 INFO  * Restarting with stat
2025-04-08 17:37:48,432 INFO Logging configured correctly - Config copy logs going to: C:\Users\Mohse\IdeaProjects2\codebase\backend\Logs\CONFIG_COPY.log
2025-04-08 17:37:48,489 WARNING  * Debugger is active!
2025-04-08 17:37:48,497 INFO  * Debugger PIN: 119-059-632
2025-04-08 17:44:03,285 INFO 127.0.0.1 - - [08/Apr/2025 17:44:03] "GET /health HTTP/1.1" 200 -
2025-04-08 17:45:55,646 INFO 127.0.0.1 - - [08/Apr/2025 17:45:55] "POST /copy-config-modules HTTP/1.1" 200 -
2025-04-08 17:58:50,915 INFO Logging configured correctly - Config copy logs going to: C:\Users\Mohse\IdeaProjects2\codebase\backend\Logs\CONFIG_COPY.log
2025-04-08 17:58:50,962 INFO [31m[1mWARNING: This is a development server. Do not use it in a production deployment. Use a production WSGI server instead.[0m
 * Running on http://127.0.0.1:2600
2025-04-08 17:58:50,962 INFO [33mPress CTRL+C to quit[0m
2025-04-08 17:58:50,962 INFO  * Restarting with stat
2025-04-08 17:58:51,446 INFO Logging configured correctly - Config copy logs going to: C:\Users\Mohse\IdeaProjects2\codebase\backend\Logs\CONFIG_COPY.log
2025-04-08 17:58:51,493 WARNING  * Debugger is active!
2025-04-08 17:58:51,493 INFO  * Debugger PIN: 119-059-632
2025-04-08 18:36:33,401 INFO  * Detected change in 'C:\\Users\\Mohse\\IdeaProjects2\\codebase\\backend\\API_endpoints_and_controllers\\Calculations_and_Sensitivity.py', reloading
2025-04-08 18:36:33,498 INFO  * Restarting with stat
2025-04-08 18:36:34,238 INFO Logging configured correctly - Config copy logs going to: C:\Users\Mohse\IdeaProjects2\codebase\backend\Logs\CONFIG_COPY.log
2025-04-08 18:36:34,269 WARNING  * Debugger is active!
2025-04-08 18:36:34,285 INFO  * Debugger PIN: 119-059-632
2025-04-08 18:38:39,008 INFO 127.0.0.1 - - [08/Apr/2025 18:38:39] "GET /health HTTP/1.1" 200 -
2025-04-08 18:40:31,658 INFO 127.0.0.1 - - [08/Apr/2025 18:40:31] "POST /copy-config-modules HTTP/1.1" 200 -
2025-04-08 18:53:00,665 INFO  * Detected change in 'C:\\Users\\Mohse\\IdeaProjects2\\codebase\\backend\\API_endpoints_and_controllers\\CalSen.py', reloading
2025-04-08 18:53:00,848 INFO  * Restarting with stat
2025-04-08 18:53:03,075 INFO Logging configured correctly - Config copy logs going to: C:\Users\Mohse\IdeaProjects2\codebase\backend\Logs\CONFIG_COPY.log
2025-04-08 18:53:03,210 WARNING  * Debugger is active!
2025-04-08 18:53:03,226 INFO  * Debugger PIN: 119-059-632
2025-04-08 18:54:36,911 INFO  * Detected change in 'C:\\Users\\Mohse\\IdeaProjects2\\codebase\\backend\\API_endpoints_and_controllers\\CalSen.py', reloading
2025-04-08 18:54:36,990 INFO  * Restarting with stat
2025-04-08 18:54:37,933 INFO Logging configured correctly - Config copy logs going to: C:\Users\Mohse\IdeaProjects2\codebase\backend\Logs\CONFIG_COPY.log
2025-04-08 18:54:37,980 WARNING  * Debugger is active!
2025-04-08 18:54:37,980 INFO  * Debugger PIN: 119-059-632
2025-04-08 18:55:02,538 INFO  * Detected change in 'C:\\Users\\Mohse\\IdeaProjects2\\codebase\\backend\\API_endpoints_and_controllers\\CalSen.py', reloading
2025-04-08 18:55:02,627 INFO  * Restarting with stat
2025-04-08 18:55:03,473 INFO Logging configured correctly - Config copy logs going to: C:\Users\Mohse\IdeaProjects2\codebase\backend\Logs\CONFIG_COPY.log
2025-04-08 18:55:03,520 WARNING  * Debugger is active!
2025-04-08 18:55:03,529 INFO  * Debugger PIN: 119-059-632
2025-04-08 18:57:04,923 INFO  * Detected change in 'C:\\Users\\Mohse\\IdeaProjects2\\codebase\\backend\\API_endpoints_and_controllers\\CalSen.py', reloading
2025-04-08 18:57:04,999 INFO  * Restarting with stat
2025-04-08 18:57:06,040 INFO Logging configured correctly - Config copy logs going to: C:\Users\Mohse\IdeaProjects2\codebase\backend\Logs\CONFIG_COPY.log
2025-04-08 18:57:06,086 WARNING  * Debugger is active!
2025-04-08 18:57:06,095 INFO  * Debugger PIN: 119-059-632
2025-04-08 18:59:35,852 INFO  * Detected change in 'C:\\Users\\Mohse\\IdeaProjects2\\codebase\\backend\\API_endpoints_and_controllers\\CalSen.py', reloading
2025-04-08 18:59:35,957 INFO  * Restarting with stat
2025-04-08 18:59:37,626 INFO Logging configured correctly - Config copy logs going to: C:\Users\Mohse\IdeaProjects2\codebase\backend\Logs\CONFIG_COPY.log
2025-04-08 18:59:37,714 WARNING  * Debugger is active!
2025-04-08 18:59:37,723 INFO  * Debugger PIN: 119-059-632
2025-04-08 19:06:47,708 INFO  * Detected change in 'C:\\Users\\Mohse\\IdeaProjects2\\codebase\\backend\\API_endpoints_and_controllers\\CalSen.py', reloading
2025-04-08 19:06:47,776 INFO  * Restarting with stat
2025-04-08 19:06:48,740 INFO Logging configured correctly - Config copy logs going to: C:\Users\Mohse\IdeaProjects2\codebase\backend\Logs\CONFIG_COPY.log
2025-04-08 19:06:48,798 WARNING  * Debugger is active!
2025-04-08 19:06:48,810 INFO  * Debugger PIN: 119-059-632
2025-04-08 19:07:50,283 INFO  * Detected change in 'C:\\Users\\Mohse\\IdeaProjects2\\codebase\\backend\\API_endpoints_and_controllers\\CalSen.py', reloading
2025-04-08 19:07:50,352 INFO  * Restarting with stat
2025-04-08 19:07:51,111 INFO Logging configured correctly - Config copy logs going to: C:\Users\Mohse\IdeaProjects2\codebase\backend\Logs\CONFIG_COPY.log
2025-04-08 19:07:51,148 WARNING  * Debugger is active!
2025-04-08 19:07:51,157 INFO  * Debugger PIN: 119-059-632
2025-04-08 19:14:22,408 INFO 127.0.0.1 - - [08/Apr/2025 19:14:22] "GET /health HTTP/1.1" 200 -
2025-04-08 19:16:14,655 INFO 127.0.0.1 - - [08/Apr/2025 19:16:14] "POST /copy-config-modules HTTP/1.1" 200 -
2025-04-08 19:25:14,240 INFO  * Detected change in 'C:\\Users\\Mohse\\IdeaProjects2\\codebase\\backend\\API_endpoints_and_controllers\\Calculations_and_Sensitivity.py', reloading
2025-04-08 19:25:14,523 INFO  * Restarting with stat
2025-04-08 19:25:15,435 INFO Logging configured correctly - Config copy logs going to: C:\Users\Mohse\IdeaProjects2\codebase\backend\Logs\CONFIG_COPY.log
2025-04-08 19:25:15,484 WARNING  * Debugger is active!
2025-04-08 19:25:15,493 INFO  * Debugger PIN: 119-059-632
2025-04-08 19:26:32,235 INFO 127.0.0.1 - - [08/Apr/2025 19:26:32] "GET /health HTTP/1.1" 200 -
2025-04-08 19:28:24,662 INFO 127.0.0.1 - - [08/Apr/2025 19:28:24] "POST /copy-config-modules HTTP/1.1" 200 -
2025-04-08 19:36:07,430 INFO  * Detected change in 'C:\\Users\\Mohse\\IdeaProjects2\\codebase\\backend\\API_endpoints_and_controllers\\sensitivity_Routes.py', reloading
2025-04-08 19:36:07,663 INFO  * Restarting with stat
2025-04-08 19:36:08,687 INFO Logging configured correctly - Config copy logs going to: C:\Users\Mohse\IdeaProjects2\codebase\backend\Logs\CONFIG_COPY.log
2025-04-08 19:36:08,734 WARNING  * Debugger is active!
2025-04-08 19:36:08,750 INFO  * Debugger PIN: 119-059-632
2025-04-08 19:38:17,305 INFO  * Detected change in 'C:\\Users\\Mohse\\IdeaProjects2\\codebase\\backend\\API_endpoints_and_controllers\\sensitivity_Routes.py', reloading
2025-04-08 19:38:17,383 INFO  * Restarting with stat
2025-04-08 19:38:18,054 INFO Logging configured correctly - Config copy logs going to: C:\Users\Mohse\IdeaProjects2\codebase\backend\Logs\CONFIG_COPY.log
2025-04-08 19:38:18,085 WARNING  * Debugger is active!
2025-04-08 19:38:18,085 INFO  * Debugger PIN: 119-059-632
2025-04-08 19:38:38,114 INFO  * Detected change in 'C:\\Users\\Mohse\\IdeaProjects2\\codebase\\backend\\API_endpoints_and_controllers\\sensitivity_Routes.py', reloading
2025-04-08 19:38:38,161 INFO  * Restarting with stat
2025-04-08 19:38:38,521 INFO Logging configured correctly - Config copy logs going to: C:\Users\Mohse\IdeaProjects2\codebase\backend\Logs\CONFIG_COPY.log
2025-04-08 19:38:38,552 WARNING  * Debugger is active!
2025-04-08 19:38:38,552 INFO  * Debugger PIN: 119-059-632
2025-04-08 19:41:24,521 INFO  * Detected change in 'C:\\Users\\Mohse\\IdeaProjects2\\codebase\\backend\\API_endpoints_and_controllers\\sensitivity_Routes.py', reloading
2025-04-08 19:41:24,603 INFO  * Restarting with stat
2025-04-08 19:41:25,359 INFO Logging configured correctly - Config copy logs going to: C:\Users\Mohse\IdeaProjects2\codebase\backend\Logs\CONFIG_COPY.log
2025-04-08 19:41:25,392 WARNING  * Debugger is active!
2025-04-08 19:41:25,406 INFO  * Debugger PIN: 119-059-632
2025-04-08 20:20:44,488 INFO  * Detected change in 'C:\\Users\\Mohse\\IdeaProjects2\\codebase\\backend\\API_endpoints_and_controllers\\sensitivity_Routes.py', reloading
2025-04-08 20:20:44,564 INFO  * Restarting with stat
2025-04-08 20:20:45,080 INFO Logging configured correctly - Config copy logs going to: C:\Users\Mohse\IdeaProjects2\codebase\backend\Logs\CONFIG_COPY.log
2025-04-08 20:20:45,105 WARNING  * Debugger is active!
2025-04-08 20:20:45,113 INFO  * Debugger PIN: 119-059-632
2025-04-08 20:47:01,898 INFO  * Detected change in 'C:\\Users\\Mohse\\IdeaProjects2\\codebase\\backend\\API_endpoints_and_controllers\\sensitivity_Routes.py', reloading
2025-04-08 20:47:01,991 INFO  * Restarting with stat
2025-04-08 20:47:04,164 INFO Logging configured correctly - Config copy logs going to: C:\Users\Mohse\IdeaProjects2\codebase\backend\Logs\CONFIG_COPY.log
2025-04-08 20:47:04,205 WARNING  * Debugger is active!
2025-04-08 20:47:04,214 INFO  * Debugger PIN: 119-059-632
2025-04-08 20:50:36,457 INFO  * Detected change in 'C:\\Users\\Mohse\\IdeaProjects2\\codebase\\backend\\API_endpoints_and_controllers\\sensitivity_Routes.py', reloading
2025-04-08 20:50:36,512 INFO  * Restarting with stat
2025-04-08 20:50:36,992 INFO Logging configured correctly - Config copy logs going to: C:\Users\Mohse\IdeaProjects2\codebase\backend\Logs\CONFIG_COPY.log
2025-04-08 20:50:37,023 WARNING  * Debugger is active!
2025-04-08 20:50:37,033 INFO  * Debugger PIN: 119-059-632
2025-04-08 20:51:50,768 INFO  * Detected change in 'C:\\Users\\Mohse\\IdeaProjects2\\codebase\\backend\\API_endpoints_and_controllers\\sensitivity_Routes.py', reloading
2025-04-08 20:51:50,929 INFO  * Restarting with stat
2025-04-08 20:51:52,086 INFO Logging configured correctly - Config copy logs going to: C:\Users\Mohse\IdeaProjects2\codebase\backend\Logs\CONFIG_COPY.log
2025-04-08 20:51:52,128 WARNING  * Debugger is active!
2025-04-08 20:51:52,133 INFO  * Debugger PIN: 119-059-632
2025-04-08 20:52:27,835 INFO  * Detected change in 'C:\\Users\\Mohse\\IdeaProjects2\\codebase\\backend\\API_endpoints_and_controllers\\sensitivity_Routes.py', reloading
2025-04-08 20:52:27,895 INFO  * Restarting with stat
2025-04-08 20:52:28,382 INFO Logging configured correctly - Config copy logs going to: C:\Users\Mohse\IdeaProjects2\codebase\backend\Logs\CONFIG_COPY.log
2025-04-08 20:52:28,414 WARNING  * Debugger is active!
2025-04-08 20:52:28,421 INFO  * Debugger PIN: 119-059-632
2025-04-09 05:38:24,258 INFO Logging configured correctly - Config copy logs going to: C:\Users\Mohse\IdeaProjects2\codebase\backend\Logs\CONFIG_COPY.log
2025-04-09 05:38:24,305 INFO [31m[1mWARNING: This is a development server. Do not use it in a production deployment. Use a production WSGI server instead.[0m
 * Running on http://127.0.0.1:2600
2025-04-09 05:38:24,305 INFO [33mPress CTRL+C to quit[0m
2025-04-09 05:38:24,305 INFO  * Restarting with stat
2025-04-09 05:38:24,802 INFO Logging configured correctly - Config copy logs going to: C:\Users\Mohse\IdeaProjects2\codebase\backend\Logs\CONFIG_COPY.log
2025-04-09 05:38:24,818 WARNING  * Debugger is active!
2025-04-09 05:38:24,834 INFO  * Debugger PIN: 119-059-632
2025-04-09 05:44:25,411 INFO 127.0.0.1 - - [09/Apr/2025 05:44:25] "GET /health HTTP/1.1" 200 -
2025-04-09 05:46:17,336 INFO 127.0.0.1 - - [09/Apr/2025 05:46:17] "POST /copy-config-modules HTTP/1.1" 200 -
2025-04-09 06:04:09,757 INFO 127.0.0.1 - - [09/Apr/2025 06:04:09] "GET /health HTTP/1.1" 200 -
2025-04-09 06:06:00,978 INFO 127.0.0.1 - - [09/Apr/2025 06:06:00] "POST /copy-config-modules HTTP/1.1" 200 -
2025-04-09 06:34:59,057 INFO  * Detected change in 'C:\\Users\\Mohse\\IdeaProjects2\\codebase\\backend\\API_endpoints_and_controllers\\Calculations_and_Sensitivity.py', reloading
2025-04-09 06:34:59,271 INFO  * Restarting with stat
2025-04-09 06:35:00,995 INFO Logging configured correctly - Config copy logs going to: C:\Users\Mohse\IdeaProjects2\codebase\backend\Logs\CONFIG_COPY.log
2025-04-09 06:35:01,069 WARNING  * Debugger is active!
2025-04-09 06:35:01,076 INFO  * Debugger PIN: 119-059-632
2025-04-09 07:07:23,511 INFO  * Detected change in 'C:\\Users\\Mohse\\IdeaProjects2\\codebase\\backend\\API_endpoints_and_controllers\\CalSen.py', reloading
2025-04-09 07:07:23,598 INFO  * Restarting with stat
2025-04-09 07:07:25,305 INFO Logging configured correctly - Config copy logs going to: C:\Users\Mohse\IdeaProjects2\codebase\backend\Logs\CONFIG_COPY.log
2025-04-09 07:07:25,368 WARNING  * Debugger is active!
2025-04-09 07:07:25,376 INFO  * Debugger PIN: 119-059-632
