2025-04-23 18:21:43 - INFO - 127.0.0.1 - - [23/Apr/2025 18:21:43] "OPTIONS /runSub HTTP/1.1" 200 -
2025-04-23 18:21:43 - INFO - Received data: {'selectedVersions': ['3'], 'selectedProperties': ['initialSellingPriceAmount13'], 'remarks': 'on', 'customizedFeatures': 'on', 'subplotSelection': {'SP1': 'on', 'SP2': 'on', 'SP3': 'off', 'SP4': 'off', 'SP5': 'off', 'SP6': 'off', 'SP7': 'off', 'SP8': 'on', 'SP9': 'off'}}
2025-04-23 18:21:43 - INFO - Changed working directory to: C:\Users\Mohse\IdeaProjects2\codebase\backend\Visualization_generators
2025-04-23 18:21:45 - ERROR - Error running AggregatedSubPlots.py: Traceback (most recent call last):
  File "C:\Users\Mohse\IdeaProjects2\codebase\backend\Visualization_generators\AggregatedSubPlots.py", line 659, in <module>
    for key, status in selected_v.items():
                       ^^^^^^^^^^^^^^^^
AttributeError: 'NoneType' object has no attribute 'items'

2025-04-23 18:21:45 - INFO - 127.0.0.1 - - [23/Apr/2025 18:21:45] "[35m[1mPOST /runSub HTTP/1.1[0m" 500 -
2025-04-23 18:25:47 - INFO -  * Detected change in 'C:\\Users\\Mohse\\IdeaProjects2\\codebase\\backend\\API_endpoints_and_controllers\\Sub.py', reloading
2025-04-23 18:25:51 - INFO - Flask Sub.py logging initialized
2025-04-23 18:25:51 - WARNING -  * Debugger is active!
2025-04-23 18:25:51 - INFO -  * Debugger PIN: 119-059-632
2025-04-23 18:26:08 - INFO -  * Detected change in 'C:\\Users\\Mohse\\IdeaProjects2\\codebase\\backend\\API_endpoints_and_controllers\\Sub.py', reloading
2025-04-23 18:26:10 - INFO - Flask Sub.py logging initialized
2025-04-23 18:26:10 - WARNING -  * Debugger is active!
2025-04-23 18:26:10 - INFO -  * Debugger PIN: 119-059-632
2025-04-23 18:29:23 - INFO - 127.0.0.1 - - [23/Apr/2025 18:29:23] "OPTIONS /runSub HTTP/1.1" 200 -
2025-04-23 18:29:23 - INFO - Received data: {'selectedVersions': ['3'], 'selectedProperties': ['initialSellingPriceAmount13'], 'remarks': 'on', 'customizedFeatures': 'on', 'subplotSelection': {'SP1': 'on', 'SP2': 'on', 'SP3': 'off', 'SP4': 'off', 'SP5': 'off', 'SP6': 'off', 'SP7': 'off', 'SP8': 'on', 'SP9': 'off'}}
2025-04-23 18:29:23 - INFO - Changed working directory to: C:\Users\Mohse\IdeaProjects2\codebase\backend\Visualization_generators
2025-04-23 18:29:30 - INFO - HTML album organization completed
2025-04-23 18:29:30 - INFO - 127.0.0.1 - - [23/Apr/2025 18:29:30] "[35m[1mPOST /runSub HTTP/1.1[0m" 204 -
2025-04-23 18:33:04 - INFO - 127.0.0.1 - - [23/Apr/2025 18:33:04] "OPTIONS /runSub HTTP/1.1" 200 -
2025-04-23 18:33:04 - INFO - Received data: {'selectedVersions': ['3'], 'selectedProperties': ['initialSellingPriceAmount13'], 'remarks': 'on', 'customizedFeatures': 'on', 'subplotSelection': {'SP1': 'on', 'SP2': 'on', 'SP3': 'off', 'SP4': 'off', 'SP5': 'off', 'SP6': 'off', 'SP7': 'off', 'SP8': 'on', 'SP9': 'off'}}
2025-04-23 18:33:04 - INFO - Changed working directory to: C:\Users\Mohse\IdeaProjects2\codebase\backend\Visualization_generators
2025-04-23 18:33:06 - INFO - HTML album organization completed
2025-04-23 18:33:06 - INFO - 127.0.0.1 - - [23/Apr/2025 18:33:06] "[35m[1mPOST /runSub HTTP/1.1[0m" 204 -
2025-04-23 18:36:24 - INFO - 127.0.0.1 - - [23/Apr/2025 18:36:24] "OPTIONS /runSub HTTP/1.1" 200 -
2025-04-23 18:36:24 - INFO - Received data: {'selectedVersions': ['3'], 'selectedProperties': ['initialSellingPriceAmount13'], 'remarks': 'on', 'customizedFeatures': 'on', 'subplotSelection': {'SP1': 'on', 'SP2': 'on', 'SP3': 'off', 'SP4': 'off', 'SP5': 'off', 'SP6': 'off', 'SP7': 'off', 'SP8': 'on', 'SP9': 'off'}}
2025-04-23 18:36:24 - INFO - Changed working directory to: C:\Users\Mohse\IdeaProjects2\codebase\backend\Visualization_generators
2025-04-23 18:36:27 - INFO - HTML album organization completed
2025-04-23 18:36:27 - INFO - 127.0.0.1 - - [23/Apr/2025 18:36:27] "[35m[1mPOST /runSub HTTP/1.1[0m" 204 -
2025-04-23 18:37:41 - INFO - 127.0.0.1 - - [23/Apr/2025 18:37:41] "[33mGET /subplotMetadata HTTP/1.1[0m" 404 -
2025-04-23 18:37:41 - INFO - 127.0.0.1 - - [23/Apr/2025 18:37:41] "[33mGET /subplotMetadata HTTP/1.1[0m" 404 -
2025-04-23 18:38:57 - INFO - 127.0.0.1 - - [23/Apr/2025 18:38:57] "[33mGET /subplotMetadata HTTP/1.1[0m" 404 -
2025-04-23 18:38:58 - INFO - 127.0.0.1 - - [23/Apr/2025 18:38:58] "[33mGET /subplotMetadata HTTP/1.1[0m" 404 -
2025-04-23 18:45:09 - INFO - 127.0.0.1 - - [23/Apr/2025 18:45:09] "OPTIONS /runSub HTTP/1.1" 200 -
2025-04-23 18:45:09 - INFO - Received data: {'selectedVersions': ['3'], 'selectedProperties': ['initialSellingPriceAmount13'], 'remarks': 'on', 'customizedFeatures': 'on', 'subplotSelection': {'SP1': 'off', 'SP2': 'on', 'SP3': 'off', 'SP4': 'off', 'SP5': 'off', 'SP6': 'off', 'SP7': 'off', 'SP8': 'off', 'SP9': 'off'}}
2025-04-23 18:45:09 - INFO - Changed working directory to: C:\Users\Mohse\IdeaProjects2\codebase\backend\Visualization_generators
2025-04-23 18:45:13 - INFO - HTML album organization completed
2025-04-23 18:45:13 - INFO - 127.0.0.1 - - [23/Apr/2025 18:45:13] "[35m[1mPOST /runSub HTTP/1.1[0m" 204 -
2025-04-24 13:29:06 - INFO - Flask Sub.py logging initialized
2025-04-24 13:29:07 - INFO - [31m[1mWARNING: This is a development server. Do not use it in a production deployment. Use a production WSGI server instead.[0m
 * Running on http://127.0.0.1:5009
2025-04-24 13:29:07 - INFO - [33mPress CTRL+C to quit[0m
2025-04-24 13:29:07 - INFO -  * Restarting with stat
2025-04-24 13:29:07 - INFO - Flask Sub.py logging initialized
2025-04-24 13:29:07 - WARNING -  * Debugger is active!
2025-04-24 13:29:07 - INFO -  * Debugger PIN: 119-059-632
2025-04-24 15:37:08 - INFO -  * Detected change in 'C:\\Users\\Mohse\\IdeaProjects2\\codebase\\backend\\API_endpoints_and_controllers\\Refactorization\\Calculations_and_Sensitivity-LL.py', reloading
2025-04-24 15:37:08 - INFO -  * Restarting with stat
2025-04-24 15:37:15 - INFO - Flask Sub.py logging initialized
2025-04-24 15:37:16 - WARNING -  * Debugger is active!
2025-04-24 15:37:16 - INFO -  * Debugger PIN: 119-059-632
2025-04-24 15:38:23 - INFO -  * Detected change in 'C:\\Users\\Mohse\\IdeaProjects2\\codebase\\backend\\API_endpoints_and_controllers\\Refactorization\\Calculations_and_Sensitivity-LL.py', reloading
2025-04-24 15:38:23 - INFO -  * Restarting with stat
2025-04-24 15:38:25 - INFO - Flask Sub.py logging initialized
2025-04-24 15:38:25 - WARNING -  * Debugger is active!
2025-04-24 15:38:25 - INFO -  * Debugger PIN: 119-059-632
2025-04-24 15:40:21 - INFO -  * Detected change in 'C:\\Users\\Mohse\\IdeaProjects2\\codebase\\backend\\API_endpoints_and_controllers\\Refactorization\\Calculations_and_Sensitivity-LL.py', reloading
2025-04-24 15:40:21 - INFO -  * Restarting with stat
2025-04-24 15:40:25 - INFO - Flask Sub.py logging initialized
2025-04-24 15:40:26 - WARNING -  * Debugger is active!
2025-04-24 15:40:26 - INFO -  * Debugger PIN: 119-059-632
2025-04-24 15:41:36 - INFO -  * Detected change in 'C:\\Users\\Mohse\\IdeaProjects2\\codebase\\backend\\API_endpoints_and_controllers\\Refactorization\\Calculations_and_Sensitivity-LL.py', reloading
2025-04-24 15:41:36 - INFO -  * Restarting with stat
2025-04-24 15:41:40 - INFO - Flask Sub.py logging initialized
2025-04-24 15:41:40 - WARNING -  * Debugger is active!
2025-04-24 15:41:40 - INFO -  * Debugger PIN: 119-059-632
2025-04-24 15:42:59 - INFO -  * Detected change in 'C:\\Users\\Mohse\\IdeaProjects2\\codebase\\backend\\API_endpoints_and_controllers\\Refactorization\\Calculations_and_Sensitivity-LL.py', reloading
2025-04-24 15:42:59 - INFO -  * Restarting with stat
2025-04-24 15:43:02 - INFO - Flask Sub.py logging initialized
2025-04-24 15:43:02 - WARNING -  * Debugger is active!
2025-04-24 15:43:02 - INFO -  * Debugger PIN: 119-059-632
2025-04-24 17:39:36 - INFO -  * Detected change in 'C:\\Users\\Mohse\\IdeaProjects2\\codebase\\backend\\API_endpoints_and_controllers\\Refactorization\\modular_sensitivity\\config.py', reloading
2025-04-24 17:39:36 - INFO -  * Restarting with stat
2025-04-24 17:39:37 - INFO - Flask Sub.py logging initialized
2025-04-24 17:39:37 - WARNING -  * Debugger is active!
2025-04-24 17:39:37 - INFO -  * Debugger PIN: 119-059-632
2025-04-24 17:40:11 - INFO -  * Detected change in 'C:\\Users\\Mohse\\IdeaProjects2\\codebase\\backend\\API_endpoints_and_controllers\\Refactorization\\modular_sensitivity\\utils.py', reloading
2025-04-24 17:40:12 - INFO -  * Restarting with stat
2025-04-24 17:40:15 - INFO - Flask Sub.py logging initialized
2025-04-24 17:40:16 - WARNING -  * Debugger is active!
2025-04-24 17:40:16 - INFO -  * Debugger PIN: 119-059-632
2025-04-24 17:49:08 - INFO -  * Detected change in 'C:\\Users\\Mohse\\IdeaProjects2\\codebase\\backend\\API_endpoints_and_controllers\\Refactorization\\modular_sensitivity\\blueprints\\advanced_sensitivity.py', reloading
2025-04-24 17:49:09 - INFO -  * Restarting with stat
2025-04-24 17:49:10 - INFO - Flask Sub.py logging initialized
2025-04-24 17:49:10 - WARNING -  * Debugger is active!
2025-04-24 17:49:10 - INFO -  * Debugger PIN: 119-059-632
2025-04-24 17:49:36 - INFO -  * Detected change in 'C:\\Users\\Mohse\\IdeaProjects2\\codebase\\backend\\API_endpoints_and_controllers\\Refactorization\\modular_sensitivity\\blueprints\\__init__.py', reloading
2025-04-24 17:49:36 - INFO -  * Restarting with stat
2025-04-24 17:49:37 - INFO - Flask Sub.py logging initialized
2025-04-24 17:49:37 - WARNING -  * Debugger is active!
2025-04-24 17:49:37 - INFO -  * Debugger PIN: 119-059-632
2025-04-24 17:50:00 - INFO -  * Detected change in 'C:\\Users\\Mohse\\IdeaProjects2\\codebase\\backend\\API_endpoints_and_controllers\\Refactorization\\modular_sensitivity\\app.py', reloading
2025-04-24 17:50:00 - INFO -  * Restarting with stat
2025-04-24 17:50:02 - INFO - Flask Sub.py logging initialized
2025-04-24 17:50:02 - WARNING -  * Debugger is active!
2025-04-24 17:50:02 - INFO -  * Debugger PIN: 119-059-632
2025-04-24 17:50:29 - INFO -  * Detected change in 'C:\\Users\\Mohse\\IdeaProjects2\\codebase\\backend\\API_endpoints_and_controllers\\Refactorization\\modular_sensitivity\\app.py', reloading
2025-04-24 17:50:30 - INFO -  * Restarting with stat
2025-04-24 17:50:30 - INFO - Flask Sub.py logging initialized
2025-04-24 17:50:30 - WARNING -  * Debugger is active!
2025-04-24 17:50:30 - INFO -  * Debugger PIN: 119-059-632
2025-04-24 17:50:56 - INFO -  * Detected change in 'C:\\Users\\Mohse\\IdeaProjects2\\codebase\\backend\\API_endpoints_and_controllers\\Refactorization\\backend\\blueprints\\__init__.py', reloading
2025-04-24 17:50:56 - INFO -  * Restarting with stat
2025-04-24 17:50:57 - INFO - Flask Sub.py logging initialized
2025-04-24 17:50:57 - WARNING -  * Debugger is active!
2025-04-24 17:50:57 - INFO -  * Debugger PIN: 119-059-632
2025-04-24 17:51:40 - INFO -  * Detected change in 'C:\\Users\\Mohse\\IdeaProjects2\\codebase\\backend\\API_endpoints_and_controllers\\Refactorization\\backend\\app.py', reloading
2025-04-24 17:51:40 - INFO -  * Restarting with stat
2025-04-24 17:51:41 - INFO - Flask Sub.py logging initialized
2025-04-24 17:51:41 - WARNING -  * Debugger is active!
2025-04-24 17:51:41 - INFO -  * Debugger PIN: 119-059-632
2025-04-24 17:52:06 - INFO -  * Detected change in 'C:\\Users\\Mohse\\IdeaProjects2\\codebase\\backend\\API_endpoints_and_controllers\\Refactorization\\backend\\app.py', reloading
2025-04-24 17:52:06 - INFO -  * Restarting with stat
2025-04-24 17:52:08 - INFO - Flask Sub.py logging initialized
2025-04-24 17:52:08 - WARNING -  * Debugger is active!
2025-04-24 17:52:08 - INFO -  * Debugger PIN: 119-059-632
2025-04-24 17:52:36 - INFO -  * Detected change in 'C:\\Users\\Mohse\\IdeaProjects2\\codebase\\backend\\API_endpoints_and_controllers\\Refactorization\\backend\\app.py', reloading
2025-04-24 17:52:36 - INFO -  * Restarting with stat
2025-04-24 17:52:37 - INFO - Flask Sub.py logging initialized
2025-04-24 17:52:37 - WARNING -  * Debugger is active!
2025-04-24 17:52:37 - INFO -  * Debugger PIN: 119-059-632
2025-04-24 17:52:55 - INFO -  * Detected change in 'C:\\Users\\Mohse\\IdeaProjects2\\codebase\\backend\\API_endpoints_and_controllers\\Refactorization\\backend\\app.py', reloading
2025-04-24 17:52:56 - INFO -  * Restarting with stat
2025-04-24 17:52:56 - INFO - Flask Sub.py logging initialized
2025-04-24 17:52:56 - WARNING -  * Debugger is active!
2025-04-24 17:52:56 - INFO -  * Debugger PIN: 119-059-632
