2025-02-23 17:18:24,444 INFO Logging configured correctly - Main logs going to: C:\Users\Mohse\OneDrive\Desktop\Milestone4 - Copy\backend\Logs\RUN.log
2025-02-23 17:18:24,492 INFO [31m[1mWARNING: This is a development server. Do not use it in a production deployment. Use a production WSGI server instead.[0m
 * Running on http://127.0.0.1:5007
2025-02-23 17:18:24,492 INFO [33mPress CTRL+C to quit[0m
2025-02-23 17:18:24,492 INFO  * Restarting with stat
2025-02-23 17:18:25,176 INFO Logging configured correctly - Main logs going to: C:\Users\Mohse\OneDrive\Desktop\Milestone4 - Copy\backend\Logs\RUN.log
2025-02-23 17:18:25,207 WARNING  * Debugger is active!
2025-02-23 17:18:25,214 INFO  * Debugger PIN: 119-059-632
2025-02-23 17:18:53,697 INFO Logging configured correctly - Main logs going to: C:\Users\Mohse\OneDrive\Desktop\Milestone4 - Copy\backend\Logs\RUN.log
2025-02-23 17:18:53,846 INFO [31m[1mWARNING: This is a development server. Do not use it in a production deployment. Use a production WSGI server instead.[0m
 * Running on http://127.0.0.1:5007
2025-02-23 17:18:53,846 INFO [33mPress CTRL+C to quit[0m
2025-02-23 17:18:53,862 INFO  * Restarting with stat
2025-02-23 17:18:56,276 INFO Logging configured correctly - Main logs going to: C:\Users\Mohse\OneDrive\Desktop\Milestone4 - Copy\backend\Logs\RUN.log
2025-02-23 17:18:56,435 WARNING  * Debugger is active!
2025-02-23 17:18:56,448 INFO  * Debugger PIN: 119-059-632
2025-02-23 17:21:43,138 INFO Logging configured correctly - Main logs going to: C:\Users\Mohse\OneDrive\Desktop\Milestone4 - Copy\backend\Logs\RUN.log
2025-02-23 17:21:43,243 INFO [31m[1mWARNING: This is a development server. Do not use it in a production deployment. Use a production WSGI server instead.[0m
 * Running on http://127.0.0.1:5007
2025-02-23 17:21:43,243 INFO [33mPress CTRL+C to quit[0m
2025-02-23 17:21:43,266 INFO  * Restarting with stat
2025-02-23 17:21:47,774 INFO Logging configured correctly - Main logs going to: C:\Users\Mohse\OneDrive\Desktop\Milestone4 - Copy\backend\Logs\RUN.log
2025-02-23 17:21:48,001 WARNING  * Debugger is active!
2025-02-23 17:21:48,001 INFO  * Debugger PIN: 119-059-632
2025-02-23 17:23:07,268 INFO Logging configured correctly - Main logs going to: C:\Users\Mohse\OneDrive\Desktop\Milestone4 - Copy\backend\Logs\RUN.log
2025-02-23 17:23:07,414 INFO [31m[1mWARNING: This is a development server. Do not use it in a production deployment. Use a production WSGI server instead.[0m
 * Running on http://127.0.0.1:5007
2025-02-23 17:23:07,414 INFO [33mPress CTRL+C to quit[0m
2025-02-23 17:23:07,446 INFO  * Restarting with stat
2025-02-23 17:23:09,252 INFO Logging configured correctly - Main logs going to: C:\Users\Mohse\OneDrive\Desktop\Milestone4 - Copy\backend\Logs\RUN.log
2025-02-23 17:23:09,327 WARNING  * Debugger is active!
2025-02-23 17:23:09,327 INFO  * Debugger PIN: 119-059-632
2025-02-23 17:25:33,845 INFO Logging configured correctly - Main logs going to: C:\Users\Mohse\OneDrive\Desktop\Milestone4 - Copy\backend\Logs\RUN.log
2025-02-23 17:25:34,062 INFO [31m[1mWARNING: This is a development server. Do not use it in a production deployment. Use a production WSGI server instead.[0m
 * Running on http://127.0.0.1:5007
2025-02-23 17:25:34,062 INFO [33mPress CTRL+C to quit[0m
2025-02-23 17:25:34,062 INFO  * Restarting with stat
2025-02-23 17:25:36,944 INFO Logging configured correctly - Main logs going to: C:\Users\Mohse\OneDrive\Desktop\Milestone4 - Copy\backend\Logs\RUN.log
2025-02-23 17:25:37,210 WARNING  * Debugger is active!
2025-02-23 17:25:37,227 INFO  * Debugger PIN: 119-059-632
2025-02-23 17:27:15,865 INFO Logging configured correctly - Main logs going to: C:\Users\Mohse\OneDrive\Desktop\Milestone4 - Copy\backend\Logs\RUN.log
2025-02-23 17:27:15,904 INFO [31m[1mWARNING: This is a development server. Do not use it in a production deployment. Use a production WSGI server instead.[0m
 * Running on http://127.0.0.1:5007
2025-02-23 17:27:15,904 INFO [33mPress CTRL+C to quit[0m
2025-02-23 17:27:15,904 INFO  * Restarting with stat
2025-02-23 17:27:16,315 INFO Logging configured correctly - Main logs going to: C:\Users\Mohse\OneDrive\Desktop\Milestone4 - Copy\backend\Logs\RUN.log
2025-02-23 17:27:16,351 WARNING  * Debugger is active!
2025-02-23 17:27:16,351 INFO  * Debugger PIN: 119-059-632
2025-02-23 17:27:26,417 INFO Logging configured correctly - Main logs going to: C:\Users\Mohse\OneDrive\Desktop\Milestone4 - Copy\backend\Logs\RUN.log
2025-02-23 17:27:26,477 INFO [31m[1mWARNING: This is a development server. Do not use it in a production deployment. Use a production WSGI server instead.[0m
 * Running on http://127.0.0.1:5007
2025-02-23 17:27:26,477 INFO [33mPress CTRL+C to quit[0m
2025-02-23 17:27:26,477 INFO  * Restarting with stat
2025-02-23 17:27:27,677 INFO Logging configured correctly - Main logs going to: C:\Users\Mohse\OneDrive\Desktop\Milestone4 - Copy\backend\Logs\RUN.log
2025-02-23 17:27:27,759 WARNING  * Debugger is active!
2025-02-23 17:27:27,760 INFO  * Debugger PIN: 119-059-632
2025-02-23 17:27:57,889 INFO Logging configured correctly - Main logs going to: C:\Users\Mohse\OneDrive\Desktop\Milestone4 - Copy\backend\Logs\RUN.log
2025-02-23 17:27:57,994 INFO [31m[1mWARNING: This is a development server. Do not use it in a production deployment. Use a production WSGI server instead.[0m
 * Running on http://127.0.0.1:5007
2025-02-23 17:27:57,994 INFO [33mPress CTRL+C to quit[0m
2025-02-23 17:27:57,997 INFO  * Restarting with stat
2025-02-23 17:27:58,872 INFO Logging configured correctly - Main logs going to: C:\Users\Mohse\OneDrive\Desktop\Milestone4 - Copy\backend\Logs\RUN.log
2025-02-23 17:27:58,915 WARNING  * Debugger is active!
2025-02-23 17:27:58,931 INFO  * Debugger PIN: 119-059-632
2025-02-23 17:29:32,004 INFO  * Detected change in 'C:\\Users\\Mohse\\OneDrive\\Desktop\\Milestone4 - Copy\\backend\\Core_calculation_engines\\update_config_modules_with_CFA_7.py', reloading
2025-02-23 17:29:32,472 INFO  * Detected change in 'C:\\Users\\Mohse\\OneDrive\\Desktop\\Milestone4 - Copy\\backend\\Core_calculation_engines\\update_config_modules_with_CFA_7.py', reloading
2025-02-23 17:29:32,542 INFO  * Restarting with stat
2025-02-23 17:29:33,228 INFO Logging configured correctly - Main logs going to: C:\Users\Mohse\OneDrive\Desktop\Milestone4 - Copy\backend\Logs\RUN.log
2025-02-23 17:29:33,272 WARNING  * Debugger is active!
2025-02-23 17:29:33,278 INFO  * Debugger PIN: 119-059-632
2025-02-23 17:30:29,561 INFO Logging configured correctly - Main logs going to: C:\Users\Mohse\OneDrive\Desktop\Milestone4 - Copy\backend\Logs\RUN.log
2025-02-23 17:30:29,611 INFO [31m[1mWARNING: This is a development server. Do not use it in a production deployment. Use a production WSGI server instead.[0m
 * Running on http://127.0.0.1:5007
2025-02-23 17:30:29,611 INFO [33mPress CTRL+C to quit[0m
2025-02-23 17:30:29,622 INFO  * Restarting with stat
2025-02-23 17:30:30,685 INFO Logging configured correctly - Main logs going to: C:\Users\Mohse\OneDrive\Desktop\Milestone4 - Copy\backend\Logs\RUN.log
2025-02-23 17:30:30,730 WARNING  * Debugger is active!
2025-02-23 17:30:30,730 INFO  * Debugger PIN: 119-059-632
2025-02-23 17:32:00,527 INFO 127.0.0.1 - - [23/Feb/2025 17:32:00] "OPTIONS /run HTTP/1.1" 200 -
2025-02-23 17:32:07,369 INFO 127.0.0.1 - - [23/Feb/2025 17:32:07] "[35m[1mPOST /run HTTP/1.1[0m" 500 -
2025-02-23 17:38:18,931 INFO 127.0.0.1 - - [23/Feb/2025 17:38:18] "OPTIONS /run HTTP/1.1" 200 -
2025-02-23 17:38:25,002 INFO 127.0.0.1 - - [23/Feb/2025 17:38:25] "[35m[1mPOST /run HTTP/1.1[0m" 500 -
2025-02-23 17:42:17,724 INFO  * Detected change in 'C:\\Users\\Mohse\\OneDrive\\Desktop\\Milestone4 - Copy\\backend\\Configuration_management\\update_config_modules_with_CFA.py', reloading
2025-02-23 17:42:17,807 INFO  * Restarting with stat
2025-02-23 17:42:18,791 INFO Logging configured correctly - Main logs going to: C:\Users\Mohse\OneDrive\Desktop\Milestone4 - Copy\backend\Logs\RUN.log
2025-02-23 17:42:18,857 WARNING  * Debugger is active!
2025-02-23 17:42:18,857 INFO  * Debugger PIN: 119-059-632
2025-02-23 17:44:19,256 INFO  * Detected change in 'C:\\Users\\Mohse\\OneDrive\\Desktop\\Milestone4 - Copy\\backend\\Configuration_management\\update_config_modules_with_CFA.py', reloading
2025-02-23 17:44:19,359 INFO  * Restarting with stat
2025-02-23 17:44:20,173 INFO Logging configured correctly - Main logs going to: C:\Users\Mohse\OneDrive\Desktop\Milestone4 - Copy\backend\Logs\RUN.log
2025-02-23 17:44:20,219 WARNING  * Debugger is active!
2025-02-23 17:44:20,225 INFO  * Debugger PIN: 119-059-632
2025-02-23 17:45:29,773 INFO  * Detected change in 'C:\\Users\\Mohse\\OneDrive\\Desktop\\Milestone4 - Copy\\backend\\Configuration_management\\update_config_modules_with_CFA.py', reloading
2025-02-23 17:45:29,886 INFO  * Restarting with stat
2025-02-23 17:45:31,533 INFO Logging configured correctly - Main logs going to: C:\Users\Mohse\OneDrive\Desktop\Milestone4 - Copy\backend\Logs\RUN.log
2025-02-23 17:45:31,646 WARNING  * Debugger is active!
2025-02-23 17:45:31,646 INFO  * Debugger PIN: 119-059-632
2025-02-23 17:46:33,316 INFO  * Detected change in 'C:\\Users\\Mohse\\OneDrive\\Desktop\\Milestone4 - Copy\\backend\\Configuration_management\\update_config_modules_with_CFA.py', reloading
2025-02-23 17:46:33,403 INFO  * Restarting with stat
2025-02-23 17:46:34,960 INFO Logging configured correctly - Main logs going to: C:\Users\Mohse\OneDrive\Desktop\Milestone4 - Copy\backend\Logs\RUN.log
2025-02-23 17:46:35,014 WARNING  * Debugger is active!
2025-02-23 17:46:35,020 INFO  * Debugger PIN: 119-059-632
2025-02-23 17:47:31,184 INFO  * Detected change in 'C:\\Users\\Mohse\\OneDrive\\Desktop\\Milestone4 - Copy\\backend\\Configuration_management\\update_config_modules_with_CFA.py', reloading
2025-02-23 17:47:31,262 INFO  * Restarting with stat
2025-02-23 17:47:33,228 INFO Logging configured correctly - Main logs going to: C:\Users\Mohse\OneDrive\Desktop\Milestone4 - Copy\backend\Logs\RUN.log
2025-02-23 17:47:33,345 WARNING  * Debugger is active!
2025-02-23 17:47:33,367 INFO  * Debugger PIN: 119-059-632
2025-02-23 17:47:47,324 INFO 127.0.0.1 - - [23/Feb/2025 17:47:47] "OPTIONS /run HTTP/1.1" 200 -
2025-02-23 17:47:56,350 INFO 127.0.0.1 - - [23/Feb/2025 17:47:56] "[35m[1mPOST /run HTTP/1.1[0m" 500 -
2025-02-23 17:50:03,678 INFO  * Detected change in 'C:\\Users\\Mohse\\OneDrive\\Desktop\\Milestone4 - Copy\\backend\\Configuration_management\\update_config_modules_with_CFA_7.py', reloading
2025-02-23 17:50:03,734 INFO  * Restarting with stat
2025-02-23 17:50:04,206 INFO Logging configured correctly - Main logs going to: C:\Users\Mohse\OneDrive\Desktop\Milestone4 - Copy\backend\Logs\RUN.log
2025-02-23 17:50:04,222 WARNING  * Debugger is active!
2025-02-23 17:50:04,237 INFO  * Debugger PIN: 119-059-632
2025-02-23 17:53:24,402 INFO  * Detected change in 'C:\\Users\\Mohse\\OneDrive\\Desktop\\Milestone4 - Copy\\backend\\Configuration_management\\Table.py', reloading
2025-02-23 17:53:24,473 INFO  * Restarting with stat
2025-02-23 17:53:24,918 INFO Logging configured correctly - Main logs going to: C:\Users\Mohse\OneDrive\Desktop\Milestone4 - Copy\backend\Logs\RUN.log
2025-02-23 17:53:24,935 WARNING  * Debugger is active!
2025-02-23 17:53:24,935 INFO  * Debugger PIN: 119-059-632
2025-02-23 17:56:59,459 INFO  * Detected change in 'C:\\Users\\Mohse\\OneDrive\\Desktop\\Milestone4 - Copy\\backend\\Configuration_management\\Table.py', reloading
2025-02-23 17:56:59,621 INFO  * Restarting with stat
2025-02-23 17:57:01,296 INFO Logging configured correctly - Main logs going to: C:\Users\Mohse\OneDrive\Desktop\Milestone4 - Copy\backend\Logs\RUN.log
2025-02-23 17:57:01,345 WARNING  * Debugger is active!
2025-02-23 17:57:01,351 INFO  * Debugger PIN: 119-059-632
2025-02-23 17:58:33,617 INFO  * Detected change in 'C:\\Users\\Mohse\\OneDrive\\Desktop\\Milestone4 - Copy\\backend\\Configuration_management\\Load.py', reloading
2025-02-23 17:58:33,725 INFO  * Restarting with stat
2025-02-23 17:58:35,136 INFO Logging configured correctly - Main logs going to: C:\Users\Mohse\OneDrive\Desktop\Milestone4 - Copy\backend\Logs\RUN.log
2025-02-23 17:58:35,168 WARNING  * Debugger is active!
2025-02-23 17:58:35,184 INFO  * Debugger PIN: 119-059-632
2025-02-23 18:00:23,416 INFO  * Detected change in 'C:\\Users\\Mohse\\OneDrive\\Desktop\\Milestone4 - Copy\\backend\\API_endpoints_and_controllers\\Calculations_and_Sensitivity.py', reloading
2025-02-23 18:00:23,510 INFO  * Restarting with stat
2025-02-23 18:00:24,681 INFO Logging configured correctly - Main logs going to: C:\Users\Mohse\OneDrive\Desktop\Milestone4 - Copy\backend\Logs\RUN.log
2025-02-23 18:00:24,743 WARNING  * Debugger is active!
2025-02-23 18:00:24,749 INFO  * Debugger PIN: 119-059-632
2025-02-23 18:03:53,156 INFO  * Detected change in 'C:\\Users\\Mohse\\OneDrive\\Desktop\\Milestone4 - Copy\\backend\\Core_calculation_engines\\update_config_modules_with_CFA_7.py', reloading
2025-02-23 18:03:53,251 INFO  * Restarting with stat
2025-02-23 18:03:53,839 INFO Logging configured correctly - Main logs going to: C:\Users\Mohse\OneDrive\Desktop\Milestone4 - Copy\backend\Logs\RUN.log
2025-02-23 18:03:53,942 WARNING  * Debugger is active!
2025-02-23 18:03:53,949 INFO  * Debugger PIN: 119-059-632
2025-02-23 18:07:00,772 INFO  * Detected change in 'C:\\Users\\Mohse\\OneDrive\\Desktop\\Milestone4 - Copy\\backend\\Core_calculation_engines\\update_config_modules_with_CFA_7.py', reloading
2025-02-23 18:07:00,821 INFO  * Restarting with stat
2025-02-23 18:07:01,197 INFO Logging configured correctly - Main logs going to: C:\Users\Mohse\OneDrive\Desktop\Milestone4 - Copy\backend\Logs\RUN.log
2025-02-23 18:07:01,224 WARNING  * Debugger is active!
2025-02-23 18:07:01,230 INFO  * Debugger PIN: 119-059-632
2025-02-23 18:08:17,730 INFO  * Detected change in 'C:\\Users\\Mohse\\OneDrive\\Desktop\\Milestone4 - Copy\\backend\\Core_calculation_engines\\update_config_modules_with_CFA_8.py', reloading
2025-02-23 18:08:17,763 INFO  * Restarting with stat
2025-02-23 18:08:18,166 INFO Logging configured correctly - Main logs going to: C:\Users\Mohse\OneDrive\Desktop\Milestone4 - Copy\backend\Logs\RUN.log
2025-02-23 18:08:18,192 WARNING  * Debugger is active!
2025-02-23 18:08:18,198 INFO  * Debugger PIN: 119-059-632
2025-02-23 18:08:59,235 INFO 127.0.0.1 - - [23/Feb/2025 18:08:59] "OPTIONS /run HTTP/1.1" 200 -
2025-02-23 18:09:05,482 INFO 127.0.0.1 - - [23/Feb/2025 18:09:05] "[35m[1mPOST /run HTTP/1.1[0m" 500 -
2025-02-23 18:09:38,940 INFO 127.0.0.1 - - [23/Feb/2025 18:09:38] "OPTIONS /run HTTP/1.1" 200 -
2025-02-23 18:09:44,277 INFO 127.0.0.1 - - [23/Feb/2025 18:09:44] "[35m[1mPOST /run HTTP/1.1[0m" 500 -
2025-02-23 18:11:22,334 INFO 127.0.0.1 - - [23/Feb/2025 18:11:22] "OPTIONS /run HTTP/1.1" 200 -
2025-02-23 18:11:28,058 INFO 127.0.0.1 - - [23/Feb/2025 18:11:28] "[35m[1mPOST /run HTTP/1.1[0m" 500 -
2025-02-23 18:11:35,199 INFO 127.0.0.1 - - [23/Feb/2025 18:11:35] "OPTIONS /run HTTP/1.1" 200 -
2025-02-23 18:11:40,310 INFO 127.0.0.1 - - [23/Feb/2025 18:11:40] "[35m[1mPOST /run HTTP/1.1[0m" 500 -
2025-02-23 18:18:02,913 INFO  * Detected change in 'C:\\Users\\Mohse\\OneDrive\\Desktop\\Milestone4 - Copy\\backend\\Core_calculation_engines\\update_config_modules_with_CFA_7.py', reloading
2025-02-23 18:18:02,981 INFO  * Restarting with stat
2025-02-23 18:18:03,598 INFO Logging configured correctly - Main logs going to: C:\Users\Mohse\OneDrive\Desktop\Milestone4 - Copy\backend\Logs\RUN.log
2025-02-23 18:18:03,629 WARNING  * Debugger is active!
2025-02-23 18:18:03,635 INFO  * Debugger PIN: 119-059-632
2025-02-23 18:19:28,056 INFO  * Detected change in 'C:\\Users\\Mohse\\OneDrive\\Desktop\\Milestone4 - Copy\\backend\\Core_calculation_engines\\update_config_modules_with_CFA_7.py', reloading
2025-02-23 18:19:28,121 INFO  * Restarting with stat
2025-02-23 18:19:29,150 INFO Logging configured correctly - Main logs going to: C:\Users\Mohse\OneDrive\Desktop\Milestone4 - Copy\backend\Logs\RUN.log
2025-02-23 18:19:29,216 WARNING  * Debugger is active!
2025-02-23 18:19:29,222 INFO  * Debugger PIN: 119-059-632
