2025-03-24 04:17:20,275 INFO === Starting Sensitivity Results Processing ===
2025-03-24 04:17:20,275 INFO Version: 12
2025-03-24 04:17:20,275 INFO Maximum wait time: 1.0 minutes
2025-03-24 04:17:20,275 WARNING Configuration data doesn't match version 12
2025-03-24 04:17:20,275 ERROR Failed to load sensitivity configuration, exiting
2025-03-24 04:17:21,827 INFO === Starting Sensitivity Results Processing ===
2025-03-24 04:17:21,827 INFO Version: 12
2025-03-24 04:17:21,827 INFO Maximum wait time: 0.5 minutes
2025-03-24 04:17:21,827 WARNING Configuration data doesn't match version 12
2025-03-24 04:17:21,827 ERROR Failed to load sensitivity configuration, exiting
2025-03-24 04:17:24,821 INFO === Starting Sensitivity Results Processing ===
2025-03-24 04:17:24,821 INFO Version: 12
2025-03-24 04:17:24,821 INFO Maximum wait time: 1.0 minutes
2025-03-24 04:17:24,821 WARNING Configuration data doesn't match version 12
2025-03-24 04:17:24,821 ERROR Failed to load sensitivity configuration, exiting
2025-03-24 04:17:27,404 INFO === Starting Sensitivity Results Processing ===
2025-03-24 04:17:27,404 INFO Version: 12
2025-03-24 04:17:27,404 INFO Maximum wait time: 0.5 minutes
2025-03-24 04:17:27,404 WARNING Configuration data doesn't match version 12
2025-03-24 04:17:27,404 ERROR Failed to load sensitivity configuration, exiting
2025-03-24 04:17:28,579 INFO === Starting Sensitivity Results Processing ===
2025-03-24 04:17:28,579 INFO Version: 12
2025-03-24 04:17:28,579 INFO Maximum wait time: 1.0 minutes
2025-03-24 04:17:28,579 WARNING Configuration data doesn't match version 12
2025-03-24 04:17:28,579 ERROR Failed to load sensitivity configuration, exiting
