2025-03-24 04:15:45,709 INFO 
================================================================================
2025-03-24 04:15:45,709 INFO 
================================================================================
2025-03-24 04:15:45,709 INFO Sensitivity Configuration Generation - Run ID: 20250324_041545
2025-03-24 04:15:45,709 INFO Sensitivity Configuration Generation - Run ID: 20250324_041545
2025-03-24 04:15:45,709 INFO ================================================================================
2025-03-24 04:15:45,709 INFO ================================================================================
2025-03-24 04:15:45,709 INFO Version: 12
2025-03-24 04:15:45,709 INFO Version: 12
2025-03-24 04:15:45,710 INFO Calculation Mode: calculateForPrice
2025-03-24 04:15:45,710 INFO Calculation Mode: calculateForPrice
2025-03-24 04:15:45,710 INFO Target Row: 20
2025-03-24 04:15:45,710 INFO Target Row: 20
2025-03-24 04:15:45,712 INFO Created main sensitivity directory: C:\Users\Mohse\OneDrive\Desktop\SF.worktrees\ThemeManagement\backend\Original\Batch(12)\Results(12)\Sensitivity
2025-03-24 04:15:45,712 INFO Created main sensitivity directory: C:\Users\Mohse\OneDrive\Desktop\SF.worktrees\ThemeManagement\backend\Original\Batch(12)\Results(12)\Sensitivity
2025-03-24 04:15:45,713 INFO Created Reports directory: C:\Users\Mohse\OneDrive\Desktop\SF.worktrees\ThemeManagement\backend\Original\Batch(12)\Results(12)\Sensitivity\Reports
2025-03-24 04:15:45,713 INFO Created Reports directory: C:\Users\Mohse\OneDrive\Desktop\SF.worktrees\ThemeManagement\backend\Original\Batch(12)\Results(12)\Sensitivity\Reports
2025-03-24 04:15:45,714 INFO Created Cache directory: C:\Users\Mohse\OneDrive\Desktop\SF.worktrees\ThemeManagement\backend\Original\Batch(12)\Results(12)\Sensitivity\Cache
2025-03-24 04:15:45,714 INFO Created Cache directory: C:\Users\Mohse\OneDrive\Desktop\SF.worktrees\ThemeManagement\backend\Original\Batch(12)\Results(12)\Sensitivity\Cache
2025-03-24 04:15:45,714 INFO Created Configuration directory: C:\Users\Mohse\OneDrive\Desktop\SF.worktrees\ThemeManagement\backend\Original\Batch(12)\Results(12)\Sensitivity\Configuration
2025-03-24 04:15:45,714 INFO Created Configuration directory: C:\Users\Mohse\OneDrive\Desktop\SF.worktrees\ThemeManagement\backend\Original\Batch(12)\Results(12)\Sensitivity\Configuration
2025-03-24 04:15:45,715 INFO Created mode directory: C:\Users\Mohse\OneDrive\Desktop\SF.worktrees\ThemeManagement\backend\Original\Batch(12)\Results(12)\Sensitivity\Symmetrical
2025-03-24 04:15:45,715 INFO Created mode directory: C:\Users\Mohse\OneDrive\Desktop\SF.worktrees\ThemeManagement\backend\Original\Batch(12)\Results(12)\Sensitivity\Symmetrical
2025-03-24 04:15:45,716 INFO Created plot type directory: C:\Users\Mohse\OneDrive\Desktop\SF.worktrees\ThemeManagement\backend\Original\Batch(12)\Results(12)\Sensitivity\Symmetrical\waterfall
2025-03-24 04:15:45,716 INFO Created plot type directory: C:\Users\Mohse\OneDrive\Desktop\SF.worktrees\ThemeManagement\backend\Original\Batch(12)\Results(12)\Sensitivity\Symmetrical\waterfall
2025-03-24 04:15:45,716 INFO Created plot type directory: C:\Users\Mohse\OneDrive\Desktop\SF.worktrees\ThemeManagement\backend\Original\Batch(12)\Results(12)\Sensitivity\Symmetrical\bar
2025-03-24 04:15:45,716 INFO Created plot type directory: C:\Users\Mohse\OneDrive\Desktop\SF.worktrees\ThemeManagement\backend\Original\Batch(12)\Results(12)\Sensitivity\Symmetrical\bar
2025-03-24 04:15:45,717 INFO Created plot type directory: C:\Users\Mohse\OneDrive\Desktop\SF.worktrees\ThemeManagement\backend\Original\Batch(12)\Results(12)\Sensitivity\Symmetrical\point
2025-03-24 04:15:45,717 INFO Created plot type directory: C:\Users\Mohse\OneDrive\Desktop\SF.worktrees\ThemeManagement\backend\Original\Batch(12)\Results(12)\Sensitivity\Symmetrical\point
2025-03-24 04:15:45,718 INFO Created plot type directory: C:\Users\Mohse\OneDrive\Desktop\SF.worktrees\ThemeManagement\backend\Original\Batch(12)\Results(12)\Sensitivity\Symmetrical\Configuration
2025-03-24 04:15:45,718 INFO Created plot type directory: C:\Users\Mohse\OneDrive\Desktop\SF.worktrees\ThemeManagement\backend\Original\Batch(12)\Results(12)\Sensitivity\Symmetrical\Configuration
2025-03-24 04:15:45,718 INFO Created mode directory: C:\Users\Mohse\OneDrive\Desktop\SF.worktrees\ThemeManagement\backend\Original\Batch(12)\Results(12)\Sensitivity\Multipoint
2025-03-24 04:15:45,718 INFO Created mode directory: C:\Users\Mohse\OneDrive\Desktop\SF.worktrees\ThemeManagement\backend\Original\Batch(12)\Results(12)\Sensitivity\Multipoint
2025-03-24 04:15:45,719 INFO Created plot type directory: C:\Users\Mohse\OneDrive\Desktop\SF.worktrees\ThemeManagement\backend\Original\Batch(12)\Results(12)\Sensitivity\Multipoint\waterfall
2025-03-24 04:15:45,719 INFO Created plot type directory: C:\Users\Mohse\OneDrive\Desktop\SF.worktrees\ThemeManagement\backend\Original\Batch(12)\Results(12)\Sensitivity\Multipoint\waterfall
2025-03-24 04:15:45,719 INFO Created plot type directory: C:\Users\Mohse\OneDrive\Desktop\SF.worktrees\ThemeManagement\backend\Original\Batch(12)\Results(12)\Sensitivity\Multipoint\bar
2025-03-24 04:15:45,719 INFO Created plot type directory: C:\Users\Mohse\OneDrive\Desktop\SF.worktrees\ThemeManagement\backend\Original\Batch(12)\Results(12)\Sensitivity\Multipoint\bar
2025-03-24 04:15:45,720 INFO Created plot type directory: C:\Users\Mohse\OneDrive\Desktop\SF.worktrees\ThemeManagement\backend\Original\Batch(12)\Results(12)\Sensitivity\Multipoint\point
2025-03-24 04:15:45,720 INFO Created plot type directory: C:\Users\Mohse\OneDrive\Desktop\SF.worktrees\ThemeManagement\backend\Original\Batch(12)\Results(12)\Sensitivity\Multipoint\point
2025-03-24 04:15:45,721 INFO Created plot type directory: C:\Users\Mohse\OneDrive\Desktop\SF.worktrees\ThemeManagement\backend\Original\Batch(12)\Results(12)\Sensitivity\Multipoint\Configuration
2025-03-24 04:15:45,721 INFO Created plot type directory: C:\Users\Mohse\OneDrive\Desktop\SF.worktrees\ThemeManagement\backend\Original\Batch(12)\Results(12)\Sensitivity\Multipoint\Configuration
2025-03-24 04:15:45,722 INFO Created parameter variation directory: C:\Users\Mohse\OneDrive\Desktop\SF.worktrees\ThemeManagement\backend\Original\Batch(12)\Results(12)\Sensitivity\S34\multiple\-20.00
2025-03-24 04:15:45,722 INFO Created parameter variation directory: C:\Users\Mohse\OneDrive\Desktop\SF.worktrees\ThemeManagement\backend\Original\Batch(12)\Results(12)\Sensitivity\S34\multiple\-20.00
2025-03-24 04:15:45,723 INFO Created config variation directory: C:\Users\Mohse\OneDrive\Desktop\SF.worktrees\ThemeManagement\backend\Original\Batch(12)\Results(12)\Sensitivity\Multipoint\Configuration\S34_-20.00
2025-03-24 04:15:45,723 INFO Created config variation directory: C:\Users\Mohse\OneDrive\Desktop\SF.worktrees\ThemeManagement\backend\Original\Batch(12)\Results(12)\Sensitivity\Multipoint\Configuration\S34_-20.00
2025-03-24 04:15:45,723 INFO Created parameter variation directory: C:\Users\Mohse\OneDrive\Desktop\SF.worktrees\ThemeManagement\backend\Original\Batch(12)\Results(12)\Sensitivity\S34\multiple\-10.00
2025-03-24 04:15:45,723 INFO Created parameter variation directory: C:\Users\Mohse\OneDrive\Desktop\SF.worktrees\ThemeManagement\backend\Original\Batch(12)\Results(12)\Sensitivity\S34\multiple\-10.00
2025-03-24 04:15:45,724 INFO Created config variation directory: C:\Users\Mohse\OneDrive\Desktop\SF.worktrees\ThemeManagement\backend\Original\Batch(12)\Results(12)\Sensitivity\Multipoint\Configuration\S34_-10.00
2025-03-24 04:15:45,724 INFO Created config variation directory: C:\Users\Mohse\OneDrive\Desktop\SF.worktrees\ThemeManagement\backend\Original\Batch(12)\Results(12)\Sensitivity\Multipoint\Configuration\S34_-10.00
2025-03-24 04:15:45,725 INFO Created parameter variation directory: C:\Users\Mohse\OneDrive\Desktop\SF.worktrees\ThemeManagement\backend\Original\Batch(12)\Results(12)\Sensitivity\S34\multiple\+50.00
2025-03-24 04:15:45,725 INFO Created parameter variation directory: C:\Users\Mohse\OneDrive\Desktop\SF.worktrees\ThemeManagement\backend\Original\Batch(12)\Results(12)\Sensitivity\S34\multiple\+50.00
2025-03-24 04:15:45,726 INFO Created config variation directory: C:\Users\Mohse\OneDrive\Desktop\SF.worktrees\ThemeManagement\backend\Original\Batch(12)\Results(12)\Sensitivity\Multipoint\Configuration\S34_+50.00
2025-03-24 04:15:45,726 INFO Created config variation directory: C:\Users\Mohse\OneDrive\Desktop\SF.worktrees\ThemeManagement\backend\Original\Batch(12)\Results(12)\Sensitivity\Multipoint\Configuration\S34_+50.00
2025-03-24 04:15:45,726 INFO Created parameter variation directory: C:\Users\Mohse\OneDrive\Desktop\SF.worktrees\ThemeManagement\backend\Original\Batch(12)\Results(12)\Sensitivity\S34\multiple\+100.00
2025-03-24 04:15:45,726 INFO Created parameter variation directory: C:\Users\Mohse\OneDrive\Desktop\SF.worktrees\ThemeManagement\backend\Original\Batch(12)\Results(12)\Sensitivity\S34\multiple\+100.00
2025-03-24 04:15:45,727 INFO Created config variation directory: C:\Users\Mohse\OneDrive\Desktop\SF.worktrees\ThemeManagement\backend\Original\Batch(12)\Results(12)\Sensitivity\Multipoint\Configuration\S34_+100.00
2025-03-24 04:15:45,727 INFO Created config variation directory: C:\Users\Mohse\OneDrive\Desktop\SF.worktrees\ThemeManagement\backend\Original\Batch(12)\Results(12)\Sensitivity\Multipoint\Configuration\S34_+100.00
2025-03-24 04:15:45,728 INFO Created plot directory: C:\Users\Mohse\OneDrive\Desktop\SF.worktrees\ThemeManagement\backend\Original\Batch(12)\Results(12)\Sensitivity\Multipoint\waterfall\S34_waterfall
2025-03-24 04:15:45,728 INFO Created plot directory: C:\Users\Mohse\OneDrive\Desktop\SF.worktrees\ThemeManagement\backend\Original\Batch(12)\Results(12)\Sensitivity\Multipoint\waterfall\S34_waterfall
2025-03-24 04:15:45,728 INFO Created plot directory: C:\Users\Mohse\OneDrive\Desktop\SF.worktrees\ThemeManagement\backend\Original\Batch(12)\Results(12)\Sensitivity\Multipoint\bar\S34_bar
2025-03-24 04:15:45,728 INFO Created plot directory: C:\Users\Mohse\OneDrive\Desktop\SF.worktrees\ThemeManagement\backend\Original\Batch(12)\Results(12)\Sensitivity\Multipoint\bar\S34_bar
2025-03-24 04:15:45,729 INFO Created plot directory: C:\Users\Mohse\OneDrive\Desktop\SF.worktrees\ThemeManagement\backend\Original\Batch(12)\Results(12)\Sensitivity\Multipoint\point\S34_point
2025-03-24 04:15:45,729 INFO Created plot directory: C:\Users\Mohse\OneDrive\Desktop\SF.worktrees\ThemeManagement\backend\Original\Batch(12)\Results(12)\Sensitivity\Multipoint\point\S34_point
2025-03-24 04:15:45,730 INFO Created parameter variation directory: C:\Users\Mohse\OneDrive\Desktop\SF.worktrees\ThemeManagement\backend\Original\Batch(12)\Results(12)\Sensitivity\S35\multiple\+50.00
2025-03-24 04:15:45,730 INFO Created parameter variation directory: C:\Users\Mohse\OneDrive\Desktop\SF.worktrees\ThemeManagement\backend\Original\Batch(12)\Results(12)\Sensitivity\S35\multiple\+50.00
2025-03-24 04:15:45,731 INFO Created config variation directory: C:\Users\Mohse\OneDrive\Desktop\SF.worktrees\ThemeManagement\backend\Original\Batch(12)\Results(12)\Sensitivity\Multipoint\Configuration\S35_+50.00
2025-03-24 04:15:45,731 INFO Created config variation directory: C:\Users\Mohse\OneDrive\Desktop\SF.worktrees\ThemeManagement\backend\Original\Batch(12)\Results(12)\Sensitivity\Multipoint\Configuration\S35_+50.00
2025-03-24 04:15:45,731 INFO Created plot directory: C:\Users\Mohse\OneDrive\Desktop\SF.worktrees\ThemeManagement\backend\Original\Batch(12)\Results(12)\Sensitivity\Multipoint\waterfall\S35_waterfall
2025-03-24 04:15:45,731 INFO Created plot directory: C:\Users\Mohse\OneDrive\Desktop\SF.worktrees\ThemeManagement\backend\Original\Batch(12)\Results(12)\Sensitivity\Multipoint\waterfall\S35_waterfall
2025-03-24 04:15:45,732 INFO Created plot directory: C:\Users\Mohse\OneDrive\Desktop\SF.worktrees\ThemeManagement\backend\Original\Batch(12)\Results(12)\Sensitivity\Multipoint\bar\S35_bar
2025-03-24 04:15:45,732 INFO Created plot directory: C:\Users\Mohse\OneDrive\Desktop\SF.worktrees\ThemeManagement\backend\Original\Batch(12)\Results(12)\Sensitivity\Multipoint\bar\S35_bar
2025-03-24 04:15:45,732 INFO Created plot directory: C:\Users\Mohse\OneDrive\Desktop\SF.worktrees\ThemeManagement\backend\Original\Batch(12)\Results(12)\Sensitivity\Multipoint\point\S35_point
2025-03-24 04:15:45,732 INFO Created plot directory: C:\Users\Mohse\OneDrive\Desktop\SF.worktrees\ThemeManagement\backend\Original\Batch(12)\Results(12)\Sensitivity\Multipoint\point\S35_point
2025-03-24 04:15:45,733 INFO 
================================================================================
2025-03-24 04:15:45,733 INFO 
================================================================================
2025-03-24 04:15:45,733 INFO CFA Run Configuration
2025-03-24 04:15:45,733 INFO CFA Run Configuration
2025-03-24 04:15:45,733 INFO ================================================================================
2025-03-24 04:15:45,733 INFO ================================================================================
2025-03-24 04:15:45,733 INFO 
Basic Configuration:
2025-03-24 04:15:45,733 INFO 
Basic Configuration:
2025-03-24 04:15:45,733 INFO Version(s): 12
2025-03-24 04:15:45,733 INFO Version(s): 12
2025-03-24 04:15:45,734 INFO Calculation Mode: calculateForPrice
2025-03-24 04:15:45,734 INFO Calculation Mode: calculateForPrice
2025-03-24 04:15:45,734 INFO Target Row: 20
2025-03-24 04:15:45,734 INFO Target Row: 20
2025-03-24 04:15:45,734 INFO 
Parameter States:
2025-03-24 04:15:45,734 INFO 
Parameter States:
2025-03-24 04:15:45,734 INFO Enabled V Parameters: V1
2025-03-24 04:15:45,734 INFO Enabled V Parameters: V1
2025-03-24 04:15:45,734 INFO Enabled F Parameters: F1, F2, F3, F4, F5
2025-03-24 04:15:45,734 INFO Enabled F Parameters: F1, F2, F3, F4, F5
2025-03-24 04:15:45,735 INFO 
Sensitivity Analysis Configuration:
2025-03-24 04:15:45,735 INFO 
Sensitivity Analysis Configuration:
2025-03-24 04:15:45,735 INFO Enabled Parameters: S34, S35
2025-03-24 04:15:45,735 INFO Enabled Parameters: S34, S35
2025-03-24 04:15:45,735 INFO 
S34 Configuration:
2025-03-24 04:15:45,735 INFO 
S34 Configuration:
2025-03-24 04:15:45,735 INFO   Mode: multiple
2025-03-24 04:15:45,735 INFO   Mode: multiple
2025-03-24 04:15:45,735 INFO   Values: [-20, -10, 50, 100]
2025-03-24 04:15:45,735 INFO   Values: [-20, -10, 50, 100]
2025-03-24 04:15:45,735 INFO 
S35 Configuration:
2025-03-24 04:15:45,735 INFO 
S35 Configuration:
2025-03-24 04:15:45,736 INFO   Mode: multiple
2025-03-24 04:15:45,736 INFO   Mode: multiple
2025-03-24 04:15:45,736 INFO   Values: [50]
2025-03-24 04:15:45,736 INFO   Values: [50]
2025-03-24 04:15:45,736 INFO   Comparison:
2025-03-24 04:15:45,736 INFO   Comparison:
2025-03-24 04:15:45,736 INFO     Target: S13
2025-03-24 04:15:45,736 INFO     Target: S13
2025-03-24 04:15:45,736 INFO     Type: primary
2025-03-24 04:15:45,736 INFO     Type: primary
2025-03-24 04:15:45,736 INFO     Plot Types: waterfall, bar, point
2025-03-24 04:15:45,736 INFO     Plot Types: waterfall, bar, point
2025-03-24 04:15:45,737 INFO 
================================================================================

2025-03-24 04:15:45,737 INFO 
================================================================================

2025-03-24 04:15:45,743 INFO Saved main configuration file: C:\Users\Mohse\OneDrive\Desktop\SF.worktrees\ThemeManagement\backend\Original\Batch(12)\Results(12)\Sensitivity\Reports\sensitivity_config.json
2025-03-24 04:15:45,743 INFO Saved main configuration file: C:\Users\Mohse\OneDrive\Desktop\SF.worktrees\ThemeManagement\backend\Original\Batch(12)\Results(12)\Sensitivity\Reports\sensitivity_config.json
2025-03-24 04:15:45,744 INFO Saved parameter configuration file: C:\Users\Mohse\OneDrive\Desktop\SF.worktrees\ThemeManagement\backend\Original\Batch(12)\Results(12)\Sensitivity\S34\multiple\-20.00\S34_config.json
2025-03-24 04:15:45,744 INFO Saved parameter configuration file: C:\Users\Mohse\OneDrive\Desktop\SF.worktrees\ThemeManagement\backend\Original\Batch(12)\Results(12)\Sensitivity\S34\multiple\-20.00\S34_config.json
2025-03-24 04:15:45,745 INFO Saved parameter configuration file: C:\Users\Mohse\OneDrive\Desktop\SF.worktrees\ThemeManagement\backend\Original\Batch(12)\Results(12)\Sensitivity\S34\multiple\-10.00\S34_config.json
2025-03-24 04:15:45,745 INFO Saved parameter configuration file: C:\Users\Mohse\OneDrive\Desktop\SF.worktrees\ThemeManagement\backend\Original\Batch(12)\Results(12)\Sensitivity\S34\multiple\-10.00\S34_config.json
2025-03-24 04:15:45,746 INFO Saved parameter configuration file: C:\Users\Mohse\OneDrive\Desktop\SF.worktrees\ThemeManagement\backend\Original\Batch(12)\Results(12)\Sensitivity\S34\multiple\+50.00\S34_config.json
2025-03-24 04:15:45,746 INFO Saved parameter configuration file: C:\Users\Mohse\OneDrive\Desktop\SF.worktrees\ThemeManagement\backend\Original\Batch(12)\Results(12)\Sensitivity\S34\multiple\+50.00\S34_config.json
2025-03-24 04:15:45,748 INFO Saved parameter configuration file: C:\Users\Mohse\OneDrive\Desktop\SF.worktrees\ThemeManagement\backend\Original\Batch(12)\Results(12)\Sensitivity\S34\multiple\+100.00\S34_config.json
2025-03-24 04:15:45,748 INFO Saved parameter configuration file: C:\Users\Mohse\OneDrive\Desktop\SF.worktrees\ThemeManagement\backend\Original\Batch(12)\Results(12)\Sensitivity\S34\multiple\+100.00\S34_config.json
2025-03-24 04:15:45,749 INFO Saved parameter configuration file: C:\Users\Mohse\OneDrive\Desktop\SF.worktrees\ThemeManagement\backend\Original\Batch(12)\Results(12)\Sensitivity\S35\multiple\+50.00\S35_config.json
2025-03-24 04:15:45,749 INFO Saved parameter configuration file: C:\Users\Mohse\OneDrive\Desktop\SF.worktrees\ThemeManagement\backend\Original\Batch(12)\Results(12)\Sensitivity\S35\multiple\+50.00\S35_config.json
2025-03-24 04:15:45,751 INFO 
Sensitivity configuration completed successfully
2025-03-24 04:15:45,751 INFO 
Sensitivity configuration completed successfully
2025-03-24 04:15:45,751 INFO Configuration files saved: 6
2025-03-24 04:15:45,751 INFO Configuration files saved: 6
2025-03-24 04:15:45,751 INFO Configuration status saved to: C:\Users\Mohse\OneDrive\Desktop\SF.worktrees\ThemeManagement\backend\Logs\sensitivity_config_status.json
2025-03-24 04:15:45,751 INFO Configuration status saved to: C:\Users\Mohse\OneDrive\Desktop\SF.worktrees\ThemeManagement\backend\Logs\sensitivity_config_status.json
2025-03-24 04:15:45,751 INFO ================================================================================

2025-03-24 04:15:45,751 INFO ================================================================================

2025-03-24 04:15:45,792 INFO Using saved sensitivity configuration data
2025-03-24 04:15:45,792 INFO Using saved sensitivity configuration data
2025-03-24 04:15:45,792 INFO Using sensitivity directory: C:\Users\Mohse\OneDrive\Desktop\SF.worktrees\ThemeManagement\backend\Original\Batch(12)\Results(12)\Sensitivity
2025-03-24 04:15:45,792 INFO Using sensitivity directory: C:\Users\Mohse\OneDrive\Desktop\SF.worktrees\ThemeManagement\backend\Original\Batch(12)\Results(12)\Sensitivity
2025-03-24 04:15:45,792 INFO 
================================================================================
2025-03-24 04:15:45,792 INFO 
================================================================================
2025-03-24 04:15:45,792 INFO Sensitivity Calculation Run - ID: 20250324_041545
2025-03-24 04:15:45,792 INFO Sensitivity Calculation Run - ID: 20250324_041545
2025-03-24 04:15:45,792 INFO ================================================================================
2025-03-24 04:15:45,792 INFO ================================================================================
2025-03-24 04:15:45,792 INFO 
================================================================================
2025-03-24 04:15:45,792 INFO 
================================================================================
2025-03-24 04:15:45,792 INFO CFA Run Configuration
2025-03-24 04:15:45,792 INFO CFA Run Configuration
2025-03-24 04:15:45,792 INFO ================================================================================
2025-03-24 04:15:45,792 INFO ================================================================================
2025-03-24 04:15:45,792 INFO 
Basic Configuration:
2025-03-24 04:15:45,792 INFO 
Basic Configuration:
2025-03-24 04:15:45,792 INFO Version(s): 12
2025-03-24 04:15:45,792 INFO Version(s): 12
2025-03-24 04:15:45,792 INFO Calculation Mode: calculateForPrice
2025-03-24 04:15:45,792 INFO Calculation Mode: calculateForPrice
2025-03-24 04:15:45,792 INFO Target Row: 20
2025-03-24 04:15:45,792 INFO Target Row: 20
2025-03-24 04:15:45,792 INFO 
Parameter States:
2025-03-24 04:15:45,792 INFO 
Parameter States:
2025-03-24 04:15:45,792 INFO Enabled V Parameters: V1
2025-03-24 04:15:45,792 INFO Enabled V Parameters: V1
2025-03-24 04:15:45,792 INFO Enabled F Parameters: F1, F2, F3, F4, F5
2025-03-24 04:15:45,792 INFO Enabled F Parameters: F1, F2, F3, F4, F5
2025-03-24 04:15:45,792 INFO 
Sensitivity Analysis Configuration:
2025-03-24 04:15:45,792 INFO 
Sensitivity Analysis Configuration:
2025-03-24 04:15:45,792 INFO Enabled Parameters: S34, S35
2025-03-24 04:15:45,792 INFO Enabled Parameters: S34, S35
2025-03-24 04:15:45,792 INFO 
S34 Configuration:
2025-03-24 04:15:45,792 INFO 
S34 Configuration:
2025-03-24 04:15:45,809 INFO   Mode: multiple
2025-03-24 04:15:45,809 INFO   Mode: multiple
2025-03-24 04:15:45,809 INFO   Values: [-20, -10, 50, 100]
2025-03-24 04:15:45,809 INFO   Values: [-20, -10, 50, 100]
2025-03-24 04:15:45,809 INFO 
S35 Configuration:
2025-03-24 04:15:45,809 INFO 
S35 Configuration:
2025-03-24 04:15:45,809 INFO   Mode: multiple
2025-03-24 04:15:45,809 INFO   Mode: multiple
2025-03-24 04:15:45,809 INFO   Values: [50]
2025-03-24 04:15:45,809 INFO   Values: [50]
2025-03-24 04:15:45,809 INFO   Comparison:
2025-03-24 04:15:45,809 INFO   Comparison:
2025-03-24 04:15:45,809 INFO     Target: S13
2025-03-24 04:15:45,809 INFO     Target: S13
2025-03-24 04:15:45,809 INFO     Type: primary
2025-03-24 04:15:45,809 INFO     Type: primary
2025-03-24 04:15:45,809 INFO     Plot Types: waterfall, bar, point
2025-03-24 04:15:45,809 INFO     Plot Types: waterfall, bar, point
2025-03-24 04:15:45,809 INFO 
================================================================================

2025-03-24 04:15:45,809 INFO 
================================================================================

2025-03-24 04:15:45,809 INFO 
Executing Configuration Management Scripts:
2025-03-24 04:15:45,809 INFO 
Executing Configuration Management Scripts:
2025-03-24 04:15:45,809 INFO 
Executing: formatter.py
2025-03-24 04:15:45,809 INFO 
Executing: formatter.py
2025-03-24 04:15:46,380 INFO Completed formatter.py in 0.57s
2025-03-24 04:15:46,380 INFO Completed formatter.py in 0.57s
2025-03-24 04:15:46,882 INFO 
Executing: module1.py
2025-03-24 04:15:46,882 INFO 
Executing: module1.py
2025-03-24 04:15:50,055 INFO Completed module1.py in 3.17s
2025-03-24 04:15:50,055 INFO Completed module1.py in 3.17s
2025-03-24 04:15:50,570 INFO 
Executing: config_modules.py
2025-03-24 04:15:50,570 INFO 
Executing: config_modules.py
2025-03-24 04:15:54,904 INFO Completed config_modules.py in 4.33s
2025-03-24 04:15:54,904 INFO Completed config_modules.py in 4.33s
2025-03-24 04:15:55,415 INFO 
Executing: Table.py
2025-03-24 04:15:55,415 INFO 
Executing: Table.py
2025-03-24 04:15:57,466 INFO Completed Table.py in 2.05s
2025-03-24 04:15:57,466 INFO Completed Table.py in 2.05s
2025-03-24 04:15:57,967 INFO 
Configuration scripts completed in 12.16s
2025-03-24 04:15:57,967 INFO 
Configuration scripts completed in 12.16s
2025-03-24 04:15:57,967 INFO 
Processing Calculations:
2025-03-24 04:15:57,967 INFO 
Processing Calculations:
2025-03-24 04:15:57,967 INFO Using calculation script: CFA.py
2025-03-24 04:15:57,967 INFO Using calculation script: CFA.py
2025-03-24 04:15:57,967 INFO 
Executing baseline calculation:
2025-03-24 04:15:57,967 INFO 
Executing baseline calculation:
2025-03-24 04:16:20,204 INFO Baseline calculation completed successfully
2025-03-24 04:16:20,204 INFO Baseline calculation completed successfully
2025-03-24 04:16:20,204 INFO 
Processing 2 sensitivity parameters:
2025-03-24 04:16:20,204 INFO 
Processing 2 sensitivity parameters:
2025-03-24 04:16:20,204 INFO 
Processing S34:
2025-03-24 04:16:20,204 INFO 
Processing S34:
2025-03-24 04:16:20,204 INFO Mode: multiple
2025-03-24 04:16:20,204 INFO Mode: multiple
2025-03-24 04:16:20,204 INFO Values: [-20, -10, 50, 100]
2025-03-24 04:16:20,204 INFO Values: [-20, -10, 50, 100]
2025-03-24 04:16:42,059 INFO Completed S34 in 21.85s
2025-03-24 04:16:42,059 INFO Completed S34 in 21.85s
2025-03-24 04:16:42,059 INFO 
Processing S35:
2025-03-24 04:16:42,059 INFO 
Processing S35:
2025-03-24 04:16:42,059 INFO Mode: multiple
2025-03-24 04:16:42,059 INFO Mode: multiple
2025-03-24 04:16:42,059 INFO Values: [50]
2025-03-24 04:16:42,059 INFO Values: [50]
2025-03-24 04:17:02,588 INFO Completed S35 in 20.53s
2025-03-24 04:17:02,588 INFO Completed S35 in 20.53s
2025-03-24 04:17:02,588 INFO 
================================================================================
2025-03-24 04:17:02,588 INFO 
================================================================================
2025-03-24 04:17:02,588 INFO Run Summary - ID: 20250324_041545
2025-03-24 04:17:02,588 INFO Run Summary - ID: 20250324_041545
2025-03-24 04:17:02,588 INFO Total execution time: 76.78s
2025-03-24 04:17:02,588 INFO Total execution time: 76.78s
2025-03-24 04:17:02,588 INFO Configuration scripts: 12.16s
2025-03-24 04:17:02,588 INFO Configuration scripts: 12.16s
2025-03-24 04:17:02,588 INFO Calculations completed: 3
2025-03-24 04:17:02,588 INFO Calculations completed: 3
2025-03-24 04:17:02,588 INFO ================================================================================

2025-03-24 04:17:02,588 INFO ================================================================================

2025-03-24 04:17:02,588 INFO Triggering config module copy service on port 2600...
2025-03-24 04:17:02,588 INFO Triggering config module copy service on port 2600...
2025-03-24 04:17:04,930 INFO Starting config module processing with 2-minute pause...
2025-03-24 04:17:14,926 ERROR Error connecting to config copy service: HTTPConnectionPool(host='localhost', port=2600): Read timed out. (read timeout=10)
2025-03-24 04:17:14,926 ERROR Error connecting to config copy service: HTTPConnectionPool(host='localhost', port=2600): Read timed out. (read timeout=10)
2025-03-24 04:17:14,926 INFO Waiting for configuration copying to complete...
2025-03-24 04:17:14,926 INFO Waiting for configuration copying to complete...
2025-03-24 04:17:16,954 INFO Configuration copying service is available, proceeding
2025-03-24 04:17:16,954 INFO Configuration copying service is available, proceeding
2025-03-24 04:17:16,955 INFO Triggering sensitivity results processing...
2025-03-24 04:17:16,955 INFO Triggering sensitivity results processing...
2025-03-24 04:17:20,395 ERROR Error processing sensitivity results: 2025-03-24 04:17:20,275 INFO === Starting Sensitivity Results Processing ===
2025-03-24 04:17:20,275 INFO Version: 12
2025-03-24 04:17:20,275 INFO Maximum wait time: 1.0 minutes
2025-03-24 04:17:20,275 WARNING Configuration data doesn't match version 12
2025-03-24 04:17:20,275 ERROR Failed to load sensitivity configuration, exiting

2025-03-24 04:17:20,395 ERROR Error processing sensitivity results: 2025-03-24 04:17:20,275 INFO === Starting Sensitivity Results Processing ===
2025-03-24 04:17:20,275 INFO Version: 12
2025-03-24 04:17:20,275 INFO Maximum wait time: 1.0 minutes
2025-03-24 04:17:20,275 WARNING Configuration data doesn't match version 12
2025-03-24 04:17:20,275 ERROR Failed to load sensitivity configuration, exiting

2025-03-24 04:17:20,740 INFO Fetching price for version: 12
2025-03-24 04:17:20,740 INFO Fetching price for version: 12
2025-03-24 04:17:20,818 INFO 
================================================================================
2025-03-24 04:17:20,818 INFO 
================================================================================
2025-03-24 04:17:20,818 INFO PLOT GENERATION STARTED - Run ID: 20250324_041720
2025-03-24 04:17:20,818 INFO PLOT GENERATION STARTED - Run ID: 20250324_041720
2025-03-24 04:17:20,818 INFO ================================================================================
2025-03-24 04:17:20,818 INFO ================================================================================
2025-03-24 04:17:20,818 INFO Using saved version from configuration
2025-03-24 04:17:20,818 INFO Using saved version from configuration
2025-03-24 04:17:20,818 INFO Using saved sensitivity parameters from configuration
2025-03-24 04:17:20,818 INFO Using saved sensitivity parameters from configuration
2025-03-24 04:17:20,818 INFO [ENTER] Processing visualization request - Run ID: 20250324_041720
2025-03-24 04:17:20,818 INFO [ENTER] Processing visualization request - Run ID: 20250324_041720
2025-03-24 04:17:20,818 INFO 
Processing visualization request - Run ID: 20250324_041720
2025-03-24 04:17:20,818 INFO 
Processing visualization request - Run ID: 20250324_041720
2025-03-24 04:17:20,818 INFO Version: 12
2025-03-24 04:17:20,818 INFO Version: 12
2025-03-24 04:17:20,818 INFO Parameters: ['S10', 'S11', 'S12', 'S13', 'S14', 'S15', 'S16', 'S17', 'S18', 'S19', 'S20', 'S21', 'S22', 'S23', 'S24', 'S25', 'S26', 'S27', 'S28', 'S29', 'S30', 'S31', 'S32', 'S33', 'S34', 'S35', 'S36', 'S37', 'S38', 'S39', 'S40', 'S41', 'S42', 'S43', 'S44', 'S45', 'S46', 'S47', 'S48', 'S49', 'S50', 'S51', 'S52', 'S53', 'S54', 'S55', 'S56', 'S57', 'S58', 'S59', 'S60', 'S61', 'S62', 'S63', 'S64', 'S65', 'S66', 'S67', 'S68', 'S69', 'S70', 'S71', 'S72', 'S73', 'S74', 'S75', 'S76', 'S77', 'S78', 'S79']
2025-03-24 04:17:20,818 INFO Parameters: ['S10', 'S11', 'S12', 'S13', 'S14', 'S15', 'S16', 'S17', 'S18', 'S19', 'S20', 'S21', 'S22', 'S23', 'S24', 'S25', 'S26', 'S27', 'S28', 'S29', 'S30', 'S31', 'S32', 'S33', 'S34', 'S35', 'S36', 'S37', 'S38', 'S39', 'S40', 'S41', 'S42', 'S43', 'S44', 'S45', 'S46', 'S47', 'S48', 'S49', 'S50', 'S51', 'S52', 'S53', 'S54', 'S55', 'S56', 'S57', 'S58', 'S59', 'S60', 'S61', 'S62', 'S63', 'S64', 'S65', 'S66', 'S67', 'S68', 'S69', 'S70', 'S71', 'S72', 'S73', 'S74', 'S75', 'S76', 'S77', 'S78', 'S79']
2025-03-24 04:17:20,818 INFO Created main sensitivity directory: C:\Users\Mohse\OneDrive\Desktop\SF.worktrees\ThemeManagement\backend\Original\Batch(12)\Results(12)\Sensitivity
2025-03-24 04:17:20,818 INFO Created main sensitivity directory: C:\Users\Mohse\OneDrive\Desktop\SF.worktrees\ThemeManagement\backend\Original\Batch(12)\Results(12)\Sensitivity
2025-03-24 04:17:20,818 INFO Created sensitivity mode directory: C:\Users\Mohse\OneDrive\Desktop\SF.worktrees\ThemeManagement\backend\Original\Batch(12)\Results(12)\Sensitivity\Symmetrical
2025-03-24 04:17:20,818 INFO Created sensitivity mode directory: C:\Users\Mohse\OneDrive\Desktop\SF.worktrees\ThemeManagement\backend\Original\Batch(12)\Results(12)\Sensitivity\Symmetrical
2025-03-24 04:17:20,818 INFO Created sensitivity subdirectory: C:\Users\Mohse\OneDrive\Desktop\SF.worktrees\ThemeManagement\backend\Original\Batch(12)\Results(12)\Sensitivity\Symmetrical\waterfall
2025-03-24 04:17:20,818 INFO Created sensitivity subdirectory: C:\Users\Mohse\OneDrive\Desktop\SF.worktrees\ThemeManagement\backend\Original\Batch(12)\Results(12)\Sensitivity\Symmetrical\waterfall
2025-03-24 04:17:20,834 INFO Created sensitivity subdirectory: C:\Users\Mohse\OneDrive\Desktop\SF.worktrees\ThemeManagement\backend\Original\Batch(12)\Results(12)\Sensitivity\Symmetrical\bar
2025-03-24 04:17:20,834 INFO Created sensitivity subdirectory: C:\Users\Mohse\OneDrive\Desktop\SF.worktrees\ThemeManagement\backend\Original\Batch(12)\Results(12)\Sensitivity\Symmetrical\bar
2025-03-24 04:17:20,834 INFO Created sensitivity subdirectory: C:\Users\Mohse\OneDrive\Desktop\SF.worktrees\ThemeManagement\backend\Original\Batch(12)\Results(12)\Sensitivity\Symmetrical\point
2025-03-24 04:17:20,834 INFO Created sensitivity subdirectory: C:\Users\Mohse\OneDrive\Desktop\SF.worktrees\ThemeManagement\backend\Original\Batch(12)\Results(12)\Sensitivity\Symmetrical\point
2025-03-24 04:17:20,834 INFO Created sensitivity subdirectory: C:\Users\Mohse\OneDrive\Desktop\SF.worktrees\ThemeManagement\backend\Original\Batch(12)\Results(12)\Sensitivity\Symmetrical\Configuration
2025-03-24 04:17:20,834 INFO Created sensitivity subdirectory: C:\Users\Mohse\OneDrive\Desktop\SF.worktrees\ThemeManagement\backend\Original\Batch(12)\Results(12)\Sensitivity\Symmetrical\Configuration
2025-03-24 04:17:20,834 INFO Created parameter variation directory: C:\Users\Mohse\OneDrive\Desktop\SF.worktrees\ThemeManagement\backend\Original\Batch(12)\Results(12)\Sensitivity\Symmetrical\Configuration\S34_-20.00
2025-03-24 04:17:20,834 INFO Created parameter variation directory: C:\Users\Mohse\OneDrive\Desktop\SF.worktrees\ThemeManagement\backend\Original\Batch(12)\Results(12)\Sensitivity\Symmetrical\Configuration\S34_-20.00
2025-03-24 04:17:20,834 INFO Created parameter variation directory: C:\Users\Mohse\OneDrive\Desktop\SF.worktrees\ThemeManagement\backend\Original\Batch(12)\Results(12)\Sensitivity\Symmetrical\Configuration\S34_+20.00
2025-03-24 04:17:20,834 INFO Created parameter variation directory: C:\Users\Mohse\OneDrive\Desktop\SF.worktrees\ThemeManagement\backend\Original\Batch(12)\Results(12)\Sensitivity\Symmetrical\Configuration\S34_+20.00
2025-03-24 04:17:20,834 INFO Created parameter variation directory: C:\Users\Mohse\OneDrive\Desktop\SF.worktrees\ThemeManagement\backend\Original\Batch(12)\Results(12)\Sensitivity\Symmetrical\Configuration\S35_+50.00
2025-03-24 04:17:20,834 INFO Created parameter variation directory: C:\Users\Mohse\OneDrive\Desktop\SF.worktrees\ThemeManagement\backend\Original\Batch(12)\Results(12)\Sensitivity\Symmetrical\Configuration\S35_+50.00
2025-03-24 04:17:20,834 INFO Created parameter variation directory: C:\Users\Mohse\OneDrive\Desktop\SF.worktrees\ThemeManagement\backend\Original\Batch(12)\Results(12)\Sensitivity\Symmetrical\Configuration\S35_-50.00
2025-03-24 04:17:20,834 INFO Created parameter variation directory: C:\Users\Mohse\OneDrive\Desktop\SF.worktrees\ThemeManagement\backend\Original\Batch(12)\Results(12)\Sensitivity\Symmetrical\Configuration\S35_-50.00
2025-03-24 04:17:20,834 INFO Created sensitivity mode directory: C:\Users\Mohse\OneDrive\Desktop\SF.worktrees\ThemeManagement\backend\Original\Batch(12)\Results(12)\Sensitivity\Multipoint
2025-03-24 04:17:20,834 INFO Created sensitivity mode directory: C:\Users\Mohse\OneDrive\Desktop\SF.worktrees\ThemeManagement\backend\Original\Batch(12)\Results(12)\Sensitivity\Multipoint
2025-03-24 04:17:20,834 INFO Created sensitivity subdirectory: C:\Users\Mohse\OneDrive\Desktop\SF.worktrees\ThemeManagement\backend\Original\Batch(12)\Results(12)\Sensitivity\Multipoint\waterfall
2025-03-24 04:17:20,834 INFO Created sensitivity subdirectory: C:\Users\Mohse\OneDrive\Desktop\SF.worktrees\ThemeManagement\backend\Original\Batch(12)\Results(12)\Sensitivity\Multipoint\waterfall
2025-03-24 04:17:20,834 INFO Created sensitivity subdirectory: C:\Users\Mohse\OneDrive\Desktop\SF.worktrees\ThemeManagement\backend\Original\Batch(12)\Results(12)\Sensitivity\Multipoint\bar
2025-03-24 04:17:20,834 INFO Created sensitivity subdirectory: C:\Users\Mohse\OneDrive\Desktop\SF.worktrees\ThemeManagement\backend\Original\Batch(12)\Results(12)\Sensitivity\Multipoint\bar
2025-03-24 04:17:20,834 INFO Created sensitivity subdirectory: C:\Users\Mohse\OneDrive\Desktop\SF.worktrees\ThemeManagement\backend\Original\Batch(12)\Results(12)\Sensitivity\Multipoint\point
2025-03-24 04:17:20,834 INFO Created sensitivity subdirectory: C:\Users\Mohse\OneDrive\Desktop\SF.worktrees\ThemeManagement\backend\Original\Batch(12)\Results(12)\Sensitivity\Multipoint\point
2025-03-24 04:17:20,834 INFO Created sensitivity subdirectory: C:\Users\Mohse\OneDrive\Desktop\SF.worktrees\ThemeManagement\backend\Original\Batch(12)\Results(12)\Sensitivity\Multipoint\Configuration
2025-03-24 04:17:20,834 INFO Created sensitivity subdirectory: C:\Users\Mohse\OneDrive\Desktop\SF.worktrees\ThemeManagement\backend\Original\Batch(12)\Results(12)\Sensitivity\Multipoint\Configuration
2025-03-24 04:17:20,834 INFO Created parameter variation directory: C:\Users\Mohse\OneDrive\Desktop\SF.worktrees\ThemeManagement\backend\Original\Batch(12)\Results(12)\Sensitivity\Multipoint\Configuration\S34_-20.00
2025-03-24 04:17:20,834 INFO Created parameter variation directory: C:\Users\Mohse\OneDrive\Desktop\SF.worktrees\ThemeManagement\backend\Original\Batch(12)\Results(12)\Sensitivity\Multipoint\Configuration\S34_-20.00
2025-03-24 04:17:20,834 INFO Created parameter variation directory: C:\Users\Mohse\OneDrive\Desktop\SF.worktrees\ThemeManagement\backend\Original\Batch(12)\Results(12)\Sensitivity\Multipoint\Configuration\S34_-10.00
2025-03-24 04:17:20,834 INFO Created parameter variation directory: C:\Users\Mohse\OneDrive\Desktop\SF.worktrees\ThemeManagement\backend\Original\Batch(12)\Results(12)\Sensitivity\Multipoint\Configuration\S34_-10.00
2025-03-24 04:17:20,834 INFO Created parameter variation directory: C:\Users\Mohse\OneDrive\Desktop\SF.worktrees\ThemeManagement\backend\Original\Batch(12)\Results(12)\Sensitivity\Multipoint\Configuration\S34_+50.00
2025-03-24 04:17:20,834 INFO Created parameter variation directory: C:\Users\Mohse\OneDrive\Desktop\SF.worktrees\ThemeManagement\backend\Original\Batch(12)\Results(12)\Sensitivity\Multipoint\Configuration\S34_+50.00
2025-03-24 04:17:20,834 INFO Created parameter variation directory: C:\Users\Mohse\OneDrive\Desktop\SF.worktrees\ThemeManagement\backend\Original\Batch(12)\Results(12)\Sensitivity\Multipoint\Configuration\S34_+100.00
2025-03-24 04:17:20,834 INFO Created parameter variation directory: C:\Users\Mohse\OneDrive\Desktop\SF.worktrees\ThemeManagement\backend\Original\Batch(12)\Results(12)\Sensitivity\Multipoint\Configuration\S34_+100.00
2025-03-24 04:17:20,834 INFO Created parameter variation directory: C:\Users\Mohse\OneDrive\Desktop\SF.worktrees\ThemeManagement\backend\Original\Batch(12)\Results(12)\Sensitivity\Multipoint\Configuration\S35_+50.00
2025-03-24 04:17:20,834 INFO Created parameter variation directory: C:\Users\Mohse\OneDrive\Desktop\SF.worktrees\ThemeManagement\backend\Original\Batch(12)\Results(12)\Sensitivity\Multipoint\Configuration\S35_+50.00
2025-03-24 04:17:20,834 INFO Created standalone Configuration directory: C:\Users\Mohse\OneDrive\Desktop\SF.worktrees\ThemeManagement\backend\Original\Batch(12)\Results(12)\Sensitivity\Configuration
2025-03-24 04:17:20,834 INFO Created standalone Configuration directory: C:\Users\Mohse\OneDrive\Desktop\SF.worktrees\ThemeManagement\backend\Original\Batch(12)\Results(12)\Sensitivity\Configuration
2025-03-24 04:17:20,834 INFO Created sensitivity extra directory: C:\Users\Mohse\OneDrive\Desktop\SF.worktrees\ThemeManagement\backend\Original\Batch(12)\Results(12)\Sensitivity\Reports
2025-03-24 04:17:20,834 INFO Created sensitivity extra directory: C:\Users\Mohse\OneDrive\Desktop\SF.worktrees\ThemeManagement\backend\Original\Batch(12)\Results(12)\Sensitivity\Reports
2025-03-24 04:17:20,834 INFO Created sensitivity extra directory: C:\Users\Mohse\OneDrive\Desktop\SF.worktrees\ThemeManagement\backend\Original\Batch(12)\Results(12)\Sensitivity\Cache
2025-03-24 04:17:20,834 INFO Created sensitivity extra directory: C:\Users\Mohse\OneDrive\Desktop\SF.worktrees\ThemeManagement\backend\Original\Batch(12)\Results(12)\Sensitivity\Cache
2025-03-24 04:17:20,834 INFO [CHECKPOINT] Processing parameter S34
2025-03-24 04:17:20,834 INFO [CHECKPOINT] Processing parameter S34
2025-03-24 04:17:20,834 INFO 
Processing S34:
2025-03-24 04:17:20,834 INFO 
Processing S34:
2025-03-24 04:17:20,834 WARNING Results file not found: C:\Users\Mohse\OneDrive\Desktop\SF.worktrees\ThemeManagement\backend\Original\Batch(12)\Results(12)\Sensitivity\Multipoint\S34_vs__multiple_results.json
2025-03-24 04:17:20,834 WARNING Results file not found: C:\Users\Mohse\OneDrive\Desktop\SF.worktrees\ThemeManagement\backend\Original\Batch(12)\Results(12)\Sensitivity\Multipoint\S34_vs__multiple_results.json
2025-03-24 04:17:20,834 INFO Checking if results processing needs to be triggered...
2025-03-24 04:17:20,834 INFO Checking if results processing needs to be triggered...
2025-03-24 04:17:20,834 INFO Triggering results processing for S34...
2025-03-24 04:17:20,834 INFO Triggering results processing for S34...
2025-03-24 04:17:20,834 INFO Starting price stream for version: 12
2025-03-24 04:17:20,834 INFO Starting price stream for version: 12
2025-03-24 04:17:20,834 INFO Using simulated initial price: 2200.0
2025-03-24 04:17:20,834 INFO Using simulated initial price: 2200.0
2025-03-24 04:17:21,848 INFO Streaming price update 1: 2205.0
2025-03-24 04:17:21,848 INFO Streaming price update 1: 2205.0
2025-03-24 04:17:21,917 ERROR Error in manual results processing: 2025-03-24 04:17:21,827 INFO === Starting Sensitivity Results Processing ===
2025-03-24 04:17:21,827 INFO Version: 12
2025-03-24 04:17:21,827 INFO Maximum wait time: 0.5 minutes
2025-03-24 04:17:21,827 WARNING Configuration data doesn't match version 12
2025-03-24 04:17:21,827 ERROR Failed to load sensitivity configuration, exiting

2025-03-24 04:17:21,917 ERROR Error in manual results processing: 2025-03-24 04:17:21,827 INFO === Starting Sensitivity Results Processing ===
2025-03-24 04:17:21,827 INFO Version: 12
2025-03-24 04:17:21,827 INFO Maximum wait time: 0.5 minutes
2025-03-24 04:17:21,827 WARNING Configuration data doesn't match version 12
2025-03-24 04:17:21,827 ERROR Failed to load sensitivity configuration, exiting

2025-03-24 04:17:21,917 WARNING Results file not found: C:\Users\Mohse\OneDrive\Desktop\SF.worktrees\ThemeManagement\backend\Original\Batch(12)\Results(12)\Sensitivity\Multipoint\S34_vs__multiple_results.json
2025-03-24 04:17:21,917 WARNING Results file not found: C:\Users\Mohse\OneDrive\Desktop\SF.worktrees\ThemeManagement\backend\Original\Batch(12)\Results(12)\Sensitivity\Multipoint\S34_vs__multiple_results.json
2025-03-24 04:17:21,917 INFO Triggering results processing explicitly...
2025-03-24 04:17:21,917 INFO Triggering results processing explicitly...
2025-03-24 04:17:21,917 INFO Executing results processing for S34...
2025-03-24 04:17:21,917 INFO Executing results processing for S34...
2025-03-24 04:17:22,849 INFO Streaming price update 2: 2215.0
2025-03-24 04:17:22,849 INFO Streaming price update 2: 2215.0
2025-03-24 04:17:23,849 INFO Streaming price update 3: 2230.0
2025-03-24 04:17:23,849 INFO Streaming price update 3: 2230.0
2025-03-24 04:17:24,851 INFO Streaming price update 4: 2250.0
2025-03-24 04:17:24,851 INFO Streaming price update 4: 2250.0
2025-03-24 04:17:24,929 ERROR Error in results processing: 2025-03-24 04:17:24,821 INFO === Starting Sensitivity Results Processing ===
2025-03-24 04:17:24,821 INFO Version: 12
2025-03-24 04:17:24,821 INFO Maximum wait time: 1.0 minutes
2025-03-24 04:17:24,821 WARNING Configuration data doesn't match version 12
2025-03-24 04:17:24,821 ERROR Failed to load sensitivity configuration, exiting

2025-03-24 04:17:24,929 ERROR Error in results processing: 2025-03-24 04:17:24,821 INFO === Starting Sensitivity Results Processing ===
2025-03-24 04:17:24,821 INFO Version: 12
2025-03-24 04:17:24,821 INFO Maximum wait time: 1.0 minutes
2025-03-24 04:17:24,821 WARNING Configuration data doesn't match version 12
2025-03-24 04:17:24,821 ERROR Failed to load sensitivity configuration, exiting

2025-03-24 04:17:24,929 INFO PLOT GENERATION STARTED: waterfall plot for S34 vs  (multiple)
2025-03-24 04:17:24,929 INFO PLOT GENERATION STARTED: waterfall plot for S34 vs  (multiple)
2025-03-24 04:17:24,929 INFO Beginning plot generation for S34 waterfall plot...
2025-03-24 04:17:24,929 INFO Beginning plot generation for S34 waterfall plot...
2025-03-24 04:17:24,929 ERROR Results data not available for S34 even after processing
2025-03-24 04:17:24,929 ERROR Results data not available for S34 even after processing
2025-03-24 04:17:24,929 ERROR DATA LOADING FAILED: S34 vs  from C:\Users\Mohse\OneDrive\Desktop\SF.worktrees\ThemeManagement\backend\Original\Batch(12)\Results(12)\Sensitivity\Multipoint\S34_vs__multiple_results.json - Results data not available for S34 even after processing
2025-03-24 04:17:24,929 ERROR DATA LOADING FAILED: S34 vs  from C:\Users\Mohse\OneDrive\Desktop\SF.worktrees\ThemeManagement\backend\Original\Batch(12)\Results(12)\Sensitivity\Multipoint\S34_vs__multiple_results.json - Results data not available for S34 even after processing
2025-03-24 04:17:24,929 INFO PLOT GENERATION STARTED: bar plot for S34 vs  (multiple)
2025-03-24 04:17:24,929 INFO PLOT GENERATION STARTED: bar plot for S34 vs  (multiple)
2025-03-24 04:17:24,929 INFO Beginning plot generation for S34 bar plot...
2025-03-24 04:17:24,929 INFO Beginning plot generation for S34 bar plot...
2025-03-24 04:17:24,929 ERROR Results data not available for S34 even after processing
2025-03-24 04:17:24,929 ERROR Results data not available for S34 even after processing
2025-03-24 04:17:24,929 ERROR DATA LOADING FAILED: S34 vs  from C:\Users\Mohse\OneDrive\Desktop\SF.worktrees\ThemeManagement\backend\Original\Batch(12)\Results(12)\Sensitivity\Multipoint\S34_vs__multiple_results.json - Results data not available for S34 even after processing
2025-03-24 04:17:24,929 ERROR DATA LOADING FAILED: S34 vs  from C:\Users\Mohse\OneDrive\Desktop\SF.worktrees\ThemeManagement\backend\Original\Batch(12)\Results(12)\Sensitivity\Multipoint\S34_vs__multiple_results.json - Results data not available for S34 even after processing
2025-03-24 04:17:24,929 INFO PLOT GENERATION STARTED: point plot for S34 vs  (multiple)
2025-03-24 04:17:24,929 INFO PLOT GENERATION STARTED: point plot for S34 vs  (multiple)
2025-03-24 04:17:24,929 INFO Beginning plot generation for S34 point plot...
2025-03-24 04:17:24,929 INFO Beginning plot generation for S34 point plot...
2025-03-24 04:17:24,929 ERROR Results data not available for S34 even after processing
2025-03-24 04:17:24,929 ERROR Results data not available for S34 even after processing
2025-03-24 04:17:24,929 ERROR DATA LOADING FAILED: S34 vs  from C:\Users\Mohse\OneDrive\Desktop\SF.worktrees\ThemeManagement\backend\Original\Batch(12)\Results(12)\Sensitivity\Multipoint\S34_vs__multiple_results.json - Results data not available for S34 even after processing
2025-03-24 04:17:24,929 ERROR DATA LOADING FAILED: S34 vs  from C:\Users\Mohse\OneDrive\Desktop\SF.worktrees\ThemeManagement\backend\Original\Batch(12)\Results(12)\Sensitivity\Multipoint\S34_vs__multiple_results.json - Results data not available for S34 even after processing
2025-03-24 04:17:24,929 INFO [CHECKPOINT] Completed processing parameter S34
2025-03-24 04:17:24,929 INFO [CHECKPOINT] Completed processing parameter S34
2025-03-24 04:17:24,929 INFO [CHECKPOINT] Processing parameter S35
2025-03-24 04:17:24,929 INFO [CHECKPOINT] Processing parameter S35
2025-03-24 04:17:24,929 INFO 
Processing S35:
2025-03-24 04:17:24,929 INFO 
Processing S35:
2025-03-24 04:17:24,929 INFO S35 identified as special case (vs S13)
2025-03-24 04:17:24,929 INFO S35 identified as special case (vs S13)
2025-03-24 04:17:24,929 INFO Added relationship: S35 -> S13 (primary)
2025-03-24 04:17:24,929 INFO Added relationship: S35 -> S13 (primary)
2025-03-24 04:17:24,929 WARNING Results file not found: C:\Users\Mohse\OneDrive\Desktop\SF.worktrees\ThemeManagement\backend\Original\Batch(12)\Results(12)\Sensitivity\Multipoint\S35_vs_S13_multiple_results.json
2025-03-24 04:17:24,929 WARNING Results file not found: C:\Users\Mohse\OneDrive\Desktop\SF.worktrees\ThemeManagement\backend\Original\Batch(12)\Results(12)\Sensitivity\Multipoint\S35_vs_S13_multiple_results.json
2025-03-24 04:17:24,929 INFO Checking if results processing needs to be triggered...
2025-03-24 04:17:24,929 INFO Checking if results processing needs to be triggered...
2025-03-24 04:17:24,944 INFO Triggering results processing for S35...
2025-03-24 04:17:24,944 INFO Triggering results processing for S35...
2025-03-24 04:17:25,852 INFO Streaming price update 5: 2275.0
2025-03-24 04:17:25,852 INFO Streaming price update 5: 2275.0
2025-03-24 04:17:27,467 ERROR Error in manual results processing: 2025-03-24 04:17:27,404 INFO === Starting Sensitivity Results Processing ===
2025-03-24 04:17:27,404 INFO Version: 12
2025-03-24 04:17:27,404 INFO Maximum wait time: 0.5 minutes
2025-03-24 04:17:27,404 WARNING Configuration data doesn't match version 12
2025-03-24 04:17:27,404 ERROR Failed to load sensitivity configuration, exiting

2025-03-24 04:17:27,467 ERROR Error in manual results processing: 2025-03-24 04:17:27,404 INFO === Starting Sensitivity Results Processing ===
2025-03-24 04:17:27,404 INFO Version: 12
2025-03-24 04:17:27,404 INFO Maximum wait time: 0.5 minutes
2025-03-24 04:17:27,404 WARNING Configuration data doesn't match version 12
2025-03-24 04:17:27,404 ERROR Failed to load sensitivity configuration, exiting

2025-03-24 04:17:27,467 WARNING Results file not found: C:\Users\Mohse\OneDrive\Desktop\SF.worktrees\ThemeManagement\backend\Original\Batch(12)\Results(12)\Sensitivity\Multipoint\S35_vs_S13_multiple_results.json
2025-03-24 04:17:27,467 WARNING Results file not found: C:\Users\Mohse\OneDrive\Desktop\SF.worktrees\ThemeManagement\backend\Original\Batch(12)\Results(12)\Sensitivity\Multipoint\S35_vs_S13_multiple_results.json
2025-03-24 04:17:27,467 INFO Triggering results processing explicitly...
2025-03-24 04:17:27,467 INFO Triggering results processing explicitly...
2025-03-24 04:17:27,467 INFO Executing results processing for S35...
2025-03-24 04:17:27,467 INFO Executing results processing for S35...
2025-03-24 04:17:28,694 ERROR Error in results processing: 2025-03-24 04:17:28,579 INFO === Starting Sensitivity Results Processing ===
2025-03-24 04:17:28,579 INFO Version: 12
2025-03-24 04:17:28,579 INFO Maximum wait time: 1.0 minutes
2025-03-24 04:17:28,579 WARNING Configuration data doesn't match version 12
2025-03-24 04:17:28,579 ERROR Failed to load sensitivity configuration, exiting

2025-03-24 04:17:28,694 ERROR Error in results processing: 2025-03-24 04:17:28,579 INFO === Starting Sensitivity Results Processing ===
2025-03-24 04:17:28,579 INFO Version: 12
2025-03-24 04:17:28,579 INFO Maximum wait time: 1.0 minutes
2025-03-24 04:17:28,579 WARNING Configuration data doesn't match version 12
2025-03-24 04:17:28,579 ERROR Failed to load sensitivity configuration, exiting

2025-03-24 04:17:28,694 INFO PLOT GENERATION STARTED: waterfall plot for S35 vs S13 (multiple)
2025-03-24 04:17:28,694 INFO PLOT GENERATION STARTED: waterfall plot for S35 vs S13 (multiple)
2025-03-24 04:17:28,694 INFO Beginning plot generation for S35 waterfall plot...
2025-03-24 04:17:28,694 INFO Beginning plot generation for S35 waterfall plot...
2025-03-24 04:17:28,694 ERROR Results data not available for S35 even after processing
2025-03-24 04:17:28,694 ERROR Results data not available for S35 even after processing
2025-03-24 04:17:28,694 ERROR DATA LOADING FAILED: S35 vs S13 from C:\Users\Mohse\OneDrive\Desktop\SF.worktrees\ThemeManagement\backend\Original\Batch(12)\Results(12)\Sensitivity\Multipoint\S35_vs_S13_multiple_results.json - Results data not available for S35 even after processing
2025-03-24 04:17:28,694 ERROR DATA LOADING FAILED: S35 vs S13 from C:\Users\Mohse\OneDrive\Desktop\SF.worktrees\ThemeManagement\backend\Original\Batch(12)\Results(12)\Sensitivity\Multipoint\S35_vs_S13_multiple_results.json - Results data not available for S35 even after processing
2025-03-24 04:17:28,694 INFO PLOT GENERATION STARTED: bar plot for S35 vs S13 (multiple)
2025-03-24 04:17:28,694 INFO PLOT GENERATION STARTED: bar plot for S35 vs S13 (multiple)
2025-03-24 04:17:28,694 INFO Beginning plot generation for S35 bar plot...
2025-03-24 04:17:28,694 INFO Beginning plot generation for S35 bar plot...
2025-03-24 04:17:28,694 ERROR Results data not available for S35 even after processing
2025-03-24 04:17:28,694 ERROR Results data not available for S35 even after processing
2025-03-24 04:17:28,694 ERROR DATA LOADING FAILED: S35 vs S13 from C:\Users\Mohse\OneDrive\Desktop\SF.worktrees\ThemeManagement\backend\Original\Batch(12)\Results(12)\Sensitivity\Multipoint\S35_vs_S13_multiple_results.json - Results data not available for S35 even after processing
2025-03-24 04:17:28,694 ERROR DATA LOADING FAILED: S35 vs S13 from C:\Users\Mohse\OneDrive\Desktop\SF.worktrees\ThemeManagement\backend\Original\Batch(12)\Results(12)\Sensitivity\Multipoint\S35_vs_S13_multiple_results.json - Results data not available for S35 even after processing
2025-03-24 04:17:28,694 INFO PLOT GENERATION STARTED: point plot for S35 vs S13 (multiple)
2025-03-24 04:17:28,694 INFO PLOT GENERATION STARTED: point plot for S35 vs S13 (multiple)
2025-03-24 04:17:28,694 INFO Beginning plot generation for S35 point plot...
2025-03-24 04:17:28,694 INFO Beginning plot generation for S35 point plot...
2025-03-24 04:17:28,694 ERROR Results data not available for S35 even after processing
2025-03-24 04:17:28,694 ERROR Results data not available for S35 even after processing
2025-03-24 04:17:28,694 ERROR DATA LOADING FAILED: S35 vs S13 from C:\Users\Mohse\OneDrive\Desktop\SF.worktrees\ThemeManagement\backend\Original\Batch(12)\Results(12)\Sensitivity\Multipoint\S35_vs_S13_multiple_results.json - Results data not available for S35 even after processing
2025-03-24 04:17:28,694 ERROR DATA LOADING FAILED: S35 vs S13 from C:\Users\Mohse\OneDrive\Desktop\SF.worktrees\ThemeManagement\backend\Original\Batch(12)\Results(12)\Sensitivity\Multipoint\S35_vs_S13_multiple_results.json - Results data not available for S35 even after processing
2025-03-24 04:17:28,694 INFO [CHECKPOINT] Completed processing parameter S35
2025-03-24 04:17:28,694 INFO [CHECKPOINT] Completed processing parameter S35
2025-03-24 04:17:28,694 INFO 
================================================================================
2025-03-24 04:17:28,694 INFO 
================================================================================
2025-03-24 04:17:28,694 INFO PLOT GENERATION COMPLETED - Run ID: 20250324_041720
2025-03-24 04:17:28,694 INFO PLOT GENERATION COMPLETED - Run ID: 20250324_041720
2025-03-24 04:17:28,694 INFO Processing time: 7.88s
2025-03-24 04:17:28,694 INFO Processing time: 7.88s
2025-03-24 04:17:28,694 INFO Plots generated: 0
2025-03-24 04:17:28,694 INFO Plots generated: 0
2025-03-24 04:17:28,694 INFO ================================================================================

2025-03-24 04:17:28,694 INFO ================================================================================

2025-03-24 04:17:28,694 INFO [EXIT] Visualization processing complete - Run ID: 20250324_041720
2025-03-24 04:17:28,694 INFO [EXIT] Visualization processing complete - Run ID: 20250324_041720
2025-03-24 04:19:04,931 INFO Resuming after pause, processing config modules...
2025-03-24 04:19:06,125 INFO Successfully imported sensitivity functions via direct import
2025-03-24 04:19:06,125 INFO Processing parameter S34 with mode multiple
2025-03-24 04:19:06,125 INFO Processing variation -20.00 in directory: C:\Users\Mohse\OneDrive\Desktop\SF.worktrees\ThemeManagement\backend\Original\Batch(12)\Results(12)\Sensitivity\S34\multiple\-20.00
2025-03-24 04:19:06,125 INFO Found parameter by index: rawmaterialAmount34 for S34
2025-03-24 04:19:06,125 INFO Applied -20 % variation to rawmaterialAmount34 (S34)
2025-03-24 04:19:06,125 INFO Applied -20 variation to config module 1 for S34
2025-03-24 04:19:06,125 INFO Found parameter by index: rawmaterialAmount34 for S34
2025-03-24 04:19:06,125 INFO Applied -20 % variation to rawmaterialAmount34 (S34)
2025-03-24 04:19:06,125 INFO Applied -20 variation to config module 2 for S34
2025-03-24 04:19:06,125 INFO Found parameter by index: rawmaterialAmount34 for S34
2025-03-24 04:19:06,125 INFO Applied -20 % variation to rawmaterialAmount34 (S34)
2025-03-24 04:19:06,125 INFO Applied -20 variation to config module 3 for S34
2025-03-24 04:19:06,125 INFO Found parameter by index: rawmaterialAmount34 for S34
2025-03-24 04:19:06,125 INFO Applied -20 % variation to rawmaterialAmount34 (S34)
2025-03-24 04:19:06,125 INFO Applied -20 variation to config module 4 for S34
2025-03-24 04:19:06,141 INFO Found parameter by index: rawmaterialAmount34 for S34
2025-03-24 04:19:06,141 INFO Applied -20 % variation to rawmaterialAmount34 (S34)
2025-03-24 04:19:06,141 INFO Applied -20 variation to config module 5 for S34
2025-03-24 04:19:06,141 INFO Found parameter by index: rawmaterialAmount34 for S34
2025-03-24 04:19:06,141 INFO Applied -20 % variation to rawmaterialAmount34 (S34)
2025-03-24 04:19:06,141 INFO Applied -20 variation to config module 6 for S34
2025-03-24 04:19:06,141 INFO Found parameter by index: rawmaterialAmount34 for S34
2025-03-24 04:19:06,141 INFO Applied -20 % variation to rawmaterialAmount34 (S34)
2025-03-24 04:19:06,141 INFO Applied -20 variation to config module 7 for S34
2025-03-24 04:19:06,141 INFO Found parameter by index: rawmaterialAmount34 for S34
2025-03-24 04:19:06,141 INFO Applied -20 % variation to rawmaterialAmount34 (S34)
2025-03-24 04:19:06,141 INFO Applied -20 variation to config module 8 for S34
2025-03-24 04:19:06,141 INFO Found parameter by index: rawmaterialAmount34 for S34
2025-03-24 04:19:06,141 INFO Applied -20 % variation to rawmaterialAmount34 (S34)
2025-03-24 04:19:06,141 INFO Applied -20 variation to config module 9 for S34
2025-03-24 04:19:06,141 INFO Found parameter by index: rawmaterialAmount34 for S34
2025-03-24 04:19:06,141 INFO Applied -20 % variation to rawmaterialAmount34 (S34)
2025-03-24 04:19:06,141 INFO Applied -20 variation to config module 10 for S34
2025-03-24 04:19:06,141 INFO Found parameter by index: rawmaterialAmount34 for S34
2025-03-24 04:19:06,141 INFO Applied -20 % variation to rawmaterialAmount34 (S34)
2025-03-24 04:19:06,156 INFO Applied -20 variation to config module 11 for S34
2025-03-24 04:19:06,156 INFO Found parameter by index: rawmaterialAmount34 for S34
2025-03-24 04:19:06,156 INFO Applied -20 % variation to rawmaterialAmount34 (S34)
2025-03-24 04:19:06,156 INFO Applied -20 variation to config module 12 for S34
2025-03-24 04:19:06,156 INFO Found parameter by index: rawmaterialAmount34 for S34
2025-03-24 04:19:06,156 INFO Applied -20 % variation to rawmaterialAmount34 (S34)
2025-03-24 04:19:06,156 INFO Applied -20 variation to config module 13 for S34
2025-03-24 04:19:06,156 INFO Found parameter by index: rawmaterialAmount34 for S34
2025-03-24 04:19:06,156 INFO Applied -20 % variation to rawmaterialAmount34 (S34)
2025-03-24 04:19:06,156 INFO Applied -20 variation to config module 14 for S34
2025-03-24 04:19:06,156 INFO Found parameter by index: rawmaterialAmount34 for S34
2025-03-24 04:19:06,156 INFO Applied -20 % variation to rawmaterialAmount34 (S34)
2025-03-24 04:19:06,156 INFO Applied -20 variation to config module 15 for S34
2025-03-24 04:19:06,156 INFO Found parameter by index: rawmaterialAmount34 for S34
2025-03-24 04:19:06,156 INFO Applied -20 % variation to rawmaterialAmount34 (S34)
2025-03-24 04:19:06,156 INFO Applied -20 variation to config module 16 for S34
2025-03-24 04:19:06,156 INFO Found parameter by index: rawmaterialAmount34 for S34
2025-03-24 04:19:06,156 INFO Applied -20 % variation to rawmaterialAmount34 (S34)
2025-03-24 04:19:06,172 INFO Applied -20 variation to config module 17 for S34
2025-03-24 04:19:06,172 INFO Found parameter by index: rawmaterialAmount34 for S34
2025-03-24 04:19:06,172 INFO Applied -20 % variation to rawmaterialAmount34 (S34)
2025-03-24 04:19:06,172 INFO Applied -20 variation to config module 18 for S34
2025-03-24 04:19:06,172 INFO Found parameter by index: rawmaterialAmount34 for S34
2025-03-24 04:19:06,172 INFO Applied -20 % variation to rawmaterialAmount34 (S34)
2025-03-24 04:19:06,172 INFO Applied -20 variation to config module 19 for S34
2025-03-24 04:19:06,172 INFO Found parameter by index: rawmaterialAmount34 for S34
2025-03-24 04:19:06,172 INFO Applied -20 % variation to rawmaterialAmount34 (S34)
2025-03-24 04:19:06,172 INFO Applied -20 variation to config module 20 for S34
2025-03-24 04:19:06,172 INFO Processing variation -10.00 in directory: C:\Users\Mohse\OneDrive\Desktop\SF.worktrees\ThemeManagement\backend\Original\Batch(12)\Results(12)\Sensitivity\S34\multiple\-10.00
2025-03-24 04:19:06,172 INFO Found parameter by index: rawmaterialAmount34 for S34
2025-03-24 04:19:06,172 INFO Applied -10 % variation to rawmaterialAmount34 (S34)
2025-03-24 04:19:06,188 INFO Applied -10 variation to config module 1 for S34
2025-03-24 04:19:06,188 INFO Found parameter by index: rawmaterialAmount34 for S34
2025-03-24 04:19:06,188 INFO Applied -10 % variation to rawmaterialAmount34 (S34)
2025-03-24 04:19:06,188 INFO Applied -10 variation to config module 2 for S34
2025-03-24 04:19:06,188 INFO Found parameter by index: rawmaterialAmount34 for S34
2025-03-24 04:19:06,188 INFO Applied -10 % variation to rawmaterialAmount34 (S34)
2025-03-24 04:19:06,188 INFO Applied -10 variation to config module 3 for S34
2025-03-24 04:19:06,188 INFO Found parameter by index: rawmaterialAmount34 for S34
2025-03-24 04:19:06,188 INFO Applied -10 % variation to rawmaterialAmount34 (S34)
2025-03-24 04:19:06,188 INFO Applied -10 variation to config module 4 for S34
2025-03-24 04:19:06,188 INFO Found parameter by index: rawmaterialAmount34 for S34
2025-03-24 04:19:06,188 INFO Applied -10 % variation to rawmaterialAmount34 (S34)
2025-03-24 04:19:06,188 INFO Applied -10 variation to config module 5 for S34
2025-03-24 04:19:06,188 INFO Found parameter by index: rawmaterialAmount34 for S34
2025-03-24 04:19:06,188 INFO Applied -10 % variation to rawmaterialAmount34 (S34)
2025-03-24 04:19:06,188 INFO Applied -10 variation to config module 6 for S34
2025-03-24 04:19:06,188 INFO Found parameter by index: rawmaterialAmount34 for S34
2025-03-24 04:19:06,188 INFO Applied -10 % variation to rawmaterialAmount34 (S34)
2025-03-24 04:19:06,203 INFO Applied -10 variation to config module 7 for S34
2025-03-24 04:19:06,203 INFO Found parameter by index: rawmaterialAmount34 for S34
2025-03-24 04:19:06,203 INFO Applied -10 % variation to rawmaterialAmount34 (S34)
2025-03-24 04:19:06,203 INFO Applied -10 variation to config module 8 for S34
2025-03-24 04:19:06,203 INFO Found parameter by index: rawmaterialAmount34 for S34
2025-03-24 04:19:06,203 INFO Applied -10 % variation to rawmaterialAmount34 (S34)
2025-03-24 04:19:06,203 INFO Applied -10 variation to config module 9 for S34
2025-03-24 04:19:06,203 INFO Found parameter by index: rawmaterialAmount34 for S34
2025-03-24 04:19:06,203 INFO Applied -10 % variation to rawmaterialAmount34 (S34)
2025-03-24 04:19:06,203 INFO Applied -10 variation to config module 10 for S34
2025-03-24 04:19:06,203 INFO Found parameter by index: rawmaterialAmount34 for S34
2025-03-24 04:19:06,203 INFO Applied -10 % variation to rawmaterialAmount34 (S34)
2025-03-24 04:19:06,203 INFO Applied -10 variation to config module 11 for S34
2025-03-24 04:19:06,203 INFO Found parameter by index: rawmaterialAmount34 for S34
2025-03-24 04:19:06,203 INFO Applied -10 % variation to rawmaterialAmount34 (S34)
2025-03-24 04:19:06,203 INFO Applied -10 variation to config module 12 for S34
2025-03-24 04:19:06,203 INFO Found parameter by index: rawmaterialAmount34 for S34
2025-03-24 04:19:06,203 INFO Applied -10 % variation to rawmaterialAmount34 (S34)
2025-03-24 04:19:06,203 INFO Applied -10 variation to config module 13 for S34
2025-03-24 04:19:06,203 INFO Found parameter by index: rawmaterialAmount34 for S34
2025-03-24 04:19:06,203 INFO Applied -10 % variation to rawmaterialAmount34 (S34)
2025-03-24 04:19:06,219 INFO Applied -10 variation to config module 14 for S34
2025-03-24 04:19:06,219 INFO Found parameter by index: rawmaterialAmount34 for S34
2025-03-24 04:19:06,219 INFO Applied -10 % variation to rawmaterialAmount34 (S34)
2025-03-24 04:19:06,219 INFO Applied -10 variation to config module 15 for S34
2025-03-24 04:19:06,219 INFO Found parameter by index: rawmaterialAmount34 for S34
2025-03-24 04:19:06,219 INFO Applied -10 % variation to rawmaterialAmount34 (S34)
2025-03-24 04:19:06,219 INFO Applied -10 variation to config module 16 for S34
2025-03-24 04:19:06,219 INFO Found parameter by index: rawmaterialAmount34 for S34
2025-03-24 04:19:06,219 INFO Applied -10 % variation to rawmaterialAmount34 (S34)
2025-03-24 04:19:06,219 INFO Applied -10 variation to config module 17 for S34
2025-03-24 04:19:06,219 INFO Found parameter by index: rawmaterialAmount34 for S34
2025-03-24 04:19:06,219 INFO Applied -10 % variation to rawmaterialAmount34 (S34)
2025-03-24 04:19:06,219 INFO Applied -10 variation to config module 18 for S34
2025-03-24 04:19:06,219 INFO Found parameter by index: rawmaterialAmount34 for S34
2025-03-24 04:19:06,219 INFO Applied -10 % variation to rawmaterialAmount34 (S34)
2025-03-24 04:19:06,219 INFO Applied -10 variation to config module 19 for S34
2025-03-24 04:19:06,219 INFO Found parameter by index: rawmaterialAmount34 for S34
2025-03-24 04:19:06,219 INFO Applied -10 % variation to rawmaterialAmount34 (S34)
2025-03-24 04:19:06,234 INFO Applied -10 variation to config module 20 for S34
2025-03-24 04:19:06,234 INFO Processing variation +50.00 in directory: C:\Users\Mohse\OneDrive\Desktop\SF.worktrees\ThemeManagement\backend\Original\Batch(12)\Results(12)\Sensitivity\S34\multiple\+50.00
2025-03-24 04:19:06,234 INFO Found parameter by index: rawmaterialAmount34 for S34
2025-03-24 04:19:06,234 INFO Applied 50 % variation to rawmaterialAmount34 (S34)
2025-03-24 04:19:06,234 INFO Applied 50 variation to config module 1 for S34
2025-03-24 04:19:06,234 INFO Found parameter by index: rawmaterialAmount34 for S34
2025-03-24 04:19:06,234 INFO Applied 50 % variation to rawmaterialAmount34 (S34)
2025-03-24 04:19:06,234 INFO Applied 50 variation to config module 2 for S34
2025-03-24 04:19:06,234 INFO Found parameter by index: rawmaterialAmount34 for S34
2025-03-24 04:19:06,234 INFO Applied 50 % variation to rawmaterialAmount34 (S34)
2025-03-24 04:19:06,234 INFO Applied 50 variation to config module 3 for S34
2025-03-24 04:19:06,234 INFO Found parameter by index: rawmaterialAmount34 for S34
2025-03-24 04:19:06,234 INFO Applied 50 % variation to rawmaterialAmount34 (S34)
2025-03-24 04:19:06,250 INFO Applied 50 variation to config module 4 for S34
2025-03-24 04:19:06,250 INFO Found parameter by index: rawmaterialAmount34 for S34
2025-03-24 04:19:06,250 INFO Applied 50 % variation to rawmaterialAmount34 (S34)
2025-03-24 04:19:06,250 INFO Applied 50 variation to config module 5 for S34
2025-03-24 04:19:06,250 INFO Found parameter by index: rawmaterialAmount34 for S34
2025-03-24 04:19:06,250 INFO Applied 50 % variation to rawmaterialAmount34 (S34)
2025-03-24 04:19:06,250 INFO Applied 50 variation to config module 6 for S34
2025-03-24 04:19:06,250 INFO Found parameter by index: rawmaterialAmount34 for S34
2025-03-24 04:19:06,250 INFO Applied 50 % variation to rawmaterialAmount34 (S34)
2025-03-24 04:19:06,250 INFO Applied 50 variation to config module 7 for S34
2025-03-24 04:19:06,250 INFO Found parameter by index: rawmaterialAmount34 for S34
2025-03-24 04:19:06,250 INFO Applied 50 % variation to rawmaterialAmount34 (S34)
2025-03-24 04:19:06,250 INFO Applied 50 variation to config module 8 for S34
2025-03-24 04:19:06,250 INFO Found parameter by index: rawmaterialAmount34 for S34
2025-03-24 04:19:06,250 INFO Applied 50 % variation to rawmaterialAmount34 (S34)
2025-03-24 04:19:06,250 INFO Applied 50 variation to config module 9 for S34
2025-03-24 04:19:06,250 INFO Found parameter by index: rawmaterialAmount34 for S34
2025-03-24 04:19:06,250 INFO Applied 50 % variation to rawmaterialAmount34 (S34)
2025-03-24 04:19:06,266 INFO Applied 50 variation to config module 10 for S34
2025-03-24 04:19:06,266 INFO Found parameter by index: rawmaterialAmount34 for S34
2025-03-24 04:19:06,266 INFO Applied 50 % variation to rawmaterialAmount34 (S34)
2025-03-24 04:19:06,266 INFO Applied 50 variation to config module 11 for S34
2025-03-24 04:19:06,266 INFO Found parameter by index: rawmaterialAmount34 for S34
2025-03-24 04:19:06,266 INFO Applied 50 % variation to rawmaterialAmount34 (S34)
2025-03-24 04:19:06,266 INFO Applied 50 variation to config module 12 for S34
2025-03-24 04:19:06,266 INFO Found parameter by index: rawmaterialAmount34 for S34
2025-03-24 04:19:06,266 INFO Applied 50 % variation to rawmaterialAmount34 (S34)
2025-03-24 04:19:06,266 INFO Applied 50 variation to config module 13 for S34
2025-03-24 04:19:06,266 INFO Found parameter by index: rawmaterialAmount34 for S34
2025-03-24 04:19:06,266 INFO Applied 50 % variation to rawmaterialAmount34 (S34)
2025-03-24 04:19:06,266 INFO Applied 50 variation to config module 14 for S34
2025-03-24 04:19:06,266 INFO Found parameter by index: rawmaterialAmount34 for S34
2025-03-24 04:19:06,266 INFO Applied 50 % variation to rawmaterialAmount34 (S34)
2025-03-24 04:19:06,266 INFO Applied 50 variation to config module 15 for S34
2025-03-24 04:19:06,266 INFO Found parameter by index: rawmaterialAmount34 for S34
2025-03-24 04:19:06,266 INFO Applied 50 % variation to rawmaterialAmount34 (S34)
2025-03-24 04:19:06,281 INFO Applied 50 variation to config module 16 for S34
2025-03-24 04:19:06,281 INFO Found parameter by index: rawmaterialAmount34 for S34
2025-03-24 04:19:06,281 INFO Applied 50 % variation to rawmaterialAmount34 (S34)
2025-03-24 04:19:06,281 INFO Applied 50 variation to config module 17 for S34
2025-03-24 04:19:06,281 INFO Found parameter by index: rawmaterialAmount34 for S34
2025-03-24 04:19:06,281 INFO Applied 50 % variation to rawmaterialAmount34 (S34)
2025-03-24 04:19:06,281 INFO Applied 50 variation to config module 18 for S34
2025-03-24 04:19:06,281 INFO Found parameter by index: rawmaterialAmount34 for S34
2025-03-24 04:19:06,281 INFO Applied 50 % variation to rawmaterialAmount34 (S34)
2025-03-24 04:19:06,281 INFO Applied 50 variation to config module 19 for S34
2025-03-24 04:19:06,281 INFO Found parameter by index: rawmaterialAmount34 for S34
2025-03-24 04:19:06,281 INFO Applied 50 % variation to rawmaterialAmount34 (S34)
2025-03-24 04:19:06,281 INFO Applied 50 variation to config module 20 for S34
2025-03-24 04:19:06,297 INFO Processing variation +100.00 in directory: C:\Users\Mohse\OneDrive\Desktop\SF.worktrees\ThemeManagement\backend\Original\Batch(12)\Results(12)\Sensitivity\S34\multiple\+100.00
2025-03-24 04:19:06,297 INFO Found parameter by index: rawmaterialAmount34 for S34
2025-03-24 04:19:06,297 INFO Applied 100 % variation to rawmaterialAmount34 (S34)
2025-03-24 04:19:06,297 INFO Applied 100 variation to config module 1 for S34
2025-03-24 04:19:06,297 INFO Found parameter by index: rawmaterialAmount34 for S34
2025-03-24 04:19:06,297 INFO Applied 100 % variation to rawmaterialAmount34 (S34)
2025-03-24 04:19:06,297 INFO Applied 100 variation to config module 2 for S34
2025-03-24 04:19:06,297 INFO Found parameter by index: rawmaterialAmount34 for S34
2025-03-24 04:19:06,297 INFO Applied 100 % variation to rawmaterialAmount34 (S34)
2025-03-24 04:19:06,297 INFO Applied 100 variation to config module 3 for S34
2025-03-24 04:19:06,297 INFO Found parameter by index: rawmaterialAmount34 for S34
2025-03-24 04:19:06,297 INFO Applied 100 % variation to rawmaterialAmount34 (S34)
2025-03-24 04:19:06,297 INFO Applied 100 variation to config module 4 for S34
2025-03-24 04:19:06,297 INFO Found parameter by index: rawmaterialAmount34 for S34
2025-03-24 04:19:06,297 INFO Applied 100 % variation to rawmaterialAmount34 (S34)
2025-03-24 04:19:06,297 INFO Applied 100 variation to config module 5 for S34
2025-03-24 04:19:06,297 INFO Found parameter by index: rawmaterialAmount34 for S34
2025-03-24 04:19:06,297 INFO Applied 100 % variation to rawmaterialAmount34 (S34)
2025-03-24 04:19:06,312 INFO Applied 100 variation to config module 6 for S34
2025-03-24 04:19:06,312 INFO Found parameter by index: rawmaterialAmount34 for S34
2025-03-24 04:19:06,312 INFO Applied 100 % variation to rawmaterialAmount34 (S34)
2025-03-24 04:19:06,312 INFO Applied 100 variation to config module 7 for S34
2025-03-24 04:19:06,312 INFO Found parameter by index: rawmaterialAmount34 for S34
2025-03-24 04:19:06,312 INFO Applied 100 % variation to rawmaterialAmount34 (S34)
2025-03-24 04:19:06,312 INFO Applied 100 variation to config module 8 for S34
2025-03-24 04:19:06,312 INFO Found parameter by index: rawmaterialAmount34 for S34
2025-03-24 04:19:06,312 INFO Applied 100 % variation to rawmaterialAmount34 (S34)
2025-03-24 04:19:06,312 INFO Applied 100 variation to config module 9 for S34
2025-03-24 04:19:06,312 INFO Found parameter by index: rawmaterialAmount34 for S34
2025-03-24 04:19:06,312 INFO Applied 100 % variation to rawmaterialAmount34 (S34)
2025-03-24 04:19:06,312 INFO Applied 100 variation to config module 10 for S34
2025-03-24 04:19:06,312 INFO Found parameter by index: rawmaterialAmount34 for S34
2025-03-24 04:19:06,312 INFO Applied 100 % variation to rawmaterialAmount34 (S34)
2025-03-24 04:19:06,312 INFO Applied 100 variation to config module 11 for S34
2025-03-24 04:19:06,312 INFO Found parameter by index: rawmaterialAmount34 for S34
2025-03-24 04:19:06,312 INFO Applied 100 % variation to rawmaterialAmount34 (S34)
2025-03-24 04:19:06,312 INFO Applied 100 variation to config module 12 for S34
2025-03-24 04:19:06,328 INFO Found parameter by index: rawmaterialAmount34 for S34
2025-03-24 04:19:06,328 INFO Applied 100 % variation to rawmaterialAmount34 (S34)
2025-03-24 04:19:06,328 INFO Applied 100 variation to config module 13 for S34
2025-03-24 04:19:06,328 INFO Found parameter by index: rawmaterialAmount34 for S34
2025-03-24 04:19:06,328 INFO Applied 100 % variation to rawmaterialAmount34 (S34)
2025-03-24 04:19:06,328 INFO Applied 100 variation to config module 14 for S34
2025-03-24 04:19:06,328 INFO Found parameter by index: rawmaterialAmount34 for S34
2025-03-24 04:19:06,328 INFO Applied 100 % variation to rawmaterialAmount34 (S34)
2025-03-24 04:19:06,328 INFO Applied 100 variation to config module 15 for S34
2025-03-24 04:19:06,328 INFO Found parameter by index: rawmaterialAmount34 for S34
2025-03-24 04:19:06,328 INFO Applied 100 % variation to rawmaterialAmount34 (S34)
2025-03-24 04:19:06,328 INFO Applied 100 variation to config module 16 for S34
2025-03-24 04:19:06,328 INFO Found parameter by index: rawmaterialAmount34 for S34
2025-03-24 04:19:06,328 INFO Applied 100 % variation to rawmaterialAmount34 (S34)
2025-03-24 04:19:06,328 INFO Applied 100 variation to config module 17 for S34
2025-03-24 04:19:06,328 INFO Found parameter by index: rawmaterialAmount34 for S34
2025-03-24 04:19:06,328 INFO Applied 100 % variation to rawmaterialAmount34 (S34)
2025-03-24 04:19:06,328 INFO Applied 100 variation to config module 18 for S34
2025-03-24 04:19:06,328 INFO Found parameter by index: rawmaterialAmount34 for S34
2025-03-24 04:19:06,328 INFO Applied 100 % variation to rawmaterialAmount34 (S34)
2025-03-24 04:19:06,344 INFO Applied 100 variation to config module 19 for S34
2025-03-24 04:19:06,344 INFO Found parameter by index: rawmaterialAmount34 for S34
2025-03-24 04:19:06,344 INFO Applied 100 % variation to rawmaterialAmount34 (S34)
2025-03-24 04:19:06,344 INFO Applied 100 variation to config module 20 for S34
2025-03-24 04:19:06,344 INFO Processing parameter S35 with mode multiple
2025-03-24 04:19:06,344 INFO Processing variation +50.00 in directory: C:\Users\Mohse\OneDrive\Desktop\SF.worktrees\ThemeManagement\backend\Original\Batch(12)\Results(12)\Sensitivity\S35\multiple\+50.00
2025-03-24 04:19:06,344 INFO Found parameter by index: laborAmount35 for S35
2025-03-24 04:19:06,344 INFO Applied 50 % variation to laborAmount35 (S35)
2025-03-24 04:19:06,344 INFO Applied 50 variation to config module 1 for S35
2025-03-24 04:19:06,344 INFO Found parameter by index: laborAmount35 for S35
2025-03-24 04:19:06,344 INFO Applied 50 % variation to laborAmount35 (S35)
2025-03-24 04:19:06,344 INFO Applied 50 variation to config module 2 for S35
2025-03-24 04:19:06,344 INFO Found parameter by index: laborAmount35 for S35
2025-03-24 04:19:06,344 INFO Applied 50 % variation to laborAmount35 (S35)
2025-03-24 04:19:06,359 INFO Applied 50 variation to config module 3 for S35
2025-03-24 04:19:06,359 INFO Found parameter by index: laborAmount35 for S35
2025-03-24 04:19:06,359 INFO Applied 50 % variation to laborAmount35 (S35)
2025-03-24 04:19:06,359 INFO Applied 50 variation to config module 4 for S35
2025-03-24 04:19:06,359 INFO Found parameter by index: laborAmount35 for S35
2025-03-24 04:19:06,359 INFO Applied 50 % variation to laborAmount35 (S35)
2025-03-24 04:19:06,359 INFO Applied 50 variation to config module 5 for S35
2025-03-24 04:19:06,359 INFO Found parameter by index: laborAmount35 for S35
2025-03-24 04:19:06,359 INFO Applied 50 % variation to laborAmount35 (S35)
2025-03-24 04:19:06,359 INFO Applied 50 variation to config module 6 for S35
2025-03-24 04:19:06,359 INFO Found parameter by index: laborAmount35 for S35
2025-03-24 04:19:06,359 INFO Applied 50 % variation to laborAmount35 (S35)
2025-03-24 04:19:06,359 INFO Applied 50 variation to config module 7 for S35
2025-03-24 04:19:06,359 INFO Found parameter by index: laborAmount35 for S35
2025-03-24 04:19:06,359 INFO Applied 50 % variation to laborAmount35 (S35)
2025-03-24 04:19:06,359 INFO Applied 50 variation to config module 8 for S35
2025-03-24 04:19:06,359 INFO Found parameter by index: laborAmount35 for S35
2025-03-24 04:19:06,359 INFO Applied 50 % variation to laborAmount35 (S35)
2025-03-24 04:19:06,359 INFO Applied 50 variation to config module 9 for S35
2025-03-24 04:19:06,375 INFO Found parameter by index: laborAmount35 for S35
2025-03-24 04:19:06,375 INFO Applied 50 % variation to laborAmount35 (S35)
2025-03-24 04:19:06,375 INFO Applied 50 variation to config module 10 for S35
2025-03-24 04:19:06,375 INFO Found parameter by index: laborAmount35 for S35
2025-03-24 04:19:06,375 INFO Applied 50 % variation to laborAmount35 (S35)
2025-03-24 04:19:06,375 INFO Applied 50 variation to config module 11 for S35
2025-03-24 04:19:06,375 INFO Found parameter by index: laborAmount35 for S35
2025-03-24 04:19:06,375 INFO Applied 50 % variation to laborAmount35 (S35)
2025-03-24 04:19:06,375 INFO Applied 50 variation to config module 12 for S35
2025-03-24 04:19:06,375 INFO Found parameter by index: laborAmount35 for S35
2025-03-24 04:19:06,375 INFO Applied 50 % variation to laborAmount35 (S35)
2025-03-24 04:19:06,375 INFO Applied 50 variation to config module 13 for S35
2025-03-24 04:19:06,375 INFO Found parameter by index: laborAmount35 for S35
2025-03-24 04:19:06,375 INFO Applied 50 % variation to laborAmount35 (S35)
2025-03-24 04:19:06,375 INFO Applied 50 variation to config module 14 for S35
2025-03-24 04:19:06,375 INFO Found parameter by index: laborAmount35 for S35
2025-03-24 04:19:06,375 INFO Applied 50 % variation to laborAmount35 (S35)
2025-03-24 04:19:06,375 INFO Applied 50 variation to config module 15 for S35
2025-03-24 04:19:06,375 INFO Found parameter by index: laborAmount35 for S35
2025-03-24 04:19:06,375 INFO Applied 50 % variation to laborAmount35 (S35)
2025-03-24 04:19:06,391 INFO Applied 50 variation to config module 16 for S35
2025-03-24 04:19:06,391 INFO Found parameter by index: laborAmount35 for S35
2025-03-24 04:19:06,391 INFO Applied 50 % variation to laborAmount35 (S35)
2025-03-24 04:19:06,391 INFO Applied 50 variation to config module 17 for S35
2025-03-24 04:19:06,391 INFO Found parameter by index: laborAmount35 for S35
2025-03-24 04:19:06,391 INFO Applied 50 % variation to laborAmount35 (S35)
2025-03-24 04:19:06,391 INFO Applied 50 variation to config module 18 for S35
2025-03-24 04:19:06,391 INFO Found parameter by index: laborAmount35 for S35
2025-03-24 04:19:06,391 INFO Applied 50 % variation to laborAmount35 (S35)
2025-03-24 04:19:06,391 INFO Applied 50 variation to config module 19 for S35
2025-03-24 04:19:06,391 INFO Found parameter by index: laborAmount35 for S35
2025-03-24 04:19:06,391 INFO Applied 50 % variation to laborAmount35 (S35)
2025-03-24 04:19:06,391 INFO Applied 50 variation to config module 20 for S35
2025-03-24 04:19:06,406 INFO Config module processing completed: found 100, modified 100
2025-03-24 04:55:52,043 INFO Sensitivity logging configured correctly - Logs going to: C:\Users\Mohse\OneDrive\Desktop\SF.worktrees\ThemeManagement\backend\Logs\SENSITIVITY.log
2025-03-24 04:56:01,519 INFO Sensitivity logging configured correctly - Logs going to: C:\Users\Mohse\OneDrive\Desktop\SF.worktrees\ThemeManagement\backend\Logs\SENSITIVITY.log
2025-03-24 04:56:01,519 INFO Sensitivity logging configured correctly - Logs going to: C:\Users\Mohse\OneDrive\Desktop\SF.worktrees\ThemeManagement\backend\Logs\SENSITIVITY.log
2025-03-24 04:56:08,167 INFO Sensitivity logging configured correctly - Logs going to: C:\Users\Mohse\OneDrive\Desktop\SF.worktrees\ThemeManagement\backend\Logs\SENSITIVITY.log
