CFA process initiated.
Script started with version: 0, V selections: {'V1': 'off', 'V2': 'off', 'V3': 'off', 'V4': 'off', 'V5': 'off', 'V6': 'off', 'V7': 'off', 'V8': 'off', 'V9': 'off', 'V10': 'off'}, F selections: {'F1': 'off', 'F2': 'off', 'F3': 'off', 'F4': 'off', 'F5': 'off'}, R selections: {'R1': 'off', 'R2': 'off', 'R3': 'off', 'R4': 'off', 'R5': 'off', 'R6': 'off', 'R7': 'off', 'R8': 'off', 'R9': 'off', 'R10': 'off'}, RF selections: {'RF1': 'off', 'RF2': 'off', 'RF3': 'off', 'RF4': 'off', 'RF5': 'off'}, Target row: 10
Updated status file for version 0: Initializing calculation
Updated status file for version 0: Loading configuration
Updated status file for version 0: Error in calculation
Error in monitored_main: [Errno 2] No such file or directory: 'C:\\Users\\Mohse\\IdeaProjects2\\codebase\\Original\\Batch(0)\\Results(0)\\General_Configuration_Matrix(0).csv'
Script execution failed: [Errno 2] No such file or directory: 'C:\\Users\\Mohse\\IdeaProjects2\\codebase\\Original\\Batch(0)\\Results(0)\\General_Configuration_Matrix(0).csv'
CFA process initiated.
CFA process initiated.
Script started with version: 0, V selections: {}, F selections: {}, R selections: {}, RF selections: {'RF1': 'off', 'RF2': 'off', 'RF3': 'off', 'RF4': 'off', 'RF5': 'off'}, Target row: 10
Updated status file for version 0: Initializing calculation
Updated status file for version 0: Loading configuration
Updated status file for version 0: Error in calculation
Error in monitored_main: [Errno 2] No such file or directory: 'C:\\Users\\Mohse\\IdeaProjects2\\codebase\\Original\\Batch(0)\\Results(0)\\General_Configuration_Matrix(0).csv'
Script execution failed: [Errno 2] No such file or directory: 'C:\\Users\\Mohse\\IdeaProjects2\\codebase\\Original\\Batch(0)\\Results(0)\\General_Configuration_Matrix(0).csv'
CFA process initiated.
Script started with version: 2, V selections: {}, F selections: {}, R selections: {}, RF selections: {'RF1': 'off', 'RF2': 'off', 'RF3': 'off', 'RF4': 'off', 'RF5': 'off'}, Target row: 10
Updated status file for version 2: Initializing calculation
Updated status file for version 2: Loading configuration
total units sold: 31578.947368421053
total units sold: 63157.89473684211
total units sold: 94736.84210526316
total units sold: 126315.78947368421
total units sold: 157894.73684210525
total units sold: 189473.68421052632
total units sold: 221052.63157894736
total units sold: 252631.57894736843
total units sold: 284210.5263157895
total units sold: 315789.4736842105
total units sold: 347368.4210526316
total units sold: 378947.36842105264
total units sold: 410526.3157894737
total units sold: 442105.2631578947
total units sold: 473684.2105263158
total units sold: 505263.15789473685
total units sold: 536842.1052631579
total units sold: 568421.052631579
total units sold: 600000.0
total units sold: 631578.947368421
Finished CFA calculation
Finished CFA calculation
Finished CFA calculation
total_units_sold: 631578.947368421
total units sold: 31578.947368421053
total units sold: 63157.89473684211
total units sold: 94736.84210526316
total units sold: 126315.78947368421
total units sold: 157894.73684210525
total units sold: 189473.68421052632
total units sold: 221052.63157894736
total units sold: 252631.57894736843
total units sold: 284210.5263157895
total units sold: 315789.4736842105
total units sold: 347368.4210526316
total units sold: 378947.36842105264
total units sold: 410526.3157894737
total units sold: 442105.2631578947
total units sold: 473684.2105263158
total units sold: 505263.15789473685
total units sold: 536842.1052631579
total units sold: 568421.052631579
total units sold: 600000.0
total units sold: 631578.947368421
Finished CFA calculation
Finished CFA calculation
Finished CFA calculation
total_units_sold: 631578.947368421
total units sold: 31578.947368421053
total units sold: 63157.89473684211
total units sold: 94736.84210526316
total units sold: 126315.78947368421
total units sold: 157894.73684210525
total units sold: 189473.68421052632
total units sold: 221052.63157894736
total units sold: 252631.57894736843
total units sold: 284210.5263157895
total units sold: 315789.4736842105
total units sold: 347368.4210526316
total units sold: 378947.36842105264
total units sold: 410526.3157894737
total units sold: 442105.2631578947
total units sold: 473684.2105263158
total units sold: 505263.15789473685
total units sold: 536842.1052631579
total units sold: 568421.052631579
total units sold: 600000.0
total units sold: 631578.947368421
Finished CFA calculation
Finished CFA calculation
Finished CFA calculation
total_units_sold: 631578.947368421
total units sold: 31578.947368421053
total units sold: 63157.89473684211
total units sold: 94736.84210526316
total units sold: 126315.78947368421
total units sold: 157894.73684210525
total units sold: 189473.68421052632
total units sold: 221052.63157894736
total units sold: 252631.57894736843
total units sold: 284210.5263157895
total units sold: 315789.4736842105
total units sold: 347368.4210526316
total units sold: 378947.36842105264
total units sold: 410526.3157894737
total units sold: 442105.2631578947
total units sold: 473684.2105263158
total units sold: 505263.15789473685
total units sold: 536842.1052631579
total units sold: 568421.052631579
total units sold: 600000.0
total units sold: 631578.947368421
Finished CFA calculation
Finished CFA calculation
Finished CFA calculation
total_units_sold: 631578.947368421
total units sold: 31578.947368421053
total units sold: 63157.89473684211
total units sold: 94736.84210526316
total units sold: 126315.78947368421
total units sold: 157894.73684210525
total units sold: 189473.68421052632
total units sold: 221052.63157894736
total units sold: 252631.57894736843
total units sold: 284210.5263157895
total units sold: 315789.4736842105
total units sold: 347368.4210526316
total units sold: 378947.36842105264
total units sold: 410526.3157894737
total units sold: 442105.2631578947
total units sold: 473684.2105263158
total units sold: 505263.15789473685
total units sold: 536842.1052631579
total units sold: 568421.052631579
total units sold: 600000.0
total units sold: 631578.947368421
Finished CFA calculation
Finished CFA calculation
Finished CFA calculation
total_units_sold: 631578.947368421
total units sold: 31578.947368421053
total units sold: 63157.89473684211
total units sold: 94736.84210526316
total units sold: 126315.78947368421
total units sold: 157894.73684210525
total units sold: 189473.68421052632
total units sold: 221052.63157894736
total units sold: 252631.57894736843
total units sold: 284210.5263157895
total units sold: 315789.4736842105
total units sold: 347368.4210526316
total units sold: 378947.36842105264
total units sold: 410526.3157894737
total units sold: 442105.2631578947
total units sold: 473684.2105263158
total units sold: 505263.15789473685
total units sold: 536842.1052631579
total units sold: 568421.052631579
total units sold: 600000.0
total units sold: 631578.947368421
Finished CFA calculation
Finished CFA calculation
Finished CFA calculation
total_units_sold: 631578.947368421
total units sold: 31578.947368421053
total units sold: 63157.89473684211
total units sold: 94736.84210526316
total units sold: 126315.78947368421
total units sold: 157894.73684210525
total units sold: 189473.68421052632
total units sold: 221052.63157894736
total units sold: 252631.57894736843
total units sold: 284210.5263157895
total units sold: 315789.4736842105
total units sold: 347368.4210526316
total units sold: 378947.36842105264
total units sold: 410526.3157894737
total units sold: 442105.2631578947
total units sold: 473684.2105263158
total units sold: 505263.15789473685
total units sold: 536842.1052631579
total units sold: 568421.052631579
total units sold: 600000.0
total units sold: 631578.947368421
Finished CFA calculation
Finished CFA calculation
Finished CFA calculation
total_units_sold: 631578.947368421
total units sold: 31578.947368421053
total units sold: 63157.89473684211
total units sold: 94736.84210526316
total units sold: 126315.78947368421
total units sold: 157894.73684210525
total units sold: 189473.68421052632
total units sold: 221052.63157894736
total units sold: 252631.57894736843
total units sold: 284210.5263157895
total units sold: 315789.4736842105
total units sold: 347368.4210526316
total units sold: 378947.36842105264
total units sold: 410526.3157894737
total units sold: 442105.2631578947
total units sold: 473684.2105263158
total units sold: 505263.15789473685
total units sold: 536842.1052631579
total units sold: 568421.052631579
total units sold: 600000.0
total units sold: 631578.947368421
Finished CFA calculation
Finished CFA calculation
Finished CFA calculation
total_units_sold: 631578.947368421
total units sold: 31578.947368421053
total units sold: 63157.89473684211
total units sold: 94736.84210526316
total units sold: 126315.78947368421
total units sold: 157894.73684210525
total units sold: 189473.68421052632
total units sold: 221052.63157894736
total units sold: 252631.57894736843
total units sold: 284210.5263157895
total units sold: 315789.4736842105
total units sold: 347368.4210526316
total units sold: 378947.36842105264
total units sold: 410526.3157894737
total units sold: 442105.2631578947
total units sold: 473684.2105263158
total units sold: 505263.15789473685
total units sold: 536842.1052631579
total units sold: 568421.052631579
total units sold: 600000.0
total units sold: 631578.947368421
Finished CFA calculation
Finished CFA calculation
Finished CFA calculation
total_units_sold: 631578.947368421
total units sold: 31578.947368421053
total units sold: 63157.89473684211
total units sold: 94736.84210526316
total units sold: 126315.78947368421
total units sold: 157894.73684210525
total units sold: 189473.68421052632
total units sold: 221052.63157894736
total units sold: 252631.57894736843
total units sold: 284210.5263157895
total units sold: 315789.4736842105
total units sold: 347368.4210526316
total units sold: 378947.36842105264
total units sold: 410526.3157894737
total units sold: 442105.2631578947
total units sold: 473684.2105263158
total units sold: 505263.15789473685
total units sold: 536842.1052631579
total units sold: 568421.052631579
total units sold: 600000.0
total units sold: 631578.947368421
Finished CFA calculation
Finished CFA calculation
Finished CFA calculation
total_units_sold: 631578.947368421
total units sold: 31578.947368421053
total units sold: 63157.89473684211
total units sold: 94736.84210526316
total units sold: 126315.78947368421
total units sold: 157894.73684210525
total units sold: 189473.68421052632
total units sold: 221052.63157894736
total units sold: 252631.57894736843
total units sold: 284210.5263157895
total units sold: 315789.4736842105
total units sold: 347368.4210526316
total units sold: 378947.36842105264
total units sold: 410526.3157894737
total units sold: 442105.2631578947
total units sold: 473684.2105263158
total units sold: 505263.15789473685
total units sold: 536842.1052631579
total units sold: 568421.052631579
total units sold: 600000.0
total units sold: 631578.947368421
Finished CFA calculation
Finished CFA calculation
Finished CFA calculation
total_units_sold: 631578.947368421
total units sold: 31578.947368421053
total units sold: 63157.89473684211
total units sold: 94736.84210526316
total units sold: 126315.78947368421
total units sold: 157894.73684210525
total units sold: 189473.68421052632
total units sold: 221052.63157894736
total units sold: 252631.57894736843
total units sold: 284210.5263157895
total units sold: 315789.4736842105
total units sold: 347368.4210526316
total units sold: 378947.36842105264
total units sold: 410526.3157894737
total units sold: 442105.2631578947
total units sold: 473684.2105263158
total units sold: 505263.15789473685
total units sold: 536842.1052631579
total units sold: 568421.052631579
total units sold: 600000.0
total units sold: 631578.947368421
Finished CFA calculation
Finished CFA calculation
Finished CFA calculation
total_units_sold: 631578.947368421
total units sold: 31578.947368421053
total units sold: 63157.89473684211
total units sold: 94736.84210526316
total units sold: 126315.78947368421
total units sold: 157894.73684210525
total units sold: 189473.68421052632
total units sold: 221052.63157894736
total units sold: 252631.57894736843
total units sold: 284210.5263157895
total units sold: 315789.4736842105
total units sold: 347368.4210526316
total units sold: 378947.36842105264
total units sold: 410526.3157894737
total units sold: 442105.2631578947
total units sold: 473684.2105263158
total units sold: 505263.15789473685
total units sold: 536842.1052631579
