Price optimization started.
Price optimization started.
Price optimization started.
Price optimization started.
Calculated Current NPV: 272380.00 from row 10
'primary_result': 272380,'secondary_result': 1
Initial NPV: $272380.00, Iteration: 1
Current NPV: $272380.00, Iteration: 1, Price: $2.00
Decreasing price to $1.97 due to NPV above tolerance.
Calculated Current NPV: 266672.00 from row 10
'primary_result': 266672,'secondary_result': 2
Current NPV: $266672.00, Iteration: 2, Price: $1.97
Decreasing price to $1.94 due to NPV above tolerance.
Calculated Current NPV: 261046.00 from row 10
'primary_result': 261046,'secondary_result': 3
Current NPV: $261046.00, Iteration: 3, Price: $1.94
Decreasing price to $1.91 due to NPV above tolerance.
Calculated Current NPV: 255508.00 from row 10
'primary_result': 255508,'secondary_result': 4
Current NPV: $255508.00, Iteration: 4, Price: $1.91
Decreasing price to $1.88 due to NPV above tolerance.
Calculated Current NPV: 250054.00 from row 10
'primary_result': 250054,'secondary_result': 5
Current NPV: $250054.00, Iteration: 5, Price: $1.88
Decreasing price to $1.85 due to NPV above tolerance.
Calculated Current NPV: 244675.00 from row 10
'primary_result': 244675,'secondary_result': 6
Current NPV: $244675.00, Iteration: 6, Price: $1.85
Decreasing price to $1.83 due to NPV above tolerance.
Calculated Current NPV: 239385.00 from row 10
'primary_result': 239385,'secondary_result': 7
Current NPV: $239385.00, Iteration: 7, Price: $1.83
Decreasing price to $1.80 due to NPV above tolerance.
Calculated Current NPV: 234171.00 from row 10
'primary_result': 234171,'secondary_result': 8
Current NPV: $234171.00, Iteration: 8, Price: $1.80
Decreasing price to $1.77 due to NPV above tolerance.
Calculated Current NPV: 229033.00 from row 10
'primary_result': 229033,'secondary_result': 9
Current NPV: $229033.00, Iteration: 9, Price: $1.77
Decreasing price to $1.75 due to NPV above tolerance.
Calculated Current NPV: 223978.00 from row 10
'primary_result': 223978,'secondary_result': 10
Current NPV: $223978.00, Iteration: 10, Price: $1.75
Decreasing price to $1.72 due to NPV above tolerance.
Calculated Current NPV: 218993.00 from row 10
'primary_result': 218993,'secondary_result': 11
Current NPV: $218993.00, Iteration: 11, Price: $1.72
Decreasing price to $1.69 due to NPV above tolerance.
Calculated Current NPV: 214090.00 from row 10
'primary_result': 214090,'secondary_result': 12
Current NPV: $214090.00, Iteration: 12, Price: $1.69
Decreasing price to $1.67 due to NPV above tolerance.
